[100%] Built target cpp_node_test
[100%] Built target ament_cmake_python_copy_hexapod_simulation
running egg_info
writing hexapod_simulation.egg-info/PKG-INFO
writing dependency_links to hexapod_simulation.egg-info/dependency_links.txt
writing top-level names to hexapod_simulation.egg-info/top_level.txt
reading manifest file 'hexapod_simulation.egg-info/SOURCES.txt'
writing manifest file 'hexapod_simulation.egg-info/SOURCES.txt'
[100%] Built target ament_cmake_python_build_hexapod_simulation_egg
-- Install configuration: ""
-- Up-to-date: /home/ambushee/FRA333_Kinematic_Project/install/hexapod_simulation/share/hexapod_simulation/environment/pythonpath.sh
-- Up-to-date: /home/ambushee/FRA333_Kinematic_Project/install/hexapod_simulation/share/hexapod_simulation/environment/pythonpath.dsv
-- Up-to-date: /home/ambushee/FRA333_Kinematic_Project/install/hexapod_simulation/local/lib/python3.10/dist-packages/hexapod_simulation-0.0.0-py3.10.egg-info
-- Installing: /home/ambushee/FRA333_Kinematic_Project/install/hexapod_simulation/local/lib/python3.10/dist-packages/hexapod_simulation-0.0.0-py3.10.egg-info/dependency_links.txt
-- Installing: /home/ambushee/FRA333_Kinematic_Project/install/hexapod_simulation/local/lib/python3.10/dist-packages/hexapod_simulation-0.0.0-py3.10.egg-info/SOURCES.txt
-- Installing: /home/ambushee/FRA333_Kinematic_Project/install/hexapod_simulation/local/lib/python3.10/dist-packages/hexapod_simulation-0.0.0-py3.10.egg-info/top_level.txt
-- Installing: /home/ambushee/FRA333_Kinematic_Project/install/hexapod_simulation/local/lib/python3.10/dist-packages/hexapod_simulation-0.0.0-py3.10.egg-info/PKG-INFO
-- Up-to-date: /home/ambushee/FRA333_Kinematic_Project/install/hexapod_simulation/local/lib/python3.10/dist-packages/hexapod_simulation
-- Up-to-date: /home/ambushee/FRA333_Kinematic_Project/install/hexapod_simulation/local/lib/python3.10/dist-packages/hexapod_simulation/__init__.py
-- Up-to-date: /home/ambushee/FRA333_Kinematic_Project/install/hexapod_simulation/local/lib/python3.10/dist-packages/hexapod_simulation/dummy_module.py
Listing '/home/ambushee/FRA333_Kinematic_Project/install/hexapod_simulation/local/lib/python3.10/dist-packages/hexapod_simulation'...
-- Up-to-date: /home/ambushee/FRA333_Kinematic_Project/install/hexapod_simulation/lib/hexapod_simulation/dummy_script.py
-- Up-to-date: /home/ambushee/FRA333_Kinematic_Project/install/hexapod_simulation/lib/hexapod_simulation/cpp_node_test
-- Up-to-date: /home/ambushee/FRA333_Kinematic_Project/install/hexapod_simulation/share/hexapod_simulation/config
-- Up-to-date: /home/ambushee/FRA333_Kinematic_Project/install/hexapod_simulation/share/hexapod_simulation/config/controller_full.yaml
-- Up-to-date: /home/ambushee/FRA333_Kinematic_Project/install/hexapod_simulation/share/hexapod_simulation/launch
-- Up-to-date: /home/ambushee/FRA333_Kinematic_Project/install/hexapod_simulation/share/hexapod_simulation/launch/simulation-full.launch.py
-- Up-to-date: /home/ambushee/FRA333_Kinematic_Project/install/hexapod_simulation/share/hexapod_simulation/rviz
-- Up-to-date: /home/ambushee/FRA333_Kinematic_Project/install/hexapod_simulation/share/hexapod_simulation/rviz/display.rviz
-- Up-to-date: /home/ambushee/FRA333_Kinematic_Project/install/hexapod_simulation/share/hexapod_simulation/rviz/config.rviz
-- Up-to-date: /home/ambushee/FRA333_Kinematic_Project/install/hexapod_simulation/share/ament_index/resource_index/package_run_dependencies/hexapod_simulation
-- Up-to-date: /home/ambushee/FRA333_Kinematic_Project/install/hexapod_simulation/share/ament_index/resource_index/parent_prefix_path/hexapod_simulation
-- Up-to-date: /home/ambushee/FRA333_Kinematic_Project/install/hexapod_simulation/share/hexapod_simulation/environment/ament_prefix_path.sh
-- Up-to-date: /home/ambushee/FRA333_Kinematic_Project/install/hexapod_simulation/share/hexapod_simulation/environment/ament_prefix_path.dsv
-- Up-to-date: /home/ambushee/FRA333_Kinematic_Project/install/hexapod_simulation/share/hexapod_simulation/environment/path.sh
-- Up-to-date: /home/ambushee/FRA333_Kinematic_Project/install/hexapod_simulation/share/hexapod_simulation/environment/path.dsv
-- Up-to-date: /home/ambushee/FRA333_Kinematic_Project/install/hexapod_simulation/share/hexapod_simulation/local_setup.bash
-- Up-to-date: /home/ambushee/FRA333_Kinematic_Project/install/hexapod_simulation/share/hexapod_simulation/local_setup.sh
-- Up-to-date: /home/ambushee/FRA333_Kinematic_Project/install/hexapod_simulation/share/hexapod_simulation/local_setup.zsh
-- Up-to-date: /home/ambushee/FRA333_Kinematic_Project/install/hexapod_simulation/share/hexapod_simulation/local_setup.dsv
-- Installing: /home/ambushee/FRA333_Kinematic_Project/install/hexapod_simulation/share/hexapod_simulation/package.dsv
-- Up-to-date: /home/ambushee/FRA333_Kinematic_Project/install/hexapod_simulation/share/ament_index/resource_index/packages/hexapod_simulation
-- Up-to-date: /home/ambushee/FRA333_Kinematic_Project/install/hexapod_simulation/share/hexapod_simulation/cmake/hexapod_simulationConfig.cmake
-- Up-to-date: /home/ambushee/FRA333_Kinematic_Project/install/hexapod_simulation/share/hexapod_simulation/cmake/hexapod_simulationConfig-version.cmake
-- Up-to-date: /home/ambushee/FRA333_Kinematic_Project/install/hexapod_simulation/share/hexapod_simulation/package.xml
