[0.015s] Invoking command in '/home/ambushee/FRA333_Kinematic_Project/build/hexapod_simulation': CMAKE_PREFIX_PATH=${CMAKE_PREFIX_PATH}:/opt/ros/humble /usr/bin/cmake --build /home/ambushee/FRA333_Kinematic_Project/build/hexapod_simulation -- -j16 -l16
[0.049s] [100%] Built target cpp_node_test
[0.054s] [100%] Built target ament_cmake_python_copy_hexapod_simulation
[0.409s] running egg_info
[0.409s] writing hexapod_simulation.egg-info/PKG-INFO
[0.409s] writing dependency_links to hexapod_simulation.egg-info/dependency_links.txt
[0.409s] writing top-level names to hexapod_simulation.egg-info/top_level.txt
[0.414s] reading manifest file 'hexapod_simulation.egg-info/SOURCES.txt'
[0.415s] writing manifest file 'hexapod_simulation.egg-info/SOURCES.txt'
[0.446s] [100%] Built target ament_cmake_python_build_hexapod_simulation_egg
[0.459s] Invoked command in '/home/ambushee/FRA333_Kinematic_Project/build/hexapod_simulation' returned '0': CMAKE_PREFIX_PATH=${CMAKE_PREFIX_PATH}:/opt/ros/humble /usr/bin/cmake --build /home/ambushee/FRA333_Kinematic_Project/build/hexapod_simulation -- -j16 -l16
[0.460s] Invoking command in '/home/ambushee/FRA333_Kinematic_Project/build/hexapod_simulation': CMAKE_PREFIX_PATH=${CMAKE_PREFIX_PATH}:/opt/ros/humble /usr/bin/cmake --install /home/ambushee/FRA333_Kinematic_Project/build/hexapod_simulation
[0.470s] -- Install configuration: ""
[0.470s] -- Up-to-date: /home/ambushee/FRA333_Kinematic_Project/install/hexapod_simulation/share/hexapod_simulation/environment/pythonpath.sh
[0.470s] -- Up-to-date: /home/ambushee/FRA333_Kinematic_Project/install/hexapod_simulation/share/hexapod_simulation/environment/pythonpath.dsv
[0.470s] -- Up-to-date: /home/ambushee/FRA333_Kinematic_Project/install/hexapod_simulation/local/lib/python3.10/dist-packages/hexapod_simulation-0.0.0-py3.10.egg-info
[0.471s] -- Installing: /home/ambushee/FRA333_Kinematic_Project/install/hexapod_simulation/local/lib/python3.10/dist-packages/hexapod_simulation-0.0.0-py3.10.egg-info/dependency_links.txt
[0.471s] -- Installing: /home/ambushee/FRA333_Kinematic_Project/install/hexapod_simulation/local/lib/python3.10/dist-packages/hexapod_simulation-0.0.0-py3.10.egg-info/SOURCES.txt
[0.471s] -- Installing: /home/ambushee/FRA333_Kinematic_Project/install/hexapod_simulation/local/lib/python3.10/dist-packages/hexapod_simulation-0.0.0-py3.10.egg-info/top_level.txt
[0.471s] -- Installing: /home/ambushee/FRA333_Kinematic_Project/install/hexapod_simulation/local/lib/python3.10/dist-packages/hexapod_simulation-0.0.0-py3.10.egg-info/PKG-INFO
[0.471s] -- Up-to-date: /home/ambushee/FRA333_Kinematic_Project/install/hexapod_simulation/local/lib/python3.10/dist-packages/hexapod_simulation
[0.472s] -- Up-to-date: /home/ambushee/FRA333_Kinematic_Project/install/hexapod_simulation/local/lib/python3.10/dist-packages/hexapod_simulation/__init__.py
[0.472s] -- Up-to-date: /home/ambushee/FRA333_Kinematic_Project/install/hexapod_simulation/local/lib/python3.10/dist-packages/hexapod_simulation/dummy_module.py
[0.513s] Listing '/home/ambushee/FRA333_Kinematic_Project/install/hexapod_simulation/local/lib/python3.10/dist-packages/hexapod_simulation'...
[0.517s] -- Up-to-date: /home/ambushee/FRA333_Kinematic_Project/install/hexapod_simulation/lib/hexapod_simulation/dummy_script.py
[0.517s] -- Up-to-date: /home/ambushee/FRA333_Kinematic_Project/install/hexapod_simulation/lib/hexapod_simulation/cpp_node_test
[0.517s] -- Up-to-date: /home/ambushee/FRA333_Kinematic_Project/install/hexapod_simulation/share/hexapod_simulation/config
[0.517s] -- Up-to-date: /home/ambushee/FRA333_Kinematic_Project/install/hexapod_simulation/share/hexapod_simulation/config/controller_full.yaml
[0.517s] -- Up-to-date: /home/ambushee/FRA333_Kinematic_Project/install/hexapod_simulation/share/hexapod_simulation/launch
[0.517s] -- Up-to-date: /home/ambushee/FRA333_Kinematic_Project/install/hexapod_simulation/share/hexapod_simulation/launch/simulation-full.launch.py
[0.518s] -- Up-to-date: /home/ambushee/FRA333_Kinematic_Project/install/hexapod_simulation/share/hexapod_simulation/rviz
[0.518s] -- Up-to-date: /home/ambushee/FRA333_Kinematic_Project/install/hexapod_simulation/share/hexapod_simulation/rviz/display.rviz
[0.518s] -- Up-to-date: /home/ambushee/FRA333_Kinematic_Project/install/hexapod_simulation/share/hexapod_simulation/rviz/config.rviz
[0.518s] -- Up-to-date: /home/ambushee/FRA333_Kinematic_Project/install/hexapod_simulation/share/ament_index/resource_index/package_run_dependencies/hexapod_simulation
[0.518s] -- Up-to-date: /home/ambushee/FRA333_Kinematic_Project/install/hexapod_simulation/share/ament_index/resource_index/parent_prefix_path/hexapod_simulation
[0.518s] -- Up-to-date: /home/ambushee/FRA333_Kinematic_Project/install/hexapod_simulation/share/hexapod_simulation/environment/ament_prefix_path.sh
[0.519s] -- Up-to-date: /home/ambushee/FRA333_Kinematic_Project/install/hexapod_simulation/share/hexapod_simulation/environment/ament_prefix_path.dsv
[0.519s] -- Up-to-date: /home/ambushee/FRA333_Kinematic_Project/install/hexapod_simulation/share/hexapod_simulation/environment/path.sh
[0.519s] -- Up-to-date: /home/ambushee/FRA333_Kinematic_Project/install/hexapod_simulation/share/hexapod_simulation/environment/path.dsv
[0.519s] -- Up-to-date: /home/ambushee/FRA333_Kinematic_Project/install/hexapod_simulation/share/hexapod_simulation/local_setup.bash
[0.519s] -- Up-to-date: /home/ambushee/FRA333_Kinematic_Project/install/hexapod_simulation/share/hexapod_simulation/local_setup.sh
[0.519s] -- Up-to-date: /home/ambushee/FRA333_Kinematic_Project/install/hexapod_simulation/share/hexapod_simulation/local_setup.zsh
[0.519s] -- Up-to-date: /home/ambushee/FRA333_Kinematic_Project/install/hexapod_simulation/share/hexapod_simulation/local_setup.dsv
[0.519s] -- Installing: /home/ambushee/FRA333_Kinematic_Project/install/hexapod_simulation/share/hexapod_simulation/package.dsv
[0.519s] -- Up-to-date: /home/ambushee/FRA333_Kinematic_Project/install/hexapod_simulation/share/ament_index/resource_index/packages/hexapod_simulation
[0.520s] -- Up-to-date: /home/ambushee/FRA333_Kinematic_Project/install/hexapod_simulation/share/hexapod_simulation/cmake/hexapod_simulationConfig.cmake
[0.520s] -- Up-to-date: /home/ambushee/FRA333_Kinematic_Project/install/hexapod_simulation/share/hexapod_simulation/cmake/hexapod_simulationConfig-version.cmake
[0.520s] -- Up-to-date: /home/ambushee/FRA333_Kinematic_Project/install/hexapod_simulation/share/hexapod_simulation/package.xml
[0.530s] Invoked command in '/home/ambushee/FRA333_Kinematic_Project/build/hexapod_simulation' returned '0': CMAKE_PREFIX_PATH=${CMAKE_PREFIX_PATH}:/opt/ros/humble /usr/bin/cmake --install /home/ambushee/FRA333_Kinematic_Project/build/hexapod_simulation
