[0.013s] Invoking command in '/home/ambushee/FRA333_Kinematic_Project/build/hexapod_simulation': CMAKE_PREFIX_PATH=${CMAKE_PREFIX_PATH}:/opt/ros/humble /usr/bin/cmake /home/ambushee/FRA333_Kinematic_Project/src/hexapod_simulation -DCMAKE_INSTALL_PREFIX=/home/ambushee/FRA333_Kinematic_Project/install/hexapod_simulation
[0.049s] -- The C compiler identification is GNU 11.4.0
[0.090s] -- The CXX compiler identification is GNU 11.4.0
[0.096s] -- Detecting C compiler ABI info
[0.155s] -- Detecting C compiler ABI info - done
[0.162s] -- Check for working C compiler: /usr/bin/cc - skipped
[0.162s] -- Detecting C compile features
[0.162s] -- Detecting C compile features - done
[0.165s] -- Detecting CXX compiler ABI info
[0.235s] -- Detecting CXX compiler ABI info - done
[0.242s] -- Check for working CXX compiler: /usr/bin/c++ - skipped
[0.242s] -- Detecting CXX compile features
[0.243s] -- Detecting CXX compile features - done
[0.245s] -- Found ament_cmake: 1.3.11 (/opt/ros/humble/share/ament_cmake/cmake)
[0.381s] -- Found Python3: /usr/bin/python3 (found version "3.10.12") found components: Interpreter 
[0.491s] -- Found rclcpp: 16.0.11 (/opt/ros/humble/share/rclcpp/cmake)
[0.537s] -- Found rosidl_generator_c: 3.1.6 (/opt/ros/humble/share/rosidl_generator_c/cmake)
[0.541s] -- Found rosidl_adapter: 3.1.6 (/opt/ros/humble/share/rosidl_adapter/cmake)
[0.548s] -- Found rosidl_generator_cpp: 3.1.6 (/opt/ros/humble/share/rosidl_generator_cpp/cmake)
[0.560s] -- Using all available rosidl_typesupport_c: rosidl_typesupport_fastrtps_c;rosidl_typesupport_introspection_c
[0.578s] -- Using all available rosidl_typesupport_cpp: rosidl_typesupport_fastrtps_cpp;rosidl_typesupport_introspection_cpp
[0.629s] -- Found rmw_implementation_cmake: 6.1.2 (/opt/ros/humble/share/rmw_implementation_cmake/cmake)
[0.632s] -- Found rmw_fastrtps_cpp: 6.2.7 (/opt/ros/humble/share/rmw_fastrtps_cpp/cmake)
[0.719s] -- Found OpenSSL: /usr/lib/x86_64-linux-gnu/libcrypto.so (found version "3.0.2")  
[0.752s] -- Found FastRTPS: /opt/ros/humble/include  
[0.799s] -- Using RMW implementation 'rmw_fastrtps_cpp' as default
[0.806s] -- Looking for pthread.h
[0.863s] -- Looking for pthread.h - found
[0.864s] -- Performing Test CMAKE_HAVE_LIBC_PTHREAD
[0.931s] -- Performing Test CMAKE_HAVE_LIBC_PTHREAD - Success
[0.933s] -- Found Threads: TRUE  
[0.991s] -- Found rclpy: 3.3.15 (/opt/ros/humble/share/rclpy/cmake)
[1.204s] -- Configuring done
[1.213s] -- Generating done
[1.219s] -- Build files have been written to: /home/ambushee/FRA333_Kinematic_Project/build/hexapod_simulation
[1.232s] Invoked command in '/home/ambushee/FRA333_Kinematic_Project/build/hexapod_simulation' returned '0': CMAKE_PREFIX_PATH=${CMAKE_PREFIX_PATH}:/opt/ros/humble /usr/bin/cmake /home/ambushee/FRA333_Kinematic_Project/src/hexapod_simulation -DCMAKE_INSTALL_PREFIX=/home/ambushee/FRA333_Kinematic_Project/install/hexapod_simulation
[1.235s] Invoking command in '/home/ambushee/FRA333_Kinematic_Project/build/hexapod_simulation': CMAKE_PREFIX_PATH=${CMAKE_PREFIX_PATH}:/opt/ros/humble /usr/bin/cmake --build /home/ambushee/FRA333_Kinematic_Project/build/hexapod_simulation -- -j16 -l16
[1.278s] [ 50%] [32mBuilding CXX object CMakeFiles/cpp_node_test.dir/src/cpp_node.cpp.o[0m
[1.285s] [ 50%] Built target ament_cmake_python_copy_hexapod_simulation
[1.632s] [100%] [32m[1mLinking CXX executable cpp_node_test[0m
[1.685s] running egg_info
[1.686s] creating hexapod_simulation.egg-info
[1.686s] writing hexapod_simulation.egg-info/PKG-INFO
[1.687s] writing dependency_links to hexapod_simulation.egg-info/dependency_links.txt
[1.687s] writing top-level names to hexapod_simulation.egg-info/top_level.txt
[1.687s] writing manifest file 'hexapod_simulation.egg-info/SOURCES.txt'
[1.690s] reading manifest file 'hexapod_simulation.egg-info/SOURCES.txt'
[1.690s] writing manifest file 'hexapod_simulation.egg-info/SOURCES.txt'
[1.726s] [100%] Built target ament_cmake_python_build_hexapod_simulation_egg
[1.766s] [100%] Built target cpp_node_test
[1.786s] Invoked command in '/home/ambushee/FRA333_Kinematic_Project/build/hexapod_simulation' returned '0': CMAKE_PREFIX_PATH=${CMAKE_PREFIX_PATH}:/opt/ros/humble /usr/bin/cmake --build /home/ambushee/FRA333_Kinematic_Project/build/hexapod_simulation -- -j16 -l16
[1.788s] Invoking command in '/home/ambushee/FRA333_Kinematic_Project/build/hexapod_simulation': CMAKE_PREFIX_PATH=${CMAKE_PREFIX_PATH}:/opt/ros/humble /usr/bin/cmake --install /home/ambushee/FRA333_Kinematic_Project/build/hexapod_simulation
[1.795s] -- Install configuration: ""
[1.796s] -- Installing: /home/ambushee/FRA333_Kinematic_Project/install/hexapod_simulation/share/hexapod_simulation/environment/pythonpath.sh
[1.796s] -- Installing: /home/ambushee/FRA333_Kinematic_Project/install/hexapod_simulation/share/hexapod_simulation/environment/pythonpath.dsv
[1.796s] -- Installing: /home/ambushee/FRA333_Kinematic_Project/install/hexapod_simulation/local/lib/python3.10/dist-packages/hexapod_simulation-0.0.0-py3.10.egg-info
[1.796s] -- Installing: /home/ambushee/FRA333_Kinematic_Project/install/hexapod_simulation/local/lib/python3.10/dist-packages/hexapod_simulation-0.0.0-py3.10.egg-info/dependency_links.txt
[1.796s] -- Installing: /home/ambushee/FRA333_Kinematic_Project/install/hexapod_simulation/local/lib/python3.10/dist-packages/hexapod_simulation-0.0.0-py3.10.egg-info/SOURCES.txt
[1.796s] -- Installing: /home/ambushee/FRA333_Kinematic_Project/install/hexapod_simulation/local/lib/python3.10/dist-packages/hexapod_simulation-0.0.0-py3.10.egg-info/top_level.txt
[1.796s] -- Installing: /home/ambushee/FRA333_Kinematic_Project/install/hexapod_simulation/local/lib/python3.10/dist-packages/hexapod_simulation-0.0.0-py3.10.egg-info/PKG-INFO
[1.796s] -- Installing: /home/ambushee/FRA333_Kinematic_Project/install/hexapod_simulation/local/lib/python3.10/dist-packages/hexapod_simulation
[1.797s] -- Installing: /home/ambushee/FRA333_Kinematic_Project/install/hexapod_simulation/local/lib/python3.10/dist-packages/hexapod_simulation/__init__.py
[1.797s] -- Installing: /home/ambushee/FRA333_Kinematic_Project/install/hexapod_simulation/local/lib/python3.10/dist-packages/hexapod_simulation/dummy_module.py
[1.833s] Listing '/home/ambushee/FRA333_Kinematic_Project/install/hexapod_simulation/local/lib/python3.10/dist-packages/hexapod_simulation'...
[1.833s] Compiling '/home/ambushee/FRA333_Kinematic_Project/install/hexapod_simulation/local/lib/python3.10/dist-packages/hexapod_simulation/__init__.py'...
[1.833s] Compiling '/home/ambushee/FRA333_Kinematic_Project/install/hexapod_simulation/local/lib/python3.10/dist-packages/hexapod_simulation/dummy_module.py'...
[1.838s] -- Installing: /home/ambushee/FRA333_Kinematic_Project/install/hexapod_simulation/lib/hexapod_simulation/dummy_script.py
[1.838s] -- Installing: /home/ambushee/FRA333_Kinematic_Project/install/hexapod_simulation/lib/hexapod_simulation/cpp_node_test
[1.838s] -- Set runtime path of "/home/ambushee/FRA333_Kinematic_Project/install/hexapod_simulation/lib/hexapod_simulation/cpp_node_test" to ""
[1.839s] -- Installing: /home/ambushee/FRA333_Kinematic_Project/install/hexapod_simulation/share/hexapod_simulation/config
[1.839s] -- Installing: /home/ambushee/FRA333_Kinematic_Project/install/hexapod_simulation/share/hexapod_simulation/config/controller_full.yaml
[1.839s] -- Installing: /home/ambushee/FRA333_Kinematic_Project/install/hexapod_simulation/share/hexapod_simulation/launch
[1.839s] -- Installing: /home/ambushee/FRA333_Kinematic_Project/install/hexapod_simulation/share/hexapod_simulation/launch/simulation-full.launch.py
[1.839s] -- Installing: /home/ambushee/FRA333_Kinematic_Project/install/hexapod_simulation/share/hexapod_simulation/rviz
[1.839s] -- Installing: /home/ambushee/FRA333_Kinematic_Project/install/hexapod_simulation/share/hexapod_simulation/rviz/display.rviz
[1.840s] -- Installing: /home/ambushee/FRA333_Kinematic_Project/install/hexapod_simulation/share/hexapod_simulation/rviz/config.rviz
[1.840s] -- Installing: /home/ambushee/FRA333_Kinematic_Project/install/hexapod_simulation/share/ament_index/resource_index/package_run_dependencies/hexapod_simulation
[1.840s] -- Installing: /home/ambushee/FRA333_Kinematic_Project/install/hexapod_simulation/share/ament_index/resource_index/parent_prefix_path/hexapod_simulation
[1.840s] -- Installing: /home/ambushee/FRA333_Kinematic_Project/install/hexapod_simulation/share/hexapod_simulation/environment/ament_prefix_path.sh
[1.841s] -- Installing: /home/ambushee/FRA333_Kinematic_Project/install/hexapod_simulation/share/hexapod_simulation/environment/ament_prefix_path.dsv
[1.841s] -- Installing: /home/ambushee/FRA333_Kinematic_Project/install/hexapod_simulation/share/hexapod_simulation/environment/path.sh
[1.841s] -- Installing: /home/ambushee/FRA333_Kinematic_Project/install/hexapod_simulation/share/hexapod_simulation/environment/path.dsv
[1.841s] -- Installing: /home/ambushee/FRA333_Kinematic_Project/install/hexapod_simulation/share/hexapod_simulation/local_setup.bash
[1.841s] -- Installing: /home/ambushee/FRA333_Kinematic_Project/install/hexapod_simulation/share/hexapod_simulation/local_setup.sh
[1.841s] -- Installing: /home/ambushee/FRA333_Kinematic_Project/install/hexapod_simulation/share/hexapod_simulation/local_setup.zsh
[1.842s] -- Installing: /home/ambushee/FRA333_Kinematic_Project/install/hexapod_simulation/share/hexapod_simulation/local_setup.dsv
[1.842s] -- Installing: /home/ambushee/FRA333_Kinematic_Project/install/hexapod_simulation/share/hexapod_simulation/package.dsv
[1.842s] -- Installing: /home/ambushee/FRA333_Kinematic_Project/install/hexapod_simulation/share/ament_index/resource_index/packages/hexapod_simulation
[1.843s] -- Installing: /home/ambushee/FRA333_Kinematic_Project/install/hexapod_simulation/share/hexapod_simulation/cmake/hexapod_simulationConfig.cmake
[1.843s] -- Installing: /home/ambushee/FRA333_Kinematic_Project/install/hexapod_simulation/share/hexapod_simulation/cmake/hexapod_simulationConfig-version.cmake
[1.843s] -- Installing: /home/ambushee/FRA333_Kinematic_Project/install/hexapod_simulation/share/hexapod_simulation/package.xml
[1.882s] Invoked command in '/home/ambushee/FRA333_Kinematic_Project/build/hexapod_simulation' returned '0': CMAKE_PREFIX_PATH=${CMAKE_PREFIX_PATH}:/opt/ros/humble /usr/bin/cmake --install /home/ambushee/FRA333_Kinematic_Project/build/hexapod_simulation
