[0.056s] DEBUG:colcon:Command line arguments: ['/usr/bin/colcon', 'build', '--symlink-install']
[0.056s] DEBUG:colcon:Parsed command line arguments: Namespace(log_base=None, log_level=None, verb_name='build', build_base='build', install_base='install', merge_install=False, symlink_install=True, test_result_base=None, continue_on_error=False, executor='parallel', parallel_workers=20, event_handlers=None, ignore_user_meta=False, metas=['./colcon.meta'], base_paths=['.'], packages_ignore=None, packages_ignore_regex=None, paths=None, packages_up_to=None, packages_up_to_regex=None, packages_above=None, packages_above_and_dependencies=None, packages_above_depth=None, packages_select_by_dep=None, packages_skip_by_dep=None, packages_skip_up_to=None, packages_select_build_failed=False, packages_skip_build_finished=False, packages_select_test_failures=False, packages_skip_test_passed=False, packages_select=None, packages_skip=None, packages_select_regex=None, packages_skip_regex=None, packages_start=None, packages_end=None, allow_overriding=[], cmake_args=None, cmake_target=None, cmake_target_skip_unavailable=False, cmake_clean_cache=False, cmake_clean_first=False, cmake_force_configure=False, ament_cmake_args=None, catkin_cmake_args=None, catkin_skip_building_tests=False, verb_parser=<colcon_defaults.argument_parser.defaults.DefaultArgumentsDecorator object at 0x7ea382d65ae0>, verb_extension=<colcon_core.verb.build.BuildVerb object at 0x7ea382d65150>, main=<bound method BuildVerb.main of <colcon_core.verb.build.BuildVerb object at 0x7ea382d65150>>)
[0.139s] Level 1:colcon.colcon_core.package_discovery:discover_packages(colcon_meta) check parameters
[0.139s] Level 1:colcon.colcon_core.package_discovery:discover_packages(recursive) check parameters
[0.139s] Level 1:colcon.colcon_core.package_discovery:discover_packages(ignore) check parameters
[0.139s] Level 1:colcon.colcon_core.package_discovery:discover_packages(path) check parameters
[0.139s] Level 1:colcon.colcon_core.package_discovery:discover_packages(colcon_meta) discover
[0.139s] Level 1:colcon.colcon_core.package_discovery:discover_packages(recursive) discover
[0.139s] INFO:colcon.colcon_core.package_discovery:Crawling recursively for packages in '/home/oat/Desktop/FRA333_Kinematic_Project'
[0.139s] Level 1:colcon.colcon_core.package_identification:_identify(.) by extensions ['ignore', 'ignore_ament_install']
[0.139s] Level 1:colcon.colcon_core.package_identification:_identify(.) by extension 'ignore'
[0.139s] Level 1:colcon.colcon_core.package_identification:_identify(.) by extension 'ignore_ament_install'
[0.139s] Level 1:colcon.colcon_core.package_identification:_identify(.) by extensions ['colcon_pkg']
[0.139s] Level 1:colcon.colcon_core.package_identification:_identify(.) by extension 'colcon_pkg'
[0.139s] Level 1:colcon.colcon_core.package_identification:_identify(.) by extensions ['colcon_meta']
[0.139s] Level 1:colcon.colcon_core.package_identification:_identify(.) by extension 'colcon_meta'
[0.139s] Level 1:colcon.colcon_core.package_identification:_identify(.) by extensions ['ros']
[0.139s] Level 1:colcon.colcon_core.package_identification:_identify(.) by extension 'ros'
[0.158s] Level 1:colcon.colcon_core.package_identification:_identify(.) by extensions ['cmake', 'python']
[0.158s] Level 1:colcon.colcon_core.package_identification:_identify(.) by extension 'cmake'
[0.158s] Level 1:colcon.colcon_core.package_identification:_identify(.) by extension 'python'
[0.158s] Level 1:colcon.colcon_core.package_identification:_identify(.) by extensions ['python_setup_py']
[0.158s] Level 1:colcon.colcon_core.package_identification:_identify(.) by extension 'python_setup_py'
[0.158s] Level 1:colcon.colcon_core.package_identification:_identify(build) by extensions ['ignore', 'ignore_ament_install']
[0.158s] Level 1:colcon.colcon_core.package_identification:_identify(build) by extension 'ignore'
[0.158s] Level 1:colcon.colcon_core.package_identification:_identify(build) ignored
[0.158s] Level 1:colcon.colcon_core.package_identification:_identify(install) by extensions ['ignore', 'ignore_ament_install']
[0.158s] Level 1:colcon.colcon_core.package_identification:_identify(install) by extension 'ignore'
[0.158s] Level 1:colcon.colcon_core.package_identification:_identify(install) ignored
[0.158s] Level 1:colcon.colcon_core.package_identification:_identify(log) by extensions ['ignore', 'ignore_ament_install']
[0.158s] Level 1:colcon.colcon_core.package_identification:_identify(log) by extension 'ignore'
[0.158s] Level 1:colcon.colcon_core.package_identification:_identify(log) ignored
[0.158s] Level 1:colcon.colcon_core.package_identification:_identify(src) by extensions ['ignore', 'ignore_ament_install']
[0.158s] Level 1:colcon.colcon_core.package_identification:_identify(src) by extension 'ignore'
[0.158s] Level 1:colcon.colcon_core.package_identification:_identify(src) by extension 'ignore_ament_install'
[0.158s] Level 1:colcon.colcon_core.package_identification:_identify(src) by extensions ['colcon_pkg']
[0.158s] Level 1:colcon.colcon_core.package_identification:_identify(src) by extension 'colcon_pkg'
[0.158s] Level 1:colcon.colcon_core.package_identification:_identify(src) by extensions ['colcon_meta']
[0.158s] Level 1:colcon.colcon_core.package_identification:_identify(src) by extension 'colcon_meta'
[0.158s] Level 1:colcon.colcon_core.package_identification:_identify(src) by extensions ['ros']
[0.158s] Level 1:colcon.colcon_core.package_identification:_identify(src) by extension 'ros'
[0.158s] Level 1:colcon.colcon_core.package_identification:_identify(src) by extensions ['cmake', 'python']
[0.158s] Level 1:colcon.colcon_core.package_identification:_identify(src) by extension 'cmake'
[0.158s] Level 1:colcon.colcon_core.package_identification:_identify(src) by extension 'python'
[0.158s] Level 1:colcon.colcon_core.package_identification:_identify(src) by extensions ['python_setup_py']
[0.159s] Level 1:colcon.colcon_core.package_identification:_identify(src) by extension 'python_setup_py'
[0.159s] Level 1:colcon.colcon_core.package_identification:_identify(src/controller) by extensions ['ignore', 'ignore_ament_install']
[0.159s] Level 1:colcon.colcon_core.package_identification:_identify(src/controller) by extension 'ignore'
[0.159s] Level 1:colcon.colcon_core.package_identification:_identify(src/controller) by extension 'ignore_ament_install'
[0.159s] Level 1:colcon.colcon_core.package_identification:_identify(src/controller) by extensions ['colcon_pkg']
[0.159s] Level 1:colcon.colcon_core.package_identification:_identify(src/controller) by extension 'colcon_pkg'
[0.159s] Level 1:colcon.colcon_core.package_identification:_identify(src/controller) by extensions ['colcon_meta']
[0.159s] Level 1:colcon.colcon_core.package_identification:_identify(src/controller) by extension 'colcon_meta'
[0.159s] Level 1:colcon.colcon_core.package_identification:_identify(src/controller) by extensions ['ros']
[0.159s] Level 1:colcon.colcon_core.package_identification:_identify(src/controller) by extension 'ros'
[0.160s] DEBUG:colcon.colcon_core.package_identification:Package 'src/controller' with type 'ros.ament_cmake' and name 'controller'
[0.160s] Level 1:colcon.colcon_core.package_identification:_identify(src/hexapod) by extensions ['ignore', 'ignore_ament_install']
[0.160s] Level 1:colcon.colcon_core.package_identification:_identify(src/hexapod) by extension 'ignore'
[0.160s] Level 1:colcon.colcon_core.package_identification:_identify(src/hexapod) by extension 'ignore_ament_install'
[0.160s] Level 1:colcon.colcon_core.package_identification:_identify(src/hexapod) by extensions ['colcon_pkg']
[0.160s] Level 1:colcon.colcon_core.package_identification:_identify(src/hexapod) by extension 'colcon_pkg'
[0.160s] Level 1:colcon.colcon_core.package_identification:_identify(src/hexapod) by extensions ['colcon_meta']
[0.160s] Level 1:colcon.colcon_core.package_identification:_identify(src/hexapod) by extension 'colcon_meta'
[0.160s] Level 1:colcon.colcon_core.package_identification:_identify(src/hexapod) by extensions ['ros']
[0.160s] Level 1:colcon.colcon_core.package_identification:_identify(src/hexapod) by extension 'ros'
[0.161s] DEBUG:colcon.colcon_core.package_identification:Package 'src/hexapod' with type 'ros.ament_cmake' and name 'hexapod'
[0.161s] Level 1:colcon.colcon_core.package_identification:_identify(src/hexapod_description) by extensions ['ignore', 'ignore_ament_install']
[0.161s] Level 1:colcon.colcon_core.package_identification:_identify(src/hexapod_description) by extension 'ignore'
[0.161s] Level 1:colcon.colcon_core.package_identification:_identify(src/hexapod_description) by extension 'ignore_ament_install'
[0.161s] Level 1:colcon.colcon_core.package_identification:_identify(src/hexapod_description) by extensions ['colcon_pkg']
[0.161s] Level 1:colcon.colcon_core.package_identification:_identify(src/hexapod_description) by extension 'colcon_pkg'
[0.161s] Level 1:colcon.colcon_core.package_identification:_identify(src/hexapod_description) by extensions ['colcon_meta']
[0.161s] Level 1:colcon.colcon_core.package_identification:_identify(src/hexapod_description) by extension 'colcon_meta'
[0.161s] Level 1:colcon.colcon_core.package_identification:_identify(src/hexapod_description) by extensions ['ros']
[0.161s] Level 1:colcon.colcon_core.package_identification:_identify(src/hexapod_description) by extension 'ros'
[0.161s] DEBUG:colcon.colcon_core.package_identification:Package 'src/hexapod_description' with type 'ros.ament_cmake' and name 'hexapod_description'
[0.161s] Level 1:colcon.colcon_core.package_identification:_identify(src/hexapod_simulation) by extensions ['ignore', 'ignore_ament_install']
[0.161s] Level 1:colcon.colcon_core.package_identification:_identify(src/hexapod_simulation) by extension 'ignore'
[0.161s] Level 1:colcon.colcon_core.package_identification:_identify(src/hexapod_simulation) by extension 'ignore_ament_install'
[0.161s] Level 1:colcon.colcon_core.package_identification:_identify(src/hexapod_simulation) by extensions ['colcon_pkg']
[0.161s] Level 1:colcon.colcon_core.package_identification:_identify(src/hexapod_simulation) by extension 'colcon_pkg'
[0.161s] Level 1:colcon.colcon_core.package_identification:_identify(src/hexapod_simulation) by extensions ['colcon_meta']
[0.161s] Level 1:colcon.colcon_core.package_identification:_identify(src/hexapod_simulation) by extension 'colcon_meta'
[0.161s] Level 1:colcon.colcon_core.package_identification:_identify(src/hexapod_simulation) by extensions ['ros']
[0.161s] Level 1:colcon.colcon_core.package_identification:_identify(src/hexapod_simulation) by extension 'ros'
[0.162s] DEBUG:colcon.colcon_core.package_identification:Package 'src/hexapod_simulation' with type 'ros.ament_cmake' and name 'hexapod_simulation'
[0.162s] Level 1:colcon.colcon_core.package_discovery:discover_packages(recursive) using defaults
[0.162s] Level 1:colcon.colcon_core.package_discovery:discover_packages(ignore) discover
[0.162s] Level 1:colcon.colcon_core.package_discovery:discover_packages(ignore) using defaults
[0.162s] Level 1:colcon.colcon_core.package_discovery:discover_packages(path) discover
[0.162s] Level 1:colcon.colcon_core.package_discovery:discover_packages(path) using defaults
[0.172s] Level 1:colcon.colcon_core.package_discovery:discover_packages(prefix_path) check parameters
[0.172s] Level 1:colcon.colcon_core.package_discovery:discover_packages(prefix_path) discover
[0.173s] DEBUG:colcon.colcon_installed_package_information.package_discovery:Found 4 installed packages in /home/oat/Desktop/FRA333_Kinematic_Project/install
[0.174s] DEBUG:colcon.colcon_installed_package_information.package_discovery:Found 333 installed packages in /opt/ros/humble
[0.175s] Level 1:colcon.colcon_core.package_discovery:discover_packages(prefix_path) using defaults
[0.194s] Level 5:colcon.colcon_core.verb:set package 'controller' build argument 'cmake_args' from command line to 'None'
[0.194s] Level 5:colcon.colcon_core.verb:set package 'controller' build argument 'cmake_target' from command line to 'None'
[0.194s] Level 5:colcon.colcon_core.verb:set package 'controller' build argument 'cmake_target_skip_unavailable' from command line to 'False'
[0.194s] Level 5:colcon.colcon_core.verb:set package 'controller' build argument 'cmake_clean_cache' from command line to 'False'
[0.194s] Level 5:colcon.colcon_core.verb:set package 'controller' build argument 'cmake_clean_first' from command line to 'False'
[0.194s] Level 5:colcon.colcon_core.verb:set package 'controller' build argument 'cmake_force_configure' from command line to 'False'
[0.194s] Level 5:colcon.colcon_core.verb:set package 'controller' build argument 'ament_cmake_args' from command line to 'None'
[0.194s] Level 5:colcon.colcon_core.verb:set package 'controller' build argument 'catkin_cmake_args' from command line to 'None'
[0.194s] Level 5:colcon.colcon_core.verb:set package 'controller' build argument 'catkin_skip_building_tests' from command line to 'False'
[0.195s] DEBUG:colcon.colcon_core.verb:Building package 'controller' with the following arguments: {'ament_cmake_args': None, 'build_base': '/home/oat/Desktop/FRA333_Kinematic_Project/build/controller', 'catkin_cmake_args': None, 'catkin_skip_building_tests': False, 'cmake_args': None, 'cmake_clean_cache': False, 'cmake_clean_first': False, 'cmake_force_configure': False, 'cmake_target': None, 'cmake_target_skip_unavailable': False, 'install_base': '/home/oat/Desktop/FRA333_Kinematic_Project/install/controller', 'merge_install': False, 'path': '/home/oat/Desktop/FRA333_Kinematic_Project/src/controller', 'symlink_install': True, 'test_result_base': None}
[0.195s] Level 5:colcon.colcon_core.verb:set package 'hexapod' build argument 'cmake_args' from command line to 'None'
[0.195s] Level 5:colcon.colcon_core.verb:set package 'hexapod' build argument 'cmake_target' from command line to 'None'
[0.195s] Level 5:colcon.colcon_core.verb:set package 'hexapod' build argument 'cmake_target_skip_unavailable' from command line to 'False'
[0.195s] Level 5:colcon.colcon_core.verb:set package 'hexapod' build argument 'cmake_clean_cache' from command line to 'False'
[0.195s] Level 5:colcon.colcon_core.verb:set package 'hexapod' build argument 'cmake_clean_first' from command line to 'False'
[0.195s] Level 5:colcon.colcon_core.verb:set package 'hexapod' build argument 'cmake_force_configure' from command line to 'False'
[0.195s] Level 5:colcon.colcon_core.verb:set package 'hexapod' build argument 'ament_cmake_args' from command line to 'None'
[0.195s] Level 5:colcon.colcon_core.verb:set package 'hexapod' build argument 'catkin_cmake_args' from command line to 'None'
[0.195s] Level 5:colcon.colcon_core.verb:set package 'hexapod' build argument 'catkin_skip_building_tests' from command line to 'False'
[0.195s] DEBUG:colcon.colcon_core.verb:Building package 'hexapod' with the following arguments: {'ament_cmake_args': None, 'build_base': '/home/oat/Desktop/FRA333_Kinematic_Project/build/hexapod', 'catkin_cmake_args': None, 'catkin_skip_building_tests': False, 'cmake_args': None, 'cmake_clean_cache': False, 'cmake_clean_first': False, 'cmake_force_configure': False, 'cmake_target': None, 'cmake_target_skip_unavailable': False, 'install_base': '/home/oat/Desktop/FRA333_Kinematic_Project/install/hexapod', 'merge_install': False, 'path': '/home/oat/Desktop/FRA333_Kinematic_Project/src/hexapod', 'symlink_install': True, 'test_result_base': None}
[0.195s] Level 5:colcon.colcon_core.verb:set package 'hexapod_description' build argument 'cmake_args' from command line to 'None'
[0.195s] Level 5:colcon.colcon_core.verb:set package 'hexapod_description' build argument 'cmake_target' from command line to 'None'
[0.195s] Level 5:colcon.colcon_core.verb:set package 'hexapod_description' build argument 'cmake_target_skip_unavailable' from command line to 'False'
[0.195s] Level 5:colcon.colcon_core.verb:set package 'hexapod_description' build argument 'cmake_clean_cache' from command line to 'False'
[0.195s] Level 5:colcon.colcon_core.verb:set package 'hexapod_description' build argument 'cmake_clean_first' from command line to 'False'
[0.195s] Level 5:colcon.colcon_core.verb:set package 'hexapod_description' build argument 'cmake_force_configure' from command line to 'False'
[0.195s] Level 5:colcon.colcon_core.verb:set package 'hexapod_description' build argument 'ament_cmake_args' from command line to 'None'
[0.195s] Level 5:colcon.colcon_core.verb:set package 'hexapod_description' build argument 'catkin_cmake_args' from command line to 'None'
[0.195s] Level 5:colcon.colcon_core.verb:set package 'hexapod_description' build argument 'catkin_skip_building_tests' from command line to 'False'
[0.195s] DEBUG:colcon.colcon_core.verb:Building package 'hexapod_description' with the following arguments: {'ament_cmake_args': None, 'build_base': '/home/oat/Desktop/FRA333_Kinematic_Project/build/hexapod_description', 'catkin_cmake_args': None, 'catkin_skip_building_tests': False, 'cmake_args': None, 'cmake_clean_cache': False, 'cmake_clean_first': False, 'cmake_force_configure': False, 'cmake_target': None, 'cmake_target_skip_unavailable': False, 'install_base': '/home/oat/Desktop/FRA333_Kinematic_Project/install/hexapod_description', 'merge_install': False, 'path': '/home/oat/Desktop/FRA333_Kinematic_Project/src/hexapod_description', 'symlink_install': True, 'test_result_base': None}
[0.195s] Level 5:colcon.colcon_core.verb:set package 'hexapod_simulation' build argument 'cmake_args' from command line to 'None'
[0.195s] Level 5:colcon.colcon_core.verb:set package 'hexapod_simulation' build argument 'cmake_target' from command line to 'None'
[0.195s] Level 5:colcon.colcon_core.verb:set package 'hexapod_simulation' build argument 'cmake_target_skip_unavailable' from command line to 'False'
[0.195s] Level 5:colcon.colcon_core.verb:set package 'hexapod_simulation' build argument 'cmake_clean_cache' from command line to 'False'
[0.195s] Level 5:colcon.colcon_core.verb:set package 'hexapod_simulation' build argument 'cmake_clean_first' from command line to 'False'
[0.195s] Level 5:colcon.colcon_core.verb:set package 'hexapod_simulation' build argument 'cmake_force_configure' from command line to 'False'
[0.195s] Level 5:colcon.colcon_core.verb:set package 'hexapod_simulation' build argument 'ament_cmake_args' from command line to 'None'
[0.195s] Level 5:colcon.colcon_core.verb:set package 'hexapod_simulation' build argument 'catkin_cmake_args' from command line to 'None'
[0.195s] Level 5:colcon.colcon_core.verb:set package 'hexapod_simulation' build argument 'catkin_skip_building_tests' from command line to 'False'
[0.195s] DEBUG:colcon.colcon_core.verb:Building package 'hexapod_simulation' with the following arguments: {'ament_cmake_args': None, 'build_base': '/home/oat/Desktop/FRA333_Kinematic_Project/build/hexapod_simulation', 'catkin_cmake_args': None, 'catkin_skip_building_tests': False, 'cmake_args': None, 'cmake_clean_cache': False, 'cmake_clean_first': False, 'cmake_force_configure': False, 'cmake_target': None, 'cmake_target_skip_unavailable': False, 'install_base': '/home/oat/Desktop/FRA333_Kinematic_Project/install/hexapod_simulation', 'merge_install': False, 'path': '/home/oat/Desktop/FRA333_Kinematic_Project/src/hexapod_simulation', 'symlink_install': True, 'test_result_base': None}
[0.195s] INFO:colcon.colcon_core.executor:Executing jobs using 'parallel' executor
[0.196s] DEBUG:colcon.colcon_parallel_executor.executor.parallel:run_until_complete
[0.196s] INFO:colcon.colcon_ros.task.ament_cmake.build:Building ROS package in '/home/oat/Desktop/FRA333_Kinematic_Project/src/controller' with build type 'ament_cmake'
[0.196s] INFO:colcon.colcon_cmake.task.cmake.build:Building CMake package in '/home/oat/Desktop/FRA333_Kinematic_Project/src/controller'
[0.197s] INFO:colcon.colcon_core.plugin_system:Skipping extension 'colcon_core.shell.bat': Not used on non-Windows systems
[0.197s] INFO:colcon.colcon_core.shell:Skip shell extension 'powershell' for command environment: Not usable outside of PowerShell
[0.197s] DEBUG:colcon.colcon_core.shell:Skip shell extension 'dsv' for command environment
[0.199s] INFO:colcon.colcon_ros.task.ament_cmake.build:Building ROS package in '/home/oat/Desktop/FRA333_Kinematic_Project/src/hexapod' with build type 'ament_cmake'
[0.200s] INFO:colcon.colcon_cmake.task.cmake.build:Building CMake package in '/home/oat/Desktop/FRA333_Kinematic_Project/src/hexapod'
[0.200s] INFO:colcon.colcon_core.shell:Skip shell extension 'powershell' for command environment: Not usable outside of PowerShell
[0.200s] DEBUG:colcon.colcon_core.shell:Skip shell extension 'dsv' for command environment
[0.201s] INFO:colcon.colcon_ros.task.ament_cmake.build:Building ROS package in '/home/oat/Desktop/FRA333_Kinematic_Project/src/hexapod_description' with build type 'ament_cmake'
[0.201s] INFO:colcon.colcon_cmake.task.cmake.build:Building CMake package in '/home/oat/Desktop/FRA333_Kinematic_Project/src/hexapod_description'
[0.201s] INFO:colcon.colcon_core.shell:Skip shell extension 'powershell' for command environment: Not usable outside of PowerShell
[0.201s] DEBUG:colcon.colcon_core.shell:Skip shell extension 'dsv' for command environment
[0.203s] INFO:colcon.colcon_ros.task.ament_cmake.build:Building ROS package in '/home/oat/Desktop/FRA333_Kinematic_Project/src/hexapod_simulation' with build type 'ament_cmake'
[0.203s] INFO:colcon.colcon_cmake.task.cmake.build:Building CMake package in '/home/oat/Desktop/FRA333_Kinematic_Project/src/hexapod_simulation'
[0.203s] INFO:colcon.colcon_core.shell:Skip shell extension 'powershell' for command environment: Not usable outside of PowerShell
[0.203s] DEBUG:colcon.colcon_core.shell:Skip shell extension 'dsv' for command environment
[0.208s] DEBUG:colcon.colcon_core.event_handler.log_command:Invoking command in '/home/oat/Desktop/FRA333_Kinematic_Project/build/controller': CMAKE_PREFIX_PATH=${CMAKE_PREFIX_PATH}:/opt/ros/humble /usr/bin/cmake --build /home/oat/Desktop/FRA333_Kinematic_Project/build/controller -- -j20 -l20
[0.209s] DEBUG:colcon.colcon_core.event_handler.log_command:Invoking command in '/home/oat/Desktop/FRA333_Kinematic_Project/build/hexapod': CMAKE_PREFIX_PATH=${CMAKE_PREFIX_PATH}:/opt/ros/humble /usr/bin/cmake --build /home/oat/Desktop/FRA333_Kinematic_Project/build/hexapod -- -j20 -l20
[0.210s] DEBUG:colcon.colcon_core.event_handler.log_command:Invoking command in '/home/oat/Desktop/FRA333_Kinematic_Project/build/hexapod_description': CMAKE_PREFIX_PATH=${CMAKE_PREFIX_PATH}:/opt/ros/humble /usr/bin/cmake --build /home/oat/Desktop/FRA333_Kinematic_Project/build/hexapod_description -- -j20 -l20
[0.213s] DEBUG:colcon.colcon_core.event_handler.log_command:Invoking command in '/home/oat/Desktop/FRA333_Kinematic_Project/build/hexapod_simulation': CMAKE_PREFIX_PATH=${CMAKE_PREFIX_PATH}:/opt/ros/humble /usr/bin/cmake --build /home/oat/Desktop/FRA333_Kinematic_Project/build/hexapod_simulation -- -j20 -l20
[0.432s] DEBUG:colcon.colcon_core.event_handler.log_command:Invoked command in '/home/oat/Desktop/FRA333_Kinematic_Project/build/hexapod_simulation' returned '0': CMAKE_PREFIX_PATH=${CMAKE_PREFIX_PATH}:/opt/ros/humble /usr/bin/cmake --build /home/oat/Desktop/FRA333_Kinematic_Project/build/hexapod_simulation -- -j20 -l20
[0.438s] DEBUG:colcon.colcon_core.event_handler.log_command:Invoking command in '/home/oat/Desktop/FRA333_Kinematic_Project/build/hexapod_simulation': CMAKE_PREFIX_PATH=${CMAKE_PREFIX_PATH}:/opt/ros/humble /usr/bin/cmake --install /home/oat/Desktop/FRA333_Kinematic_Project/build/hexapod_simulation
[0.439s] DEBUG:colcon.colcon_core.event_handler.log_command:Invoked command in '/home/oat/Desktop/FRA333_Kinematic_Project/build/controller' returned '0': CMAKE_PREFIX_PATH=${CMAKE_PREFIX_PATH}:/opt/ros/humble /usr/bin/cmake --build /home/oat/Desktop/FRA333_Kinematic_Project/build/controller -- -j20 -l20
[0.440s] DEBUG:colcon.colcon_core.event_handler.log_command:Invoking command in '/home/oat/Desktop/FRA333_Kinematic_Project/build/controller': CMAKE_PREFIX_PATH=${CMAKE_PREFIX_PATH}:/opt/ros/humble /usr/bin/cmake --install /home/oat/Desktop/FRA333_Kinematic_Project/build/controller
[0.441s] DEBUG:colcon.colcon_core.event_handler.log_command:Invoked command in '/home/oat/Desktop/FRA333_Kinematic_Project/build/hexapod' returned '0': CMAKE_PREFIX_PATH=${CMAKE_PREFIX_PATH}:/opt/ros/humble /usr/bin/cmake --build /home/oat/Desktop/FRA333_Kinematic_Project/build/hexapod -- -j20 -l20
[0.443s] DEBUG:colcon.colcon_core.event_handler.log_command:Invoking command in '/home/oat/Desktop/FRA333_Kinematic_Project/build/hexapod': CMAKE_PREFIX_PATH=${CMAKE_PREFIX_PATH}:/opt/ros/humble /usr/bin/cmake --install /home/oat/Desktop/FRA333_Kinematic_Project/build/hexapod
[0.443s] DEBUG:colcon.colcon_core.event_handler.log_command:Invoked command in '/home/oat/Desktop/FRA333_Kinematic_Project/build/hexapod_description' returned '0': CMAKE_PREFIX_PATH=${CMAKE_PREFIX_PATH}:/opt/ros/humble /usr/bin/cmake --build /home/oat/Desktop/FRA333_Kinematic_Project/build/hexapod_description -- -j20 -l20
[0.444s] DEBUG:colcon.colcon_core.event_handler.log_command:Invoking command in '/home/oat/Desktop/FRA333_Kinematic_Project/build/hexapod_description': CMAKE_PREFIX_PATH=${CMAKE_PREFIX_PATH}:/opt/ros/humble /usr/bin/cmake --install /home/oat/Desktop/FRA333_Kinematic_Project/build/hexapod_description
[0.480s] Level 1:colcon.colcon_core.environment:create_environment_scripts_only(hexapod_simulation)
[0.481s] DEBUG:colcon.colcon_core.event_handler.log_command:Invoked command in '/home/oat/Desktop/FRA333_Kinematic_Project/build/hexapod_simulation' returned '0': CMAKE_PREFIX_PATH=${CMAKE_PREFIX_PATH}:/opt/ros/humble /usr/bin/cmake --install /home/oat/Desktop/FRA333_Kinematic_Project/build/hexapod_simulation
[0.484s] Level 1:colcon.colcon_core.environment:checking '/home/oat/Desktop/FRA333_Kinematic_Project/install/hexapod_simulation' for CMake module files
[0.484s] Level 1:colcon.colcon_core.environment:checking '/home/oat/Desktop/FRA333_Kinematic_Project/install/hexapod_simulation' for CMake config files
[0.484s] Level 1:colcon.colcon_core.shell:create_environment_hook('hexapod_simulation', 'cmake_prefix_path')
[0.485s] INFO:colcon.colcon_core.shell:Creating environment hook '/home/oat/Desktop/FRA333_Kinematic_Project/install/hexapod_simulation/share/hexapod_simulation/hook/cmake_prefix_path.ps1'
[0.486s] INFO:colcon.colcon_core.shell:Creating environment descriptor '/home/oat/Desktop/FRA333_Kinematic_Project/install/hexapod_simulation/share/hexapod_simulation/hook/cmake_prefix_path.dsv'
[0.486s] INFO:colcon.colcon_core.shell:Creating environment hook '/home/oat/Desktop/FRA333_Kinematic_Project/install/hexapod_simulation/share/hexapod_simulation/hook/cmake_prefix_path.sh'
[0.487s] Level 1:colcon.colcon_core.environment:checking '/home/oat/Desktop/FRA333_Kinematic_Project/install/hexapod_simulation/lib'
[0.488s] Level 1:colcon.colcon_core.environment:checking '/home/oat/Desktop/FRA333_Kinematic_Project/install/hexapod_simulation/bin'
[0.488s] Level 1:colcon.colcon_core.environment:checking '/home/oat/Desktop/FRA333_Kinematic_Project/install/hexapod_simulation/lib/pkgconfig/hexapod_simulation.pc'
[0.488s] Level 1:colcon.colcon_core.environment:checking '/home/oat/Desktop/FRA333_Kinematic_Project/install/hexapod_simulation/lib/python3.10/site-packages'
[0.488s] Level 1:colcon.colcon_core.environment:checking '/home/oat/Desktop/FRA333_Kinematic_Project/install/hexapod_simulation/bin'
[0.488s] INFO:colcon.colcon_core.shell:Creating package script '/home/oat/Desktop/FRA333_Kinematic_Project/install/hexapod_simulation/share/hexapod_simulation/package.ps1'
[0.489s] INFO:colcon.colcon_core.shell:Creating package descriptor '/home/oat/Desktop/FRA333_Kinematic_Project/install/hexapod_simulation/share/hexapod_simulation/package.dsv'
[0.490s] INFO:colcon.colcon_core.shell:Creating package script '/home/oat/Desktop/FRA333_Kinematic_Project/install/hexapod_simulation/share/hexapod_simulation/package.sh'
[0.490s] INFO:colcon.colcon_core.shell:Creating package script '/home/oat/Desktop/FRA333_Kinematic_Project/install/hexapod_simulation/share/hexapod_simulation/package.bash'
[0.491s] INFO:colcon.colcon_core.shell:Creating package script '/home/oat/Desktop/FRA333_Kinematic_Project/install/hexapod_simulation/share/hexapod_simulation/package.zsh'
[0.491s] Level 1:colcon.colcon_core.environment:create_file_with_runtime_dependencies(/home/oat/Desktop/FRA333_Kinematic_Project/install/hexapod_simulation/share/colcon-core/packages/hexapod_simulation)
[0.492s] Level 1:colcon.colcon_core.environment:create_environment_scripts_only(hexapod_simulation)
[0.492s] Level 1:colcon.colcon_core.environment:checking '/home/oat/Desktop/FRA333_Kinematic_Project/install/hexapod_simulation' for CMake module files
[0.492s] Level 1:colcon.colcon_core.environment:checking '/home/oat/Desktop/FRA333_Kinematic_Project/install/hexapod_simulation' for CMake config files
[0.492s] Level 1:colcon.colcon_core.shell:create_environment_hook('hexapod_simulation', 'cmake_prefix_path')
[0.492s] INFO:colcon.colcon_core.shell:Creating environment hook '/home/oat/Desktop/FRA333_Kinematic_Project/install/hexapod_simulation/share/hexapod_simulation/hook/cmake_prefix_path.ps1'
[0.492s] INFO:colcon.colcon_core.shell:Creating environment descriptor '/home/oat/Desktop/FRA333_Kinematic_Project/install/hexapod_simulation/share/hexapod_simulation/hook/cmake_prefix_path.dsv'
[0.493s] INFO:colcon.colcon_core.shell:Creating environment hook '/home/oat/Desktop/FRA333_Kinematic_Project/install/hexapod_simulation/share/hexapod_simulation/hook/cmake_prefix_path.sh'
[0.493s] Level 1:colcon.colcon_core.environment:checking '/home/oat/Desktop/FRA333_Kinematic_Project/install/hexapod_simulation/lib'
[0.493s] Level 1:colcon.colcon_core.environment:checking '/home/oat/Desktop/FRA333_Kinematic_Project/install/hexapod_simulation/bin'
[0.493s] Level 1:colcon.colcon_core.environment:checking '/home/oat/Desktop/FRA333_Kinematic_Project/install/hexapod_simulation/lib/pkgconfig/hexapod_simulation.pc'
[0.493s] Level 1:colcon.colcon_core.environment:checking '/home/oat/Desktop/FRA333_Kinematic_Project/install/hexapod_simulation/lib/python3.10/site-packages'
[0.493s] Level 1:colcon.colcon_core.environment:checking '/home/oat/Desktop/FRA333_Kinematic_Project/install/hexapod_simulation/bin'
[0.493s] INFO:colcon.colcon_core.shell:Creating package script '/home/oat/Desktop/FRA333_Kinematic_Project/install/hexapod_simulation/share/hexapod_simulation/package.ps1'
[0.494s] INFO:colcon.colcon_core.shell:Creating package descriptor '/home/oat/Desktop/FRA333_Kinematic_Project/install/hexapod_simulation/share/hexapod_simulation/package.dsv'
[0.494s] INFO:colcon.colcon_core.shell:Creating package script '/home/oat/Desktop/FRA333_Kinematic_Project/install/hexapod_simulation/share/hexapod_simulation/package.sh'
[0.494s] INFO:colcon.colcon_core.shell:Creating package script '/home/oat/Desktop/FRA333_Kinematic_Project/install/hexapod_simulation/share/hexapod_simulation/package.bash'
[0.494s] INFO:colcon.colcon_core.shell:Creating package script '/home/oat/Desktop/FRA333_Kinematic_Project/install/hexapod_simulation/share/hexapod_simulation/package.zsh'
[0.495s] Level 1:colcon.colcon_core.environment:create_file_with_runtime_dependencies(/home/oat/Desktop/FRA333_Kinematic_Project/install/hexapod_simulation/share/colcon-core/packages/hexapod_simulation)
[0.496s] Level 1:colcon.colcon_core.environment:create_environment_scripts_only(controller)
[0.496s] Level 1:colcon.colcon_core.environment:checking '/home/oat/Desktop/FRA333_Kinematic_Project/install/controller' for CMake module files
[0.497s] DEBUG:colcon.colcon_core.event_handler.log_command:Invoked command in '/home/oat/Desktop/FRA333_Kinematic_Project/build/controller' returned '0': CMAKE_PREFIX_PATH=${CMAKE_PREFIX_PATH}:/opt/ros/humble /usr/bin/cmake --install /home/oat/Desktop/FRA333_Kinematic_Project/build/controller
[0.497s] Level 1:colcon.colcon_core.environment:checking '/home/oat/Desktop/FRA333_Kinematic_Project/install/controller' for CMake config files
[0.497s] Level 1:colcon.colcon_core.shell:create_environment_hook('controller', 'cmake_prefix_path')
[0.497s] INFO:colcon.colcon_core.shell:Creating environment hook '/home/oat/Desktop/FRA333_Kinematic_Project/install/controller/share/controller/hook/cmake_prefix_path.ps1'
[0.497s] INFO:colcon.colcon_core.shell:Creating environment descriptor '/home/oat/Desktop/FRA333_Kinematic_Project/install/controller/share/controller/hook/cmake_prefix_path.dsv'
[0.498s] INFO:colcon.colcon_core.shell:Creating environment hook '/home/oat/Desktop/FRA333_Kinematic_Project/install/controller/share/controller/hook/cmake_prefix_path.sh'
[0.498s] Level 1:colcon.colcon_core.environment:checking '/home/oat/Desktop/FRA333_Kinematic_Project/install/controller/lib'
[0.498s] Level 1:colcon.colcon_core.environment:checking '/home/oat/Desktop/FRA333_Kinematic_Project/install/controller/bin'
[0.498s] Level 1:colcon.colcon_core.environment:checking '/home/oat/Desktop/FRA333_Kinematic_Project/install/controller/lib/pkgconfig/controller.pc'
[0.498s] Level 1:colcon.colcon_core.environment:checking '/home/oat/Desktop/FRA333_Kinematic_Project/install/controller/lib/python3.10/site-packages'
[0.498s] Level 1:colcon.colcon_core.environment:checking '/home/oat/Desktop/FRA333_Kinematic_Project/install/controller/bin'
[0.498s] INFO:colcon.colcon_core.shell:Creating package script '/home/oat/Desktop/FRA333_Kinematic_Project/install/controller/share/controller/package.ps1'
[0.499s] INFO:colcon.colcon_core.shell:Creating package descriptor '/home/oat/Desktop/FRA333_Kinematic_Project/install/controller/share/controller/package.dsv'
[0.499s] INFO:colcon.colcon_core.shell:Creating package script '/home/oat/Desktop/FRA333_Kinematic_Project/install/controller/share/controller/package.sh'
[0.499s] INFO:colcon.colcon_core.shell:Creating package script '/home/oat/Desktop/FRA333_Kinematic_Project/install/controller/share/controller/package.bash'
[0.499s] INFO:colcon.colcon_core.shell:Creating package script '/home/oat/Desktop/FRA333_Kinematic_Project/install/controller/share/controller/package.zsh'
[0.500s] Level 1:colcon.colcon_core.environment:create_file_with_runtime_dependencies(/home/oat/Desktop/FRA333_Kinematic_Project/install/controller/share/colcon-core/packages/controller)
[0.500s] Level 1:colcon.colcon_core.environment:create_environment_scripts_only(controller)
[0.500s] Level 1:colcon.colcon_core.environment:checking '/home/oat/Desktop/FRA333_Kinematic_Project/install/controller' for CMake module files
[0.500s] Level 1:colcon.colcon_core.environment:checking '/home/oat/Desktop/FRA333_Kinematic_Project/install/controller' for CMake config files
[0.500s] Level 1:colcon.colcon_core.shell:create_environment_hook('controller', 'cmake_prefix_path')
[0.500s] INFO:colcon.colcon_core.shell:Creating environment hook '/home/oat/Desktop/FRA333_Kinematic_Project/install/controller/share/controller/hook/cmake_prefix_path.ps1'
[0.501s] INFO:colcon.colcon_core.shell:Creating environment descriptor '/home/oat/Desktop/FRA333_Kinematic_Project/install/controller/share/controller/hook/cmake_prefix_path.dsv'
[0.501s] INFO:colcon.colcon_core.shell:Creating environment hook '/home/oat/Desktop/FRA333_Kinematic_Project/install/controller/share/controller/hook/cmake_prefix_path.sh'
[0.501s] Level 1:colcon.colcon_core.environment:checking '/home/oat/Desktop/FRA333_Kinematic_Project/install/controller/lib'
[0.501s] Level 1:colcon.colcon_core.environment:checking '/home/oat/Desktop/FRA333_Kinematic_Project/install/controller/bin'
[0.501s] Level 1:colcon.colcon_core.environment:checking '/home/oat/Desktop/FRA333_Kinematic_Project/install/controller/lib/pkgconfig/controller.pc'
[0.501s] Level 1:colcon.colcon_core.environment:checking '/home/oat/Desktop/FRA333_Kinematic_Project/install/controller/lib/python3.10/site-packages'
[0.501s] Level 1:colcon.colcon_core.environment:checking '/home/oat/Desktop/FRA333_Kinematic_Project/install/controller/bin'
[0.502s] INFO:colcon.colcon_core.shell:Creating package script '/home/oat/Desktop/FRA333_Kinematic_Project/install/controller/share/controller/package.ps1'
[0.502s] INFO:colcon.colcon_core.shell:Creating package descriptor '/home/oat/Desktop/FRA333_Kinematic_Project/install/controller/share/controller/package.dsv'
[0.502s] INFO:colcon.colcon_core.shell:Creating package script '/home/oat/Desktop/FRA333_Kinematic_Project/install/controller/share/controller/package.sh'
[0.502s] INFO:colcon.colcon_core.shell:Creating package script '/home/oat/Desktop/FRA333_Kinematic_Project/install/controller/share/controller/package.bash'
[0.503s] INFO:colcon.colcon_core.shell:Creating package script '/home/oat/Desktop/FRA333_Kinematic_Project/install/controller/share/controller/package.zsh'
[0.503s] Level 1:colcon.colcon_core.environment:create_file_with_runtime_dependencies(/home/oat/Desktop/FRA333_Kinematic_Project/install/controller/share/colcon-core/packages/controller)
[0.503s] Level 1:colcon.colcon_core.environment:create_environment_scripts_only(hexapod)
[0.503s] Level 1:colcon.colcon_core.environment:checking '/home/oat/Desktop/FRA333_Kinematic_Project/install/hexapod' for CMake module files
[0.504s] DEBUG:colcon.colcon_core.event_handler.log_command:Invoked command in '/home/oat/Desktop/FRA333_Kinematic_Project/build/hexapod' returned '0': CMAKE_PREFIX_PATH=${CMAKE_PREFIX_PATH}:/opt/ros/humble /usr/bin/cmake --install /home/oat/Desktop/FRA333_Kinematic_Project/build/hexapod
[0.504s] Level 1:colcon.colcon_core.environment:checking '/home/oat/Desktop/FRA333_Kinematic_Project/install/hexapod' for CMake config files
[0.504s] Level 1:colcon.colcon_core.shell:create_environment_hook('hexapod', 'cmake_prefix_path')
[0.504s] INFO:colcon.colcon_core.shell:Creating environment hook '/home/oat/Desktop/FRA333_Kinematic_Project/install/hexapod/share/hexapod/hook/cmake_prefix_path.ps1'
[0.504s] INFO:colcon.colcon_core.shell:Creating environment descriptor '/home/oat/Desktop/FRA333_Kinematic_Project/install/hexapod/share/hexapod/hook/cmake_prefix_path.dsv'
[0.504s] INFO:colcon.colcon_core.shell:Creating environment hook '/home/oat/Desktop/FRA333_Kinematic_Project/install/hexapod/share/hexapod/hook/cmake_prefix_path.sh'
[0.505s] Level 1:colcon.colcon_core.environment:checking '/home/oat/Desktop/FRA333_Kinematic_Project/install/hexapod/lib'
[0.505s] Level 1:colcon.colcon_core.environment:checking '/home/oat/Desktop/FRA333_Kinematic_Project/install/hexapod/bin'
[0.505s] Level 1:colcon.colcon_core.environment:checking '/home/oat/Desktop/FRA333_Kinematic_Project/install/hexapod/lib/pkgconfig/hexapod.pc'
[0.505s] Level 1:colcon.colcon_core.environment:checking '/home/oat/Desktop/FRA333_Kinematic_Project/install/hexapod/lib/python3.10/site-packages'
[0.505s] Level 1:colcon.colcon_core.environment:checking '/home/oat/Desktop/FRA333_Kinematic_Project/install/hexapod/bin'
[0.505s] INFO:colcon.colcon_core.shell:Creating package script '/home/oat/Desktop/FRA333_Kinematic_Project/install/hexapod/share/hexapod/package.ps1'
[0.505s] INFO:colcon.colcon_core.shell:Creating package descriptor '/home/oat/Desktop/FRA333_Kinematic_Project/install/hexapod/share/hexapod/package.dsv'
[0.506s] INFO:colcon.colcon_core.shell:Creating package script '/home/oat/Desktop/FRA333_Kinematic_Project/install/hexapod/share/hexapod/package.sh'
[0.506s] INFO:colcon.colcon_core.shell:Creating package script '/home/oat/Desktop/FRA333_Kinematic_Project/install/hexapod/share/hexapod/package.bash'
[0.506s] INFO:colcon.colcon_core.shell:Creating package script '/home/oat/Desktop/FRA333_Kinematic_Project/install/hexapod/share/hexapod/package.zsh'
[0.506s] Level 1:colcon.colcon_core.environment:create_file_with_runtime_dependencies(/home/oat/Desktop/FRA333_Kinematic_Project/install/hexapod/share/colcon-core/packages/hexapod)
[0.506s] Level 1:colcon.colcon_core.environment:create_environment_scripts_only(hexapod)
[0.507s] Level 1:colcon.colcon_core.environment:checking '/home/oat/Desktop/FRA333_Kinematic_Project/install/hexapod' for CMake module files
[0.507s] Level 1:colcon.colcon_core.environment:checking '/home/oat/Desktop/FRA333_Kinematic_Project/install/hexapod' for CMake config files
[0.507s] Level 1:colcon.colcon_core.shell:create_environment_hook('hexapod', 'cmake_prefix_path')
[0.507s] INFO:colcon.colcon_core.shell:Creating environment hook '/home/oat/Desktop/FRA333_Kinematic_Project/install/hexapod/share/hexapod/hook/cmake_prefix_path.ps1'
[0.507s] INFO:colcon.colcon_core.shell:Creating environment descriptor '/home/oat/Desktop/FRA333_Kinematic_Project/install/hexapod/share/hexapod/hook/cmake_prefix_path.dsv'
[0.507s] INFO:colcon.colcon_core.shell:Creating environment hook '/home/oat/Desktop/FRA333_Kinematic_Project/install/hexapod/share/hexapod/hook/cmake_prefix_path.sh'
[0.508s] Level 1:colcon.colcon_core.environment:checking '/home/oat/Desktop/FRA333_Kinematic_Project/install/hexapod/lib'
[0.508s] Level 1:colcon.colcon_core.environment:checking '/home/oat/Desktop/FRA333_Kinematic_Project/install/hexapod/bin'
[0.508s] Level 1:colcon.colcon_core.environment:checking '/home/oat/Desktop/FRA333_Kinematic_Project/install/hexapod/lib/pkgconfig/hexapod.pc'
[0.508s] Level 1:colcon.colcon_core.environment:checking '/home/oat/Desktop/FRA333_Kinematic_Project/install/hexapod/lib/python3.10/site-packages'
[0.508s] Level 1:colcon.colcon_core.environment:checking '/home/oat/Desktop/FRA333_Kinematic_Project/install/hexapod/bin'
[0.508s] INFO:colcon.colcon_core.shell:Creating package script '/home/oat/Desktop/FRA333_Kinematic_Project/install/hexapod/share/hexapod/package.ps1'
[0.508s] INFO:colcon.colcon_core.shell:Creating package descriptor '/home/oat/Desktop/FRA333_Kinematic_Project/install/hexapod/share/hexapod/package.dsv'
[0.509s] INFO:colcon.colcon_core.shell:Creating package script '/home/oat/Desktop/FRA333_Kinematic_Project/install/hexapod/share/hexapod/package.sh'
[0.509s] INFO:colcon.colcon_core.shell:Creating package script '/home/oat/Desktop/FRA333_Kinematic_Project/install/hexapod/share/hexapod/package.bash'
[0.509s] INFO:colcon.colcon_core.shell:Creating package script '/home/oat/Desktop/FRA333_Kinematic_Project/install/hexapod/share/hexapod/package.zsh'
[0.509s] Level 1:colcon.colcon_core.environment:create_file_with_runtime_dependencies(/home/oat/Desktop/FRA333_Kinematic_Project/install/hexapod/share/colcon-core/packages/hexapod)
[0.509s] Level 1:colcon.colcon_core.environment:create_environment_scripts_only(hexapod_description)
[0.509s] Level 1:colcon.colcon_core.environment:checking '/home/oat/Desktop/FRA333_Kinematic_Project/install/hexapod_description' for CMake module files
[0.510s] DEBUG:colcon.colcon_core.event_handler.log_command:Invoked command in '/home/oat/Desktop/FRA333_Kinematic_Project/build/hexapod_description' returned '0': CMAKE_PREFIX_PATH=${CMAKE_PREFIX_PATH}:/opt/ros/humble /usr/bin/cmake --install /home/oat/Desktop/FRA333_Kinematic_Project/build/hexapod_description
[0.510s] Level 1:colcon.colcon_core.environment:checking '/home/oat/Desktop/FRA333_Kinematic_Project/install/hexapod_description' for CMake config files
[0.510s] Level 1:colcon.colcon_core.shell:create_environment_hook('hexapod_description', 'cmake_prefix_path')
[0.510s] INFO:colcon.colcon_core.shell:Creating environment hook '/home/oat/Desktop/FRA333_Kinematic_Project/install/hexapod_description/share/hexapod_description/hook/cmake_prefix_path.ps1'
[0.510s] INFO:colcon.colcon_core.shell:Creating environment descriptor '/home/oat/Desktop/FRA333_Kinematic_Project/install/hexapod_description/share/hexapod_description/hook/cmake_prefix_path.dsv'
[0.511s] INFO:colcon.colcon_core.shell:Creating environment hook '/home/oat/Desktop/FRA333_Kinematic_Project/install/hexapod_description/share/hexapod_description/hook/cmake_prefix_path.sh'
[0.511s] Level 1:colcon.colcon_core.environment:checking '/home/oat/Desktop/FRA333_Kinematic_Project/install/hexapod_description/lib'
[0.511s] Level 1:colcon.colcon_core.environment:checking '/home/oat/Desktop/FRA333_Kinematic_Project/install/hexapod_description/bin'
[0.511s] Level 1:colcon.colcon_core.environment:checking '/home/oat/Desktop/FRA333_Kinematic_Project/install/hexapod_description/lib/pkgconfig/hexapod_description.pc'
[0.511s] Level 1:colcon.colcon_core.environment:checking '/home/oat/Desktop/FRA333_Kinematic_Project/install/hexapod_description/lib/python3.10/site-packages'
[0.511s] Level 1:colcon.colcon_core.environment:checking '/home/oat/Desktop/FRA333_Kinematic_Project/install/hexapod_description/bin'
[0.511s] INFO:colcon.colcon_core.shell:Creating package script '/home/oat/Desktop/FRA333_Kinematic_Project/install/hexapod_description/share/hexapod_description/package.ps1'
[0.512s] INFO:colcon.colcon_core.shell:Creating package descriptor '/home/oat/Desktop/FRA333_Kinematic_Project/install/hexapod_description/share/hexapod_description/package.dsv'
[0.512s] INFO:colcon.colcon_core.shell:Creating package script '/home/oat/Desktop/FRA333_Kinematic_Project/install/hexapod_description/share/hexapod_description/package.sh'
[0.512s] INFO:colcon.colcon_core.shell:Creating package script '/home/oat/Desktop/FRA333_Kinematic_Project/install/hexapod_description/share/hexapod_description/package.bash'
[0.512s] INFO:colcon.colcon_core.shell:Creating package script '/home/oat/Desktop/FRA333_Kinematic_Project/install/hexapod_description/share/hexapod_description/package.zsh'
[0.512s] Level 1:colcon.colcon_core.environment:create_file_with_runtime_dependencies(/home/oat/Desktop/FRA333_Kinematic_Project/install/hexapod_description/share/colcon-core/packages/hexapod_description)
[0.513s] Level 1:colcon.colcon_core.environment:create_environment_scripts_only(hexapod_description)
[0.513s] Level 1:colcon.colcon_core.environment:checking '/home/oat/Desktop/FRA333_Kinematic_Project/install/hexapod_description' for CMake module files
[0.513s] Level 1:colcon.colcon_core.environment:checking '/home/oat/Desktop/FRA333_Kinematic_Project/install/hexapod_description' for CMake config files
[0.513s] Level 1:colcon.colcon_core.shell:create_environment_hook('hexapod_description', 'cmake_prefix_path')
[0.513s] INFO:colcon.colcon_core.shell:Creating environment hook '/home/oat/Desktop/FRA333_Kinematic_Project/install/hexapod_description/share/hexapod_description/hook/cmake_prefix_path.ps1'
[0.513s] INFO:colcon.colcon_core.shell:Creating environment descriptor '/home/oat/Desktop/FRA333_Kinematic_Project/install/hexapod_description/share/hexapod_description/hook/cmake_prefix_path.dsv'
[0.514s] INFO:colcon.colcon_core.shell:Creating environment hook '/home/oat/Desktop/FRA333_Kinematic_Project/install/hexapod_description/share/hexapod_description/hook/cmake_prefix_path.sh'
[0.514s] Level 1:colcon.colcon_core.environment:checking '/home/oat/Desktop/FRA333_Kinematic_Project/install/hexapod_description/lib'
[0.514s] Level 1:colcon.colcon_core.environment:checking '/home/oat/Desktop/FRA333_Kinematic_Project/install/hexapod_description/bin'
[0.514s] Level 1:colcon.colcon_core.environment:checking '/home/oat/Desktop/FRA333_Kinematic_Project/install/hexapod_description/lib/pkgconfig/hexapod_description.pc'
[0.514s] Level 1:colcon.colcon_core.environment:checking '/home/oat/Desktop/FRA333_Kinematic_Project/install/hexapod_description/lib/python3.10/site-packages'
[0.514s] Level 1:colcon.colcon_core.environment:checking '/home/oat/Desktop/FRA333_Kinematic_Project/install/hexapod_description/bin'
[0.514s] INFO:colcon.colcon_core.shell:Creating package script '/home/oat/Desktop/FRA333_Kinematic_Project/install/hexapod_description/share/hexapod_description/package.ps1'
[0.515s] INFO:colcon.colcon_core.shell:Creating package descriptor '/home/oat/Desktop/FRA333_Kinematic_Project/install/hexapod_description/share/hexapod_description/package.dsv'
[0.515s] INFO:colcon.colcon_core.shell:Creating package script '/home/oat/Desktop/FRA333_Kinematic_Project/install/hexapod_description/share/hexapod_description/package.sh'
[0.515s] INFO:colcon.colcon_core.shell:Creating package script '/home/oat/Desktop/FRA333_Kinematic_Project/install/hexapod_description/share/hexapod_description/package.bash'
[0.515s] INFO:colcon.colcon_core.shell:Creating package script '/home/oat/Desktop/FRA333_Kinematic_Project/install/hexapod_description/share/hexapod_description/package.zsh'
[0.515s] Level 1:colcon.colcon_core.environment:create_file_with_runtime_dependencies(/home/oat/Desktop/FRA333_Kinematic_Project/install/hexapod_description/share/colcon-core/packages/hexapod_description)
[0.515s] DEBUG:colcon.colcon_parallel_executor.executor.parallel:closing loop
[0.516s] DEBUG:colcon.colcon_parallel_executor.executor.parallel:loop closed
[0.516s] DEBUG:colcon.colcon_parallel_executor.executor.parallel:run_until_complete finished with '0'
[0.516s] DEBUG:colcon.colcon_core.event_reactor:joining thread
[0.519s] INFO:colcon.colcon_core.plugin_system:Skipping extension 'colcon_notification.desktop_notification.terminal_notifier': Not used on non-Darwin systems
[0.519s] INFO:colcon.colcon_core.plugin_system:Skipping extension 'colcon_notification.desktop_notification.win32': Not used on non-Windows systems
[0.519s] INFO:colcon.colcon_notification.desktop_notification:Sending desktop notification using 'notify2'
[0.526s] DEBUG:colcon.colcon_core.event_reactor:joined thread
[0.526s] INFO:colcon.colcon_core.shell:Creating prefix script '/home/oat/Desktop/FRA333_Kinematic_Project/install/local_setup.ps1'
[0.527s] INFO:colcon.colcon_core.shell:Creating prefix util module '/home/oat/Desktop/FRA333_Kinematic_Project/install/_local_setup_util_ps1.py'
[0.528s] INFO:colcon.colcon_core.shell:Creating prefix chain script '/home/oat/Desktop/FRA333_Kinematic_Project/install/setup.ps1'
[0.528s] INFO:colcon.colcon_core.shell:Creating prefix script '/home/oat/Desktop/FRA333_Kinematic_Project/install/local_setup.sh'
[0.529s] INFO:colcon.colcon_core.shell:Creating prefix util module '/home/oat/Desktop/FRA333_Kinematic_Project/install/_local_setup_util_sh.py'
[0.529s] INFO:colcon.colcon_core.shell:Creating prefix chain script '/home/oat/Desktop/FRA333_Kinematic_Project/install/setup.sh'
[0.529s] INFO:colcon.colcon_core.shell:Creating prefix script '/home/oat/Desktop/FRA333_Kinematic_Project/install/local_setup.bash'
[0.530s] INFO:colcon.colcon_core.shell:Creating prefix chain script '/home/oat/Desktop/FRA333_Kinematic_Project/install/setup.bash'
[0.530s] INFO:colcon.colcon_core.shell:Creating prefix script '/home/oat/Desktop/FRA333_Kinematic_Project/install/local_setup.zsh'
[0.530s] INFO:colcon.colcon_core.shell:Creating prefix chain script '/home/oat/Desktop/FRA333_Kinematic_Project/install/setup.zsh'
