-- Found ament_cmake: 1.3.12 (/opt/ros/humble/share/ament_cmake/cmake)
-- Override CMake install command with custom implementation using symlinks instead of copying resources
-- Found rclcpp: 16.0.15 (/opt/ros/humble/share/rclcpp/cmake)
-- Found rosidl_generator_c: 3.1.7 (/opt/ros/humble/share/rosidl_generator_c/cmake)
-- Found rosidl_adapter: 3.1.7 (/opt/ros/humble/share/rosidl_adapter/cmake)
-- Found rosidl_generator_cpp: 3.1.7 (/opt/ros/humble/share/rosidl_generator_cpp/cmake)
-- Using all available rosidl_typesupport_c: rosidl_typesupport_fastrtps_c;rosidl_typesupport_introspection_c
-- Using all available rosidl_typesupport_cpp: rosidl_typesupport_fastrtps_cpp;rosidl_typesupport_introspection_cpp
-- Found rmw_implementation_cmake: 6.1.2 (/opt/ros/humble/share/rmw_implementation_cmake/cmake)
-- Found rmw_fastrtps_cpp: 6.2.8 (/opt/ros/humble/share/rmw_fastrtps_cpp/cmake)
-- Using RMW implementation 'rmw_fastrtps_cpp' as default
-- Found rclpy: 3.3.17 (/opt/ros/humble/share/rclpy/cmake)
-- Configuring done
-- Generating done
-- Build files have been written to: /home/oat/Desktop/FRA333_Kinematic_Project/build/hexapod_simulation
Consolidate compiler generated dependencies of target cpp_node_test
[100%] Built target cpp_node_test
[100%] Built target ament_cmake_python_symlink_hexapod_simulation
running egg_info
writing hexapod_simulation.egg-info/PKG-INFO
writing dependency_links to hexapod_simulation.egg-info/dependency_links.txt
writing top-level names to hexapod_simulation.egg-info/top_level.txt
reading manifest file 'hexapod_simulation.egg-info/SOURCES.txt'
writing manifest file 'hexapod_simulation.egg-info/SOURCES.txt'
[100%] Built target ament_cmake_python_build_hexapod_simulation_egg
-- Install configuration: ""
-- Execute custom install script
-- Up-to-date symlink: /home/oat/Desktop/FRA333_Kinematic_Project/install/hexapod_simulation/share/hexapod_simulation/environment/pythonpath.sh
-- Up-to-date symlink: /home/oat/Desktop/FRA333_Kinematic_Project/install/hexapod_simulation/share/hexapod_simulation/environment/pythonpath.dsv
-- Up-to-date symlink: /home/oat/Desktop/FRA333_Kinematic_Project/install/hexapod_simulation/local/lib/python3.10/dist-packages/hexapod_simulation-0.0.0-py3.10.egg-info/PKG-INFO
-- Up-to-date symlink: /home/oat/Desktop/FRA333_Kinematic_Project/install/hexapod_simulation/local/lib/python3.10/dist-packages/hexapod_simulation-0.0.0-py3.10.egg-info/SOURCES.txt
-- Up-to-date symlink: /home/oat/Desktop/FRA333_Kinematic_Project/install/hexapod_simulation/local/lib/python3.10/dist-packages/hexapod_simulation-0.0.0-py3.10.egg-info/dependency_links.txt
-- Up-to-date symlink: /home/oat/Desktop/FRA333_Kinematic_Project/install/hexapod_simulation/local/lib/python3.10/dist-packages/hexapod_simulation-0.0.0-py3.10.egg-info/top_level.txt
-- Up-to-date symlink: /home/oat/Desktop/FRA333_Kinematic_Project/install/hexapod_simulation/local/lib/python3.10/dist-packages/hexapod_simulation/__init__.py
-- Up-to-date symlink: /home/oat/Desktop/FRA333_Kinematic_Project/install/hexapod_simulation/local/lib/python3.10/dist-packages/hexapod_simulation/dummy_module.py
-- Up-to-date symlink: /home/oat/Desktop/FRA333_Kinematic_Project/install/hexapod_simulation/lib/hexapod_simulation/dummy_script.py
-- Up-to-date symlink: /home/oat/Desktop/FRA333_Kinematic_Project/install/hexapod_simulation/lib/hexapod_simulation/cpp_node_test
-- Up-to-date symlink: /home/oat/Desktop/FRA333_Kinematic_Project/install/hexapod_simulation/share/hexapod_simulation/config/controller_full.yaml
-- Up-to-date symlink: /home/oat/Desktop/FRA333_Kinematic_Project/install/hexapod_simulation/share/hexapod_simulation/launch/simulation-full.launch.py
-- Up-to-date symlink: /home/oat/Desktop/FRA333_Kinematic_Project/install/hexapod_simulation/share/hexapod_simulation/rviz/config.rviz
-- Up-to-date symlink: /home/oat/Desktop/FRA333_Kinematic_Project/install/hexapod_simulation/share/hexapod_simulation/rviz/display.rviz
-- Symlinking: /home/oat/Desktop/FRA333_Kinematic_Project/install/hexapod_simulation/share/hexapod_simulation/worlds/hexapod.sdf
-- Up-to-date symlink: /home/oat/Desktop/FRA333_Kinematic_Project/install/hexapod_simulation/share/ament_index/resource_index/package_run_dependencies/hexapod_simulation
-- Up-to-date symlink: /home/oat/Desktop/FRA333_Kinematic_Project/install/hexapod_simulation/share/ament_index/resource_index/parent_prefix_path/hexapod_simulation
-- Up-to-date symlink: /home/oat/Desktop/FRA333_Kinematic_Project/install/hexapod_simulation/share/hexapod_simulation/environment/ament_prefix_path.sh
-- Up-to-date symlink: /home/oat/Desktop/FRA333_Kinematic_Project/install/hexapod_simulation/share/hexapod_simulation/environment/ament_prefix_path.dsv
-- Up-to-date symlink: /home/oat/Desktop/FRA333_Kinematic_Project/install/hexapod_simulation/share/hexapod_simulation/environment/path.sh
-- Up-to-date symlink: /home/oat/Desktop/FRA333_Kinematic_Project/install/hexapod_simulation/share/hexapod_simulation/environment/path.dsv
-- Up-to-date symlink: /home/oat/Desktop/FRA333_Kinematic_Project/install/hexapod_simulation/share/hexapod_simulation/local_setup.bash
-- Up-to-date symlink: /home/oat/Desktop/FRA333_Kinematic_Project/install/hexapod_simulation/share/hexapod_simulation/local_setup.sh
-- Up-to-date symlink: /home/oat/Desktop/FRA333_Kinematic_Project/install/hexapod_simulation/share/hexapod_simulation/local_setup.zsh
-- Up-to-date symlink: /home/oat/Desktop/FRA333_Kinematic_Project/install/hexapod_simulation/share/hexapod_simulation/local_setup.dsv
-- Symlinking: /home/oat/Desktop/FRA333_Kinematic_Project/install/hexapod_simulation/share/hexapod_simulation/package.dsv
-- Up-to-date symlink: /home/oat/Desktop/FRA333_Kinematic_Project/install/hexapod_simulation/share/ament_index/resource_index/packages/hexapod_simulation
-- Up-to-date symlink: /home/oat/Desktop/FRA333_Kinematic_Project/install/hexapod_simulation/share/hexapod_simulation/cmake/hexapod_simulationConfig.cmake
-- Up-to-date symlink: /home/oat/Desktop/FRA333_Kinematic_Project/install/hexapod_simulation/share/hexapod_simulation/cmake/hexapod_simulationConfig-version.cmake
-- Up-to-date symlink: /home/oat/Desktop/FRA333_Kinematic_Project/install/hexapod_simulation/share/hexapod_simulation/package.xml
Listing '/home/oat/Desktop/FRA333_Kinematic_Project/install/hexapod_simulation/local/lib/python3.10/dist-packages/hexapod_simulation'...
