[0.015s] Invoking command in '/home/ambushee/FRA333_Kinematic_Project/build/hexapod_description': CMAKE_PREFIX_PATH=${CMAKE_PREFIX_PATH}:/opt/ros/humble /usr/bin/cmake --build /home/ambushee/FRA333_Kinematic_Project/build/hexapod_description -- -j16 -l16
[0.051s] [100%] Built target cpp_node_test
[0.055s] [100%] Built target ament_cmake_python_copy_hexapod_description
[0.439s] running egg_info
[0.440s] writing hexapod_description.egg-info/PKG-INFO
[0.440s] writing dependency_links to hexapod_description.egg-info/dependency_links.txt
[0.440s] writing top-level names to hexapod_description.egg-info/top_level.txt
[0.444s] reading manifest file 'hexapod_description.egg-info/SOURCES.txt'
[0.444s] writing manifest file 'hexapod_description.egg-info/SOURCES.txt'
[0.480s] [100%] Built target ament_cmake_python_build_hexapod_description_egg
[0.494s] Invoked command in '/home/ambushee/FRA333_Kinematic_Project/build/hexapod_description' returned '0': CMAKE_PREFIX_PATH=${CMAKE_PREFIX_PATH}:/opt/ros/humble /usr/bin/cmake --build /home/ambushee/FRA333_Kinematic_Project/build/hexapod_description -- -j16 -l16
[0.506s] Invoking command in '/home/ambushee/FRA333_Kinematic_Project/build/hexapod_description': CMAKE_PREFIX_PATH=${CMAKE_PREFIX_PATH}:/opt/ros/humble /usr/bin/cmake --install /home/ambushee/FRA333_Kinematic_Project/build/hexapod_description
[0.515s] -- Install configuration: ""
[0.515s] -- Up-to-date: /home/ambushee/FRA333_Kinematic_Project/install/hexapod_description/share/hexapod_description/environment/pythonpath.sh
[0.515s] -- Up-to-date: /home/ambushee/FRA333_Kinematic_Project/install/hexapod_description/share/hexapod_description/environment/pythonpath.dsv
[0.515s] -- Up-to-date: /home/ambushee/FRA333_Kinematic_Project/install/hexapod_description/local/lib/python3.10/dist-packages/hexapod_description-0.0.0-py3.10.egg-info
[0.515s] -- Installing: /home/ambushee/FRA333_Kinematic_Project/install/hexapod_description/local/lib/python3.10/dist-packages/hexapod_description-0.0.0-py3.10.egg-info/dependency_links.txt
[0.515s] -- Installing: /home/ambushee/FRA333_Kinematic_Project/install/hexapod_description/local/lib/python3.10/dist-packages/hexapod_description-0.0.0-py3.10.egg-info/SOURCES.txt
[0.515s] -- Installing: /home/ambushee/FRA333_Kinematic_Project/install/hexapod_description/local/lib/python3.10/dist-packages/hexapod_description-0.0.0-py3.10.egg-info/top_level.txt
[0.515s] -- Installing: /home/ambushee/FRA333_Kinematic_Project/install/hexapod_description/local/lib/python3.10/dist-packages/hexapod_description-0.0.0-py3.10.egg-info/PKG-INFO
[0.516s] -- Up-to-date: /home/ambushee/FRA333_Kinematic_Project/install/hexapod_description/local/lib/python3.10/dist-packages/hexapod_description
[0.516s] -- Up-to-date: /home/ambushee/FRA333_Kinematic_Project/install/hexapod_description/local/lib/python3.10/dist-packages/hexapod_description/__init__.py
[0.516s] -- Up-to-date: /home/ambushee/FRA333_Kinematic_Project/install/hexapod_description/local/lib/python3.10/dist-packages/hexapod_description/dummy_module.py
[0.551s] Listing '/home/ambushee/FRA333_Kinematic_Project/install/hexapod_description/local/lib/python3.10/dist-packages/hexapod_description'...
[0.555s] -- Up-to-date: /home/ambushee/FRA333_Kinematic_Project/install/hexapod_description/lib/hexapod_description/dummy_script.py
[0.555s] -- Up-to-date: /home/ambushee/FRA333_Kinematic_Project/install/hexapod_description/lib/hexapod_description/cpp_node_test
[0.555s] -- Up-to-date: /home/ambushee/FRA333_Kinematic_Project/install/hexapod_description/share/hexapod_description/launch
[0.555s] -- Up-to-date: /home/ambushee/FRA333_Kinematic_Project/install/hexapod_description/share/hexapod_description/launch/display.launch.py
[0.555s] -- Up-to-date: /home/ambushee/FRA333_Kinematic_Project/install/hexapod_description/share/hexapod_description/meshes
[0.556s] -- Up-to-date: /home/ambushee/FRA333_Kinematic_Project/install/hexapod_description/share/hexapod_description/meshes/foot_pointer_1.STL
[0.556s] -- Up-to-date: /home/ambushee/FRA333_Kinematic_Project/install/hexapod_description/share/hexapod_description/meshes/base_link.STL
[0.556s] -- Up-to-date: /home/ambushee/FRA333_Kinematic_Project/install/hexapod_description/share/hexapod_description/meshes/hip_link_1.STL
[0.556s] -- Up-to-date: /home/ambushee/FRA333_Kinematic_Project/install/hexapod_description/share/hexapod_description/meshes/knee_link_1.STL
[0.556s] -- Up-to-date: /home/ambushee/FRA333_Kinematic_Project/install/hexapod_description/share/hexapod_description/meshes/ankle_link_1.STL
[0.556s] -- Up-to-date: /home/ambushee/FRA333_Kinematic_Project/install/hexapod_description/share/hexapod_description/meshes/end_effector_1.STL
[0.556s] -- Up-to-date: /home/ambushee/FRA333_Kinematic_Project/install/hexapod_description/share/hexapod_description/config
[0.556s] -- Up-to-date: /home/ambushee/FRA333_Kinematic_Project/install/hexapod_description/share/hexapod_description/config/display.rviz
[0.556s] -- Up-to-date: /home/ambushee/FRA333_Kinematic_Project/install/hexapod_description/share/hexapod_description/robot
[0.556s] -- Up-to-date: /home/ambushee/FRA333_Kinematic_Project/install/hexapod_description/share/hexapod_description/robot/visual
[0.556s] -- Up-to-date: /home/ambushee/FRA333_Kinematic_Project/install/hexapod_description/share/hexapod_description/robot/visual/hexapod.xacro
[0.556s] -- Up-to-date: /home/ambushee/FRA333_Kinematic_Project/install/hexapod_description/share/hexapod_description/robot/visual/hexapod_params.xacro
[0.556s] -- Up-to-date: /home/ambushee/FRA333_Kinematic_Project/install/hexapod_description/share/hexapod_description/robot/visual/inertial_macros.xacro
[0.556s] -- Up-to-date: /home/ambushee/FRA333_Kinematic_Project/install/hexapod_description/share/hexapod_description/robot/visual/hexapod.urdf
[0.556s] -- Up-to-date: /home/ambushee/FRA333_Kinematic_Project/install/hexapod_description/share/hexapod_description/robot/visual/gazebo_full.xacro
[0.556s] -- Up-to-date: /home/ambushee/FRA333_Kinematic_Project/install/hexapod_description/share/hexapod_description/robot/visual/robot_material.xacro
[0.557s] -- Up-to-date: /home/ambushee/FRA333_Kinematic_Project/install/hexapod_description/share/ament_index/resource_index/package_run_dependencies/hexapod_description
[0.557s] -- Up-to-date: /home/ambushee/FRA333_Kinematic_Project/install/hexapod_description/share/ament_index/resource_index/parent_prefix_path/hexapod_description
[0.557s] -- Up-to-date: /home/ambushee/FRA333_Kinematic_Project/install/hexapod_description/share/hexapod_description/environment/ament_prefix_path.sh
[0.557s] -- Up-to-date: /home/ambushee/FRA333_Kinematic_Project/install/hexapod_description/share/hexapod_description/environment/ament_prefix_path.dsv
[0.557s] -- Up-to-date: /home/ambushee/FRA333_Kinematic_Project/install/hexapod_description/share/hexapod_description/environment/path.sh
[0.557s] -- Up-to-date: /home/ambushee/FRA333_Kinematic_Project/install/hexapod_description/share/hexapod_description/environment/path.dsv
[0.557s] -- Up-to-date: /home/ambushee/FRA333_Kinematic_Project/install/hexapod_description/share/hexapod_description/local_setup.bash
[0.557s] -- Up-to-date: /home/ambushee/FRA333_Kinematic_Project/install/hexapod_description/share/hexapod_description/local_setup.sh
[0.557s] -- Up-to-date: /home/ambushee/FRA333_Kinematic_Project/install/hexapod_description/share/hexapod_description/local_setup.zsh
[0.557s] -- Up-to-date: /home/ambushee/FRA333_Kinematic_Project/install/hexapod_description/share/hexapod_description/local_setup.dsv
[0.557s] -- Installing: /home/ambushee/FRA333_Kinematic_Project/install/hexapod_description/share/hexapod_description/package.dsv
[0.557s] -- Up-to-date: /home/ambushee/FRA333_Kinematic_Project/install/hexapod_description/share/ament_index/resource_index/packages/hexapod_description
[0.557s] -- Up-to-date: /home/ambushee/FRA333_Kinematic_Project/install/hexapod_description/share/hexapod_description/cmake/hexapod_descriptionConfig.cmake
[0.558s] -- Up-to-date: /home/ambushee/FRA333_Kinematic_Project/install/hexapod_description/share/hexapod_description/cmake/hexapod_descriptionConfig-version.cmake
[0.558s] -- Up-to-date: /home/ambushee/FRA333_Kinematic_Project/install/hexapod_description/share/hexapod_description/package.xml
[0.563s] Invoked command in '/home/ambushee/FRA333_Kinematic_Project/build/hexapod_description' returned '0': CMAKE_PREFIX_PATH=${CMAKE_PREFIX_PATH}:/opt/ros/humble /usr/bin/cmake --install /home/ambushee/FRA333_Kinematic_Project/build/hexapod_description
