-- The C compiler identification is GNU 11.4.0
-- The CXX compiler identification is GNU 11.4.0
-- Detecting C compiler ABI info
-- Detecting C compiler ABI info - done
-- Check for working C compiler: /usr/bin/cc - skipped
-- Detecting C compile features
-- Detecting C compile features - done
-- Detecting CXX compiler ABI info
-- Detecting CXX compiler ABI info - done
-- Check for working CXX compiler: /usr/bin/c++ - skipped
-- Detecting CXX compile features
-- Detecting CXX compile features - done
-- Found ament_cmake: 1.3.12 (/opt/ros/humble/share/ament_cmake/cmake)
-- Found Python3: /usr/bin/python3 (found version "3.10.12") found components: Interpreter 
-- Override CMake install command with custom implementation using symlinks instead of copying resources
-- Found rclcpp: 16.0.15 (/opt/ros/humble/share/rclcpp/cmake)
-- Found rosidl_generator_c: 3.1.7 (/opt/ros/humble/share/rosidl_generator_c/cmake)
-- Found rosidl_adapter: 3.1.7 (/opt/ros/humble/share/rosidl_adapter/cmake)
-- Found rosidl_generator_cpp: 3.1.7 (/opt/ros/humble/share/rosidl_generator_cpp/cmake)
-- Using all available rosidl_typesupport_c: rosidl_typesupport_fastrtps_c;rosidl_typesupport_introspection_c
-- Using all available rosidl_typesupport_cpp: rosidl_typesupport_fastrtps_cpp;rosidl_typesupport_introspection_cpp
-- Found rmw_implementation_cmake: 6.1.2 (/opt/ros/humble/share/rmw_implementation_cmake/cmake)
-- Found rmw_fastrtps_cpp: 6.2.8 (/opt/ros/humble/share/rmw_fastrtps_cpp/cmake)
-- Found OpenSSL: /usr/lib/x86_64-linux-gnu/libcrypto.so (found version "3.0.2")  
-- Found FastRTPS: /opt/ros/humble/include  
-- Using RMW implementation 'rmw_fastrtps_cpp' as default
-- Looking for pthread.h
-- Looking for pthread.h - found
-- Performing Test CMAKE_HAVE_LIBC_PTHREAD
-- Performing Test CMAKE_HAVE_LIBC_PTHREAD - Success
-- Found Threads: TRUE  
-- Found rclpy: 3.3.17 (/opt/ros/humble/share/rclpy/cmake)
-- Configuring done
-- Generating done
-- Build files have been written to: /home/oat/Desktop/FRA333_Kinematic_Project/build/controller
[ 50%] Building CXX object CMakeFiles/cpp_node_test.dir/src/cpp_node.cpp.o
[ 50%] Built target ament_cmake_python_symlink_controller
running egg_info
creating controller.egg-info
writing controller.egg-info/PKG-INFO
writing dependency_links to controller.egg-info/dependency_links.txt
writing top-level names to controller.egg-info/top_level.txt
writing manifest file 'controller.egg-info/SOURCES.txt'
reading manifest file 'controller.egg-info/SOURCES.txt'
writing manifest file 'controller.egg-info/SOURCES.txt'
[ 50%] Built target ament_cmake_python_build_controller_egg
[100%] Linking CXX executable cpp_node_test
[100%] Built target cpp_node_test
-- Install configuration: ""
-- Execute custom install script
-- Symlinking: /home/oat/Desktop/FRA333_Kinematic_Project/install/controller/share/controller/environment/pythonpath.sh
-- Symlinking: /home/oat/Desktop/FRA333_Kinematic_Project/install/controller/share/controller/environment/pythonpath.dsv
-- Symlinking: /home/oat/Desktop/FRA333_Kinematic_Project/install/controller/local/lib/python3.10/dist-packages/controller-0.0.0-py3.10.egg-info/PKG-INFO
-- Symlinking: /home/oat/Desktop/FRA333_Kinematic_Project/install/controller/local/lib/python3.10/dist-packages/controller-0.0.0-py3.10.egg-info/SOURCES.txt
-- Symlinking: /home/oat/Desktop/FRA333_Kinematic_Project/install/controller/local/lib/python3.10/dist-packages/controller-0.0.0-py3.10.egg-info/dependency_links.txt
-- Symlinking: /home/oat/Desktop/FRA333_Kinematic_Project/install/controller/local/lib/python3.10/dist-packages/controller-0.0.0-py3.10.egg-info/top_level.txt
-- Symlinking: /home/oat/Desktop/FRA333_Kinematic_Project/install/controller/local/lib/python3.10/dist-packages/controller/__init__.py
-- Symlinking: /home/oat/Desktop/FRA333_Kinematic_Project/install/controller/local/lib/python3.10/dist-packages/controller/dummy_module.py
-- Symlinking: /home/oat/Desktop/FRA333_Kinematic_Project/install/controller/lib/controller/mit_controller.py
-- Symlinking: /home/oat/Desktop/FRA333_Kinematic_Project/install/controller/lib/controller/pid_controller.py
-- Symlinking: /home/oat/Desktop/FRA333_Kinematic_Project/install/controller/lib/controller/cpp_node_test
-- Symlinking: /home/oat/Desktop/FRA333_Kinematic_Project/install/controller/share/ament_index/resource_index/package_run_dependencies/controller
-- Symlinking: /home/oat/Desktop/FRA333_Kinematic_Project/install/controller/share/ament_index/resource_index/parent_prefix_path/controller
-- Symlinking: /home/oat/Desktop/FRA333_Kinematic_Project/install/controller/share/controller/environment/ament_prefix_path.sh
-- Symlinking: /home/oat/Desktop/FRA333_Kinematic_Project/install/controller/share/controller/environment/ament_prefix_path.dsv
-- Symlinking: /home/oat/Desktop/FRA333_Kinematic_Project/install/controller/share/controller/environment/path.sh
-- Symlinking: /home/oat/Desktop/FRA333_Kinematic_Project/install/controller/share/controller/environment/path.dsv
-- Symlinking: /home/oat/Desktop/FRA333_Kinematic_Project/install/controller/share/controller/local_setup.bash
-- Symlinking: /home/oat/Desktop/FRA333_Kinematic_Project/install/controller/share/controller/local_setup.sh
-- Symlinking: /home/oat/Desktop/FRA333_Kinematic_Project/install/controller/share/controller/local_setup.zsh
-- Symlinking: /home/oat/Desktop/FRA333_Kinematic_Project/install/controller/share/controller/local_setup.dsv
-- Symlinking: /home/oat/Desktop/FRA333_Kinematic_Project/install/controller/share/controller/package.dsv
-- Symlinking: /home/oat/Desktop/FRA333_Kinematic_Project/install/controller/share/ament_index/resource_index/packages/controller
-- Symlinking: /home/oat/Desktop/FRA333_Kinematic_Project/install/controller/share/controller/cmake/controllerConfig.cmake
-- Symlinking: /home/oat/Desktop/FRA333_Kinematic_Project/install/controller/share/controller/cmake/controllerConfig-version.cmake
-- Symlinking: /home/oat/Desktop/FRA333_Kinematic_Project/install/controller/share/controller/package.xml
Listing '/home/oat/Desktop/FRA333_Kinematic_Project/install/controller/local/lib/python3.10/dist-packages/controller'...
Compiling '/home/oat/Desktop/FRA333_Kinematic_Project/install/controller/local/lib/python3.10/dist-packages/controller/__init__.py'...
Compiling '/home/oat/Desktop/FRA333_Kinematic_Project/install/controller/local/lib/python3.10/dist-packages/controller/dummy_module.py'...
