[0.011s] Invoking command in '/home/oat/Desktop/FRA333_Kinematic_Project/build/controller': CMAKE_PREFIX_PATH=/opt/ros/humble /usr/bin/cmake /home/oat/Desktop/FRA333_Kinematic_Project/src/controller -DAMENT_CMAKE_SYMLINK_INSTALL=1 -DCMAKE_INSTALL_PREFIX=/home/oat/Desktop/FRA333_Kinematic_Project/install/controller
[0.079s] -- The C compiler identification is GNU 11.4.0
[0.146s] -- The CXX compiler identification is GNU 11.4.0
[0.153s] -- Detecting C compiler ABI info
[0.208s] -- Detecting C compiler ABI info - done
[0.215s] -- Check for working C compiler: /usr/bin/cc - skipped
[0.215s] -- Detecting C compile features
[0.216s] -- Detecting C compile features - done
[0.219s] -- Detecting CXX compiler ABI info
[0.313s] -- Detecting CXX compiler ABI info - done
[0.321s] -- Check for working CXX compiler: /usr/bin/c++ - skipped
[0.321s] -- Detecting CXX compile features
[0.322s] -- Detecting CXX compile features - done
[0.324s] -- Found ament_cmake: 1.3.12 (/opt/ros/humble/share/ament_cmake/cmake)
[0.484s] -- Found Python3: /usr/bin/python3 (found version "3.10.12") found components: Interpreter 
[0.549s] -- Override CMake install command with custom implementation using symlinks instead of copying resources
[0.571s] -- Found rclcpp: 16.0.15 (/opt/ros/humble/share/rclcpp/cmake)
[0.606s] -- Found rosidl_generator_c: 3.1.7 (/opt/ros/humble/share/rosidl_generator_c/cmake)
[0.610s] -- Found rosidl_adapter: 3.1.7 (/opt/ros/humble/share/rosidl_adapter/cmake)
[0.617s] -- Found rosidl_generator_cpp: 3.1.7 (/opt/ros/humble/share/rosidl_generator_cpp/cmake)
[0.628s] -- Using all available rosidl_typesupport_c: rosidl_typesupport_fastrtps_c;rosidl_typesupport_introspection_c
[0.641s] -- Using all available rosidl_typesupport_cpp: rosidl_typesupport_fastrtps_cpp;rosidl_typesupport_introspection_cpp
[0.678s] -- Found rmw_implementation_cmake: 6.1.2 (/opt/ros/humble/share/rmw_implementation_cmake/cmake)
[0.680s] -- Found rmw_fastrtps_cpp: 6.2.8 (/opt/ros/humble/share/rmw_fastrtps_cpp/cmake)
[0.764s] -- Found OpenSSL: /usr/lib/x86_64-linux-gnu/libcrypto.so (found version "3.0.2")  
[0.793s] -- Found FastRTPS: /opt/ros/humble/include  
[0.834s] -- Using RMW implementation 'rmw_fastrtps_cpp' as default
[0.849s] -- Looking for pthread.h
[0.928s] -- Looking for pthread.h - found
[0.929s] -- Performing Test CMAKE_HAVE_LIBC_PTHREAD
[0.998s] -- Performing Test CMAKE_HAVE_LIBC_PTHREAD - Success
[0.999s] -- Found Threads: TRUE  
[1.046s] -- Found rclpy: 3.3.17 (/opt/ros/humble/share/rclpy/cmake)
[1.223s] -- Configuring done
[1.230s] -- Generating done
[1.233s] -- Build files have been written to: /home/oat/Desktop/FRA333_Kinematic_Project/build/controller
[1.243s] Invoked command in '/home/oat/Desktop/FRA333_Kinematic_Project/build/controller' returned '0': CMAKE_PREFIX_PATH=/opt/ros/humble /usr/bin/cmake /home/oat/Desktop/FRA333_Kinematic_Project/src/controller -DAMENT_CMAKE_SYMLINK_INSTALL=1 -DCMAKE_INSTALL_PREFIX=/home/oat/Desktop/FRA333_Kinematic_Project/install/controller
[1.244s] Invoking command in '/home/oat/Desktop/FRA333_Kinematic_Project/build/controller': CMAKE_PREFIX_PATH=/opt/ros/humble /usr/bin/cmake --build /home/oat/Desktop/FRA333_Kinematic_Project/build/controller -- -j20 -l20
[1.300s] [ 50%] Building CXX object CMakeFiles/cpp_node_test.dir/src/cpp_node.cpp.o
[1.302s] [ 50%] Built target ament_cmake_python_symlink_controller
[1.536s] running egg_info
[1.537s] creating controller.egg-info
[1.537s] writing controller.egg-info/PKG-INFO
[1.537s] writing dependency_links to controller.egg-info/dependency_links.txt
[1.537s] writing top-level names to controller.egg-info/top_level.txt
[1.537s] writing manifest file 'controller.egg-info/SOURCES.txt'
[1.540s] reading manifest file 'controller.egg-info/SOURCES.txt'
[1.540s] writing manifest file 'controller.egg-info/SOURCES.txt'
[1.575s] [ 50%] Built target ament_cmake_python_build_controller_egg
[1.614s] [100%] Linking CXX executable cpp_node_test
[1.733s] [100%] Built target cpp_node_test
[1.748s] Invoked command in '/home/oat/Desktop/FRA333_Kinematic_Project/build/controller' returned '0': CMAKE_PREFIX_PATH=/opt/ros/humble /usr/bin/cmake --build /home/oat/Desktop/FRA333_Kinematic_Project/build/controller -- -j20 -l20
[1.757s] Invoking command in '/home/oat/Desktop/FRA333_Kinematic_Project/build/controller': CMAKE_PREFIX_PATH=/opt/ros/humble /usr/bin/cmake --install /home/oat/Desktop/FRA333_Kinematic_Project/build/controller
[1.765s] -- Install configuration: ""
[1.766s] -- Execute custom install script
[1.766s] -- Symlinking: /home/oat/Desktop/FRA333_Kinematic_Project/install/controller/share/controller/environment/pythonpath.sh
[1.776s] -- Symlinking: /home/oat/Desktop/FRA333_Kinematic_Project/install/controller/share/controller/environment/pythonpath.dsv
[1.789s] -- Symlinking: /home/oat/Desktop/FRA333_Kinematic_Project/install/controller/local/lib/python3.10/dist-packages/controller-0.0.0-py3.10.egg-info/PKG-INFO
[1.802s] -- Symlinking: /home/oat/Desktop/FRA333_Kinematic_Project/install/controller/local/lib/python3.10/dist-packages/controller-0.0.0-py3.10.egg-info/SOURCES.txt
[1.810s] -- Symlinking: /home/oat/Desktop/FRA333_Kinematic_Project/install/controller/local/lib/python3.10/dist-packages/controller-0.0.0-py3.10.egg-info/dependency_links.txt
[1.821s] -- Symlinking: /home/oat/Desktop/FRA333_Kinematic_Project/install/controller/local/lib/python3.10/dist-packages/controller-0.0.0-py3.10.egg-info/top_level.txt
[1.833s] -- Symlinking: /home/oat/Desktop/FRA333_Kinematic_Project/install/controller/local/lib/python3.10/dist-packages/controller/__init__.py
[1.843s] -- Symlinking: /home/oat/Desktop/FRA333_Kinematic_Project/install/controller/local/lib/python3.10/dist-packages/controller/dummy_module.py
[1.853s] -- Symlinking: /home/oat/Desktop/FRA333_Kinematic_Project/install/controller/lib/controller/mit_controller.py
[1.866s] -- Symlinking: /home/oat/Desktop/FRA333_Kinematic_Project/install/controller/lib/controller/pid_controller.py
[1.876s] -- Symlinking: /home/oat/Desktop/FRA333_Kinematic_Project/install/controller/lib/controller/cpp_node_test
[1.887s] -- Symlinking: /home/oat/Desktop/FRA333_Kinematic_Project/install/controller/share/ament_index/resource_index/package_run_dependencies/controller
[1.898s] -- Symlinking: /home/oat/Desktop/FRA333_Kinematic_Project/install/controller/share/ament_index/resource_index/parent_prefix_path/controller
[1.912s] -- Symlinking: /home/oat/Desktop/FRA333_Kinematic_Project/install/controller/share/controller/environment/ament_prefix_path.sh
[1.922s] -- Symlinking: /home/oat/Desktop/FRA333_Kinematic_Project/install/controller/share/controller/environment/ament_prefix_path.dsv
[1.932s] -- Symlinking: /home/oat/Desktop/FRA333_Kinematic_Project/install/controller/share/controller/environment/path.sh
[1.942s] -- Symlinking: /home/oat/Desktop/FRA333_Kinematic_Project/install/controller/share/controller/environment/path.dsv
[1.956s] -- Symlinking: /home/oat/Desktop/FRA333_Kinematic_Project/install/controller/share/controller/local_setup.bash
[1.966s] -- Symlinking: /home/oat/Desktop/FRA333_Kinematic_Project/install/controller/share/controller/local_setup.sh
[1.978s] -- Symlinking: /home/oat/Desktop/FRA333_Kinematic_Project/install/controller/share/controller/local_setup.zsh
[1.990s] -- Symlinking: /home/oat/Desktop/FRA333_Kinematic_Project/install/controller/share/controller/local_setup.dsv
[1.998s] -- Symlinking: /home/oat/Desktop/FRA333_Kinematic_Project/install/controller/share/controller/package.dsv
[2.009s] -- Symlinking: /home/oat/Desktop/FRA333_Kinematic_Project/install/controller/share/ament_index/resource_index/packages/controller
[2.025s] -- Symlinking: /home/oat/Desktop/FRA333_Kinematic_Project/install/controller/share/controller/cmake/controllerConfig.cmake
[2.037s] -- Symlinking: /home/oat/Desktop/FRA333_Kinematic_Project/install/controller/share/controller/cmake/controllerConfig-version.cmake
[2.047s] -- Symlinking: /home/oat/Desktop/FRA333_Kinematic_Project/install/controller/share/controller/package.xml
[2.112s] Listing '/home/oat/Desktop/FRA333_Kinematic_Project/install/controller/local/lib/python3.10/dist-packages/controller'...
[2.112s] Compiling '/home/oat/Desktop/FRA333_Kinematic_Project/install/controller/local/lib/python3.10/dist-packages/controller/__init__.py'...
[2.112s] Compiling '/home/oat/Desktop/FRA333_Kinematic_Project/install/controller/local/lib/python3.10/dist-packages/controller/dummy_module.py'...
[2.126s] Invoked command in '/home/oat/Desktop/FRA333_Kinematic_Project/build/controller' returned '0': CMAKE_PREFIX_PATH=/opt/ros/humble /usr/bin/cmake --install /home/oat/Desktop/FRA333_Kinematic_Project/build/controller
