[0.016s] Invoking command in '/home/ambushee/FRA333_Kinematic_Project/build/hexapod': CMAKE_PREFIX_PATH=${CMAKE_PREFIX_PATH}:/opt/ros/humble /usr/bin/cmake --build /home/ambushee/FRA333_Kinematic_Project/build/hexapod -- -j16 -l16
[0.052s] [  0%] Built target ament_cmake_python_copy_hexapod
[0.059s] [35m[1mConsolidate compiler generated dependencies of target cpp_node_test[0m
[0.067s] [100%] Built target cpp_node_test
[0.386s] running egg_info
[0.387s] writing hexapod.egg-info/PKG-INFO
[0.387s] writing dependency_links to hexapod.egg-info/dependency_links.txt
[0.387s] writing top-level names to hexapod.egg-info/top_level.txt
[0.390s] reading manifest file 'hexapod.egg-info/SOURCES.txt'
[0.391s] writing manifest file 'hexapod.egg-info/SOURCES.txt'
[0.421s] [100%] Built target ament_cmake_python_build_hexapod_egg
[0.434s] Invoked command in '/home/ambushee/FRA333_Kinematic_Project/build/hexapod' returned '0': CMAKE_PREFIX_PATH=${CMAKE_PREFIX_PATH}:/opt/ros/humble /usr/bin/cmake --build /home/ambushee/FRA333_Kinematic_Project/build/hexapod -- -j16 -l16
[0.444s] Invoking command in '/home/ambushee/FRA333_Kinematic_Project/build/hexapod': CMAKE_PREFIX_PATH=${CMAKE_PREFIX_PATH}:/opt/ros/humble /usr/bin/cmake --install /home/ambushee/FRA333_Kinematic_Project/build/hexapod
[0.450s] -- Install configuration: ""
[0.451s] -- Up-to-date: /home/ambushee/FRA333_Kinematic_Project/install/hexapod/share/hexapod/environment/pythonpath.sh
[0.451s] -- Up-to-date: /home/ambushee/FRA333_Kinematic_Project/install/hexapod/share/hexapod/environment/pythonpath.dsv
[0.451s] -- Up-to-date: /home/ambushee/FRA333_Kinematic_Project/install/hexapod/local/lib/python3.10/dist-packages/hexapod-0.0.0-py3.10.egg-info
[0.451s] -- Installing: /home/ambushee/FRA333_Kinematic_Project/install/hexapod/local/lib/python3.10/dist-packages/hexapod-0.0.0-py3.10.egg-info/dependency_links.txt
[0.451s] -- Installing: /home/ambushee/FRA333_Kinematic_Project/install/hexapod/local/lib/python3.10/dist-packages/hexapod-0.0.0-py3.10.egg-info/SOURCES.txt
[0.451s] -- Installing: /home/ambushee/FRA333_Kinematic_Project/install/hexapod/local/lib/python3.10/dist-packages/hexapod-0.0.0-py3.10.egg-info/top_level.txt
[0.451s] -- Installing: /home/ambushee/FRA333_Kinematic_Project/install/hexapod/local/lib/python3.10/dist-packages/hexapod-0.0.0-py3.10.egg-info/PKG-INFO
[0.451s] -- Up-to-date: /home/ambushee/FRA333_Kinematic_Project/install/hexapod/local/lib/python3.10/dist-packages/hexapod
[0.451s] -- Up-to-date: /home/ambushee/FRA333_Kinematic_Project/install/hexapod/local/lib/python3.10/dist-packages/hexapod/__init__.py
[0.451s] -- Up-to-date: /home/ambushee/FRA333_Kinematic_Project/install/hexapod/local/lib/python3.10/dist-packages/hexapod/dummy_module.py
[0.484s] Listing '/home/ambushee/FRA333_Kinematic_Project/install/hexapod/local/lib/python3.10/dist-packages/hexapod'...
[0.488s] -- Up-to-date: /home/ambushee/FRA333_Kinematic_Project/install/hexapod/lib/hexapod/forward_position_kinematic.py
[0.488s] -- Up-to-date: /home/ambushee/FRA333_Kinematic_Project/install/hexapod/lib/hexapod/gait_planning.py
[0.488s] -- Up-to-date: /home/ambushee/FRA333_Kinematic_Project/install/hexapod/lib/hexapod/inverse_position_kinematic.py
[0.488s] -- Up-to-date: /home/ambushee/FRA333_Kinematic_Project/install/hexapod/lib/hexapod/inverse_velocity_kinematic.py
[0.488s] -- Up-to-date: /home/ambushee/FRA333_Kinematic_Project/install/hexapod/lib/hexapod/joint_state_splitter.py
[0.488s] -- Up-to-date: /home/ambushee/FRA333_Kinematic_Project/install/hexapod/lib/hexapod/pid_position_controller.py
[0.488s] -- Up-to-date: /home/ambushee/FRA333_Kinematic_Project/install/hexapod/lib/hexapod/pid_velocity_controller.py
[0.488s] -- Installing: /home/ambushee/FRA333_Kinematic_Project/install/hexapod/lib/hexapod/set_point.py
[0.488s] -- Up-to-date: /home/ambushee/FRA333_Kinematic_Project/install/hexapod/lib/hexapod/state_controller.py
[0.488s] -- Up-to-date: /home/ambushee/FRA333_Kinematic_Project/install/hexapod/lib/hexapod/trajectory_planning.py
[0.489s] -- Up-to-date: /home/ambushee/FRA333_Kinematic_Project/install/hexapod/lib/hexapod/cpp_node_test
[0.489s] -- Up-to-date: /home/ambushee/FRA333_Kinematic_Project/install/hexapod/share/hexapod/launch
[0.489s] -- Up-to-date: /home/ambushee/FRA333_Kinematic_Project/install/hexapod/share/hexapod/launch/simple.launch.py
[0.489s] -- Up-to-date: /home/ambushee/FRA333_Kinematic_Project/install/hexapod/share/hexapod/config
[0.489s] -- Up-to-date: /home/ambushee/FRA333_Kinematic_Project/install/hexapod/share/hexapod/config/hexapod_simplified_params.yaml
[0.489s] -- Up-to-date: /home/ambushee/FRA333_Kinematic_Project/install/hexapod/share/ament_index/resource_index/package_run_dependencies/hexapod
[0.489s] -- Up-to-date: /home/ambushee/FRA333_Kinematic_Project/install/hexapod/share/ament_index/resource_index/parent_prefix_path/hexapod
[0.489s] -- Up-to-date: /home/ambushee/FRA333_Kinematic_Project/install/hexapod/share/hexapod/environment/ament_prefix_path.sh
[0.489s] -- Up-to-date: /home/ambushee/FRA333_Kinematic_Project/install/hexapod/share/hexapod/environment/ament_prefix_path.dsv
[0.489s] -- Up-to-date: /home/ambushee/FRA333_Kinematic_Project/install/hexapod/share/hexapod/environment/path.sh
[0.489s] -- Up-to-date: /home/ambushee/FRA333_Kinematic_Project/install/hexapod/share/hexapod/environment/path.dsv
[0.489s] -- Up-to-date: /home/ambushee/FRA333_Kinematic_Project/install/hexapod/share/hexapod/local_setup.bash
[0.489s] -- Up-to-date: /home/ambushee/FRA333_Kinematic_Project/install/hexapod/share/hexapod/local_setup.sh
[0.489s] -- Up-to-date: /home/ambushee/FRA333_Kinematic_Project/install/hexapod/share/hexapod/local_setup.zsh
[0.489s] -- Up-to-date: /home/ambushee/FRA333_Kinematic_Project/install/hexapod/share/hexapod/local_setup.dsv
[0.489s] -- Up-to-date: /home/ambushee/FRA333_Kinematic_Project/install/hexapod/share/hexapod/package.dsv
[0.490s] -- Up-to-date: /home/ambushee/FRA333_Kinematic_Project/install/hexapod/share/ament_index/resource_index/packages/hexapod
[0.491s] -- Up-to-date: /home/ambushee/FRA333_Kinematic_Project/install/hexapod/share/hexapod/cmake/hexapodConfig.cmake
[0.491s] -- Up-to-date: /home/ambushee/FRA333_Kinematic_Project/install/hexapod/share/hexapod/cmake/hexapodConfig-version.cmake
[0.491s] -- Up-to-date: /home/ambushee/FRA333_Kinematic_Project/install/hexapod/share/hexapod/package.xml
[0.509s] Invoked command in '/home/ambushee/FRA333_Kinematic_Project/build/hexapod' returned '0': CMAKE_PREFIX_PATH=${CMAKE_PREFIX_PATH}:/opt/ros/humble /usr/bin/cmake --install /home/ambushee/FRA333_Kinematic_Project/build/hexapod
