[0.085s] DEBUG:colcon:Command line arguments: ['/usr/bin/colcon', 'build']
[0.086s] DEBUG:colcon:Parsed command line arguments: Namespace(log_base=None, log_level=None, verb_name='build', build_base='build', install_base='install', merge_install=False, symlink_install=False, test_result_base=None, continue_on_error=False, executor='parallel', parallel_workers=16, event_handlers=None, ignore_user_meta=False, metas=['./colcon.meta'], base_paths=['.'], packages_ignore=None, packages_ignore_regex=None, paths=None, packages_up_to=None, packages_up_to_regex=None, packages_above=None, packages_above_and_dependencies=None, packages_above_depth=None, packages_select_by_dep=None, packages_skip_by_dep=None, packages_skip_up_to=None, packages_select_build_failed=False, packages_skip_build_finished=False, packages_select_test_failures=False, packages_skip_test_passed=False, packages_select=None, packages_skip=None, packages_select_regex=None, packages_skip_regex=None, packages_start=None, packages_end=None, allow_overriding=[], cmake_args=None, cmake_target=None, cmake_target_skip_unavailable=False, cmake_clean_cache=False, cmake_clean_first=False, cmake_force_configure=False, ament_cmake_args=None, catkin_cmake_args=None, catkin_skip_building_tests=False, verb_parser=<colcon_defaults.argument_parser.defaults.DefaultArgumentsDecorator object at 0x75d43ca597e0>, verb_extension=<colcon_core.verb.build.BuildVerb object at 0x75d43cbdb0a0>, main=<bound method BuildVerb.main of <colcon_core.verb.build.BuildVerb object at 0x75d43cbdb0a0>>)
[0.259s] Level 1:colcon.colcon_core.package_discovery:discover_packages(colcon_meta) check parameters
[0.259s] Level 1:colcon.colcon_core.package_discovery:discover_packages(recursive) check parameters
[0.259s] Level 1:colcon.colcon_core.package_discovery:discover_packages(ignore) check parameters
[0.259s] Level 1:colcon.colcon_core.package_discovery:discover_packages(path) check parameters
[0.259s] Level 1:colcon.colcon_core.package_discovery:discover_packages(colcon_meta) discover
[0.259s] Level 1:colcon.colcon_core.package_discovery:discover_packages(recursive) discover
[0.259s] INFO:colcon.colcon_core.package_discovery:Crawling recursively for packages in '/home/ambushee/FRA333_Kinematic_Project'
[0.259s] Level 1:colcon.colcon_core.package_identification:_identify(.) by extensions ['ignore', 'ignore_ament_install']
[0.259s] Level 1:colcon.colcon_core.package_identification:_identify(.) by extension 'ignore'
[0.259s] Level 1:colcon.colcon_core.package_identification:_identify(.) by extension 'ignore_ament_install'
[0.259s] Level 1:colcon.colcon_core.package_identification:_identify(.) by extensions ['colcon_pkg']
[0.259s] Level 1:colcon.colcon_core.package_identification:_identify(.) by extension 'colcon_pkg'
[0.259s] Level 1:colcon.colcon_core.package_identification:_identify(.) by extensions ['colcon_meta']
[0.260s] Level 1:colcon.colcon_core.package_identification:_identify(.) by extension 'colcon_meta'
[0.260s] Level 1:colcon.colcon_core.package_identification:_identify(.) by extensions ['ros']
[0.260s] Level 1:colcon.colcon_core.package_identification:_identify(.) by extension 'ros'
[0.288s] Level 1:colcon.colcon_core.package_identification:_identify(.) by extensions ['cmake', 'python']
[0.288s] Level 1:colcon.colcon_core.package_identification:_identify(.) by extension 'cmake'
[0.288s] Level 1:colcon.colcon_core.package_identification:_identify(.) by extension 'python'
[0.288s] Level 1:colcon.colcon_core.package_identification:_identify(.) by extensions ['python_setup_py']
[0.288s] Level 1:colcon.colcon_core.package_identification:_identify(.) by extension 'python_setup_py'
[0.288s] Level 1:colcon.colcon_core.package_identification:_identify(build) by extensions ['ignore', 'ignore_ament_install']
[0.288s] Level 1:colcon.colcon_core.package_identification:_identify(build) by extension 'ignore'
[0.288s] Level 1:colcon.colcon_core.package_identification:_identify(build) ignored
[0.288s] Level 1:colcon.colcon_core.package_identification:_identify(install) by extensions ['ignore', 'ignore_ament_install']
[0.289s] Level 1:colcon.colcon_core.package_identification:_identify(install) by extension 'ignore'
[0.289s] Level 1:colcon.colcon_core.package_identification:_identify(install) ignored
[0.289s] Level 1:colcon.colcon_core.package_identification:_identify(log) by extensions ['ignore', 'ignore_ament_install']
[0.289s] Level 1:colcon.colcon_core.package_identification:_identify(log) by extension 'ignore'
[0.289s] Level 1:colcon.colcon_core.package_identification:_identify(log) ignored
[0.289s] Level 1:colcon.colcon_core.package_identification:_identify(src) by extensions ['ignore', 'ignore_ament_install']
[0.289s] Level 1:colcon.colcon_core.package_identification:_identify(src) by extension 'ignore'
[0.289s] Level 1:colcon.colcon_core.package_identification:_identify(src) by extension 'ignore_ament_install'
[0.289s] Level 1:colcon.colcon_core.package_identification:_identify(src) by extensions ['colcon_pkg']
[0.289s] Level 1:colcon.colcon_core.package_identification:_identify(src) by extension 'colcon_pkg'
[0.289s] Level 1:colcon.colcon_core.package_identification:_identify(src) by extensions ['colcon_meta']
[0.289s] Level 1:colcon.colcon_core.package_identification:_identify(src) by extension 'colcon_meta'
[0.289s] Level 1:colcon.colcon_core.package_identification:_identify(src) by extensions ['ros']
[0.289s] Level 1:colcon.colcon_core.package_identification:_identify(src) by extension 'ros'
[0.289s] Level 1:colcon.colcon_core.package_identification:_identify(src) by extensions ['cmake', 'python']
[0.289s] Level 1:colcon.colcon_core.package_identification:_identify(src) by extension 'cmake'
[0.289s] Level 1:colcon.colcon_core.package_identification:_identify(src) by extension 'python'
[0.289s] Level 1:colcon.colcon_core.package_identification:_identify(src) by extensions ['python_setup_py']
[0.289s] Level 1:colcon.colcon_core.package_identification:_identify(src) by extension 'python_setup_py'
[0.289s] Level 1:colcon.colcon_core.package_identification:_identify(src/controller) by extensions ['ignore', 'ignore_ament_install']
[0.289s] Level 1:colcon.colcon_core.package_identification:_identify(src/controller) by extension 'ignore'
[0.290s] Level 1:colcon.colcon_core.package_identification:_identify(src/controller) by extension 'ignore_ament_install'
[0.290s] Level 1:colcon.colcon_core.package_identification:_identify(src/controller) by extensions ['colcon_pkg']
[0.290s] Level 1:colcon.colcon_core.package_identification:_identify(src/controller) by extension 'colcon_pkg'
[0.290s] Level 1:colcon.colcon_core.package_identification:_identify(src/controller) by extensions ['colcon_meta']
[0.290s] Level 1:colcon.colcon_core.package_identification:_identify(src/controller) by extension 'colcon_meta'
[0.290s] Level 1:colcon.colcon_core.package_identification:_identify(src/controller) by extensions ['ros']
[0.290s] Level 1:colcon.colcon_core.package_identification:_identify(src/controller) by extension 'ros'
[0.292s] DEBUG:colcon.colcon_core.package_identification:Package 'src/controller' with type 'ros.ament_cmake' and name 'controller'
[0.292s] Level 1:colcon.colcon_core.package_identification:_identify(src/hexapod) by extensions ['ignore', 'ignore_ament_install']
[0.292s] Level 1:colcon.colcon_core.package_identification:_identify(src/hexapod) by extension 'ignore'
[0.292s] Level 1:colcon.colcon_core.package_identification:_identify(src/hexapod) by extension 'ignore_ament_install'
[0.292s] Level 1:colcon.colcon_core.package_identification:_identify(src/hexapod) by extensions ['colcon_pkg']
[0.292s] Level 1:colcon.colcon_core.package_identification:_identify(src/hexapod) by extension 'colcon_pkg'
[0.292s] Level 1:colcon.colcon_core.package_identification:_identify(src/hexapod) by extensions ['colcon_meta']
[0.292s] Level 1:colcon.colcon_core.package_identification:_identify(src/hexapod) by extension 'colcon_meta'
[0.292s] Level 1:colcon.colcon_core.package_identification:_identify(src/hexapod) by extensions ['ros']
[0.292s] Level 1:colcon.colcon_core.package_identification:_identify(src/hexapod) by extension 'ros'
[0.293s] DEBUG:colcon.colcon_core.package_identification:Package 'src/hexapod' with type 'ros.ament_cmake' and name 'hexapod'
[0.293s] Level 1:colcon.colcon_core.package_identification:_identify(src/hexapod_description) by extensions ['ignore', 'ignore_ament_install']
[0.293s] Level 1:colcon.colcon_core.package_identification:_identify(src/hexapod_description) by extension 'ignore'
[0.293s] Level 1:colcon.colcon_core.package_identification:_identify(src/hexapod_description) by extension 'ignore_ament_install'
[0.293s] Level 1:colcon.colcon_core.package_identification:_identify(src/hexapod_description) by extensions ['colcon_pkg']
[0.293s] Level 1:colcon.colcon_core.package_identification:_identify(src/hexapod_description) by extension 'colcon_pkg'
[0.293s] Level 1:colcon.colcon_core.package_identification:_identify(src/hexapod_description) by extensions ['colcon_meta']
[0.293s] Level 1:colcon.colcon_core.package_identification:_identify(src/hexapod_description) by extension 'colcon_meta'
[0.293s] Level 1:colcon.colcon_core.package_identification:_identify(src/hexapod_description) by extensions ['ros']
[0.294s] Level 1:colcon.colcon_core.package_identification:_identify(src/hexapod_description) by extension 'ros'
[0.294s] DEBUG:colcon.colcon_core.package_identification:Package 'src/hexapod_description' with type 'ros.ament_cmake' and name 'hexapod_description'
[0.294s] Level 1:colcon.colcon_core.package_identification:_identify(src/hexapod_simulation) by extensions ['ignore', 'ignore_ament_install']
[0.294s] Level 1:colcon.colcon_core.package_identification:_identify(src/hexapod_simulation) by extension 'ignore'
[0.294s] Level 1:colcon.colcon_core.package_identification:_identify(src/hexapod_simulation) by extension 'ignore_ament_install'
[0.294s] Level 1:colcon.colcon_core.package_identification:_identify(src/hexapod_simulation) by extensions ['colcon_pkg']
[0.294s] Level 1:colcon.colcon_core.package_identification:_identify(src/hexapod_simulation) by extension 'colcon_pkg'
[0.294s] Level 1:colcon.colcon_core.package_identification:_identify(src/hexapod_simulation) by extensions ['colcon_meta']
[0.295s] Level 1:colcon.colcon_core.package_identification:_identify(src/hexapod_simulation) by extension 'colcon_meta'
[0.295s] Level 1:colcon.colcon_core.package_identification:_identify(src/hexapod_simulation) by extensions ['ros']
[0.295s] Level 1:colcon.colcon_core.package_identification:_identify(src/hexapod_simulation) by extension 'ros'
[0.295s] DEBUG:colcon.colcon_core.package_identification:Package 'src/hexapod_simulation' with type 'ros.ament_cmake' and name 'hexapod_simulation'
[0.295s] Level 1:colcon.colcon_core.package_discovery:discover_packages(recursive) using defaults
[0.295s] Level 1:colcon.colcon_core.package_discovery:discover_packages(ignore) discover
[0.295s] Level 1:colcon.colcon_core.package_discovery:discover_packages(ignore) using defaults
[0.295s] Level 1:colcon.colcon_core.package_discovery:discover_packages(path) discover
[0.295s] Level 1:colcon.colcon_core.package_discovery:discover_packages(path) using defaults
[0.313s] Level 1:colcon.colcon_core.package_discovery:discover_packages(prefix_path) check parameters
[0.313s] Level 1:colcon.colcon_core.package_discovery:discover_packages(prefix_path) discover
[0.314s] DEBUG:colcon.colcon_installed_package_information.package_discovery:Found 4 installed packages in /home/ambushee/FRA333_Kinematic_Project/install
[0.315s] DEBUG:colcon.colcon_installed_package_information.package_discovery:Found 2 installed packages in /home/ambushee/ros2_ws/install
[0.316s] DEBUG:colcon.colcon_installed_package_information.package_discovery:Found 353 installed packages in /opt/ros/humble
[0.317s] Level 1:colcon.colcon_core.package_discovery:discover_packages(prefix_path) using defaults
[0.355s] Level 5:colcon.colcon_core.verb:set package 'controller' build argument 'cmake_args' from command line to 'None'
[0.355s] Level 5:colcon.colcon_core.verb:set package 'controller' build argument 'cmake_target' from command line to 'None'
[0.355s] Level 5:colcon.colcon_core.verb:set package 'controller' build argument 'cmake_target_skip_unavailable' from command line to 'False'
[0.355s] Level 5:colcon.colcon_core.verb:set package 'controller' build argument 'cmake_clean_cache' from command line to 'False'
[0.355s] Level 5:colcon.colcon_core.verb:set package 'controller' build argument 'cmake_clean_first' from command line to 'False'
[0.355s] Level 5:colcon.colcon_core.verb:set package 'controller' build argument 'cmake_force_configure' from command line to 'False'
[0.355s] Level 5:colcon.colcon_core.verb:set package 'controller' build argument 'ament_cmake_args' from command line to 'None'
[0.355s] Level 5:colcon.colcon_core.verb:set package 'controller' build argument 'catkin_cmake_args' from command line to 'None'
[0.355s] Level 5:colcon.colcon_core.verb:set package 'controller' build argument 'catkin_skip_building_tests' from command line to 'False'
[0.355s] DEBUG:colcon.colcon_core.verb:Building package 'controller' with the following arguments: {'ament_cmake_args': None, 'build_base': '/home/ambushee/FRA333_Kinematic_Project/build/controller', 'catkin_cmake_args': None, 'catkin_skip_building_tests': False, 'cmake_args': None, 'cmake_clean_cache': False, 'cmake_clean_first': False, 'cmake_force_configure': False, 'cmake_target': None, 'cmake_target_skip_unavailable': False, 'install_base': '/home/ambushee/FRA333_Kinematic_Project/install/controller', 'merge_install': False, 'path': '/home/ambushee/FRA333_Kinematic_Project/src/controller', 'symlink_install': False, 'test_result_base': None}
[0.356s] Level 5:colcon.colcon_core.verb:set package 'hexapod' build argument 'cmake_args' from command line to 'None'
[0.356s] Level 5:colcon.colcon_core.verb:set package 'hexapod' build argument 'cmake_target' from command line to 'None'
[0.356s] Level 5:colcon.colcon_core.verb:set package 'hexapod' build argument 'cmake_target_skip_unavailable' from command line to 'False'
[0.356s] Level 5:colcon.colcon_core.verb:set package 'hexapod' build argument 'cmake_clean_cache' from command line to 'False'
[0.356s] Level 5:colcon.colcon_core.verb:set package 'hexapod' build argument 'cmake_clean_first' from command line to 'False'
[0.356s] Level 5:colcon.colcon_core.verb:set package 'hexapod' build argument 'cmake_force_configure' from command line to 'False'
[0.356s] Level 5:colcon.colcon_core.verb:set package 'hexapod' build argument 'ament_cmake_args' from command line to 'None'
[0.356s] Level 5:colcon.colcon_core.verb:set package 'hexapod' build argument 'catkin_cmake_args' from command line to 'None'
[0.356s] Level 5:colcon.colcon_core.verb:set package 'hexapod' build argument 'catkin_skip_building_tests' from command line to 'False'
[0.356s] DEBUG:colcon.colcon_core.verb:Building package 'hexapod' with the following arguments: {'ament_cmake_args': None, 'build_base': '/home/ambushee/FRA333_Kinematic_Project/build/hexapod', 'catkin_cmake_args': None, 'catkin_skip_building_tests': False, 'cmake_args': None, 'cmake_clean_cache': False, 'cmake_clean_first': False, 'cmake_force_configure': False, 'cmake_target': None, 'cmake_target_skip_unavailable': False, 'install_base': '/home/ambushee/FRA333_Kinematic_Project/install/hexapod', 'merge_install': False, 'path': '/home/ambushee/FRA333_Kinematic_Project/src/hexapod', 'symlink_install': False, 'test_result_base': None}
[0.356s] Level 5:colcon.colcon_core.verb:set package 'hexapod_description' build argument 'cmake_args' from command line to 'None'
[0.356s] Level 5:colcon.colcon_core.verb:set package 'hexapod_description' build argument 'cmake_target' from command line to 'None'
[0.356s] Level 5:colcon.colcon_core.verb:set package 'hexapod_description' build argument 'cmake_target_skip_unavailable' from command line to 'False'
[0.356s] Level 5:colcon.colcon_core.verb:set package 'hexapod_description' build argument 'cmake_clean_cache' from command line to 'False'
[0.356s] Level 5:colcon.colcon_core.verb:set package 'hexapod_description' build argument 'cmake_clean_first' from command line to 'False'
[0.356s] Level 5:colcon.colcon_core.verb:set package 'hexapod_description' build argument 'cmake_force_configure' from command line to 'False'
[0.356s] Level 5:colcon.colcon_core.verb:set package 'hexapod_description' build argument 'ament_cmake_args' from command line to 'None'
[0.356s] Level 5:colcon.colcon_core.verb:set package 'hexapod_description' build argument 'catkin_cmake_args' from command line to 'None'
[0.356s] Level 5:colcon.colcon_core.verb:set package 'hexapod_description' build argument 'catkin_skip_building_tests' from command line to 'False'
[0.356s] DEBUG:colcon.colcon_core.verb:Building package 'hexapod_description' with the following arguments: {'ament_cmake_args': None, 'build_base': '/home/ambushee/FRA333_Kinematic_Project/build/hexapod_description', 'catkin_cmake_args': None, 'catkin_skip_building_tests': False, 'cmake_args': None, 'cmake_clean_cache': False, 'cmake_clean_first': False, 'cmake_force_configure': False, 'cmake_target': None, 'cmake_target_skip_unavailable': False, 'install_base': '/home/ambushee/FRA333_Kinematic_Project/install/hexapod_description', 'merge_install': False, 'path': '/home/ambushee/FRA333_Kinematic_Project/src/hexapod_description', 'symlink_install': False, 'test_result_base': None}
[0.357s] Level 5:colcon.colcon_core.verb:set package 'hexapod_simulation' build argument 'cmake_args' from command line to 'None'
[0.357s] Level 5:colcon.colcon_core.verb:set package 'hexapod_simulation' build argument 'cmake_target' from command line to 'None'
[0.357s] Level 5:colcon.colcon_core.verb:set package 'hexapod_simulation' build argument 'cmake_target_skip_unavailable' from command line to 'False'
[0.357s] Level 5:colcon.colcon_core.verb:set package 'hexapod_simulation' build argument 'cmake_clean_cache' from command line to 'False'
[0.357s] Level 5:colcon.colcon_core.verb:set package 'hexapod_simulation' build argument 'cmake_clean_first' from command line to 'False'
[0.357s] Level 5:colcon.colcon_core.verb:set package 'hexapod_simulation' build argument 'cmake_force_configure' from command line to 'False'
[0.357s] Level 5:colcon.colcon_core.verb:set package 'hexapod_simulation' build argument 'ament_cmake_args' from command line to 'None'
[0.357s] Level 5:colcon.colcon_core.verb:set package 'hexapod_simulation' build argument 'catkin_cmake_args' from command line to 'None'
[0.357s] Level 5:colcon.colcon_core.verb:set package 'hexapod_simulation' build argument 'catkin_skip_building_tests' from command line to 'False'
[0.357s] DEBUG:colcon.colcon_core.verb:Building package 'hexapod_simulation' with the following arguments: {'ament_cmake_args': None, 'build_base': '/home/ambushee/FRA333_Kinematic_Project/build/hexapod_simulation', 'catkin_cmake_args': None, 'catkin_skip_building_tests': False, 'cmake_args': None, 'cmake_clean_cache': False, 'cmake_clean_first': False, 'cmake_force_configure': False, 'cmake_target': None, 'cmake_target_skip_unavailable': False, 'install_base': '/home/ambushee/FRA333_Kinematic_Project/install/hexapod_simulation', 'merge_install': False, 'path': '/home/ambushee/FRA333_Kinematic_Project/src/hexapod_simulation', 'symlink_install': False, 'test_result_base': None}
[0.357s] INFO:colcon.colcon_core.executor:Executing jobs using 'parallel' executor
[0.358s] DEBUG:colcon.colcon_parallel_executor.executor.parallel:run_until_complete
[0.358s] INFO:colcon.colcon_ros.task.ament_cmake.build:Building ROS package in '/home/ambushee/FRA333_Kinematic_Project/src/controller' with build type 'ament_cmake'
[0.358s] INFO:colcon.colcon_cmake.task.cmake.build:Building CMake package in '/home/ambushee/FRA333_Kinematic_Project/src/controller'
[0.360s] INFO:colcon.colcon_core.plugin_system:Skipping extension 'colcon_core.shell.bat': Not used on non-Windows systems
[0.360s] INFO:colcon.colcon_core.shell:Skip shell extension 'powershell' for command environment: Not usable outside of PowerShell
[0.360s] DEBUG:colcon.colcon_core.shell:Skip shell extension 'dsv' for command environment
[0.364s] INFO:colcon.colcon_ros.task.ament_cmake.build:Building ROS package in '/home/ambushee/FRA333_Kinematic_Project/src/hexapod' with build type 'ament_cmake'
[0.364s] INFO:colcon.colcon_cmake.task.cmake.build:Building CMake package in '/home/ambushee/FRA333_Kinematic_Project/src/hexapod'
[0.365s] INFO:colcon.colcon_core.shell:Skip shell extension 'powershell' for command environment: Not usable outside of PowerShell
[0.365s] DEBUG:colcon.colcon_core.shell:Skip shell extension 'dsv' for command environment
[0.368s] INFO:colcon.colcon_ros.task.ament_cmake.build:Building ROS package in '/home/ambushee/FRA333_Kinematic_Project/src/hexapod_description' with build type 'ament_cmake'
[0.368s] INFO:colcon.colcon_cmake.task.cmake.build:Building CMake package in '/home/ambushee/FRA333_Kinematic_Project/src/hexapod_description'
[0.368s] INFO:colcon.colcon_core.shell:Skip shell extension 'powershell' for command environment: Not usable outside of PowerShell
[0.368s] DEBUG:colcon.colcon_core.shell:Skip shell extension 'dsv' for command environment
[0.372s] INFO:colcon.colcon_ros.task.ament_cmake.build:Building ROS package in '/home/ambushee/FRA333_Kinematic_Project/src/hexapod_simulation' with build type 'ament_cmake'
[0.372s] INFO:colcon.colcon_cmake.task.cmake.build:Building CMake package in '/home/ambushee/FRA333_Kinematic_Project/src/hexapod_simulation'
[0.372s] INFO:colcon.colcon_core.shell:Skip shell extension 'powershell' for command environment: Not usable outside of PowerShell
[0.372s] DEBUG:colcon.colcon_core.shell:Skip shell extension 'dsv' for command environment
[0.380s] DEBUG:colcon.colcon_core.event_handler.log_command:Invoking command in '/home/ambushee/FRA333_Kinematic_Project/build/controller': CMAKE_PREFIX_PATH=${CMAKE_PREFIX_PATH}:/opt/ros/humble /usr/bin/cmake --build /home/ambushee/FRA333_Kinematic_Project/build/controller -- -j16 -l16
[0.382s] DEBUG:colcon.colcon_core.event_handler.log_command:Invoking command in '/home/ambushee/FRA333_Kinematic_Project/build/hexapod': CMAKE_PREFIX_PATH=${CMAKE_PREFIX_PATH}:/opt/ros/humble /usr/bin/cmake --build /home/ambushee/FRA333_Kinematic_Project/build/hexapod -- -j16 -l16
[0.383s] DEBUG:colcon.colcon_core.event_handler.log_command:Invoking command in '/home/ambushee/FRA333_Kinematic_Project/build/hexapod_description': CMAKE_PREFIX_PATH=${CMAKE_PREFIX_PATH}:/opt/ros/humble /usr/bin/cmake --build /home/ambushee/FRA333_Kinematic_Project/build/hexapod_description -- -j16 -l16
[0.387s] DEBUG:colcon.colcon_core.event_handler.log_command:Invoking command in '/home/ambushee/FRA333_Kinematic_Project/build/hexapod_simulation': CMAKE_PREFIX_PATH=${CMAKE_PREFIX_PATH}:/opt/ros/humble /usr/bin/cmake --build /home/ambushee/FRA333_Kinematic_Project/build/hexapod_simulation -- -j16 -l16
[0.862s] DEBUG:colcon.colcon_core.event_handler.log_command:Invoked command in '/home/ambushee/FRA333_Kinematic_Project/build/hexapod_description' returned '0': CMAKE_PREFIX_PATH=${CMAKE_PREFIX_PATH}:/opt/ros/humble /usr/bin/cmake --build /home/ambushee/FRA333_Kinematic_Project/build/hexapod_description -- -j16 -l16
[0.875s] DEBUG:colcon.colcon_core.event_handler.log_command:Invoking command in '/home/ambushee/FRA333_Kinematic_Project/build/hexapod_description': CMAKE_PREFIX_PATH=${CMAKE_PREFIX_PATH}:/opt/ros/humble /usr/bin/cmake --install /home/ambushee/FRA333_Kinematic_Project/build/hexapod_description
[0.876s] DEBUG:colcon.colcon_core.event_handler.log_command:Invoked command in '/home/ambushee/FRA333_Kinematic_Project/build/hexapod' returned '0': CMAKE_PREFIX_PATH=${CMAKE_PREFIX_PATH}:/opt/ros/humble /usr/bin/cmake --build /home/ambushee/FRA333_Kinematic_Project/build/hexapod -- -j16 -l16
[0.878s] DEBUG:colcon.colcon_core.event_handler.log_command:Invoking command in '/home/ambushee/FRA333_Kinematic_Project/build/hexapod': CMAKE_PREFIX_PATH=${CMAKE_PREFIX_PATH}:/opt/ros/humble /usr/bin/cmake --install /home/ambushee/FRA333_Kinematic_Project/build/hexapod
[0.878s] DEBUG:colcon.colcon_core.event_handler.log_command:Invoked command in '/home/ambushee/FRA333_Kinematic_Project/build/controller' returned '0': CMAKE_PREFIX_PATH=${CMAKE_PREFIX_PATH}:/opt/ros/humble /usr/bin/cmake --build /home/ambushee/FRA333_Kinematic_Project/build/controller -- -j16 -l16
[0.880s] DEBUG:colcon.colcon_core.event_handler.log_command:Invoking command in '/home/ambushee/FRA333_Kinematic_Project/build/controller': CMAKE_PREFIX_PATH=${CMAKE_PREFIX_PATH}:/opt/ros/humble /usr/bin/cmake --install /home/ambushee/FRA333_Kinematic_Project/build/controller
[0.881s] DEBUG:colcon.colcon_core.event_handler.log_command:Invoked command in '/home/ambushee/FRA333_Kinematic_Project/build/hexapod_simulation' returned '0': CMAKE_PREFIX_PATH=${CMAKE_PREFIX_PATH}:/opt/ros/humble /usr/bin/cmake --build /home/ambushee/FRA333_Kinematic_Project/build/hexapod_simulation -- -j16 -l16
[0.883s] DEBUG:colcon.colcon_core.event_handler.log_command:Invoking command in '/home/ambushee/FRA333_Kinematic_Project/build/hexapod_simulation': CMAKE_PREFIX_PATH=${CMAKE_PREFIX_PATH}:/opt/ros/humble /usr/bin/cmake --install /home/ambushee/FRA333_Kinematic_Project/build/hexapod_simulation
[0.930s] Level 1:colcon.colcon_core.environment:create_environment_scripts_only(hexapod_description)
[0.931s] DEBUG:colcon.colcon_core.event_handler.log_command:Invoked command in '/home/ambushee/FRA333_Kinematic_Project/build/hexapod_description' returned '0': CMAKE_PREFIX_PATH=${CMAKE_PREFIX_PATH}:/opt/ros/humble /usr/bin/cmake --install /home/ambushee/FRA333_Kinematic_Project/build/hexapod_description
[0.934s] Level 1:colcon.colcon_core.environment:checking '/home/ambushee/FRA333_Kinematic_Project/install/hexapod_description' for CMake module files
[0.935s] Level 1:colcon.colcon_core.environment:checking '/home/ambushee/FRA333_Kinematic_Project/install/hexapod_description' for CMake config files
[0.935s] Level 1:colcon.colcon_core.shell:create_environment_hook('hexapod_description', 'cmake_prefix_path')
[0.935s] INFO:colcon.colcon_core.shell:Creating environment hook '/home/ambushee/FRA333_Kinematic_Project/install/hexapod_description/share/hexapod_description/hook/cmake_prefix_path.ps1'
[0.936s] INFO:colcon.colcon_core.shell:Creating environment descriptor '/home/ambushee/FRA333_Kinematic_Project/install/hexapod_description/share/hexapod_description/hook/cmake_prefix_path.dsv'
[0.936s] INFO:colcon.colcon_core.shell:Creating environment hook '/home/ambushee/FRA333_Kinematic_Project/install/hexapod_description/share/hexapod_description/hook/cmake_prefix_path.sh'
[0.937s] Level 1:colcon.colcon_core.environment:checking '/home/ambushee/FRA333_Kinematic_Project/install/hexapod_description/lib'
[0.938s] Level 1:colcon.colcon_core.environment:checking '/home/ambushee/FRA333_Kinematic_Project/install/hexapod_description/bin'
[0.938s] Level 1:colcon.colcon_core.environment:checking '/home/ambushee/FRA333_Kinematic_Project/install/hexapod_description/lib/pkgconfig/hexapod_description.pc'
[0.938s] Level 1:colcon.colcon_core.environment:checking '/home/ambushee/FRA333_Kinematic_Project/install/hexapod_description/lib/python3.10/site-packages'
[0.938s] Level 1:colcon.colcon_core.environment:checking '/home/ambushee/FRA333_Kinematic_Project/install/hexapod_description/bin'
[0.938s] INFO:colcon.colcon_core.shell:Creating package script '/home/ambushee/FRA333_Kinematic_Project/install/hexapod_description/share/hexapod_description/package.ps1'
[0.939s] INFO:colcon.colcon_core.shell:Creating package descriptor '/home/ambushee/FRA333_Kinematic_Project/install/hexapod_description/share/hexapod_description/package.dsv'
[0.940s] INFO:colcon.colcon_core.shell:Creating package script '/home/ambushee/FRA333_Kinematic_Project/install/hexapod_description/share/hexapod_description/package.sh'
[0.940s] INFO:colcon.colcon_core.shell:Creating package script '/home/ambushee/FRA333_Kinematic_Project/install/hexapod_description/share/hexapod_description/package.bash'
[0.941s] INFO:colcon.colcon_core.shell:Creating package script '/home/ambushee/FRA333_Kinematic_Project/install/hexapod_description/share/hexapod_description/package.zsh'
[0.942s] Level 1:colcon.colcon_core.environment:create_file_with_runtime_dependencies(/home/ambushee/FRA333_Kinematic_Project/install/hexapod_description/share/colcon-core/packages/hexapod_description)
[0.942s] Level 1:colcon.colcon_core.environment:create_environment_scripts_only(hexapod_description)
[0.943s] Level 1:colcon.colcon_core.environment:checking '/home/ambushee/FRA333_Kinematic_Project/install/hexapod_description' for CMake module files
[0.943s] Level 1:colcon.colcon_core.environment:checking '/home/ambushee/FRA333_Kinematic_Project/install/hexapod_description' for CMake config files
[0.943s] Level 1:colcon.colcon_core.shell:create_environment_hook('hexapod_description', 'cmake_prefix_path')
[0.944s] INFO:colcon.colcon_core.shell:Creating environment hook '/home/ambushee/FRA333_Kinematic_Project/install/hexapod_description/share/hexapod_description/hook/cmake_prefix_path.ps1'
[0.944s] INFO:colcon.colcon_core.shell:Creating environment descriptor '/home/ambushee/FRA333_Kinematic_Project/install/hexapod_description/share/hexapod_description/hook/cmake_prefix_path.dsv'
[0.944s] INFO:colcon.colcon_core.shell:Creating environment hook '/home/ambushee/FRA333_Kinematic_Project/install/hexapod_description/share/hexapod_description/hook/cmake_prefix_path.sh'
[0.945s] Level 1:colcon.colcon_core.environment:checking '/home/ambushee/FRA333_Kinematic_Project/install/hexapod_description/lib'
[0.945s] Level 1:colcon.colcon_core.environment:checking '/home/ambushee/FRA333_Kinematic_Project/install/hexapod_description/bin'
[0.945s] Level 1:colcon.colcon_core.environment:checking '/home/ambushee/FRA333_Kinematic_Project/install/hexapod_description/lib/pkgconfig/hexapod_description.pc'
[0.945s] Level 1:colcon.colcon_core.environment:checking '/home/ambushee/FRA333_Kinematic_Project/install/hexapod_description/lib/python3.10/site-packages'
[0.946s] Level 1:colcon.colcon_core.environment:checking '/home/ambushee/FRA333_Kinematic_Project/install/hexapod_description/bin'
[0.946s] INFO:colcon.colcon_core.shell:Creating package script '/home/ambushee/FRA333_Kinematic_Project/install/hexapod_description/share/hexapod_description/package.ps1'
[0.946s] INFO:colcon.colcon_core.shell:Creating package descriptor '/home/ambushee/FRA333_Kinematic_Project/install/hexapod_description/share/hexapod_description/package.dsv'
[0.947s] INFO:colcon.colcon_core.shell:Creating package script '/home/ambushee/FRA333_Kinematic_Project/install/hexapod_description/share/hexapod_description/package.sh'
[0.947s] INFO:colcon.colcon_core.shell:Creating package script '/home/ambushee/FRA333_Kinematic_Project/install/hexapod_description/share/hexapod_description/package.bash'
[0.948s] INFO:colcon.colcon_core.shell:Creating package script '/home/ambushee/FRA333_Kinematic_Project/install/hexapod_description/share/hexapod_description/package.zsh'
[0.948s] Level 1:colcon.colcon_core.environment:create_file_with_runtime_dependencies(/home/ambushee/FRA333_Kinematic_Project/install/hexapod_description/share/colcon-core/packages/hexapod_description)
[0.949s] Level 1:colcon.colcon_core.environment:create_environment_scripts_only(hexapod)
[0.950s] Level 1:colcon.colcon_core.environment:checking '/home/ambushee/FRA333_Kinematic_Project/install/hexapod' for CMake module files
[0.950s] DEBUG:colcon.colcon_core.event_handler.log_command:Invoked command in '/home/ambushee/FRA333_Kinematic_Project/build/hexapod' returned '0': CMAKE_PREFIX_PATH=${CMAKE_PREFIX_PATH}:/opt/ros/humble /usr/bin/cmake --install /home/ambushee/FRA333_Kinematic_Project/build/hexapod
[0.951s] Level 1:colcon.colcon_core.environment:checking '/home/ambushee/FRA333_Kinematic_Project/install/hexapod' for CMake config files
[0.951s] Level 1:colcon.colcon_core.shell:create_environment_hook('hexapod', 'cmake_prefix_path')
[0.952s] INFO:colcon.colcon_core.shell:Creating environment hook '/home/ambushee/FRA333_Kinematic_Project/install/hexapod/share/hexapod/hook/cmake_prefix_path.ps1'
[0.952s] INFO:colcon.colcon_core.shell:Creating environment descriptor '/home/ambushee/FRA333_Kinematic_Project/install/hexapod/share/hexapod/hook/cmake_prefix_path.dsv'
[0.953s] INFO:colcon.colcon_core.shell:Creating environment hook '/home/ambushee/FRA333_Kinematic_Project/install/hexapod/share/hexapod/hook/cmake_prefix_path.sh'
[0.953s] Level 1:colcon.colcon_core.environment:checking '/home/ambushee/FRA333_Kinematic_Project/install/hexapod/lib'
[0.953s] Level 1:colcon.colcon_core.environment:checking '/home/ambushee/FRA333_Kinematic_Project/install/hexapod/bin'
[0.953s] Level 1:colcon.colcon_core.environment:checking '/home/ambushee/FRA333_Kinematic_Project/install/hexapod/lib/pkgconfig/hexapod.pc'
[0.954s] Level 1:colcon.colcon_core.environment:checking '/home/ambushee/FRA333_Kinematic_Project/install/hexapod/lib/python3.10/site-packages'
[0.954s] Level 1:colcon.colcon_core.environment:checking '/home/ambushee/FRA333_Kinematic_Project/install/hexapod/bin'
[0.954s] INFO:colcon.colcon_core.shell:Creating package script '/home/ambushee/FRA333_Kinematic_Project/install/hexapod/share/hexapod/package.ps1'
[0.955s] INFO:colcon.colcon_core.shell:Creating package descriptor '/home/ambushee/FRA333_Kinematic_Project/install/hexapod/share/hexapod/package.dsv'
[0.955s] INFO:colcon.colcon_core.shell:Creating package script '/home/ambushee/FRA333_Kinematic_Project/install/hexapod/share/hexapod/package.sh'
[0.955s] INFO:colcon.colcon_core.shell:Creating package script '/home/ambushee/FRA333_Kinematic_Project/install/hexapod/share/hexapod/package.bash'
[0.956s] INFO:colcon.colcon_core.shell:Creating package script '/home/ambushee/FRA333_Kinematic_Project/install/hexapod/share/hexapod/package.zsh'
[0.956s] Level 1:colcon.colcon_core.environment:create_file_with_runtime_dependencies(/home/ambushee/FRA333_Kinematic_Project/install/hexapod/share/colcon-core/packages/hexapod)
[0.957s] Level 1:colcon.colcon_core.environment:create_environment_scripts_only(hexapod)
[0.957s] Level 1:colcon.colcon_core.environment:checking '/home/ambushee/FRA333_Kinematic_Project/install/hexapod' for CMake module files
[0.957s] Level 1:colcon.colcon_core.environment:checking '/home/ambushee/FRA333_Kinematic_Project/install/hexapod' for CMake config files
[0.958s] Level 1:colcon.colcon_core.shell:create_environment_hook('hexapod', 'cmake_prefix_path')
[0.958s] INFO:colcon.colcon_core.shell:Creating environment hook '/home/ambushee/FRA333_Kinematic_Project/install/hexapod/share/hexapod/hook/cmake_prefix_path.ps1'
[0.958s] INFO:colcon.colcon_core.shell:Creating environment descriptor '/home/ambushee/FRA333_Kinematic_Project/install/hexapod/share/hexapod/hook/cmake_prefix_path.dsv'
[0.959s] INFO:colcon.colcon_core.shell:Creating environment hook '/home/ambushee/FRA333_Kinematic_Project/install/hexapod/share/hexapod/hook/cmake_prefix_path.sh'
[0.959s] Level 1:colcon.colcon_core.environment:checking '/home/ambushee/FRA333_Kinematic_Project/install/hexapod/lib'
[0.959s] Level 1:colcon.colcon_core.environment:checking '/home/ambushee/FRA333_Kinematic_Project/install/hexapod/bin'
[0.960s] Level 1:colcon.colcon_core.environment:checking '/home/ambushee/FRA333_Kinematic_Project/install/hexapod/lib/pkgconfig/hexapod.pc'
[0.960s] Level 1:colcon.colcon_core.environment:checking '/home/ambushee/FRA333_Kinematic_Project/install/hexapod/lib/python3.10/site-packages'
[0.960s] Level 1:colcon.colcon_core.environment:checking '/home/ambushee/FRA333_Kinematic_Project/install/hexapod/bin'
[0.960s] INFO:colcon.colcon_core.shell:Creating package script '/home/ambushee/FRA333_Kinematic_Project/install/hexapod/share/hexapod/package.ps1'
[0.961s] INFO:colcon.colcon_core.shell:Creating package descriptor '/home/ambushee/FRA333_Kinematic_Project/install/hexapod/share/hexapod/package.dsv'
[0.961s] INFO:colcon.colcon_core.shell:Creating package script '/home/ambushee/FRA333_Kinematic_Project/install/hexapod/share/hexapod/package.sh'
[0.962s] INFO:colcon.colcon_core.shell:Creating package script '/home/ambushee/FRA333_Kinematic_Project/install/hexapod/share/hexapod/package.bash'
[0.962s] INFO:colcon.colcon_core.shell:Creating package script '/home/ambushee/FRA333_Kinematic_Project/install/hexapod/share/hexapod/package.zsh'
[0.962s] Level 1:colcon.colcon_core.environment:create_file_with_runtime_dependencies(/home/ambushee/FRA333_Kinematic_Project/install/hexapod/share/colcon-core/packages/hexapod)
[0.963s] Level 1:colcon.colcon_core.environment:create_environment_scripts_only(controller)
[0.963s] Level 1:colcon.colcon_core.environment:checking '/home/ambushee/FRA333_Kinematic_Project/install/controller' for CMake module files
[0.965s] DEBUG:colcon.colcon_core.event_handler.log_command:Invoked command in '/home/ambushee/FRA333_Kinematic_Project/build/controller' returned '0': CMAKE_PREFIX_PATH=${CMAKE_PREFIX_PATH}:/opt/ros/humble /usr/bin/cmake --install /home/ambushee/FRA333_Kinematic_Project/build/controller
[0.965s] Level 1:colcon.colcon_core.environment:checking '/home/ambushee/FRA333_Kinematic_Project/install/controller' for CMake config files
[0.965s] Level 1:colcon.colcon_core.shell:create_environment_hook('controller', 'cmake_prefix_path')
[0.965s] INFO:colcon.colcon_core.shell:Creating environment hook '/home/ambushee/FRA333_Kinematic_Project/install/controller/share/controller/hook/cmake_prefix_path.ps1'
[0.966s] INFO:colcon.colcon_core.shell:Creating environment descriptor '/home/ambushee/FRA333_Kinematic_Project/install/controller/share/controller/hook/cmake_prefix_path.dsv'
[0.966s] INFO:colcon.colcon_core.shell:Creating environment hook '/home/ambushee/FRA333_Kinematic_Project/install/controller/share/controller/hook/cmake_prefix_path.sh'
[0.966s] Level 1:colcon.colcon_core.environment:checking '/home/ambushee/FRA333_Kinematic_Project/install/controller/lib'
[0.967s] Level 1:colcon.colcon_core.environment:checking '/home/ambushee/FRA333_Kinematic_Project/install/controller/bin'
[0.967s] Level 1:colcon.colcon_core.environment:checking '/home/ambushee/FRA333_Kinematic_Project/install/controller/lib/pkgconfig/controller.pc'
[0.967s] Level 1:colcon.colcon_core.environment:checking '/home/ambushee/FRA333_Kinematic_Project/install/controller/lib/python3.10/site-packages'
[0.967s] Level 1:colcon.colcon_core.environment:checking '/home/ambushee/FRA333_Kinematic_Project/install/controller/bin'
[0.967s] INFO:colcon.colcon_core.shell:Creating package script '/home/ambushee/FRA333_Kinematic_Project/install/controller/share/controller/package.ps1'
[0.968s] INFO:colcon.colcon_core.shell:Creating package descriptor '/home/ambushee/FRA333_Kinematic_Project/install/controller/share/controller/package.dsv'
[0.968s] INFO:colcon.colcon_core.shell:Creating package script '/home/ambushee/FRA333_Kinematic_Project/install/controller/share/controller/package.sh'
[0.968s] INFO:colcon.colcon_core.shell:Creating package script '/home/ambushee/FRA333_Kinematic_Project/install/controller/share/controller/package.bash'
[0.969s] INFO:colcon.colcon_core.shell:Creating package script '/home/ambushee/FRA333_Kinematic_Project/install/controller/share/controller/package.zsh'
[0.969s] Level 1:colcon.colcon_core.environment:create_file_with_runtime_dependencies(/home/ambushee/FRA333_Kinematic_Project/install/controller/share/colcon-core/packages/controller)
[0.970s] Level 1:colcon.colcon_core.environment:create_environment_scripts_only(controller)
[0.970s] Level 1:colcon.colcon_core.environment:checking '/home/ambushee/FRA333_Kinematic_Project/install/controller' for CMake module files
[0.970s] Level 1:colcon.colcon_core.environment:checking '/home/ambushee/FRA333_Kinematic_Project/install/controller' for CMake config files
[0.971s] Level 1:colcon.colcon_core.shell:create_environment_hook('controller', 'cmake_prefix_path')
[0.971s] INFO:colcon.colcon_core.shell:Creating environment hook '/home/ambushee/FRA333_Kinematic_Project/install/controller/share/controller/hook/cmake_prefix_path.ps1'
[0.971s] INFO:colcon.colcon_core.shell:Creating environment descriptor '/home/ambushee/FRA333_Kinematic_Project/install/controller/share/controller/hook/cmake_prefix_path.dsv'
[0.972s] INFO:colcon.colcon_core.shell:Creating environment hook '/home/ambushee/FRA333_Kinematic_Project/install/controller/share/controller/hook/cmake_prefix_path.sh'
[0.972s] Level 1:colcon.colcon_core.environment:checking '/home/ambushee/FRA333_Kinematic_Project/install/controller/lib'
[0.972s] Level 1:colcon.colcon_core.environment:checking '/home/ambushee/FRA333_Kinematic_Project/install/controller/bin'
[0.972s] Level 1:colcon.colcon_core.environment:checking '/home/ambushee/FRA333_Kinematic_Project/install/controller/lib/pkgconfig/controller.pc'
[0.972s] Level 1:colcon.colcon_core.environment:checking '/home/ambushee/FRA333_Kinematic_Project/install/controller/lib/python3.10/site-packages'
[0.973s] Level 1:colcon.colcon_core.environment:checking '/home/ambushee/FRA333_Kinematic_Project/install/controller/bin'
[0.973s] INFO:colcon.colcon_core.shell:Creating package script '/home/ambushee/FRA333_Kinematic_Project/install/controller/share/controller/package.ps1'
[0.973s] INFO:colcon.colcon_core.shell:Creating package descriptor '/home/ambushee/FRA333_Kinematic_Project/install/controller/share/controller/package.dsv'
[0.974s] INFO:colcon.colcon_core.shell:Creating package script '/home/ambushee/FRA333_Kinematic_Project/install/controller/share/controller/package.sh'
[0.974s] INFO:colcon.colcon_core.shell:Creating package script '/home/ambushee/FRA333_Kinematic_Project/install/controller/share/controller/package.bash'
[0.975s] INFO:colcon.colcon_core.shell:Creating package script '/home/ambushee/FRA333_Kinematic_Project/install/controller/share/controller/package.zsh'
[0.975s] Level 1:colcon.colcon_core.environment:create_file_with_runtime_dependencies(/home/ambushee/FRA333_Kinematic_Project/install/controller/share/colcon-core/packages/controller)
[0.975s] Level 1:colcon.colcon_core.environment:create_environment_scripts_only(hexapod_simulation)
[0.976s] Level 1:colcon.colcon_core.environment:checking '/home/ambushee/FRA333_Kinematic_Project/install/hexapod_simulation' for CMake module files
[0.977s] DEBUG:colcon.colcon_core.event_handler.log_command:Invoked command in '/home/ambushee/FRA333_Kinematic_Project/build/hexapod_simulation' returned '0': CMAKE_PREFIX_PATH=${CMAKE_PREFIX_PATH}:/opt/ros/humble /usr/bin/cmake --install /home/ambushee/FRA333_Kinematic_Project/build/hexapod_simulation
[0.977s] Level 1:colcon.colcon_core.environment:checking '/home/ambushee/FRA333_Kinematic_Project/install/hexapod_simulation' for CMake config files
[0.977s] Level 1:colcon.colcon_core.shell:create_environment_hook('hexapod_simulation', 'cmake_prefix_path')
[0.977s] INFO:colcon.colcon_core.shell:Creating environment hook '/home/ambushee/FRA333_Kinematic_Project/install/hexapod_simulation/share/hexapod_simulation/hook/cmake_prefix_path.ps1'
[0.978s] INFO:colcon.colcon_core.shell:Creating environment descriptor '/home/ambushee/FRA333_Kinematic_Project/install/hexapod_simulation/share/hexapod_simulation/hook/cmake_prefix_path.dsv'
[0.978s] INFO:colcon.colcon_core.shell:Creating environment hook '/home/ambushee/FRA333_Kinematic_Project/install/hexapod_simulation/share/hexapod_simulation/hook/cmake_prefix_path.sh'
[0.979s] Level 1:colcon.colcon_core.environment:checking '/home/ambushee/FRA333_Kinematic_Project/install/hexapod_simulation/lib'
[0.979s] Level 1:colcon.colcon_core.environment:checking '/home/ambushee/FRA333_Kinematic_Project/install/hexapod_simulation/bin'
[0.979s] Level 1:colcon.colcon_core.environment:checking '/home/ambushee/FRA333_Kinematic_Project/install/hexapod_simulation/lib/pkgconfig/hexapod_simulation.pc'
[0.979s] Level 1:colcon.colcon_core.environment:checking '/home/ambushee/FRA333_Kinematic_Project/install/hexapod_simulation/lib/python3.10/site-packages'
[0.979s] Level 1:colcon.colcon_core.environment:checking '/home/ambushee/FRA333_Kinematic_Project/install/hexapod_simulation/bin'
[0.980s] INFO:colcon.colcon_core.shell:Creating package script '/home/ambushee/FRA333_Kinematic_Project/install/hexapod_simulation/share/hexapod_simulation/package.ps1'
[0.980s] INFO:colcon.colcon_core.shell:Creating package descriptor '/home/ambushee/FRA333_Kinematic_Project/install/hexapod_simulation/share/hexapod_simulation/package.dsv'
[0.980s] INFO:colcon.colcon_core.shell:Creating package script '/home/ambushee/FRA333_Kinematic_Project/install/hexapod_simulation/share/hexapod_simulation/package.sh'
[0.981s] INFO:colcon.colcon_core.shell:Creating package script '/home/ambushee/FRA333_Kinematic_Project/install/hexapod_simulation/share/hexapod_simulation/package.bash'
[0.981s] INFO:colcon.colcon_core.shell:Creating package script '/home/ambushee/FRA333_Kinematic_Project/install/hexapod_simulation/share/hexapod_simulation/package.zsh'
[0.982s] Level 1:colcon.colcon_core.environment:create_file_with_runtime_dependencies(/home/ambushee/FRA333_Kinematic_Project/install/hexapod_simulation/share/colcon-core/packages/hexapod_simulation)
[0.982s] Level 1:colcon.colcon_core.environment:create_environment_scripts_only(hexapod_simulation)
[0.982s] Level 1:colcon.colcon_core.environment:checking '/home/ambushee/FRA333_Kinematic_Project/install/hexapod_simulation' for CMake module files
[0.983s] Level 1:colcon.colcon_core.environment:checking '/home/ambushee/FRA333_Kinematic_Project/install/hexapod_simulation' for CMake config files
[0.983s] Level 1:colcon.colcon_core.shell:create_environment_hook('hexapod_simulation', 'cmake_prefix_path')
[0.983s] INFO:colcon.colcon_core.shell:Creating environment hook '/home/ambushee/FRA333_Kinematic_Project/install/hexapod_simulation/share/hexapod_simulation/hook/cmake_prefix_path.ps1'
[0.984s] INFO:colcon.colcon_core.shell:Creating environment descriptor '/home/ambushee/FRA333_Kinematic_Project/install/hexapod_simulation/share/hexapod_simulation/hook/cmake_prefix_path.dsv'
[0.984s] INFO:colcon.colcon_core.shell:Creating environment hook '/home/ambushee/FRA333_Kinematic_Project/install/hexapod_simulation/share/hexapod_simulation/hook/cmake_prefix_path.sh'
[0.985s] Level 1:colcon.colcon_core.environment:checking '/home/ambushee/FRA333_Kinematic_Project/install/hexapod_simulation/lib'
[0.985s] Level 1:colcon.colcon_core.environment:checking '/home/ambushee/FRA333_Kinematic_Project/install/hexapod_simulation/bin'
[0.985s] Level 1:colcon.colcon_core.environment:checking '/home/ambushee/FRA333_Kinematic_Project/install/hexapod_simulation/lib/pkgconfig/hexapod_simulation.pc'
[0.985s] Level 1:colcon.colcon_core.environment:checking '/home/ambushee/FRA333_Kinematic_Project/install/hexapod_simulation/lib/python3.10/site-packages'
[0.985s] Level 1:colcon.colcon_core.environment:checking '/home/ambushee/FRA333_Kinematic_Project/install/hexapod_simulation/bin'
[0.985s] INFO:colcon.colcon_core.shell:Creating package script '/home/ambushee/FRA333_Kinematic_Project/install/hexapod_simulation/share/hexapod_simulation/package.ps1'
[0.986s] INFO:colcon.colcon_core.shell:Creating package descriptor '/home/ambushee/FRA333_Kinematic_Project/install/hexapod_simulation/share/hexapod_simulation/package.dsv'
[0.986s] INFO:colcon.colcon_core.shell:Creating package script '/home/ambushee/FRA333_Kinematic_Project/install/hexapod_simulation/share/hexapod_simulation/package.sh'
[0.987s] INFO:colcon.colcon_core.shell:Creating package script '/home/ambushee/FRA333_Kinematic_Project/install/hexapod_simulation/share/hexapod_simulation/package.bash'
[0.987s] INFO:colcon.colcon_core.shell:Creating package script '/home/ambushee/FRA333_Kinematic_Project/install/hexapod_simulation/share/hexapod_simulation/package.zsh'
[0.988s] Level 1:colcon.colcon_core.environment:create_file_with_runtime_dependencies(/home/ambushee/FRA333_Kinematic_Project/install/hexapod_simulation/share/colcon-core/packages/hexapod_simulation)
[0.988s] DEBUG:colcon.colcon_parallel_executor.executor.parallel:closing loop
[0.988s] DEBUG:colcon.colcon_parallel_executor.executor.parallel:loop closed
[0.988s] DEBUG:colcon.colcon_parallel_executor.executor.parallel:run_until_complete finished with '0'
[0.988s] DEBUG:colcon.colcon_core.event_reactor:joining thread
[0.994s] INFO:colcon.colcon_core.plugin_system:Skipping extension 'colcon_notification.desktop_notification.terminal_notifier': Not used on non-Darwin systems
[0.994s] INFO:colcon.colcon_core.plugin_system:Skipping extension 'colcon_notification.desktop_notification.win32': Not used on non-Windows systems
[0.994s] INFO:colcon.colcon_notification.desktop_notification:Sending desktop notification using 'notify2'
[1.008s] DEBUG:colcon.colcon_core.event_reactor:joined thread
[1.008s] INFO:colcon.colcon_core.shell:Creating prefix script '/home/ambushee/FRA333_Kinematic_Project/install/local_setup.ps1'
[1.010s] INFO:colcon.colcon_core.shell:Creating prefix util module '/home/ambushee/FRA333_Kinematic_Project/install/_local_setup_util_ps1.py'
[1.012s] INFO:colcon.colcon_core.shell:Creating prefix chain script '/home/ambushee/FRA333_Kinematic_Project/install/setup.ps1'
[1.013s] INFO:colcon.colcon_core.shell:Creating prefix script '/home/ambushee/FRA333_Kinematic_Project/install/local_setup.sh'
[1.014s] INFO:colcon.colcon_core.shell:Creating prefix util module '/home/ambushee/FRA333_Kinematic_Project/install/_local_setup_util_sh.py'
[1.014s] INFO:colcon.colcon_core.shell:Creating prefix chain script '/home/ambushee/FRA333_Kinematic_Project/install/setup.sh'
[1.016s] INFO:colcon.colcon_core.shell:Creating prefix script '/home/ambushee/FRA333_Kinematic_Project/install/local_setup.bash'
[1.016s] INFO:colcon.colcon_core.shell:Creating prefix chain script '/home/ambushee/FRA333_Kinematic_Project/install/setup.bash'
[1.017s] INFO:colcon.colcon_core.shell:Creating prefix script '/home/ambushee/FRA333_Kinematic_Project/install/local_setup.zsh'
[1.018s] INFO:colcon.colcon_core.shell:Creating prefix chain script '/home/ambushee/FRA333_Kinematic_Project/install/setup.zsh'
