[0.013s] Invoking command in '/home/oat/Desktop/FRA333_Kinematic_Project/build/hexapod': CMAKE_PREFIX_PATH=/opt/ros/humble /usr/bin/cmake --build /home/oat/Desktop/FRA333_Kinematic_Project/build/hexapod -- -j20 -l20
[0.096s] [100%] Built target cpp_node_test
[0.096s] [100%] Built target ament_cmake_python_symlink_hexapod
[0.367s] running egg_info
[0.368s] writing hexapod.egg-info/PKG-INFO
[0.368s] writing dependency_links to hexapod.egg-info/dependency_links.txt
[0.369s] writing top-level names to hexapod.egg-info/top_level.txt
[0.370s] reading manifest file 'hexapod.egg-info/SOURCES.txt'
[0.371s] writing manifest file 'hexapod.egg-info/SOURCES.txt'
[0.406s] [100%] Built target ament_cmake_python_build_hexapod_egg
[0.422s] Invoked command in '/home/oat/Desktop/FRA333_Kinematic_Project/build/hexapod' returned '0': CMAKE_PREFIX_PATH=/opt/ros/humble /usr/bin/cmake --build /home/oat/Desktop/FRA333_Kinematic_Project/build/hexapod -- -j20 -l20
[0.438s] Invoking command in '/home/oat/Desktop/FRA333_Kinematic_Project/build/hexapod': CMAKE_PREFIX_PATH=/opt/ros/humble /usr/bin/cmake --install /home/oat/Desktop/FRA333_Kinematic_Project/build/hexapod
[0.449s] -- Install configuration: ""
[0.450s] -- Execute custom install script
[0.451s] -- Up-to-date symlink: /home/oat/Desktop/FRA333_Kinematic_Project/install/hexapod/share/hexapod/environment/pythonpath.sh
[0.451s] -- Up-to-date symlink: /home/oat/Desktop/FRA333_Kinematic_Project/install/hexapod/share/hexapod/environment/pythonpath.dsv
[0.451s] -- Up-to-date symlink: /home/oat/Desktop/FRA333_Kinematic_Project/install/hexapod/local/lib/python3.10/dist-packages/hexapod-0.0.0-py3.10.egg-info/PKG-INFO
[0.451s] -- Up-to-date symlink: /home/oat/Desktop/FRA333_Kinematic_Project/install/hexapod/local/lib/python3.10/dist-packages/hexapod-0.0.0-py3.10.egg-info/SOURCES.txt
[0.451s] -- Up-to-date symlink: /home/oat/Desktop/FRA333_Kinematic_Project/install/hexapod/local/lib/python3.10/dist-packages/hexapod-0.0.0-py3.10.egg-info/dependency_links.txt
[0.452s] -- Up-to-date symlink: /home/oat/Desktop/FRA333_Kinematic_Project/install/hexapod/local/lib/python3.10/dist-packages/hexapod-0.0.0-py3.10.egg-info/top_level.txt
[0.452s] -- Up-to-date symlink: /home/oat/Desktop/FRA333_Kinematic_Project/install/hexapod/local/lib/python3.10/dist-packages/hexapod/__init__.py
[0.452s] -- Up-to-date symlink: /home/oat/Desktop/FRA333_Kinematic_Project/install/hexapod/local/lib/python3.10/dist-packages/hexapod/dummy_module.py
[0.452s] -- Up-to-date symlink: /home/oat/Desktop/FRA333_Kinematic_Project/install/hexapod/lib/hexapod/forward_position_kinematic.py
[0.452s] -- Up-to-date symlink: /home/oat/Desktop/FRA333_Kinematic_Project/install/hexapod/lib/hexapod/gait_planning.py
[0.453s] -- Up-to-date symlink: /home/oat/Desktop/FRA333_Kinematic_Project/install/hexapod/lib/hexapod/inverse_position_kinematic.py
[0.453s] -- Up-to-date symlink: /home/oat/Desktop/FRA333_Kinematic_Project/install/hexapod/lib/hexapod/inverse_velocity_kinematic.py
[0.453s] -- Up-to-date symlink: /home/oat/Desktop/FRA333_Kinematic_Project/install/hexapod/lib/hexapod/joint_state_splitter.py
[0.453s] -- Up-to-date symlink: /home/oat/Desktop/FRA333_Kinematic_Project/install/hexapod/lib/hexapod/pid_position_controller.py
[0.453s] -- Up-to-date symlink: /home/oat/Desktop/FRA333_Kinematic_Project/install/hexapod/lib/hexapod/pid_velocity_controller.py
[0.453s] -- Up-to-date symlink: /home/oat/Desktop/FRA333_Kinematic_Project/install/hexapod/lib/hexapod/set_point.py
[0.453s] -- Up-to-date symlink: /home/oat/Desktop/FRA333_Kinematic_Project/install/hexapod/lib/hexapod/state_controller.py
[0.453s] -- Up-to-date symlink: /home/oat/Desktop/FRA333_Kinematic_Project/install/hexapod/lib/hexapod/trajectory_planning.py
[0.454s] -- Up-to-date symlink: /home/oat/Desktop/FRA333_Kinematic_Project/install/hexapod/lib/hexapod/cpp_node_test
[0.454s] -- Up-to-date symlink: /home/oat/Desktop/FRA333_Kinematic_Project/install/hexapod/share/hexapod/launch/simple.launch.py
[0.454s] -- Up-to-date symlink: /home/oat/Desktop/FRA333_Kinematic_Project/install/hexapod/share/hexapod/config/2025-FRA333-G02-proposal.pdf
[0.454s] -- Up-to-date symlink: /home/oat/Desktop/FRA333_Kinematic_Project/install/hexapod/share/hexapod/config/hexapod_simplified_params.yaml
[0.454s] -- Up-to-date symlink: /home/oat/Desktop/FRA333_Kinematic_Project/install/hexapod/share/ament_index/resource_index/package_run_dependencies/hexapod
[0.454s] -- Up-to-date symlink: /home/oat/Desktop/FRA333_Kinematic_Project/install/hexapod/share/ament_index/resource_index/parent_prefix_path/hexapod
[0.454s] -- Up-to-date symlink: /home/oat/Desktop/FRA333_Kinematic_Project/install/hexapod/share/hexapod/environment/ament_prefix_path.sh
[0.455s] -- Up-to-date symlink: /home/oat/Desktop/FRA333_Kinematic_Project/install/hexapod/share/hexapod/environment/ament_prefix_path.dsv
[0.455s] -- Up-to-date symlink: /home/oat/Desktop/FRA333_Kinematic_Project/install/hexapod/share/hexapod/environment/path.sh
[0.455s] -- Up-to-date symlink: /home/oat/Desktop/FRA333_Kinematic_Project/install/hexapod/share/hexapod/environment/path.dsv
[0.455s] -- Up-to-date symlink: /home/oat/Desktop/FRA333_Kinematic_Project/install/hexapod/share/hexapod/local_setup.bash
[0.455s] -- Up-to-date symlink: /home/oat/Desktop/FRA333_Kinematic_Project/install/hexapod/share/hexapod/local_setup.sh
[0.455s] -- Up-to-date symlink: /home/oat/Desktop/FRA333_Kinematic_Project/install/hexapod/share/hexapod/local_setup.zsh
[0.455s] -- Up-to-date symlink: /home/oat/Desktop/FRA333_Kinematic_Project/install/hexapod/share/hexapod/local_setup.dsv
[0.455s] -- Symlinking: /home/oat/Desktop/FRA333_Kinematic_Project/install/hexapod/share/hexapod/package.dsv
[0.466s] -- Up-to-date symlink: /home/oat/Desktop/FRA333_Kinematic_Project/install/hexapod/share/ament_index/resource_index/packages/hexapod
[0.466s] -- Up-to-date symlink: /home/oat/Desktop/FRA333_Kinematic_Project/install/hexapod/share/hexapod/cmake/hexapodConfig.cmake
[0.466s] -- Up-to-date symlink: /home/oat/Desktop/FRA333_Kinematic_Project/install/hexapod/share/hexapod/cmake/hexapodConfig-version.cmake
[0.466s] -- Up-to-date symlink: /home/oat/Desktop/FRA333_Kinematic_Project/install/hexapod/share/hexapod/package.xml
[0.504s] Listing '/home/oat/Desktop/FRA333_Kinematic_Project/install/hexapod/local/lib/python3.10/dist-packages/hexapod'...
[0.513s] Invoked command in '/home/oat/Desktop/FRA333_Kinematic_Project/build/hexapod' returned '0': CMAKE_PREFIX_PATH=/opt/ros/humble /usr/bin/cmake --install /home/oat/Desktop/FRA333_Kinematic_Project/build/hexapod
