[0.011s] Invoking command in '/home/oat/Desktop/FRA333_Kinematic_Project/build/controller': CMAKE_PREFIX_PATH=${CMAKE_PREFIX_PATH}:/opt/ros/humble /usr/bin/cmake --build /home/oat/Desktop/FRA333_Kinematic_Project/build/controller -- -j20 -l20
[0.044s] [35m[1mConsolidate compiler generated dependencies of target cpp_node_test[0m
[0.056s] [100%] Built target cpp_node_test
[0.064s] [100%] Built target ament_cmake_python_symlink_controller
[0.211s] running egg_info
[0.212s] writing controller.egg-info/PKG-INFO
[0.212s] writing dependency_links to controller.egg-info/dependency_links.txt
[0.212s] writing top-level names to controller.egg-info/top_level.txt
[0.213s] reading manifest file 'controller.egg-info/SOURCES.txt'
[0.214s] writing manifest file 'controller.egg-info/SOURCES.txt'
[0.234s] [100%] Built target ament_cmake_python_build_controller_egg
[0.242s] Invoked command in '/home/oat/Desktop/FRA333_Kinematic_Project/build/controller' returned '0': CMAKE_PREFIX_PATH=${CMAKE_PREFIX_PATH}:/opt/ros/humble /usr/bin/cmake --build /home/oat/Desktop/FRA333_Kinematic_Project/build/controller -- -j20 -l20
[0.244s] Invoking command in '/home/oat/Desktop/FRA333_Kinematic_Project/build/controller': CMAKE_PREFIX_PATH=${CMAKE_PREFIX_PATH}:/opt/ros/humble /usr/bin/cmake --install /home/oat/Desktop/FRA333_Kinematic_Project/build/controller
[0.248s] -- Install configuration: ""
[0.249s] -- Execute custom install script
[0.250s] -- Up-to-date symlink: /home/oat/Desktop/FRA333_Kinematic_Project/install/controller/share/controller/environment/pythonpath.sh
[0.250s] -- Up-to-date symlink: /home/oat/Desktop/FRA333_Kinematic_Project/install/controller/share/controller/environment/pythonpath.dsv
[0.250s] -- Up-to-date symlink: /home/oat/Desktop/FRA333_Kinematic_Project/install/controller/local/lib/python3.10/dist-packages/controller-0.0.0-py3.10.egg-info/PKG-INFO
[0.250s] -- Up-to-date symlink: /home/oat/Desktop/FRA333_Kinematic_Project/install/controller/local/lib/python3.10/dist-packages/controller-0.0.0-py3.10.egg-info/SOURCES.txt
[0.250s] -- Up-to-date symlink: /home/oat/Desktop/FRA333_Kinematic_Project/install/controller/local/lib/python3.10/dist-packages/controller-0.0.0-py3.10.egg-info/dependency_links.txt
[0.250s] -- Up-to-date symlink: /home/oat/Desktop/FRA333_Kinematic_Project/install/controller/local/lib/python3.10/dist-packages/controller-0.0.0-py3.10.egg-info/top_level.txt
[0.250s] -- Up-to-date symlink: /home/oat/Desktop/FRA333_Kinematic_Project/install/controller/local/lib/python3.10/dist-packages/controller/__init__.py
[0.250s] -- Up-to-date symlink: /home/oat/Desktop/FRA333_Kinematic_Project/install/controller/local/lib/python3.10/dist-packages/controller/dummy_module.py
[0.250s] -- Up-to-date symlink: /home/oat/Desktop/FRA333_Kinematic_Project/install/controller/lib/controller/mit_controller.py
[0.250s] -- Up-to-date symlink: /home/oat/Desktop/FRA333_Kinematic_Project/install/controller/lib/controller/pid_controller.py
[0.251s] -- Up-to-date symlink: /home/oat/Desktop/FRA333_Kinematic_Project/install/controller/lib/controller/cpp_node_test
[0.251s] -- Up-to-date symlink: /home/oat/Desktop/FRA333_Kinematic_Project/install/controller/share/ament_index/resource_index/package_run_dependencies/controller
[0.251s] -- Up-to-date symlink: /home/oat/Desktop/FRA333_Kinematic_Project/install/controller/share/ament_index/resource_index/parent_prefix_path/controller
[0.251s] -- Up-to-date symlink: /home/oat/Desktop/FRA333_Kinematic_Project/install/controller/share/controller/environment/ament_prefix_path.sh
[0.251s] -- Up-to-date symlink: /home/oat/Desktop/FRA333_Kinematic_Project/install/controller/share/controller/environment/ament_prefix_path.dsv
[0.251s] -- Up-to-date symlink: /home/oat/Desktop/FRA333_Kinematic_Project/install/controller/share/controller/environment/path.sh
[0.251s] -- Up-to-date symlink: /home/oat/Desktop/FRA333_Kinematic_Project/install/controller/share/controller/environment/path.dsv
[0.251s] -- Up-to-date symlink: /home/oat/Desktop/FRA333_Kinematic_Project/install/controller/share/controller/local_setup.bash
[0.251s] -- Up-to-date symlink: /home/oat/Desktop/FRA333_Kinematic_Project/install/controller/share/controller/local_setup.sh
[0.251s] -- Up-to-date symlink: /home/oat/Desktop/FRA333_Kinematic_Project/install/controller/share/controller/local_setup.zsh
[0.251s] -- Up-to-date symlink: /home/oat/Desktop/FRA333_Kinematic_Project/install/controller/share/controller/local_setup.dsv
[0.251s] -- Symlinking: /home/oat/Desktop/FRA333_Kinematic_Project/install/controller/share/controller/package.dsv
[0.258s] -- Up-to-date symlink: /home/oat/Desktop/FRA333_Kinematic_Project/install/controller/share/ament_index/resource_index/packages/controller
[0.258s] -- Up-to-date symlink: /home/oat/Desktop/FRA333_Kinematic_Project/install/controller/share/controller/cmake/controllerConfig.cmake
[0.258s] -- Up-to-date symlink: /home/oat/Desktop/FRA333_Kinematic_Project/install/controller/share/controller/cmake/controllerConfig-version.cmake
[0.258s] -- Up-to-date symlink: /home/oat/Desktop/FRA333_Kinematic_Project/install/controller/share/controller/package.xml
[0.280s] Listing '/home/oat/Desktop/FRA333_Kinematic_Project/install/controller/local/lib/python3.10/dist-packages/controller'...
[0.300s] Invoked command in '/home/oat/Desktop/FRA333_Kinematic_Project/build/controller' returned '0': CMAKE_PREFIX_PATH=${CMAKE_PREFIX_PATH}:/opt/ros/humble /usr/bin/cmake --install /home/oat/Desktop/FRA333_Kinematic_Project/build/controller
