[0.074s] DEBUG:colcon:Command line arguments: ['/usr/bin/colcon', 'build', '--symlink-install']
[0.074s] DEBUG:colcon:Parsed command line arguments: Namespace(log_base=None, log_level=None, verb_name='build', build_base='build', install_base='install', merge_install=False, symlink_install=True, test_result_base=None, continue_on_error=False, executor='parallel', parallel_workers=20, event_handlers=None, ignore_user_meta=False, metas=['./colcon.meta'], base_paths=['.'], packages_ignore=None, packages_ignore_regex=None, paths=None, packages_up_to=None, packages_up_to_regex=None, packages_above=None, packages_above_and_dependencies=None, packages_above_depth=None, packages_select_by_dep=None, packages_skip_by_dep=None, packages_skip_up_to=None, packages_select_build_failed=False, packages_skip_build_finished=False, packages_select_test_failures=False, packages_skip_test_passed=False, packages_select=None, packages_skip=None, packages_select_regex=None, packages_skip_regex=None, packages_start=None, packages_end=None, allow_overriding=[], cmake_args=None, cmake_target=None, cmake_target_skip_unavailable=False, cmake_clean_cache=False, cmake_clean_first=False, cmake_force_configure=False, ament_cmake_args=None, catkin_cmake_args=None, catkin_skip_building_tests=False, verb_parser=<colcon_defaults.argument_parser.defaults.DefaultArgumentsDecorator object at 0x7fc933b5cc10>, verb_extension=<colcon_core.verb.build.BuildVerb object at 0x7fc933b5c310>, main=<bound method BuildVerb.main of <colcon_core.verb.build.BuildVerb object at 0x7fc933b5c310>>)
[0.184s] Level 1:colcon.colcon_core.package_discovery:discover_packages(colcon_meta) check parameters
[0.184s] Level 1:colcon.colcon_core.package_discovery:discover_packages(recursive) check parameters
[0.184s] Level 1:colcon.colcon_core.package_discovery:discover_packages(ignore) check parameters
[0.184s] Level 1:colcon.colcon_core.package_discovery:discover_packages(path) check parameters
[0.184s] Level 1:colcon.colcon_core.package_discovery:discover_packages(colcon_meta) discover
[0.184s] Level 1:colcon.colcon_core.package_discovery:discover_packages(recursive) discover
[0.184s] INFO:colcon.colcon_core.package_discovery:Crawling recursively for packages in '/home/oat/Desktop/FRA333_Kinematic_Project'
[0.184s] Level 1:colcon.colcon_core.package_identification:_identify(.) by extensions ['ignore', 'ignore_ament_install']
[0.184s] Level 1:colcon.colcon_core.package_identification:_identify(.) by extension 'ignore'
[0.184s] Level 1:colcon.colcon_core.package_identification:_identify(.) by extension 'ignore_ament_install'
[0.184s] Level 1:colcon.colcon_core.package_identification:_identify(.) by extensions ['colcon_pkg']
[0.184s] Level 1:colcon.colcon_core.package_identification:_identify(.) by extension 'colcon_pkg'
[0.184s] Level 1:colcon.colcon_core.package_identification:_identify(.) by extensions ['colcon_meta']
[0.184s] Level 1:colcon.colcon_core.package_identification:_identify(.) by extension 'colcon_meta'
[0.184s] Level 1:colcon.colcon_core.package_identification:_identify(.) by extensions ['ros']
[0.184s] Level 1:colcon.colcon_core.package_identification:_identify(.) by extension 'ros'
[0.210s] Level 1:colcon.colcon_core.package_identification:_identify(.) by extensions ['cmake', 'python']
[0.210s] Level 1:colcon.colcon_core.package_identification:_identify(.) by extension 'cmake'
[0.210s] Level 1:colcon.colcon_core.package_identification:_identify(.) by extension 'python'
[0.210s] Level 1:colcon.colcon_core.package_identification:_identify(.) by extensions ['python_setup_py']
[0.210s] Level 1:colcon.colcon_core.package_identification:_identify(.) by extension 'python_setup_py'
[0.210s] Level 1:colcon.colcon_core.package_identification:_identify(build) by extensions ['ignore', 'ignore_ament_install']
[0.210s] Level 1:colcon.colcon_core.package_identification:_identify(build) by extension 'ignore'
[0.210s] Level 1:colcon.colcon_core.package_identification:_identify(build) ignored
[0.210s] Level 1:colcon.colcon_core.package_identification:_identify(install) by extensions ['ignore', 'ignore_ament_install']
[0.210s] Level 1:colcon.colcon_core.package_identification:_identify(install) by extension 'ignore'
[0.210s] Level 1:colcon.colcon_core.package_identification:_identify(install) ignored
[0.210s] Level 1:colcon.colcon_core.package_identification:_identify(log) by extensions ['ignore', 'ignore_ament_install']
[0.210s] Level 1:colcon.colcon_core.package_identification:_identify(log) by extension 'ignore'
[0.210s] Level 1:colcon.colcon_core.package_identification:_identify(log) ignored
[0.210s] Level 1:colcon.colcon_core.package_identification:_identify(src) by extensions ['ignore', 'ignore_ament_install']
[0.210s] Level 1:colcon.colcon_core.package_identification:_identify(src) by extension 'ignore'
[0.210s] Level 1:colcon.colcon_core.package_identification:_identify(src) by extension 'ignore_ament_install'
[0.210s] Level 1:colcon.colcon_core.package_identification:_identify(src) by extensions ['colcon_pkg']
[0.210s] Level 1:colcon.colcon_core.package_identification:_identify(src) by extension 'colcon_pkg'
[0.210s] Level 1:colcon.colcon_core.package_identification:_identify(src) by extensions ['colcon_meta']
[0.210s] Level 1:colcon.colcon_core.package_identification:_identify(src) by extension 'colcon_meta'
[0.210s] Level 1:colcon.colcon_core.package_identification:_identify(src) by extensions ['ros']
[0.210s] Level 1:colcon.colcon_core.package_identification:_identify(src) by extension 'ros'
[0.210s] Level 1:colcon.colcon_core.package_identification:_identify(src) by extensions ['cmake', 'python']
[0.210s] Level 1:colcon.colcon_core.package_identification:_identify(src) by extension 'cmake'
[0.210s] Level 1:colcon.colcon_core.package_identification:_identify(src) by extension 'python'
[0.210s] Level 1:colcon.colcon_core.package_identification:_identify(src) by extensions ['python_setup_py']
[0.210s] Level 1:colcon.colcon_core.package_identification:_identify(src) by extension 'python_setup_py'
[0.211s] Level 1:colcon.colcon_core.package_identification:_identify(src/controller) by extensions ['ignore', 'ignore_ament_install']
[0.211s] Level 1:colcon.colcon_core.package_identification:_identify(src/controller) by extension 'ignore'
[0.211s] Level 1:colcon.colcon_core.package_identification:_identify(src/controller) by extension 'ignore_ament_install'
[0.211s] Level 1:colcon.colcon_core.package_identification:_identify(src/controller) by extensions ['colcon_pkg']
[0.211s] Level 1:colcon.colcon_core.package_identification:_identify(src/controller) by extension 'colcon_pkg'
[0.211s] Level 1:colcon.colcon_core.package_identification:_identify(src/controller) by extensions ['colcon_meta']
[0.211s] Level 1:colcon.colcon_core.package_identification:_identify(src/controller) by extension 'colcon_meta'
[0.211s] Level 1:colcon.colcon_core.package_identification:_identify(src/controller) by extensions ['ros']
[0.211s] Level 1:colcon.colcon_core.package_identification:_identify(src/controller) by extension 'ros'
[0.213s] DEBUG:colcon.colcon_core.package_identification:Package 'src/controller' with type 'ros.ament_cmake' and name 'controller'
[0.213s] Level 1:colcon.colcon_core.package_identification:_identify(src/hexapod) by extensions ['ignore', 'ignore_ament_install']
[0.213s] Level 1:colcon.colcon_core.package_identification:_identify(src/hexapod) by extension 'ignore'
[0.213s] Level 1:colcon.colcon_core.package_identification:_identify(src/hexapod) by extension 'ignore_ament_install'
[0.213s] Level 1:colcon.colcon_core.package_identification:_identify(src/hexapod) by extensions ['colcon_pkg']
[0.213s] Level 1:colcon.colcon_core.package_identification:_identify(src/hexapod) by extension 'colcon_pkg'
[0.213s] Level 1:colcon.colcon_core.package_identification:_identify(src/hexapod) by extensions ['colcon_meta']
[0.213s] Level 1:colcon.colcon_core.package_identification:_identify(src/hexapod) by extension 'colcon_meta'
[0.213s] Level 1:colcon.colcon_core.package_identification:_identify(src/hexapod) by extensions ['ros']
[0.213s] Level 1:colcon.colcon_core.package_identification:_identify(src/hexapod) by extension 'ros'
[0.213s] DEBUG:colcon.colcon_core.package_identification:Package 'src/hexapod' with type 'ros.ament_cmake' and name 'hexapod'
[0.214s] Level 1:colcon.colcon_core.package_identification:_identify(src/hexapod_description) by extensions ['ignore', 'ignore_ament_install']
[0.214s] Level 1:colcon.colcon_core.package_identification:_identify(src/hexapod_description) by extension 'ignore'
[0.214s] Level 1:colcon.colcon_core.package_identification:_identify(src/hexapod_description) by extension 'ignore_ament_install'
[0.214s] Level 1:colcon.colcon_core.package_identification:_identify(src/hexapod_description) by extensions ['colcon_pkg']
[0.214s] Level 1:colcon.colcon_core.package_identification:_identify(src/hexapod_description) by extension 'colcon_pkg'
[0.214s] Level 1:colcon.colcon_core.package_identification:_identify(src/hexapod_description) by extensions ['colcon_meta']
[0.214s] Level 1:colcon.colcon_core.package_identification:_identify(src/hexapod_description) by extension 'colcon_meta'
[0.214s] Level 1:colcon.colcon_core.package_identification:_identify(src/hexapod_description) by extensions ['ros']
[0.214s] Level 1:colcon.colcon_core.package_identification:_identify(src/hexapod_description) by extension 'ros'
[0.214s] DEBUG:colcon.colcon_core.package_identification:Package 'src/hexapod_description' with type 'ros.ament_cmake' and name 'hexapod_description'
[0.214s] Level 1:colcon.colcon_core.package_identification:_identify(src/hexapod_simulation) by extensions ['ignore', 'ignore_ament_install']
[0.214s] Level 1:colcon.colcon_core.package_identification:_identify(src/hexapod_simulation) by extension 'ignore'
[0.214s] Level 1:colcon.colcon_core.package_identification:_identify(src/hexapod_simulation) by extension 'ignore_ament_install'
[0.214s] Level 1:colcon.colcon_core.package_identification:_identify(src/hexapod_simulation) by extensions ['colcon_pkg']
[0.214s] Level 1:colcon.colcon_core.package_identification:_identify(src/hexapod_simulation) by extension 'colcon_pkg'
[0.214s] Level 1:colcon.colcon_core.package_identification:_identify(src/hexapod_simulation) by extensions ['colcon_meta']
[0.214s] Level 1:colcon.colcon_core.package_identification:_identify(src/hexapod_simulation) by extension 'colcon_meta'
[0.214s] Level 1:colcon.colcon_core.package_identification:_identify(src/hexapod_simulation) by extensions ['ros']
[0.215s] Level 1:colcon.colcon_core.package_identification:_identify(src/hexapod_simulation) by extension 'ros'
[0.215s] DEBUG:colcon.colcon_core.package_identification:Package 'src/hexapod_simulation' with type 'ros.ament_cmake' and name 'hexapod_simulation'
[0.215s] Level 1:colcon.colcon_core.package_discovery:discover_packages(recursive) using defaults
[0.215s] Level 1:colcon.colcon_core.package_discovery:discover_packages(ignore) discover
[0.215s] Level 1:colcon.colcon_core.package_discovery:discover_packages(ignore) using defaults
[0.215s] Level 1:colcon.colcon_core.package_discovery:discover_packages(path) discover
[0.215s] Level 1:colcon.colcon_core.package_discovery:discover_packages(path) using defaults
[0.229s] Level 1:colcon.colcon_core.package_discovery:discover_packages(prefix_path) check parameters
[0.229s] Level 1:colcon.colcon_core.package_discovery:discover_packages(prefix_path) discover
[0.231s] DEBUG:colcon.colcon_installed_package_information.package_discovery:Found 333 installed packages in /opt/ros/humble
[0.233s] Level 1:colcon.colcon_core.package_discovery:discover_packages(prefix_path) using defaults
[0.258s] Level 5:colcon.colcon_core.verb:set package 'controller' build argument 'cmake_args' from command line to 'None'
[0.258s] Level 5:colcon.colcon_core.verb:set package 'controller' build argument 'cmake_target' from command line to 'None'
[0.258s] Level 5:colcon.colcon_core.verb:set package 'controller' build argument 'cmake_target_skip_unavailable' from command line to 'False'
[0.258s] Level 5:colcon.colcon_core.verb:set package 'controller' build argument 'cmake_clean_cache' from command line to 'False'
[0.258s] Level 5:colcon.colcon_core.verb:set package 'controller' build argument 'cmake_clean_first' from command line to 'False'
[0.258s] Level 5:colcon.colcon_core.verb:set package 'controller' build argument 'cmake_force_configure' from command line to 'False'
[0.258s] Level 5:colcon.colcon_core.verb:set package 'controller' build argument 'ament_cmake_args' from command line to 'None'
[0.258s] Level 5:colcon.colcon_core.verb:set package 'controller' build argument 'catkin_cmake_args' from command line to 'None'
[0.258s] Level 5:colcon.colcon_core.verb:set package 'controller' build argument 'catkin_skip_building_tests' from command line to 'False'
[0.258s] DEBUG:colcon.colcon_core.verb:Building package 'controller' with the following arguments: {'ament_cmake_args': None, 'build_base': '/home/oat/Desktop/FRA333_Kinematic_Project/build/controller', 'catkin_cmake_args': None, 'catkin_skip_building_tests': False, 'cmake_args': None, 'cmake_clean_cache': False, 'cmake_clean_first': False, 'cmake_force_configure': False, 'cmake_target': None, 'cmake_target_skip_unavailable': False, 'install_base': '/home/oat/Desktop/FRA333_Kinematic_Project/install/controller', 'merge_install': False, 'path': '/home/oat/Desktop/FRA333_Kinematic_Project/src/controller', 'symlink_install': True, 'test_result_base': None}
[0.258s] Level 5:colcon.colcon_core.verb:set package 'hexapod' build argument 'cmake_args' from command line to 'None'
[0.258s] Level 5:colcon.colcon_core.verb:set package 'hexapod' build argument 'cmake_target' from command line to 'None'
[0.258s] Level 5:colcon.colcon_core.verb:set package 'hexapod' build argument 'cmake_target_skip_unavailable' from command line to 'False'
[0.258s] Level 5:colcon.colcon_core.verb:set package 'hexapod' build argument 'cmake_clean_cache' from command line to 'False'
[0.258s] Level 5:colcon.colcon_core.verb:set package 'hexapod' build argument 'cmake_clean_first' from command line to 'False'
[0.258s] Level 5:colcon.colcon_core.verb:set package 'hexapod' build argument 'cmake_force_configure' from command line to 'False'
[0.258s] Level 5:colcon.colcon_core.verb:set package 'hexapod' build argument 'ament_cmake_args' from command line to 'None'
[0.258s] Level 5:colcon.colcon_core.verb:set package 'hexapod' build argument 'catkin_cmake_args' from command line to 'None'
[0.258s] Level 5:colcon.colcon_core.verb:set package 'hexapod' build argument 'catkin_skip_building_tests' from command line to 'False'
[0.258s] DEBUG:colcon.colcon_core.verb:Building package 'hexapod' with the following arguments: {'ament_cmake_args': None, 'build_base': '/home/oat/Desktop/FRA333_Kinematic_Project/build/hexapod', 'catkin_cmake_args': None, 'catkin_skip_building_tests': False, 'cmake_args': None, 'cmake_clean_cache': False, 'cmake_clean_first': False, 'cmake_force_configure': False, 'cmake_target': None, 'cmake_target_skip_unavailable': False, 'install_base': '/home/oat/Desktop/FRA333_Kinematic_Project/install/hexapod', 'merge_install': False, 'path': '/home/oat/Desktop/FRA333_Kinematic_Project/src/hexapod', 'symlink_install': True, 'test_result_base': None}
[0.259s] Level 5:colcon.colcon_core.verb:set package 'hexapod_description' build argument 'cmake_args' from command line to 'None'
[0.259s] Level 5:colcon.colcon_core.verb:set package 'hexapod_description' build argument 'cmake_target' from command line to 'None'
[0.259s] Level 5:colcon.colcon_core.verb:set package 'hexapod_description' build argument 'cmake_target_skip_unavailable' from command line to 'False'
[0.259s] Level 5:colcon.colcon_core.verb:set package 'hexapod_description' build argument 'cmake_clean_cache' from command line to 'False'
[0.259s] Level 5:colcon.colcon_core.verb:set package 'hexapod_description' build argument 'cmake_clean_first' from command line to 'False'
[0.259s] Level 5:colcon.colcon_core.verb:set package 'hexapod_description' build argument 'cmake_force_configure' from command line to 'False'
[0.259s] Level 5:colcon.colcon_core.verb:set package 'hexapod_description' build argument 'ament_cmake_args' from command line to 'None'
[0.259s] Level 5:colcon.colcon_core.verb:set package 'hexapod_description' build argument 'catkin_cmake_args' from command line to 'None'
[0.259s] Level 5:colcon.colcon_core.verb:set package 'hexapod_description' build argument 'catkin_skip_building_tests' from command line to 'False'
[0.259s] DEBUG:colcon.colcon_core.verb:Building package 'hexapod_description' with the following arguments: {'ament_cmake_args': None, 'build_base': '/home/oat/Desktop/FRA333_Kinematic_Project/build/hexapod_description', 'catkin_cmake_args': None, 'catkin_skip_building_tests': False, 'cmake_args': None, 'cmake_clean_cache': False, 'cmake_clean_first': False, 'cmake_force_configure': False, 'cmake_target': None, 'cmake_target_skip_unavailable': False, 'install_base': '/home/oat/Desktop/FRA333_Kinematic_Project/install/hexapod_description', 'merge_install': False, 'path': '/home/oat/Desktop/FRA333_Kinematic_Project/src/hexapod_description', 'symlink_install': True, 'test_result_base': None}
[0.259s] Level 5:colcon.colcon_core.verb:set package 'hexapod_simulation' build argument 'cmake_args' from command line to 'None'
[0.259s] Level 5:colcon.colcon_core.verb:set package 'hexapod_simulation' build argument 'cmake_target' from command line to 'None'
[0.259s] Level 5:colcon.colcon_core.verb:set package 'hexapod_simulation' build argument 'cmake_target_skip_unavailable' from command line to 'False'
[0.259s] Level 5:colcon.colcon_core.verb:set package 'hexapod_simulation' build argument 'cmake_clean_cache' from command line to 'False'
[0.259s] Level 5:colcon.colcon_core.verb:set package 'hexapod_simulation' build argument 'cmake_clean_first' from command line to 'False'
[0.259s] Level 5:colcon.colcon_core.verb:set package 'hexapod_simulation' build argument 'cmake_force_configure' from command line to 'False'
[0.259s] Level 5:colcon.colcon_core.verb:set package 'hexapod_simulation' build argument 'ament_cmake_args' from command line to 'None'
[0.259s] Level 5:colcon.colcon_core.verb:set package 'hexapod_simulation' build argument 'catkin_cmake_args' from command line to 'None'
[0.259s] Level 5:colcon.colcon_core.verb:set package 'hexapod_simulation' build argument 'catkin_skip_building_tests' from command line to 'False'
[0.259s] DEBUG:colcon.colcon_core.verb:Building package 'hexapod_simulation' with the following arguments: {'ament_cmake_args': None, 'build_base': '/home/oat/Desktop/FRA333_Kinematic_Project/build/hexapod_simulation', 'catkin_cmake_args': None, 'catkin_skip_building_tests': False, 'cmake_args': None, 'cmake_clean_cache': False, 'cmake_clean_first': False, 'cmake_force_configure': False, 'cmake_target': None, 'cmake_target_skip_unavailable': False, 'install_base': '/home/oat/Desktop/FRA333_Kinematic_Project/install/hexapod_simulation', 'merge_install': False, 'path': '/home/oat/Desktop/FRA333_Kinematic_Project/src/hexapod_simulation', 'symlink_install': True, 'test_result_base': None}
[0.259s] INFO:colcon.colcon_core.executor:Executing jobs using 'parallel' executor
[0.260s] DEBUG:colcon.colcon_parallel_executor.executor.parallel:run_until_complete
[0.260s] INFO:colcon.colcon_ros.task.ament_cmake.build:Building ROS package in '/home/oat/Desktop/FRA333_Kinematic_Project/src/controller' with build type 'ament_cmake'
[0.260s] INFO:colcon.colcon_cmake.task.cmake.build:Building CMake package in '/home/oat/Desktop/FRA333_Kinematic_Project/src/controller'
[0.261s] INFO:colcon.colcon_core.plugin_system:Skipping extension 'colcon_core.shell.bat': Not used on non-Windows systems
[0.262s] INFO:colcon.colcon_core.shell:Skip shell extension 'powershell' for command environment: Not usable outside of PowerShell
[0.262s] DEBUG:colcon.colcon_core.shell:Skip shell extension 'dsv' for command environment
[0.264s] INFO:colcon.colcon_ros.task.ament_cmake.build:Building ROS package in '/home/oat/Desktop/FRA333_Kinematic_Project/src/hexapod' with build type 'ament_cmake'
[0.264s] INFO:colcon.colcon_cmake.task.cmake.build:Building CMake package in '/home/oat/Desktop/FRA333_Kinematic_Project/src/hexapod'
[0.264s] INFO:colcon.colcon_core.shell:Skip shell extension 'powershell' for command environment: Not usable outside of PowerShell
[0.264s] DEBUG:colcon.colcon_core.shell:Skip shell extension 'dsv' for command environment
[0.266s] INFO:colcon.colcon_ros.task.ament_cmake.build:Building ROS package in '/home/oat/Desktop/FRA333_Kinematic_Project/src/hexapod_description' with build type 'ament_cmake'
[0.266s] INFO:colcon.colcon_cmake.task.cmake.build:Building CMake package in '/home/oat/Desktop/FRA333_Kinematic_Project/src/hexapod_description'
[0.266s] INFO:colcon.colcon_core.shell:Skip shell extension 'powershell' for command environment: Not usable outside of PowerShell
[0.266s] DEBUG:colcon.colcon_core.shell:Skip shell extension 'dsv' for command environment
[0.268s] INFO:colcon.colcon_ros.task.ament_cmake.build:Building ROS package in '/home/oat/Desktop/FRA333_Kinematic_Project/src/hexapod_simulation' with build type 'ament_cmake'
[0.268s] INFO:colcon.colcon_cmake.task.cmake.build:Building CMake package in '/home/oat/Desktop/FRA333_Kinematic_Project/src/hexapod_simulation'
[0.268s] INFO:colcon.colcon_core.shell:Skip shell extension 'powershell' for command environment: Not usable outside of PowerShell
[0.268s] DEBUG:colcon.colcon_core.shell:Skip shell extension 'dsv' for command environment
[0.272s] DEBUG:colcon.colcon_core.event_handler.log_command:Invoking command in '/home/oat/Desktop/FRA333_Kinematic_Project/build/controller': CMAKE_PREFIX_PATH=/opt/ros/humble /usr/bin/cmake /home/oat/Desktop/FRA333_Kinematic_Project/src/controller -DAMENT_CMAKE_SYMLINK_INSTALL=1 -DCMAKE_INSTALL_PREFIX=/home/oat/Desktop/FRA333_Kinematic_Project/install/controller
[0.273s] DEBUG:colcon.colcon_core.event_handler.log_command:Invoking command in '/home/oat/Desktop/FRA333_Kinematic_Project/build/hexapod': CMAKE_PREFIX_PATH=/opt/ros/humble /usr/bin/cmake /home/oat/Desktop/FRA333_Kinematic_Project/src/hexapod -DAMENT_CMAKE_SYMLINK_INSTALL=1 -DCMAKE_INSTALL_PREFIX=/home/oat/Desktop/FRA333_Kinematic_Project/install/hexapod
[0.275s] DEBUG:colcon.colcon_core.event_handler.log_command:Invoking command in '/home/oat/Desktop/FRA333_Kinematic_Project/build/hexapod_description': CMAKE_PREFIX_PATH=/opt/ros/humble /usr/bin/cmake /home/oat/Desktop/FRA333_Kinematic_Project/src/hexapod_description -DAMENT_CMAKE_SYMLINK_INSTALL=1 -DCMAKE_INSTALL_PREFIX=/home/oat/Desktop/FRA333_Kinematic_Project/install/hexapod_description
[0.276s] DEBUG:colcon.colcon_core.event_handler.log_command:Invoking command in '/home/oat/Desktop/FRA333_Kinematic_Project/build/hexapod_simulation': CMAKE_PREFIX_PATH=/opt/ros/humble /usr/bin/cmake /home/oat/Desktop/FRA333_Kinematic_Project/src/hexapod_simulation -DAMENT_CMAKE_SYMLINK_INSTALL=1 -DCMAKE_INSTALL_PREFIX=/home/oat/Desktop/FRA333_Kinematic_Project/install/hexapod_simulation
[1.503s] DEBUG:colcon.colcon_core.event_handler.log_command:Invoked command in '/home/oat/Desktop/FRA333_Kinematic_Project/build/controller' returned '0': CMAKE_PREFIX_PATH=/opt/ros/humble /usr/bin/cmake /home/oat/Desktop/FRA333_Kinematic_Project/src/controller -DAMENT_CMAKE_SYMLINK_INSTALL=1 -DCMAKE_INSTALL_PREFIX=/home/oat/Desktop/FRA333_Kinematic_Project/install/controller
[1.505s] DEBUG:colcon.colcon_core.event_handler.log_command:Invoking command in '/home/oat/Desktop/FRA333_Kinematic_Project/build/controller': CMAKE_PREFIX_PATH=/opt/ros/humble /usr/bin/cmake --build /home/oat/Desktop/FRA333_Kinematic_Project/build/controller -- -j20 -l20
[1.536s] DEBUG:colcon.colcon_core.event_handler.log_command:Invoked command in '/home/oat/Desktop/FRA333_Kinematic_Project/build/hexapod_simulation' returned '0': CMAKE_PREFIX_PATH=/opt/ros/humble /usr/bin/cmake /home/oat/Desktop/FRA333_Kinematic_Project/src/hexapod_simulation -DAMENT_CMAKE_SYMLINK_INSTALL=1 -DCMAKE_INSTALL_PREFIX=/home/oat/Desktop/FRA333_Kinematic_Project/install/hexapod_simulation
[1.537s] DEBUG:colcon.colcon_core.event_handler.log_command:Invoking command in '/home/oat/Desktop/FRA333_Kinematic_Project/build/hexapod_simulation': CMAKE_PREFIX_PATH=/opt/ros/humble /usr/bin/cmake --build /home/oat/Desktop/FRA333_Kinematic_Project/build/hexapod_simulation -- -j20 -l20
[1.602s] DEBUG:colcon.colcon_core.event_handler.log_command:Invoked command in '/home/oat/Desktop/FRA333_Kinematic_Project/build/hexapod' returned '0': CMAKE_PREFIX_PATH=/opt/ros/humble /usr/bin/cmake /home/oat/Desktop/FRA333_Kinematic_Project/src/hexapod -DAMENT_CMAKE_SYMLINK_INSTALL=1 -DCMAKE_INSTALL_PREFIX=/home/oat/Desktop/FRA333_Kinematic_Project/install/hexapod
[1.604s] DEBUG:colcon.colcon_core.event_handler.log_command:Invoking command in '/home/oat/Desktop/FRA333_Kinematic_Project/build/hexapod': CMAKE_PREFIX_PATH=/opt/ros/humble /usr/bin/cmake --build /home/oat/Desktop/FRA333_Kinematic_Project/build/hexapod -- -j20 -l20
[1.631s] DEBUG:colcon.colcon_core.event_handler.log_command:Invoked command in '/home/oat/Desktop/FRA333_Kinematic_Project/build/hexapod_description' returned '0': CMAKE_PREFIX_PATH=/opt/ros/humble /usr/bin/cmake /home/oat/Desktop/FRA333_Kinematic_Project/src/hexapod_description -DAMENT_CMAKE_SYMLINK_INSTALL=1 -DCMAKE_INSTALL_PREFIX=/home/oat/Desktop/FRA333_Kinematic_Project/install/hexapod_description
[1.633s] DEBUG:colcon.colcon_core.event_handler.log_command:Invoking command in '/home/oat/Desktop/FRA333_Kinematic_Project/build/hexapod_description': CMAKE_PREFIX_PATH=/opt/ros/humble /usr/bin/cmake --build /home/oat/Desktop/FRA333_Kinematic_Project/build/hexapod_description -- -j20 -l20
[2.008s] DEBUG:colcon.colcon_core.event_handler.log_command:Invoked command in '/home/oat/Desktop/FRA333_Kinematic_Project/build/controller' returned '0': CMAKE_PREFIX_PATH=/opt/ros/humble /usr/bin/cmake --build /home/oat/Desktop/FRA333_Kinematic_Project/build/controller -- -j20 -l20
[2.018s] DEBUG:colcon.colcon_core.event_handler.log_command:Invoking command in '/home/oat/Desktop/FRA333_Kinematic_Project/build/controller': CMAKE_PREFIX_PATH=/opt/ros/humble /usr/bin/cmake --install /home/oat/Desktop/FRA333_Kinematic_Project/build/controller
[2.106s] DEBUG:colcon.colcon_core.event_handler.log_command:Invoked command in '/home/oat/Desktop/FRA333_Kinematic_Project/build/hexapod' returned '0': CMAKE_PREFIX_PATH=/opt/ros/humble /usr/bin/cmake --build /home/oat/Desktop/FRA333_Kinematic_Project/build/hexapod -- -j20 -l20
[2.107s] DEBUG:colcon.colcon_core.event_handler.log_command:Invoking command in '/home/oat/Desktop/FRA333_Kinematic_Project/build/hexapod': CMAKE_PREFIX_PATH=/opt/ros/humble /usr/bin/cmake --install /home/oat/Desktop/FRA333_Kinematic_Project/build/hexapod
[2.109s] DEBUG:colcon.colcon_core.event_handler.log_command:Invoked command in '/home/oat/Desktop/FRA333_Kinematic_Project/build/hexapod_simulation' returned '0': CMAKE_PREFIX_PATH=/opt/ros/humble /usr/bin/cmake --build /home/oat/Desktop/FRA333_Kinematic_Project/build/hexapod_simulation -- -j20 -l20
[2.111s] DEBUG:colcon.colcon_core.event_handler.log_command:Invoking command in '/home/oat/Desktop/FRA333_Kinematic_Project/build/hexapod_simulation': CMAKE_PREFIX_PATH=/opt/ros/humble /usr/bin/cmake --install /home/oat/Desktop/FRA333_Kinematic_Project/build/hexapod_simulation
[2.248s] DEBUG:colcon.colcon_core.event_handler.log_command:Invoked command in '/home/oat/Desktop/FRA333_Kinematic_Project/build/hexapod_description' returned '0': CMAKE_PREFIX_PATH=/opt/ros/humble /usr/bin/cmake --build /home/oat/Desktop/FRA333_Kinematic_Project/build/hexapod_description -- -j20 -l20
[2.250s] DEBUG:colcon.colcon_core.event_handler.log_command:Invoking command in '/home/oat/Desktop/FRA333_Kinematic_Project/build/hexapod_description': CMAKE_PREFIX_PATH=/opt/ros/humble /usr/bin/cmake --install /home/oat/Desktop/FRA333_Kinematic_Project/build/hexapod_description
[2.386s] Level 1:colcon.colcon_core.environment:create_environment_scripts_only(controller)
[2.387s] DEBUG:colcon.colcon_core.event_handler.log_command:Invoked command in '/home/oat/Desktop/FRA333_Kinematic_Project/build/controller' returned '0': CMAKE_PREFIX_PATH=/opt/ros/humble /usr/bin/cmake --install /home/oat/Desktop/FRA333_Kinematic_Project/build/controller
[2.389s] Level 1:colcon.colcon_core.environment:checking '/home/oat/Desktop/FRA333_Kinematic_Project/install/controller' for CMake module files
[2.390s] Level 1:colcon.colcon_core.environment:checking '/home/oat/Desktop/FRA333_Kinematic_Project/install/controller' for CMake config files
[2.390s] Level 1:colcon.colcon_core.shell:create_environment_hook('controller', 'cmake_prefix_path')
[2.390s] INFO:colcon.colcon_core.shell:Creating environment hook '/home/oat/Desktop/FRA333_Kinematic_Project/install/controller/share/controller/hook/cmake_prefix_path.ps1'
[2.391s] INFO:colcon.colcon_core.shell:Creating environment descriptor '/home/oat/Desktop/FRA333_Kinematic_Project/install/controller/share/controller/hook/cmake_prefix_path.dsv'
[2.391s] INFO:colcon.colcon_core.shell:Creating environment hook '/home/oat/Desktop/FRA333_Kinematic_Project/install/controller/share/controller/hook/cmake_prefix_path.sh'
[2.392s] Level 1:colcon.colcon_core.environment:checking '/home/oat/Desktop/FRA333_Kinematic_Project/install/controller/lib'
[2.393s] Level 1:colcon.colcon_core.environment:checking '/home/oat/Desktop/FRA333_Kinematic_Project/install/controller/bin'
[2.393s] Level 1:colcon.colcon_core.environment:checking '/home/oat/Desktop/FRA333_Kinematic_Project/install/controller/lib/pkgconfig/controller.pc'
[2.393s] Level 1:colcon.colcon_core.environment:checking '/home/oat/Desktop/FRA333_Kinematic_Project/install/controller/lib/python3.10/site-packages'
[2.393s] Level 1:colcon.colcon_core.environment:checking '/home/oat/Desktop/FRA333_Kinematic_Project/install/controller/bin'
[2.393s] INFO:colcon.colcon_core.shell:Creating package script '/home/oat/Desktop/FRA333_Kinematic_Project/install/controller/share/controller/package.ps1'
[2.394s] INFO:colcon.colcon_core.shell:Creating package descriptor '/home/oat/Desktop/FRA333_Kinematic_Project/install/controller/share/controller/package.dsv'
[2.395s] INFO:colcon.colcon_core.shell:Creating package script '/home/oat/Desktop/FRA333_Kinematic_Project/install/controller/share/controller/package.sh'
[2.396s] INFO:colcon.colcon_core.shell:Creating package script '/home/oat/Desktop/FRA333_Kinematic_Project/install/controller/share/controller/package.bash'
[2.396s] INFO:colcon.colcon_core.shell:Creating package script '/home/oat/Desktop/FRA333_Kinematic_Project/install/controller/share/controller/package.zsh'
[2.397s] Level 1:colcon.colcon_core.environment:create_file_with_runtime_dependencies(/home/oat/Desktop/FRA333_Kinematic_Project/install/controller/share/colcon-core/packages/controller)
[2.398s] Level 1:colcon.colcon_core.environment:create_environment_scripts_only(controller)
[2.398s] Level 1:colcon.colcon_core.environment:checking '/home/oat/Desktop/FRA333_Kinematic_Project/install/controller' for CMake module files
[2.399s] Level 1:colcon.colcon_core.environment:checking '/home/oat/Desktop/FRA333_Kinematic_Project/install/controller' for CMake config files
[2.399s] Level 1:colcon.colcon_core.shell:create_environment_hook('controller', 'cmake_prefix_path')
[2.399s] INFO:colcon.colcon_core.shell:Creating environment hook '/home/oat/Desktop/FRA333_Kinematic_Project/install/controller/share/controller/hook/cmake_prefix_path.ps1'
[2.400s] INFO:colcon.colcon_core.shell:Creating environment descriptor '/home/oat/Desktop/FRA333_Kinematic_Project/install/controller/share/controller/hook/cmake_prefix_path.dsv'
[2.400s] INFO:colcon.colcon_core.shell:Creating environment hook '/home/oat/Desktop/FRA333_Kinematic_Project/install/controller/share/controller/hook/cmake_prefix_path.sh'
[2.400s] Level 1:colcon.colcon_core.environment:checking '/home/oat/Desktop/FRA333_Kinematic_Project/install/controller/lib'
[2.401s] Level 1:colcon.colcon_core.environment:checking '/home/oat/Desktop/FRA333_Kinematic_Project/install/controller/bin'
[2.401s] Level 1:colcon.colcon_core.environment:checking '/home/oat/Desktop/FRA333_Kinematic_Project/install/controller/lib/pkgconfig/controller.pc'
[2.401s] Level 1:colcon.colcon_core.environment:checking '/home/oat/Desktop/FRA333_Kinematic_Project/install/controller/lib/python3.10/site-packages'
[2.401s] Level 1:colcon.colcon_core.environment:checking '/home/oat/Desktop/FRA333_Kinematic_Project/install/controller/bin'
[2.401s] INFO:colcon.colcon_core.shell:Creating package script '/home/oat/Desktop/FRA333_Kinematic_Project/install/controller/share/controller/package.ps1'
[2.402s] INFO:colcon.colcon_core.shell:Creating package descriptor '/home/oat/Desktop/FRA333_Kinematic_Project/install/controller/share/controller/package.dsv'
[2.402s] INFO:colcon.colcon_core.shell:Creating package script '/home/oat/Desktop/FRA333_Kinematic_Project/install/controller/share/controller/package.sh'
[2.403s] INFO:colcon.colcon_core.shell:Creating package script '/home/oat/Desktop/FRA333_Kinematic_Project/install/controller/share/controller/package.bash'
[2.403s] INFO:colcon.colcon_core.shell:Creating package script '/home/oat/Desktop/FRA333_Kinematic_Project/install/controller/share/controller/package.zsh'
[2.404s] Level 1:colcon.colcon_core.environment:create_file_with_runtime_dependencies(/home/oat/Desktop/FRA333_Kinematic_Project/install/controller/share/colcon-core/packages/controller)
[2.473s] Level 1:colcon.colcon_core.environment:create_environment_scripts_only(hexapod_simulation)
[2.474s] DEBUG:colcon.colcon_core.event_handler.log_command:Invoked command in '/home/oat/Desktop/FRA333_Kinematic_Project/build/hexapod_simulation' returned '0': CMAKE_PREFIX_PATH=/opt/ros/humble /usr/bin/cmake --install /home/oat/Desktop/FRA333_Kinematic_Project/build/hexapod_simulation
[2.475s] Level 1:colcon.colcon_core.environment:checking '/home/oat/Desktop/FRA333_Kinematic_Project/install/hexapod_simulation' for CMake module files
[2.476s] Level 1:colcon.colcon_core.environment:checking '/home/oat/Desktop/FRA333_Kinematic_Project/install/hexapod_simulation' for CMake config files
[2.476s] Level 1:colcon.colcon_core.shell:create_environment_hook('hexapod_simulation', 'cmake_prefix_path')
[2.476s] INFO:colcon.colcon_core.shell:Creating environment hook '/home/oat/Desktop/FRA333_Kinematic_Project/install/hexapod_simulation/share/hexapod_simulation/hook/cmake_prefix_path.ps1'
[2.477s] INFO:colcon.colcon_core.shell:Creating environment descriptor '/home/oat/Desktop/FRA333_Kinematic_Project/install/hexapod_simulation/share/hexapod_simulation/hook/cmake_prefix_path.dsv'
[2.478s] INFO:colcon.colcon_core.shell:Creating environment hook '/home/oat/Desktop/FRA333_Kinematic_Project/install/hexapod_simulation/share/hexapod_simulation/hook/cmake_prefix_path.sh'
[2.480s] Level 1:colcon.colcon_core.environment:checking '/home/oat/Desktop/FRA333_Kinematic_Project/install/hexapod_simulation/lib'
[2.480s] Level 1:colcon.colcon_core.environment:checking '/home/oat/Desktop/FRA333_Kinematic_Project/install/hexapod_simulation/bin'
[2.480s] Level 1:colcon.colcon_core.environment:checking '/home/oat/Desktop/FRA333_Kinematic_Project/install/hexapod_simulation/lib/pkgconfig/hexapod_simulation.pc'
[2.481s] Level 1:colcon.colcon_core.environment:checking '/home/oat/Desktop/FRA333_Kinematic_Project/install/hexapod_simulation/lib/python3.10/site-packages'
[2.481s] Level 1:colcon.colcon_core.environment:checking '/home/oat/Desktop/FRA333_Kinematic_Project/install/hexapod_simulation/bin'
[2.482s] INFO:colcon.colcon_core.shell:Creating package script '/home/oat/Desktop/FRA333_Kinematic_Project/install/hexapod_simulation/share/hexapod_simulation/package.ps1'
[2.483s] INFO:colcon.colcon_core.shell:Creating package descriptor '/home/oat/Desktop/FRA333_Kinematic_Project/install/hexapod_simulation/share/hexapod_simulation/package.dsv'
[2.484s] INFO:colcon.colcon_core.shell:Creating package script '/home/oat/Desktop/FRA333_Kinematic_Project/install/hexapod_simulation/share/hexapod_simulation/package.sh'
[2.485s] INFO:colcon.colcon_core.shell:Creating package script '/home/oat/Desktop/FRA333_Kinematic_Project/install/hexapod_simulation/share/hexapod_simulation/package.bash'
[2.486s] INFO:colcon.colcon_core.shell:Creating package script '/home/oat/Desktop/FRA333_Kinematic_Project/install/hexapod_simulation/share/hexapod_simulation/package.zsh'
[2.487s] Level 1:colcon.colcon_core.environment:create_file_with_runtime_dependencies(/home/oat/Desktop/FRA333_Kinematic_Project/install/hexapod_simulation/share/colcon-core/packages/hexapod_simulation)
[2.488s] Level 1:colcon.colcon_core.environment:create_environment_scripts_only(hexapod_simulation)
[2.489s] Level 1:colcon.colcon_core.environment:checking '/home/oat/Desktop/FRA333_Kinematic_Project/install/hexapod_simulation' for CMake module files
[2.490s] Level 1:colcon.colcon_core.environment:checking '/home/oat/Desktop/FRA333_Kinematic_Project/install/hexapod_simulation' for CMake config files
[2.491s] Level 1:colcon.colcon_core.shell:create_environment_hook('hexapod_simulation', 'cmake_prefix_path')
[2.492s] INFO:colcon.colcon_core.shell:Creating environment hook '/home/oat/Desktop/FRA333_Kinematic_Project/install/hexapod_simulation/share/hexapod_simulation/hook/cmake_prefix_path.ps1'
[2.493s] INFO:colcon.colcon_core.shell:Creating environment descriptor '/home/oat/Desktop/FRA333_Kinematic_Project/install/hexapod_simulation/share/hexapod_simulation/hook/cmake_prefix_path.dsv'
[2.494s] INFO:colcon.colcon_core.shell:Creating environment hook '/home/oat/Desktop/FRA333_Kinematic_Project/install/hexapod_simulation/share/hexapod_simulation/hook/cmake_prefix_path.sh'
[2.495s] Level 1:colcon.colcon_core.environment:checking '/home/oat/Desktop/FRA333_Kinematic_Project/install/hexapod_simulation/lib'
[2.495s] Level 1:colcon.colcon_core.environment:checking '/home/oat/Desktop/FRA333_Kinematic_Project/install/hexapod_simulation/bin'
[2.495s] Level 1:colcon.colcon_core.environment:checking '/home/oat/Desktop/FRA333_Kinematic_Project/install/hexapod_simulation/lib/pkgconfig/hexapod_simulation.pc'
[2.496s] Level 1:colcon.colcon_core.environment:checking '/home/oat/Desktop/FRA333_Kinematic_Project/install/hexapod_simulation/lib/python3.10/site-packages'
[2.497s] Level 1:colcon.colcon_core.environment:checking '/home/oat/Desktop/FRA333_Kinematic_Project/install/hexapod_simulation/bin'
[2.497s] INFO:colcon.colcon_core.shell:Creating package script '/home/oat/Desktop/FRA333_Kinematic_Project/install/hexapod_simulation/share/hexapod_simulation/package.ps1'
[2.499s] INFO:colcon.colcon_core.shell:Creating package descriptor '/home/oat/Desktop/FRA333_Kinematic_Project/install/hexapod_simulation/share/hexapod_simulation/package.dsv'
[2.500s] INFO:colcon.colcon_core.shell:Creating package script '/home/oat/Desktop/FRA333_Kinematic_Project/install/hexapod_simulation/share/hexapod_simulation/package.sh'
[2.501s] INFO:colcon.colcon_core.shell:Creating package script '/home/oat/Desktop/FRA333_Kinematic_Project/install/hexapod_simulation/share/hexapod_simulation/package.bash'
[2.502s] INFO:colcon.colcon_core.shell:Creating package script '/home/oat/Desktop/FRA333_Kinematic_Project/install/hexapod_simulation/share/hexapod_simulation/package.zsh'
[2.503s] Level 1:colcon.colcon_core.environment:create_file_with_runtime_dependencies(/home/oat/Desktop/FRA333_Kinematic_Project/install/hexapod_simulation/share/colcon-core/packages/hexapod_simulation)
[2.621s] Level 1:colcon.colcon_core.environment:create_environment_scripts_only(hexapod)
[2.622s] Level 1:colcon.colcon_core.environment:checking '/home/oat/Desktop/FRA333_Kinematic_Project/install/hexapod' for CMake module files
[2.622s] DEBUG:colcon.colcon_core.event_handler.log_command:Invoked command in '/home/oat/Desktop/FRA333_Kinematic_Project/build/hexapod' returned '0': CMAKE_PREFIX_PATH=/opt/ros/humble /usr/bin/cmake --install /home/oat/Desktop/FRA333_Kinematic_Project/build/hexapod
[2.623s] Level 1:colcon.colcon_core.environment:checking '/home/oat/Desktop/FRA333_Kinematic_Project/install/hexapod' for CMake config files
[2.623s] Level 1:colcon.colcon_core.shell:create_environment_hook('hexapod', 'cmake_prefix_path')
[2.624s] INFO:colcon.colcon_core.shell:Creating environment hook '/home/oat/Desktop/FRA333_Kinematic_Project/install/hexapod/share/hexapod/hook/cmake_prefix_path.ps1'
[2.624s] INFO:colcon.colcon_core.shell:Creating environment descriptor '/home/oat/Desktop/FRA333_Kinematic_Project/install/hexapod/share/hexapod/hook/cmake_prefix_path.dsv'
[2.625s] INFO:colcon.colcon_core.shell:Creating environment hook '/home/oat/Desktop/FRA333_Kinematic_Project/install/hexapod/share/hexapod/hook/cmake_prefix_path.sh'
[2.626s] Level 1:colcon.colcon_core.environment:checking '/home/oat/Desktop/FRA333_Kinematic_Project/install/hexapod/lib'
[2.626s] Level 1:colcon.colcon_core.environment:checking '/home/oat/Desktop/FRA333_Kinematic_Project/install/hexapod/bin'
[2.626s] Level 1:colcon.colcon_core.environment:checking '/home/oat/Desktop/FRA333_Kinematic_Project/install/hexapod/lib/pkgconfig/hexapod.pc'
[2.626s] Level 1:colcon.colcon_core.environment:checking '/home/oat/Desktop/FRA333_Kinematic_Project/install/hexapod/lib/python3.10/site-packages'
[2.627s] Level 1:colcon.colcon_core.environment:checking '/home/oat/Desktop/FRA333_Kinematic_Project/install/hexapod/bin'
[2.627s] INFO:colcon.colcon_core.shell:Creating package script '/home/oat/Desktop/FRA333_Kinematic_Project/install/hexapod/share/hexapod/package.ps1'
[2.628s] INFO:colcon.colcon_core.shell:Creating package descriptor '/home/oat/Desktop/FRA333_Kinematic_Project/install/hexapod/share/hexapod/package.dsv'
[2.628s] INFO:colcon.colcon_core.shell:Creating package script '/home/oat/Desktop/FRA333_Kinematic_Project/install/hexapod/share/hexapod/package.sh'
[2.629s] INFO:colcon.colcon_core.shell:Creating package script '/home/oat/Desktop/FRA333_Kinematic_Project/install/hexapod/share/hexapod/package.bash'
[2.629s] INFO:colcon.colcon_core.shell:Creating package script '/home/oat/Desktop/FRA333_Kinematic_Project/install/hexapod/share/hexapod/package.zsh'
[2.629s] Level 1:colcon.colcon_core.environment:create_file_with_runtime_dependencies(/home/oat/Desktop/FRA333_Kinematic_Project/install/hexapod/share/colcon-core/packages/hexapod)
[2.630s] Level 1:colcon.colcon_core.environment:create_environment_scripts_only(hexapod)
[2.631s] Level 1:colcon.colcon_core.environment:checking '/home/oat/Desktop/FRA333_Kinematic_Project/install/hexapod' for CMake module files
[2.631s] Level 1:colcon.colcon_core.environment:checking '/home/oat/Desktop/FRA333_Kinematic_Project/install/hexapod' for CMake config files
[2.632s] Level 1:colcon.colcon_core.shell:create_environment_hook('hexapod', 'cmake_prefix_path')
[2.632s] INFO:colcon.colcon_core.shell:Creating environment hook '/home/oat/Desktop/FRA333_Kinematic_Project/install/hexapod/share/hexapod/hook/cmake_prefix_path.ps1'
[2.633s] INFO:colcon.colcon_core.shell:Creating environment descriptor '/home/oat/Desktop/FRA333_Kinematic_Project/install/hexapod/share/hexapod/hook/cmake_prefix_path.dsv'
[2.633s] INFO:colcon.colcon_core.shell:Creating environment hook '/home/oat/Desktop/FRA333_Kinematic_Project/install/hexapod/share/hexapod/hook/cmake_prefix_path.sh'
[2.634s] Level 1:colcon.colcon_core.environment:checking '/home/oat/Desktop/FRA333_Kinematic_Project/install/hexapod/lib'
[2.634s] Level 1:colcon.colcon_core.environment:checking '/home/oat/Desktop/FRA333_Kinematic_Project/install/hexapod/bin'
[2.634s] Level 1:colcon.colcon_core.environment:checking '/home/oat/Desktop/FRA333_Kinematic_Project/install/hexapod/lib/pkgconfig/hexapod.pc'
[2.634s] Level 1:colcon.colcon_core.environment:checking '/home/oat/Desktop/FRA333_Kinematic_Project/install/hexapod/lib/python3.10/site-packages'
[2.635s] Level 1:colcon.colcon_core.environment:checking '/home/oat/Desktop/FRA333_Kinematic_Project/install/hexapod/bin'
[2.635s] INFO:colcon.colcon_core.shell:Creating package script '/home/oat/Desktop/FRA333_Kinematic_Project/install/hexapod/share/hexapod/package.ps1'
[2.636s] INFO:colcon.colcon_core.shell:Creating package descriptor '/home/oat/Desktop/FRA333_Kinematic_Project/install/hexapod/share/hexapod/package.dsv'
[2.636s] INFO:colcon.colcon_core.shell:Creating package script '/home/oat/Desktop/FRA333_Kinematic_Project/install/hexapod/share/hexapod/package.sh'
[2.637s] INFO:colcon.colcon_core.shell:Creating package script '/home/oat/Desktop/FRA333_Kinematic_Project/install/hexapod/share/hexapod/package.bash'
[2.638s] INFO:colcon.colcon_core.shell:Creating package script '/home/oat/Desktop/FRA333_Kinematic_Project/install/hexapod/share/hexapod/package.zsh'
[2.638s] Level 1:colcon.colcon_core.environment:create_file_with_runtime_dependencies(/home/oat/Desktop/FRA333_Kinematic_Project/install/hexapod/share/colcon-core/packages/hexapod)
[2.787s] Level 1:colcon.colcon_core.environment:create_environment_scripts_only(hexapod_description)
[2.788s] Level 1:colcon.colcon_core.environment:checking '/home/oat/Desktop/FRA333_Kinematic_Project/install/hexapod_description' for CMake module files
[2.789s] DEBUG:colcon.colcon_core.event_handler.log_command:Invoked command in '/home/oat/Desktop/FRA333_Kinematic_Project/build/hexapod_description' returned '0': CMAKE_PREFIX_PATH=/opt/ros/humble /usr/bin/cmake --install /home/oat/Desktop/FRA333_Kinematic_Project/build/hexapod_description
[2.789s] Level 1:colcon.colcon_core.environment:checking '/home/oat/Desktop/FRA333_Kinematic_Project/install/hexapod_description' for CMake config files
[2.789s] Level 1:colcon.colcon_core.shell:create_environment_hook('hexapod_description', 'cmake_prefix_path')
[2.790s] INFO:colcon.colcon_core.shell:Creating environment hook '/home/oat/Desktop/FRA333_Kinematic_Project/install/hexapod_description/share/hexapod_description/hook/cmake_prefix_path.ps1'
[2.790s] INFO:colcon.colcon_core.shell:Creating environment descriptor '/home/oat/Desktop/FRA333_Kinematic_Project/install/hexapod_description/share/hexapod_description/hook/cmake_prefix_path.dsv'
[2.791s] INFO:colcon.colcon_core.shell:Creating environment hook '/home/oat/Desktop/FRA333_Kinematic_Project/install/hexapod_description/share/hexapod_description/hook/cmake_prefix_path.sh'
[2.792s] Level 1:colcon.colcon_core.environment:checking '/home/oat/Desktop/FRA333_Kinematic_Project/install/hexapod_description/lib'
[2.792s] Level 1:colcon.colcon_core.environment:checking '/home/oat/Desktop/FRA333_Kinematic_Project/install/hexapod_description/bin'
[2.792s] Level 1:colcon.colcon_core.environment:checking '/home/oat/Desktop/FRA333_Kinematic_Project/install/hexapod_description/lib/pkgconfig/hexapod_description.pc'
[2.793s] Level 1:colcon.colcon_core.environment:checking '/home/oat/Desktop/FRA333_Kinematic_Project/install/hexapod_description/lib/python3.10/site-packages'
[2.793s] Level 1:colcon.colcon_core.environment:checking '/home/oat/Desktop/FRA333_Kinematic_Project/install/hexapod_description/bin'
[2.794s] INFO:colcon.colcon_core.shell:Creating package script '/home/oat/Desktop/FRA333_Kinematic_Project/install/hexapod_description/share/hexapod_description/package.ps1'
[2.795s] INFO:colcon.colcon_core.shell:Creating package descriptor '/home/oat/Desktop/FRA333_Kinematic_Project/install/hexapod_description/share/hexapod_description/package.dsv'
[2.796s] INFO:colcon.colcon_core.shell:Creating package script '/home/oat/Desktop/FRA333_Kinematic_Project/install/hexapod_description/share/hexapod_description/package.sh'
[2.797s] INFO:colcon.colcon_core.shell:Creating package script '/home/oat/Desktop/FRA333_Kinematic_Project/install/hexapod_description/share/hexapod_description/package.bash'
[2.797s] INFO:colcon.colcon_core.shell:Creating package script '/home/oat/Desktop/FRA333_Kinematic_Project/install/hexapod_description/share/hexapod_description/package.zsh'
[2.797s] Level 1:colcon.colcon_core.environment:create_file_with_runtime_dependencies(/home/oat/Desktop/FRA333_Kinematic_Project/install/hexapod_description/share/colcon-core/packages/hexapod_description)
[2.798s] Level 1:colcon.colcon_core.environment:create_environment_scripts_only(hexapod_description)
[2.798s] Level 1:colcon.colcon_core.environment:checking '/home/oat/Desktop/FRA333_Kinematic_Project/install/hexapod_description' for CMake module files
[2.799s] Level 1:colcon.colcon_core.environment:checking '/home/oat/Desktop/FRA333_Kinematic_Project/install/hexapod_description' for CMake config files
[2.799s] Level 1:colcon.colcon_core.shell:create_environment_hook('hexapod_description', 'cmake_prefix_path')
[2.799s] INFO:colcon.colcon_core.shell:Creating environment hook '/home/oat/Desktop/FRA333_Kinematic_Project/install/hexapod_description/share/hexapod_description/hook/cmake_prefix_path.ps1'
[2.800s] INFO:colcon.colcon_core.shell:Creating environment descriptor '/home/oat/Desktop/FRA333_Kinematic_Project/install/hexapod_description/share/hexapod_description/hook/cmake_prefix_path.dsv'
[2.800s] INFO:colcon.colcon_core.shell:Creating environment hook '/home/oat/Desktop/FRA333_Kinematic_Project/install/hexapod_description/share/hexapod_description/hook/cmake_prefix_path.sh'
[2.800s] Level 1:colcon.colcon_core.environment:checking '/home/oat/Desktop/FRA333_Kinematic_Project/install/hexapod_description/lib'
[2.801s] Level 1:colcon.colcon_core.environment:checking '/home/oat/Desktop/FRA333_Kinematic_Project/install/hexapod_description/bin'
[2.801s] Level 1:colcon.colcon_core.environment:checking '/home/oat/Desktop/FRA333_Kinematic_Project/install/hexapod_description/lib/pkgconfig/hexapod_description.pc'
[2.801s] Level 1:colcon.colcon_core.environment:checking '/home/oat/Desktop/FRA333_Kinematic_Project/install/hexapod_description/lib/python3.10/site-packages'
[2.801s] Level 1:colcon.colcon_core.environment:checking '/home/oat/Desktop/FRA333_Kinematic_Project/install/hexapod_description/bin'
[2.801s] INFO:colcon.colcon_core.shell:Creating package script '/home/oat/Desktop/FRA333_Kinematic_Project/install/hexapod_description/share/hexapod_description/package.ps1'
[2.802s] INFO:colcon.colcon_core.shell:Creating package descriptor '/home/oat/Desktop/FRA333_Kinematic_Project/install/hexapod_description/share/hexapod_description/package.dsv'
[2.803s] INFO:colcon.colcon_core.shell:Creating package script '/home/oat/Desktop/FRA333_Kinematic_Project/install/hexapod_description/share/hexapod_description/package.sh'
[2.803s] INFO:colcon.colcon_core.shell:Creating package script '/home/oat/Desktop/FRA333_Kinematic_Project/install/hexapod_description/share/hexapod_description/package.bash'
[2.803s] INFO:colcon.colcon_core.shell:Creating package script '/home/oat/Desktop/FRA333_Kinematic_Project/install/hexapod_description/share/hexapod_description/package.zsh'
[2.804s] Level 1:colcon.colcon_core.environment:create_file_with_runtime_dependencies(/home/oat/Desktop/FRA333_Kinematic_Project/install/hexapod_description/share/colcon-core/packages/hexapod_description)
[2.804s] DEBUG:colcon.colcon_parallel_executor.executor.parallel:closing loop
[2.804s] DEBUG:colcon.colcon_parallel_executor.executor.parallel:loop closed
[2.804s] DEBUG:colcon.colcon_parallel_executor.executor.parallel:run_until_complete finished with '0'
[2.805s] DEBUG:colcon.colcon_core.event_reactor:joining thread
[2.810s] INFO:colcon.colcon_core.plugin_system:Skipping extension 'colcon_notification.desktop_notification.terminal_notifier': Not used on non-Darwin systems
[2.810s] INFO:colcon.colcon_core.plugin_system:Skipping extension 'colcon_notification.desktop_notification.win32': Not used on non-Windows systems
[2.810s] INFO:colcon.colcon_notification.desktop_notification:Sending desktop notification using 'notify2'
[2.825s] DEBUG:colcon.colcon_core.event_reactor:joined thread
[2.825s] INFO:colcon.colcon_core.shell:Creating prefix script '/home/oat/Desktop/FRA333_Kinematic_Project/install/local_setup.ps1'
[2.827s] INFO:colcon.colcon_core.shell:Creating prefix util module '/home/oat/Desktop/FRA333_Kinematic_Project/install/_local_setup_util_ps1.py'
[2.829s] INFO:colcon.colcon_core.shell:Creating prefix chain script '/home/oat/Desktop/FRA333_Kinematic_Project/install/setup.ps1'
[2.832s] INFO:colcon.colcon_core.shell:Creating prefix script '/home/oat/Desktop/FRA333_Kinematic_Project/install/local_setup.sh'
[2.834s] INFO:colcon.colcon_core.shell:Creating prefix util module '/home/oat/Desktop/FRA333_Kinematic_Project/install/_local_setup_util_sh.py'
[2.836s] INFO:colcon.colcon_core.shell:Creating prefix chain script '/home/oat/Desktop/FRA333_Kinematic_Project/install/setup.sh'
[2.838s] INFO:colcon.colcon_core.shell:Creating prefix script '/home/oat/Desktop/FRA333_Kinematic_Project/install/local_setup.bash'
[2.840s] INFO:colcon.colcon_core.shell:Creating prefix chain script '/home/oat/Desktop/FRA333_Kinematic_Project/install/setup.bash'
[2.842s] INFO:colcon.colcon_core.shell:Creating prefix script '/home/oat/Desktop/FRA333_Kinematic_Project/install/local_setup.zsh'
[2.843s] INFO:colcon.colcon_core.shell:Creating prefix chain script '/home/oat/Desktop/FRA333_Kinematic_Project/install/setup.zsh'
