[100%] Built target cpp_node_test
[100%] Built target ament_cmake_python_copy_hexapod
running egg_info
writing hexapod.egg-info/PKG-INFO
writing dependency_links to hexapod.egg-info/dependency_links.txt
writing top-level names to hexapod.egg-info/top_level.txt
reading manifest file 'hexapod.egg-info/SOURCES.txt'
writing manifest file 'hexapod.egg-info/SOURCES.txt'
[100%] Built target ament_cmake_python_build_hexapod_egg
-- Install configuration: ""
-- Up-to-date: /home/ambushee/FRA333_Kinematic_Project/install/hexapod/share/hexapod/environment/pythonpath.sh
-- Up-to-date: /home/ambushee/FRA333_Kinematic_Project/install/hexapod/share/hexapod/environment/pythonpath.dsv
-- Up-to-date: /home/ambushee/FRA333_Kinematic_Project/install/hexapod/local/lib/python3.10/dist-packages/hexapod-0.0.0-py3.10.egg-info
-- Installing: /home/ambushee/FRA333_Kinematic_Project/install/hexapod/local/lib/python3.10/dist-packages/hexapod-0.0.0-py3.10.egg-info/dependency_links.txt
-- Installing: /home/ambushee/FRA333_Kinematic_Project/install/hexapod/local/lib/python3.10/dist-packages/hexapod-0.0.0-py3.10.egg-info/SOURCES.txt
-- Installing: /home/ambushee/FRA333_Kinematic_Project/install/hexapod/local/lib/python3.10/dist-packages/hexapod-0.0.0-py3.10.egg-info/top_level.txt
-- Installing: /home/ambushee/FRA333_Kinematic_Project/install/hexapod/local/lib/python3.10/dist-packages/hexapod-0.0.0-py3.10.egg-info/PKG-INFO
-- Up-to-date: /home/ambushee/FRA333_Kinematic_Project/install/hexapod/local/lib/python3.10/dist-packages/hexapod
-- Up-to-date: /home/ambushee/FRA333_Kinematic_Project/install/hexapod/local/lib/python3.10/dist-packages/hexapod/__init__.py
-- Up-to-date: /home/ambushee/FRA333_Kinematic_Project/install/hexapod/local/lib/python3.10/dist-packages/hexapod/dummy_module.py
Listing '/home/ambushee/FRA333_Kinematic_Project/install/hexapod/local/lib/python3.10/dist-packages/hexapod'...
-- Up-to-date: /home/ambushee/FRA333_Kinematic_Project/install/hexapod/lib/hexapod/forward_position_kinematic.py
-- Up-to-date: /home/ambushee/FRA333_Kinematic_Project/install/hexapod/lib/hexapod/gait_planning.py
-- Up-to-date: /home/ambushee/FRA333_Kinematic_Project/install/hexapod/lib/hexapod/inverse_position_kinematic.py
-- Up-to-date: /home/ambushee/FRA333_Kinematic_Project/install/hexapod/lib/hexapod/inverse_velocity_kinematic.py
-- Up-to-date: /home/ambushee/FRA333_Kinematic_Project/install/hexapod/lib/hexapod/joint_state_splitter.py
-- Up-to-date: /home/ambushee/FRA333_Kinematic_Project/install/hexapod/lib/hexapod/pid_position_controller.py
-- Up-to-date: /home/ambushee/FRA333_Kinematic_Project/install/hexapod/lib/hexapod/pid_velocity_controller.py
-- Up-to-date: /home/ambushee/FRA333_Kinematic_Project/install/hexapod/lib/hexapod/set_point.py
-- Up-to-date: /home/ambushee/FRA333_Kinematic_Project/install/hexapod/lib/hexapod/state_controller.py
-- Up-to-date: /home/ambushee/FRA333_Kinematic_Project/install/hexapod/lib/hexapod/trajectory_planning.py
-- Up-to-date: /home/ambushee/FRA333_Kinematic_Project/install/hexapod/lib/hexapod/cpp_node_test
-- Up-to-date: /home/ambushee/FRA333_Kinematic_Project/install/hexapod/share/hexapod/launch
-- Up-to-date: /home/ambushee/FRA333_Kinematic_Project/install/hexapod/share/hexapod/launch/simple.launch.py
-- Up-to-date: /home/ambushee/FRA333_Kinematic_Project/install/hexapod/share/hexapod/config
-- Up-to-date: /home/ambushee/FRA333_Kinematic_Project/install/hexapod/share/hexapod/config/hexapod_simplified_params.yaml
-- Up-to-date: /home/ambushee/FRA333_Kinematic_Project/install/hexapod/share/ament_index/resource_index/package_run_dependencies/hexapod
-- Up-to-date: /home/ambushee/FRA333_Kinematic_Project/install/hexapod/share/ament_index/resource_index/parent_prefix_path/hexapod
-- Up-to-date: /home/ambushee/FRA333_Kinematic_Project/install/hexapod/share/hexapod/environment/ament_prefix_path.sh
-- Up-to-date: /home/ambushee/FRA333_Kinematic_Project/install/hexapod/share/hexapod/environment/ament_prefix_path.dsv
-- Up-to-date: /home/ambushee/FRA333_Kinematic_Project/install/hexapod/share/hexapod/environment/path.sh
-- Up-to-date: /home/ambushee/FRA333_Kinematic_Project/install/hexapod/share/hexapod/environment/path.dsv
-- Up-to-date: /home/ambushee/FRA333_Kinematic_Project/install/hexapod/share/hexapod/local_setup.bash
-- Up-to-date: /home/ambushee/FRA333_Kinematic_Project/install/hexapod/share/hexapod/local_setup.sh
-- Up-to-date: /home/ambushee/FRA333_Kinematic_Project/install/hexapod/share/hexapod/local_setup.zsh
-- Up-to-date: /home/ambushee/FRA333_Kinematic_Project/install/hexapod/share/hexapod/local_setup.dsv
-- Installing: /home/ambushee/FRA333_Kinematic_Project/install/hexapod/share/hexapod/package.dsv
-- Up-to-date: /home/ambushee/FRA333_Kinematic_Project/install/hexapod/share/ament_index/resource_index/packages/hexapod
-- Up-to-date: /home/ambushee/FRA333_Kinematic_Project/install/hexapod/share/hexapod/cmake/hexapodConfig.cmake
-- Up-to-date: /home/ambushee/FRA333_Kinematic_Project/install/hexapod/share/hexapod/cmake/hexapodConfig-version.cmake
-- Up-to-date: /home/ambushee/FRA333_Kinematic_Project/install/hexapod/share/hexapod/package.xml
