[0.022s] Invoking command in '/home/ambushee/FRA333_Kinematic_Project/build/hexapod': CMAKE_PREFIX_PATH=${CMAKE_PREFIX_PATH}:/opt/ros/humble /usr/bin/cmake --build /home/ambushee/FRA333_Kinematic_Project/build/hexapod -- -j16 -l16
[0.122s] [100%] Built target cpp_node_test
[0.132s] [100%] Built target ament_cmake_python_copy_hexapod
[0.864s] running egg_info
[0.865s] writing hexapod.egg-info/PKG-INFO
[0.866s] writing dependency_links to hexapod.egg-info/dependency_links.txt
[0.866s] writing top-level names to hexapod.egg-info/top_level.txt
[0.872s] reading manifest file 'hexapod.egg-info/SOURCES.txt'
[0.873s] writing manifest file 'hexapod.egg-info/SOURCES.txt'
[0.935s] [100%] Built target ament_cmake_python_build_hexapod_egg
[0.963s] Invoked command in '/home/ambushee/FRA333_Kinematic_Project/build/hexapod' returned '0': CMAKE_PREFIX_PATH=${CMAKE_PREFIX_PATH}:/opt/ros/humble /usr/bin/cmake --build /home/ambushee/FRA333_Kinematic_Project/build/hexapod -- -j16 -l16
[0.982s] Invoking command in '/home/ambushee/FRA333_Kinematic_Project/build/hexapod': CMAKE_PREFIX_PATH=${CMAKE_PREFIX_PATH}:/opt/ros/humble /usr/bin/cmake --install /home/ambushee/FRA333_Kinematic_Project/build/hexapod
[1.000s] -- Install configuration: ""
[1.000s] -- Up-to-date: /home/ambushee/FRA333_Kinematic_Project/install/hexapod/share/hexapod/environment/pythonpath.sh
[1.000s] -- Up-to-date: /home/ambushee/FRA333_Kinematic_Project/install/hexapod/share/hexapod/environment/pythonpath.dsv
[1.000s] -- Up-to-date: /home/ambushee/FRA333_Kinematic_Project/install/hexapod/local/lib/python3.10/dist-packages/hexapod-0.0.0-py3.10.egg-info
[1.001s] -- Installing: /home/ambushee/FRA333_Kinematic_Project/install/hexapod/local/lib/python3.10/dist-packages/hexapod-0.0.0-py3.10.egg-info/dependency_links.txt
[1.001s] -- Installing: /home/ambushee/FRA333_Kinematic_Project/install/hexapod/local/lib/python3.10/dist-packages/hexapod-0.0.0-py3.10.egg-info/SOURCES.txt
[1.001s] -- Installing: /home/ambushee/FRA333_Kinematic_Project/install/hexapod/local/lib/python3.10/dist-packages/hexapod-0.0.0-py3.10.egg-info/top_level.txt
[1.001s] -- Installing: /home/ambushee/FRA333_Kinematic_Project/install/hexapod/local/lib/python3.10/dist-packages/hexapod-0.0.0-py3.10.egg-info/PKG-INFO
[1.002s] -- Up-to-date: /home/ambushee/FRA333_Kinematic_Project/install/hexapod/local/lib/python3.10/dist-packages/hexapod
[1.002s] -- Up-to-date: /home/ambushee/FRA333_Kinematic_Project/install/hexapod/local/lib/python3.10/dist-packages/hexapod/__init__.py
[1.002s] -- Up-to-date: /home/ambushee/FRA333_Kinematic_Project/install/hexapod/local/lib/python3.10/dist-packages/hexapod/dummy_module.py
[1.083s] Listing '/home/ambushee/FRA333_Kinematic_Project/install/hexapod/local/lib/python3.10/dist-packages/hexapod'...
[1.092s] -- Up-to-date: /home/ambushee/FRA333_Kinematic_Project/install/hexapod/lib/hexapod/forward_position_kinematic.py
[1.092s] -- Up-to-date: /home/ambushee/FRA333_Kinematic_Project/install/hexapod/lib/hexapod/gait_planning.py
[1.092s] -- Installing: /home/ambushee/FRA333_Kinematic_Project/install/hexapod/lib/hexapod/inverse_position_kinematic.py
[1.092s] -- Up-to-date: /home/ambushee/FRA333_Kinematic_Project/install/hexapod/lib/hexapod/inverse_velocity_kinematic.py
[1.092s] -- Up-to-date: /home/ambushee/FRA333_Kinematic_Project/install/hexapod/lib/hexapod/joint_state_splitter.py
[1.093s] -- Up-to-date: /home/ambushee/FRA333_Kinematic_Project/install/hexapod/lib/hexapod/pid_position_controller.py
[1.093s] -- Up-to-date: /home/ambushee/FRA333_Kinematic_Project/install/hexapod/lib/hexapod/pid_velocity_controller.py
[1.093s] -- Up-to-date: /home/ambushee/FRA333_Kinematic_Project/install/hexapod/lib/hexapod/set_point.py
[1.093s] -- Up-to-date: /home/ambushee/FRA333_Kinematic_Project/install/hexapod/lib/hexapod/state_controller.py
[1.093s] -- Up-to-date: /home/ambushee/FRA333_Kinematic_Project/install/hexapod/lib/hexapod/trajectory_planning.py
[1.094s] -- Up-to-date: /home/ambushee/FRA333_Kinematic_Project/install/hexapod/lib/hexapod/cpp_node_test
[1.094s] -- Up-to-date: /home/ambushee/FRA333_Kinematic_Project/install/hexapod/share/hexapod/launch
[1.094s] -- Up-to-date: /home/ambushee/FRA333_Kinematic_Project/install/hexapod/share/hexapod/launch/simple.launch.py
[1.094s] -- Up-to-date: /home/ambushee/FRA333_Kinematic_Project/install/hexapod/share/hexapod/config
[1.094s] -- Up-to-date: /home/ambushee/FRA333_Kinematic_Project/install/hexapod/share/hexapod/config/hexapod_simplified_params.yaml
[1.094s] -- Up-to-date: /home/ambushee/FRA333_Kinematic_Project/install/hexapod/share/ament_index/resource_index/package_run_dependencies/hexapod
[1.094s] -- Up-to-date: /home/ambushee/FRA333_Kinematic_Project/install/hexapod/share/ament_index/resource_index/parent_prefix_path/hexapod
[1.095s] -- Up-to-date: /home/ambushee/FRA333_Kinematic_Project/install/hexapod/share/hexapod/environment/ament_prefix_path.sh
[1.095s] -- Up-to-date: /home/ambushee/FRA333_Kinematic_Project/install/hexapod/share/hexapod/environment/ament_prefix_path.dsv
[1.095s] -- Up-to-date: /home/ambushee/FRA333_Kinematic_Project/install/hexapod/share/hexapod/environment/path.sh
[1.095s] -- Up-to-date: /home/ambushee/FRA333_Kinematic_Project/install/hexapod/share/hexapod/environment/path.dsv
[1.095s] -- Up-to-date: /home/ambushee/FRA333_Kinematic_Project/install/hexapod/share/hexapod/local_setup.bash
[1.095s] -- Up-to-date: /home/ambushee/FRA333_Kinematic_Project/install/hexapod/share/hexapod/local_setup.sh
[1.095s] -- Up-to-date: /home/ambushee/FRA333_Kinematic_Project/install/hexapod/share/hexapod/local_setup.zsh
[1.096s] -- Up-to-date: /home/ambushee/FRA333_Kinematic_Project/install/hexapod/share/hexapod/local_setup.dsv
[1.096s] -- Installing: /home/ambushee/FRA333_Kinematic_Project/install/hexapod/share/hexapod/package.dsv
[1.096s] -- Up-to-date: /home/ambushee/FRA333_Kinematic_Project/install/hexapod/share/ament_index/resource_index/packages/hexapod
[1.096s] -- Up-to-date: /home/ambushee/FRA333_Kinematic_Project/install/hexapod/share/hexapod/cmake/hexapodConfig.cmake
[1.096s] -- Up-to-date: /home/ambushee/FRA333_Kinematic_Project/install/hexapod/share/hexapod/cmake/hexapodConfig-version.cmake
[1.096s] -- Up-to-date: /home/ambushee/FRA333_Kinematic_Project/install/hexapod/share/hexapod/package.xml
[1.100s] Invoked command in '/home/ambushee/FRA333_Kinematic_Project/build/hexapod' returned '0': CMAKE_PREFIX_PATH=${CMAKE_PREFIX_PATH}:/opt/ros/humble /usr/bin/cmake --install /home/ambushee/FRA333_Kinematic_Project/build/hexapod
