[0.011s] Invoking command in '/home/ambushee/FRA333_Kinematic_Project/build/hexapod': CMAKE_PREFIX_PATH=${CMAKE_PREFIX_PATH}:/opt/ros/humble /usr/bin/cmake --build /home/ambushee/FRA333_Kinematic_Project/build/hexapod -- -j16 -l16
[0.061s] [100%] Built target cpp_node_test
[0.066s] [100%] Built target ament_cmake_python_copy_hexapod
[0.337s] running egg_info
[0.337s] writing hexapod.egg-info/PKG-INFO
[0.337s] writing dependency_links to hexapod.egg-info/dependency_links.txt
[0.337s] writing top-level names to hexapod.egg-info/top_level.txt
[0.339s] reading manifest file 'hexapod.egg-info/SOURCES.txt'
[0.340s] writing manifest file 'hexapod.egg-info/SOURCES.txt'
[0.363s] [100%] Built target ament_cmake_python_build_hexapod_egg
[0.371s] Invoked command in '/home/ambushee/FRA333_Kinematic_Project/build/hexapod' returned '0': CMAKE_PREFIX_PATH=${CMAKE_PREFIX_PATH}:/opt/ros/humble /usr/bin/cmake --build /home/ambushee/FRA333_Kinematic_Project/build/hexapod -- -j16 -l16
[0.378s] Invoking command in '/home/ambushee/FRA333_Kinematic_Project/build/hexapod': CMAKE_PREFIX_PATH=${CMAKE_PREFIX_PATH}:/opt/ros/humble /usr/bin/cmake --install /home/ambushee/FRA333_Kinematic_Project/build/hexapod
[0.382s] -- Install configuration: ""
[0.382s] -- Up-to-date: /home/ambushee/FRA333_Kinematic_Project/install/hexapod/share/hexapod/environment/pythonpath.sh
[0.382s] -- Up-to-date: /home/ambushee/FRA333_Kinematic_Project/install/hexapod/share/hexapod/environment/pythonpath.dsv
[0.382s] -- Up-to-date: /home/ambushee/FRA333_Kinematic_Project/install/hexapod/local/lib/python3.10/dist-packages/hexapod-0.0.0-py3.10.egg-info
[0.382s] -- Installing: /home/ambushee/FRA333_Kinematic_Project/install/hexapod/local/lib/python3.10/dist-packages/hexapod-0.0.0-py3.10.egg-info/dependency_links.txt
[0.382s] -- Installing: /home/ambushee/FRA333_Kinematic_Project/install/hexapod/local/lib/python3.10/dist-packages/hexapod-0.0.0-py3.10.egg-info/SOURCES.txt
[0.382s] -- Installing: /home/ambushee/FRA333_Kinematic_Project/install/hexapod/local/lib/python3.10/dist-packages/hexapod-0.0.0-py3.10.egg-info/top_level.txt
[0.382s] -- Installing: /home/ambushee/FRA333_Kinematic_Project/install/hexapod/local/lib/python3.10/dist-packages/hexapod-0.0.0-py3.10.egg-info/PKG-INFO
[0.382s] -- Up-to-date: /home/ambushee/FRA333_Kinematic_Project/install/hexapod/local/lib/python3.10/dist-packages/hexapod
[0.382s] -- Up-to-date: /home/ambushee/FRA333_Kinematic_Project/install/hexapod/local/lib/python3.10/dist-packages/hexapod/__init__.py
[0.383s] -- Up-to-date: /home/ambushee/FRA333_Kinematic_Project/install/hexapod/local/lib/python3.10/dist-packages/hexapod/dummy_module.py
[0.406s] Listing '/home/ambushee/FRA333_Kinematic_Project/install/hexapod/local/lib/python3.10/dist-packages/hexapod'...
[0.409s] -- Up-to-date: /home/ambushee/FRA333_Kinematic_Project/install/hexapod/lib/hexapod/forward_position_kinematic.py
[0.409s] -- Up-to-date: /home/ambushee/FRA333_Kinematic_Project/install/hexapod/lib/hexapod/gait_planning.py
[0.409s] -- Up-to-date: /home/ambushee/FRA333_Kinematic_Project/install/hexapod/lib/hexapod/inverse_position_kinematic.py
[0.410s] -- Up-to-date: /home/ambushee/FRA333_Kinematic_Project/install/hexapod/lib/hexapod/inverse_velocity_kinematic.py
[0.410s] -- Up-to-date: /home/ambushee/FRA333_Kinematic_Project/install/hexapod/lib/hexapod/joint_state_splitter.py
[0.410s] -- Up-to-date: /home/ambushee/FRA333_Kinematic_Project/install/hexapod/lib/hexapod/pid_position_controller.py
[0.410s] -- Up-to-date: /home/ambushee/FRA333_Kinematic_Project/install/hexapod/lib/hexapod/pid_velocity_controller.py
[0.410s] -- Up-to-date: /home/ambushee/FRA333_Kinematic_Project/install/hexapod/lib/hexapod/set_point.py
[0.410s] -- Up-to-date: /home/ambushee/FRA333_Kinematic_Project/install/hexapod/lib/hexapod/state_controller.py
[0.410s] -- Up-to-date: /home/ambushee/FRA333_Kinematic_Project/install/hexapod/lib/hexapod/trajectory_planning.py
[0.410s] -- Up-to-date: /home/ambushee/FRA333_Kinematic_Project/install/hexapod/lib/hexapod/cpp_node_test
[0.411s] -- Up-to-date: /home/ambushee/FRA333_Kinematic_Project/install/hexapod/share/hexapod/launch
[0.411s] -- Installing: /home/ambushee/FRA333_Kinematic_Project/install/hexapod/share/hexapod/launch/simple.launch.py
[0.411s] -- Up-to-date: /home/ambushee/FRA333_Kinematic_Project/install/hexapod/share/hexapod/config
[0.411s] -- Up-to-date: /home/ambushee/FRA333_Kinematic_Project/install/hexapod/share/hexapod/config/hexapod_simplified_params.yaml
[0.411s] -- Up-to-date: /home/ambushee/FRA333_Kinematic_Project/install/hexapod/share/ament_index/resource_index/package_run_dependencies/hexapod
[0.411s] -- Up-to-date: /home/ambushee/FRA333_Kinematic_Project/install/hexapod/share/ament_index/resource_index/parent_prefix_path/hexapod
[0.411s] -- Up-to-date: /home/ambushee/FRA333_Kinematic_Project/install/hexapod/share/hexapod/environment/ament_prefix_path.sh
[0.412s] -- Up-to-date: /home/ambushee/FRA333_Kinematic_Project/install/hexapod/share/hexapod/environment/ament_prefix_path.dsv
[0.412s] -- Up-to-date: /home/ambushee/FRA333_Kinematic_Project/install/hexapod/share/hexapod/environment/path.sh
[0.412s] -- Up-to-date: /home/ambushee/FRA333_Kinematic_Project/install/hexapod/share/hexapod/environment/path.dsv
[0.412s] -- Up-to-date: /home/ambushee/FRA333_Kinematic_Project/install/hexapod/share/hexapod/local_setup.bash
[0.412s] -- Up-to-date: /home/ambushee/FRA333_Kinematic_Project/install/hexapod/share/hexapod/local_setup.sh
[0.412s] -- Up-to-date: /home/ambushee/FRA333_Kinematic_Project/install/hexapod/share/hexapod/local_setup.zsh
[0.412s] -- Up-to-date: /home/ambushee/FRA333_Kinematic_Project/install/hexapod/share/hexapod/local_setup.dsv
[0.413s] -- Installing: /home/ambushee/FRA333_Kinematic_Project/install/hexapod/share/hexapod/package.dsv
[0.413s] -- Up-to-date: /home/ambushee/FRA333_Kinematic_Project/install/hexapod/share/ament_index/resource_index/packages/hexapod
[0.413s] -- Up-to-date: /home/ambushee/FRA333_Kinematic_Project/install/hexapod/share/hexapod/cmake/hexapodConfig.cmake
[0.413s] -- Up-to-date: /home/ambushee/FRA333_Kinematic_Project/install/hexapod/share/hexapod/cmake/hexapodConfig-version.cmake
[0.413s] -- Up-to-date: /home/ambushee/FRA333_Kinematic_Project/install/hexapod/share/hexapod/package.xml
[0.414s] Invoked command in '/home/ambushee/FRA333_Kinematic_Project/build/hexapod' returned '0': CMAKE_PREFIX_PATH=${CMAKE_PREFIX_PATH}:/opt/ros/humble /usr/bin/cmake --install /home/ambushee/FRA333_Kinematic_Project/build/hexapod
