[0.073s] DEBUG:colcon:Command line arguments: ['/usr/bin/colcon', 'build']
[0.073s] DEBUG:colcon:Parsed command line arguments: Namespace(log_base=None, log_level=None, verb_name='build', build_base='build', install_base='install', merge_install=False, symlink_install=False, test_result_base=None, continue_on_error=False, executor='parallel', parallel_workers=16, event_handlers=None, ignore_user_meta=False, metas=['./colcon.meta'], base_paths=['.'], packages_ignore=None, packages_ignore_regex=None, paths=None, packages_up_to=None, packages_up_to_regex=None, packages_above=None, packages_above_and_dependencies=None, packages_above_depth=None, packages_select_by_dep=None, packages_skip_by_dep=None, packages_skip_up_to=None, packages_select_build_failed=False, packages_skip_build_finished=False, packages_select_test_failures=False, packages_skip_test_passed=False, packages_select=None, packages_skip=None, packages_select_regex=None, packages_skip_regex=None, packages_start=None, packages_end=None, allow_overriding=[], cmake_args=None, cmake_target=None, cmake_target_skip_unavailable=False, cmake_clean_cache=False, cmake_clean_first=False, cmake_force_configure=False, ament_cmake_args=None, catkin_cmake_args=None, catkin_skip_building_tests=False, verb_parser=<colcon_defaults.argument_parser.defaults.DefaultArgumentsDecorator object at 0x72fd7b1697e0>, verb_extension=<colcon_core.verb.build.BuildVerb object at 0x72fd7b2eb0a0>, main=<bound method BuildVerb.main of <colcon_core.verb.build.BuildVerb object at 0x72fd7b2eb0a0>>)
[0.229s] Level 1:colcon.colcon_core.package_discovery:discover_packages(colcon_meta) check parameters
[0.229s] Level 1:colcon.colcon_core.package_discovery:discover_packages(recursive) check parameters
[0.229s] Level 1:colcon.colcon_core.package_discovery:discover_packages(ignore) check parameters
[0.229s] Level 1:colcon.colcon_core.package_discovery:discover_packages(path) check parameters
[0.229s] Level 1:colcon.colcon_core.package_discovery:discover_packages(colcon_meta) discover
[0.229s] Level 1:colcon.colcon_core.package_discovery:discover_packages(recursive) discover
[0.229s] INFO:colcon.colcon_core.package_discovery:Crawling recursively for packages in '/home/ambushee/FRA333_Kinematic_Project'
[0.230s] Level 1:colcon.colcon_core.package_identification:_identify(.) by extensions ['ignore', 'ignore_ament_install']
[0.230s] Level 1:colcon.colcon_core.package_identification:_identify(.) by extension 'ignore'
[0.230s] Level 1:colcon.colcon_core.package_identification:_identify(.) by extension 'ignore_ament_install'
[0.230s] Level 1:colcon.colcon_core.package_identification:_identify(.) by extensions ['colcon_pkg']
[0.230s] Level 1:colcon.colcon_core.package_identification:_identify(.) by extension 'colcon_pkg'
[0.230s] Level 1:colcon.colcon_core.package_identification:_identify(.) by extensions ['colcon_meta']
[0.230s] Level 1:colcon.colcon_core.package_identification:_identify(.) by extension 'colcon_meta'
[0.230s] Level 1:colcon.colcon_core.package_identification:_identify(.) by extensions ['ros']
[0.230s] Level 1:colcon.colcon_core.package_identification:_identify(.) by extension 'ros'
[0.256s] Level 1:colcon.colcon_core.package_identification:_identify(.) by extensions ['cmake', 'python']
[0.256s] Level 1:colcon.colcon_core.package_identification:_identify(.) by extension 'cmake'
[0.256s] Level 1:colcon.colcon_core.package_identification:_identify(.) by extension 'python'
[0.256s] Level 1:colcon.colcon_core.package_identification:_identify(.) by extensions ['python_setup_py']
[0.256s] Level 1:colcon.colcon_core.package_identification:_identify(.) by extension 'python_setup_py'
[0.256s] Level 1:colcon.colcon_core.package_identification:_identify(build) by extensions ['ignore', 'ignore_ament_install']
[0.256s] Level 1:colcon.colcon_core.package_identification:_identify(build) by extension 'ignore'
[0.256s] Level 1:colcon.colcon_core.package_identification:_identify(build) ignored
[0.256s] Level 1:colcon.colcon_core.package_identification:_identify(install) by extensions ['ignore', 'ignore_ament_install']
[0.257s] Level 1:colcon.colcon_core.package_identification:_identify(install) by extension 'ignore'
[0.257s] Level 1:colcon.colcon_core.package_identification:_identify(install) ignored
[0.257s] Level 1:colcon.colcon_core.package_identification:_identify(log) by extensions ['ignore', 'ignore_ament_install']
[0.257s] Level 1:colcon.colcon_core.package_identification:_identify(log) by extension 'ignore'
[0.257s] Level 1:colcon.colcon_core.package_identification:_identify(log) ignored
[0.257s] Level 1:colcon.colcon_core.package_identification:_identify(src) by extensions ['ignore', 'ignore_ament_install']
[0.257s] Level 1:colcon.colcon_core.package_identification:_identify(src) by extension 'ignore'
[0.257s] Level 1:colcon.colcon_core.package_identification:_identify(src) by extension 'ignore_ament_install'
[0.257s] Level 1:colcon.colcon_core.package_identification:_identify(src) by extensions ['colcon_pkg']
[0.257s] Level 1:colcon.colcon_core.package_identification:_identify(src) by extension 'colcon_pkg'
[0.257s] Level 1:colcon.colcon_core.package_identification:_identify(src) by extensions ['colcon_meta']
[0.257s] Level 1:colcon.colcon_core.package_identification:_identify(src) by extension 'colcon_meta'
[0.257s] Level 1:colcon.colcon_core.package_identification:_identify(src) by extensions ['ros']
[0.257s] Level 1:colcon.colcon_core.package_identification:_identify(src) by extension 'ros'
[0.257s] Level 1:colcon.colcon_core.package_identification:_identify(src) by extensions ['cmake', 'python']
[0.257s] Level 1:colcon.colcon_core.package_identification:_identify(src) by extension 'cmake'
[0.257s] Level 1:colcon.colcon_core.package_identification:_identify(src) by extension 'python'
[0.257s] Level 1:colcon.colcon_core.package_identification:_identify(src) by extensions ['python_setup_py']
[0.257s] Level 1:colcon.colcon_core.package_identification:_identify(src) by extension 'python_setup_py'
[0.257s] Level 1:colcon.colcon_core.package_identification:_identify(src/controller) by extensions ['ignore', 'ignore_ament_install']
[0.257s] Level 1:colcon.colcon_core.package_identification:_identify(src/controller) by extension 'ignore'
[0.257s] Level 1:colcon.colcon_core.package_identification:_identify(src/controller) by extension 'ignore_ament_install'
[0.257s] Level 1:colcon.colcon_core.package_identification:_identify(src/controller) by extensions ['colcon_pkg']
[0.257s] Level 1:colcon.colcon_core.package_identification:_identify(src/controller) by extension 'colcon_pkg'
[0.257s] Level 1:colcon.colcon_core.package_identification:_identify(src/controller) by extensions ['colcon_meta']
[0.257s] Level 1:colcon.colcon_core.package_identification:_identify(src/controller) by extension 'colcon_meta'
[0.258s] Level 1:colcon.colcon_core.package_identification:_identify(src/controller) by extensions ['ros']
[0.258s] Level 1:colcon.colcon_core.package_identification:_identify(src/controller) by extension 'ros'
[0.259s] DEBUG:colcon.colcon_core.package_identification:Package 'src/controller' with type 'ros.ament_cmake' and name 'controller'
[0.260s] Level 1:colcon.colcon_core.package_identification:_identify(src/hexapod) by extensions ['ignore', 'ignore_ament_install']
[0.260s] Level 1:colcon.colcon_core.package_identification:_identify(src/hexapod) by extension 'ignore'
[0.260s] Level 1:colcon.colcon_core.package_identification:_identify(src/hexapod) by extension 'ignore_ament_install'
[0.260s] Level 1:colcon.colcon_core.package_identification:_identify(src/hexapod) by extensions ['colcon_pkg']
[0.260s] Level 1:colcon.colcon_core.package_identification:_identify(src/hexapod) by extension 'colcon_pkg'
[0.260s] Level 1:colcon.colcon_core.package_identification:_identify(src/hexapod) by extensions ['colcon_meta']
[0.260s] Level 1:colcon.colcon_core.package_identification:_identify(src/hexapod) by extension 'colcon_meta'
[0.260s] Level 1:colcon.colcon_core.package_identification:_identify(src/hexapod) by extensions ['ros']
[0.260s] Level 1:colcon.colcon_core.package_identification:_identify(src/hexapod) by extension 'ros'
[0.260s] DEBUG:colcon.colcon_core.package_identification:Package 'src/hexapod' with type 'ros.ament_cmake' and name 'hexapod'
[0.261s] Level 1:colcon.colcon_core.package_identification:_identify(src/hexapod_description) by extensions ['ignore', 'ignore_ament_install']
[0.261s] Level 1:colcon.colcon_core.package_identification:_identify(src/hexapod_description) by extension 'ignore'
[0.261s] Level 1:colcon.colcon_core.package_identification:_identify(src/hexapod_description) by extension 'ignore_ament_install'
[0.261s] Level 1:colcon.colcon_core.package_identification:_identify(src/hexapod_description) by extensions ['colcon_pkg']
[0.261s] Level 1:colcon.colcon_core.package_identification:_identify(src/hexapod_description) by extension 'colcon_pkg'
[0.261s] Level 1:colcon.colcon_core.package_identification:_identify(src/hexapod_description) by extensions ['colcon_meta']
[0.261s] Level 1:colcon.colcon_core.package_identification:_identify(src/hexapod_description) by extension 'colcon_meta'
[0.261s] Level 1:colcon.colcon_core.package_identification:_identify(src/hexapod_description) by extensions ['ros']
[0.261s] Level 1:colcon.colcon_core.package_identification:_identify(src/hexapod_description) by extension 'ros'
[0.261s] DEBUG:colcon.colcon_core.package_identification:Package 'src/hexapod_description' with type 'ros.ament_cmake' and name 'hexapod_description'
[0.261s] Level 1:colcon.colcon_core.package_identification:_identify(src/hexapod_simulation) by extensions ['ignore', 'ignore_ament_install']
[0.261s] Level 1:colcon.colcon_core.package_identification:_identify(src/hexapod_simulation) by extension 'ignore'
[0.262s] Level 1:colcon.colcon_core.package_identification:_identify(src/hexapod_simulation) by extension 'ignore_ament_install'
[0.262s] Level 1:colcon.colcon_core.package_identification:_identify(src/hexapod_simulation) by extensions ['colcon_pkg']
[0.262s] Level 1:colcon.colcon_core.package_identification:_identify(src/hexapod_simulation) by extension 'colcon_pkg'
[0.262s] Level 1:colcon.colcon_core.package_identification:_identify(src/hexapod_simulation) by extensions ['colcon_meta']
[0.262s] Level 1:colcon.colcon_core.package_identification:_identify(src/hexapod_simulation) by extension 'colcon_meta'
[0.262s] Level 1:colcon.colcon_core.package_identification:_identify(src/hexapod_simulation) by extensions ['ros']
[0.262s] Level 1:colcon.colcon_core.package_identification:_identify(src/hexapod_simulation) by extension 'ros'
[0.262s] DEBUG:colcon.colcon_core.package_identification:Package 'src/hexapod_simulation' with type 'ros.ament_cmake' and name 'hexapod_simulation'
[0.262s] Level 1:colcon.colcon_core.package_discovery:discover_packages(recursive) using defaults
[0.262s] Level 1:colcon.colcon_core.package_discovery:discover_packages(ignore) discover
[0.262s] Level 1:colcon.colcon_core.package_discovery:discover_packages(ignore) using defaults
[0.262s] Level 1:colcon.colcon_core.package_discovery:discover_packages(path) discover
[0.262s] Level 1:colcon.colcon_core.package_discovery:discover_packages(path) using defaults
[0.278s] Level 1:colcon.colcon_core.package_discovery:discover_packages(prefix_path) check parameters
[0.278s] Level 1:colcon.colcon_core.package_discovery:discover_packages(prefix_path) discover
[0.279s] DEBUG:colcon.colcon_installed_package_information.package_discovery:Found 4 installed packages in /home/ambushee/FRA333_Kinematic_Project/install
[0.280s] DEBUG:colcon.colcon_installed_package_information.package_discovery:Found 2 installed packages in /home/ambushee/ros2_ws/install
[0.281s] DEBUG:colcon.colcon_installed_package_information.package_discovery:Found 353 installed packages in /opt/ros/humble
[0.282s] Level 1:colcon.colcon_core.package_discovery:discover_packages(prefix_path) using defaults
[0.317s] Level 5:colcon.colcon_core.verb:set package 'controller' build argument 'cmake_args' from command line to 'None'
[0.317s] Level 5:colcon.colcon_core.verb:set package 'controller' build argument 'cmake_target' from command line to 'None'
[0.317s] Level 5:colcon.colcon_core.verb:set package 'controller' build argument 'cmake_target_skip_unavailable' from command line to 'False'
[0.317s] Level 5:colcon.colcon_core.verb:set package 'controller' build argument 'cmake_clean_cache' from command line to 'False'
[0.317s] Level 5:colcon.colcon_core.verb:set package 'controller' build argument 'cmake_clean_first' from command line to 'False'
[0.317s] Level 5:colcon.colcon_core.verb:set package 'controller' build argument 'cmake_force_configure' from command line to 'False'
[0.317s] Level 5:colcon.colcon_core.verb:set package 'controller' build argument 'ament_cmake_args' from command line to 'None'
[0.317s] Level 5:colcon.colcon_core.verb:set package 'controller' build argument 'catkin_cmake_args' from command line to 'None'
[0.317s] Level 5:colcon.colcon_core.verb:set package 'controller' build argument 'catkin_skip_building_tests' from command line to 'False'
[0.317s] DEBUG:colcon.colcon_core.verb:Building package 'controller' with the following arguments: {'ament_cmake_args': None, 'build_base': '/home/ambushee/FRA333_Kinematic_Project/build/controller', 'catkin_cmake_args': None, 'catkin_skip_building_tests': False, 'cmake_args': None, 'cmake_clean_cache': False, 'cmake_clean_first': False, 'cmake_force_configure': False, 'cmake_target': None, 'cmake_target_skip_unavailable': False, 'install_base': '/home/ambushee/FRA333_Kinematic_Project/install/controller', 'merge_install': False, 'path': '/home/ambushee/FRA333_Kinematic_Project/src/controller', 'symlink_install': False, 'test_result_base': None}
[0.318s] Level 5:colcon.colcon_core.verb:set package 'hexapod' build argument 'cmake_args' from command line to 'None'
[0.318s] Level 5:colcon.colcon_core.verb:set package 'hexapod' build argument 'cmake_target' from command line to 'None'
[0.318s] Level 5:colcon.colcon_core.verb:set package 'hexapod' build argument 'cmake_target_skip_unavailable' from command line to 'False'
[0.318s] Level 5:colcon.colcon_core.verb:set package 'hexapod' build argument 'cmake_clean_cache' from command line to 'False'
[0.318s] Level 5:colcon.colcon_core.verb:set package 'hexapod' build argument 'cmake_clean_first' from command line to 'False'
[0.318s] Level 5:colcon.colcon_core.verb:set package 'hexapod' build argument 'cmake_force_configure' from command line to 'False'
[0.318s] Level 5:colcon.colcon_core.verb:set package 'hexapod' build argument 'ament_cmake_args' from command line to 'None'
[0.318s] Level 5:colcon.colcon_core.verb:set package 'hexapod' build argument 'catkin_cmake_args' from command line to 'None'
[0.318s] Level 5:colcon.colcon_core.verb:set package 'hexapod' build argument 'catkin_skip_building_tests' from command line to 'False'
[0.318s] DEBUG:colcon.colcon_core.verb:Building package 'hexapod' with the following arguments: {'ament_cmake_args': None, 'build_base': '/home/ambushee/FRA333_Kinematic_Project/build/hexapod', 'catkin_cmake_args': None, 'catkin_skip_building_tests': False, 'cmake_args': None, 'cmake_clean_cache': False, 'cmake_clean_first': False, 'cmake_force_configure': False, 'cmake_target': None, 'cmake_target_skip_unavailable': False, 'install_base': '/home/ambushee/FRA333_Kinematic_Project/install/hexapod', 'merge_install': False, 'path': '/home/ambushee/FRA333_Kinematic_Project/src/hexapod', 'symlink_install': False, 'test_result_base': None}
[0.318s] Level 5:colcon.colcon_core.verb:set package 'hexapod_description' build argument 'cmake_args' from command line to 'None'
[0.318s] Level 5:colcon.colcon_core.verb:set package 'hexapod_description' build argument 'cmake_target' from command line to 'None'
[0.318s] Level 5:colcon.colcon_core.verb:set package 'hexapod_description' build argument 'cmake_target_skip_unavailable' from command line to 'False'
[0.318s] Level 5:colcon.colcon_core.verb:set package 'hexapod_description' build argument 'cmake_clean_cache' from command line to 'False'
[0.318s] Level 5:colcon.colcon_core.verb:set package 'hexapod_description' build argument 'cmake_clean_first' from command line to 'False'
[0.318s] Level 5:colcon.colcon_core.verb:set package 'hexapod_description' build argument 'cmake_force_configure' from command line to 'False'
[0.318s] Level 5:colcon.colcon_core.verb:set package 'hexapod_description' build argument 'ament_cmake_args' from command line to 'None'
[0.318s] Level 5:colcon.colcon_core.verb:set package 'hexapod_description' build argument 'catkin_cmake_args' from command line to 'None'
[0.318s] Level 5:colcon.colcon_core.verb:set package 'hexapod_description' build argument 'catkin_skip_building_tests' from command line to 'False'
[0.318s] DEBUG:colcon.colcon_core.verb:Building package 'hexapod_description' with the following arguments: {'ament_cmake_args': None, 'build_base': '/home/ambushee/FRA333_Kinematic_Project/build/hexapod_description', 'catkin_cmake_args': None, 'catkin_skip_building_tests': False, 'cmake_args': None, 'cmake_clean_cache': False, 'cmake_clean_first': False, 'cmake_force_configure': False, 'cmake_target': None, 'cmake_target_skip_unavailable': False, 'install_base': '/home/ambushee/FRA333_Kinematic_Project/install/hexapod_description', 'merge_install': False, 'path': '/home/ambushee/FRA333_Kinematic_Project/src/hexapod_description', 'symlink_install': False, 'test_result_base': None}
[0.319s] Level 5:colcon.colcon_core.verb:set package 'hexapod_simulation' build argument 'cmake_args' from command line to 'None'
[0.319s] Level 5:colcon.colcon_core.verb:set package 'hexapod_simulation' build argument 'cmake_target' from command line to 'None'
[0.319s] Level 5:colcon.colcon_core.verb:set package 'hexapod_simulation' build argument 'cmake_target_skip_unavailable' from command line to 'False'
[0.319s] Level 5:colcon.colcon_core.verb:set package 'hexapod_simulation' build argument 'cmake_clean_cache' from command line to 'False'
[0.319s] Level 5:colcon.colcon_core.verb:set package 'hexapod_simulation' build argument 'cmake_clean_first' from command line to 'False'
[0.319s] Level 5:colcon.colcon_core.verb:set package 'hexapod_simulation' build argument 'cmake_force_configure' from command line to 'False'
[0.319s] Level 5:colcon.colcon_core.verb:set package 'hexapod_simulation' build argument 'ament_cmake_args' from command line to 'None'
[0.319s] Level 5:colcon.colcon_core.verb:set package 'hexapod_simulation' build argument 'catkin_cmake_args' from command line to 'None'
[0.319s] Level 5:colcon.colcon_core.verb:set package 'hexapod_simulation' build argument 'catkin_skip_building_tests' from command line to 'False'
[0.319s] DEBUG:colcon.colcon_core.verb:Building package 'hexapod_simulation' with the following arguments: {'ament_cmake_args': None, 'build_base': '/home/ambushee/FRA333_Kinematic_Project/build/hexapod_simulation', 'catkin_cmake_args': None, 'catkin_skip_building_tests': False, 'cmake_args': None, 'cmake_clean_cache': False, 'cmake_clean_first': False, 'cmake_force_configure': False, 'cmake_target': None, 'cmake_target_skip_unavailable': False, 'install_base': '/home/ambushee/FRA333_Kinematic_Project/install/hexapod_simulation', 'merge_install': False, 'path': '/home/ambushee/FRA333_Kinematic_Project/src/hexapod_simulation', 'symlink_install': False, 'test_result_base': None}
[0.319s] INFO:colcon.colcon_core.executor:Executing jobs using 'parallel' executor
[0.320s] DEBUG:colcon.colcon_parallel_executor.executor.parallel:run_until_complete
[0.320s] INFO:colcon.colcon_ros.task.ament_cmake.build:Building ROS package in '/home/ambushee/FRA333_Kinematic_Project/src/controller' with build type 'ament_cmake'
[0.320s] INFO:colcon.colcon_cmake.task.cmake.build:Building CMake package in '/home/ambushee/FRA333_Kinematic_Project/src/controller'
[0.322s] INFO:colcon.colcon_core.plugin_system:Skipping extension 'colcon_core.shell.bat': Not used on non-Windows systems
[0.322s] INFO:colcon.colcon_core.shell:Skip shell extension 'powershell' for command environment: Not usable outside of PowerShell
[0.322s] DEBUG:colcon.colcon_core.shell:Skip shell extension 'dsv' for command environment
[0.325s] INFO:colcon.colcon_ros.task.ament_cmake.build:Building ROS package in '/home/ambushee/FRA333_Kinematic_Project/src/hexapod' with build type 'ament_cmake'
[0.325s] INFO:colcon.colcon_cmake.task.cmake.build:Building CMake package in '/home/ambushee/FRA333_Kinematic_Project/src/hexapod'
[0.326s] INFO:colcon.colcon_core.shell:Skip shell extension 'powershell' for command environment: Not usable outside of PowerShell
[0.326s] DEBUG:colcon.colcon_core.shell:Skip shell extension 'dsv' for command environment
[0.329s] INFO:colcon.colcon_ros.task.ament_cmake.build:Building ROS package in '/home/ambushee/FRA333_Kinematic_Project/src/hexapod_description' with build type 'ament_cmake'
[0.329s] INFO:colcon.colcon_cmake.task.cmake.build:Building CMake package in '/home/ambushee/FRA333_Kinematic_Project/src/hexapod_description'
[0.329s] INFO:colcon.colcon_core.shell:Skip shell extension 'powershell' for command environment: Not usable outside of PowerShell
[0.329s] DEBUG:colcon.colcon_core.shell:Skip shell extension 'dsv' for command environment
[0.332s] INFO:colcon.colcon_ros.task.ament_cmake.build:Building ROS package in '/home/ambushee/FRA333_Kinematic_Project/src/hexapod_simulation' with build type 'ament_cmake'
[0.332s] INFO:colcon.colcon_cmake.task.cmake.build:Building CMake package in '/home/ambushee/FRA333_Kinematic_Project/src/hexapod_simulation'
[0.332s] INFO:colcon.colcon_core.shell:Skip shell extension 'powershell' for command environment: Not usable outside of PowerShell
[0.332s] DEBUG:colcon.colcon_core.shell:Skip shell extension 'dsv' for command environment
[0.339s] DEBUG:colcon.colcon_core.event_handler.log_command:Invoking command in '/home/ambushee/FRA333_Kinematic_Project/build/controller': CMAKE_PREFIX_PATH=${CMAKE_PREFIX_PATH}:/opt/ros/humble /usr/bin/cmake --build /home/ambushee/FRA333_Kinematic_Project/build/controller -- -j16 -l16
[0.341s] DEBUG:colcon.colcon_core.event_handler.log_command:Invoking command in '/home/ambushee/FRA333_Kinematic_Project/build/hexapod': CMAKE_PREFIX_PATH=${CMAKE_PREFIX_PATH}:/opt/ros/humble /usr/bin/cmake --build /home/ambushee/FRA333_Kinematic_Project/build/hexapod -- -j16 -l16
[0.365s] DEBUG:colcon.colcon_core.event_handler.log_command:Invoking command in '/home/ambushee/FRA333_Kinematic_Project/build/hexapod_description': CMAKE_PREFIX_PATH=${CMAKE_PREFIX_PATH}:/opt/ros/humble /usr/bin/cmake --build /home/ambushee/FRA333_Kinematic_Project/build/hexapod_description -- -j16 -l16
[0.367s] DEBUG:colcon.colcon_core.event_handler.log_command:Invoking command in '/home/ambushee/FRA333_Kinematic_Project/build/hexapod_simulation': CMAKE_PREFIX_PATH=${CMAKE_PREFIX_PATH}:/opt/ros/humble /usr/bin/cmake --build /home/ambushee/FRA333_Kinematic_Project/build/hexapod_simulation -- -j16 -l16
[0.759s] DEBUG:colcon.colcon_core.event_handler.log_command:Invoked command in '/home/ambushee/FRA333_Kinematic_Project/build/hexapod' returned '0': CMAKE_PREFIX_PATH=${CMAKE_PREFIX_PATH}:/opt/ros/humble /usr/bin/cmake --build /home/ambushee/FRA333_Kinematic_Project/build/hexapod -- -j16 -l16
[0.770s] DEBUG:colcon.colcon_core.event_handler.log_command:Invoking command in '/home/ambushee/FRA333_Kinematic_Project/build/hexapod': CMAKE_PREFIX_PATH=${CMAKE_PREFIX_PATH}:/opt/ros/humble /usr/bin/cmake --install /home/ambushee/FRA333_Kinematic_Project/build/hexapod
[0.771s] DEBUG:colcon.colcon_core.event_handler.log_command:Invoked command in '/home/ambushee/FRA333_Kinematic_Project/build/controller' returned '0': CMAKE_PREFIX_PATH=${CMAKE_PREFIX_PATH}:/opt/ros/humble /usr/bin/cmake --build /home/ambushee/FRA333_Kinematic_Project/build/controller -- -j16 -l16
[0.773s] DEBUG:colcon.colcon_core.event_handler.log_command:Invoking command in '/home/ambushee/FRA333_Kinematic_Project/build/controller': CMAKE_PREFIX_PATH=${CMAKE_PREFIX_PATH}:/opt/ros/humble /usr/bin/cmake --install /home/ambushee/FRA333_Kinematic_Project/build/controller
[0.785s] DEBUG:colcon.colcon_core.event_handler.log_command:Invoked command in '/home/ambushee/FRA333_Kinematic_Project/build/hexapod_description' returned '0': CMAKE_PREFIX_PATH=${CMAKE_PREFIX_PATH}:/opt/ros/humble /usr/bin/cmake --build /home/ambushee/FRA333_Kinematic_Project/build/hexapod_description -- -j16 -l16
[0.787s] DEBUG:colcon.colcon_core.event_handler.log_command:Invoking command in '/home/ambushee/FRA333_Kinematic_Project/build/hexapod_description': CMAKE_PREFIX_PATH=${CMAKE_PREFIX_PATH}:/opt/ros/humble /usr/bin/cmake --install /home/ambushee/FRA333_Kinematic_Project/build/hexapod_description
[0.794s] DEBUG:colcon.colcon_core.event_handler.log_command:Invoked command in '/home/ambushee/FRA333_Kinematic_Project/build/hexapod_simulation' returned '0': CMAKE_PREFIX_PATH=${CMAKE_PREFIX_PATH}:/opt/ros/humble /usr/bin/cmake --build /home/ambushee/FRA333_Kinematic_Project/build/hexapod_simulation -- -j16 -l16
[0.796s] DEBUG:colcon.colcon_core.event_handler.log_command:Invoking command in '/home/ambushee/FRA333_Kinematic_Project/build/hexapod_simulation': CMAKE_PREFIX_PATH=${CMAKE_PREFIX_PATH}:/opt/ros/humble /usr/bin/cmake --install /home/ambushee/FRA333_Kinematic_Project/build/hexapod_simulation
[0.817s] Level 1:colcon.colcon_core.environment:create_environment_scripts_only(controller)
[0.817s] DEBUG:colcon.colcon_core.event_handler.log_command:Invoked command in '/home/ambushee/FRA333_Kinematic_Project/build/controller' returned '0': CMAKE_PREFIX_PATH=${CMAKE_PREFIX_PATH}:/opt/ros/humble /usr/bin/cmake --install /home/ambushee/FRA333_Kinematic_Project/build/controller
[0.819s] Level 1:colcon.colcon_core.environment:checking '/home/ambushee/FRA333_Kinematic_Project/install/controller' for CMake module files
[0.819s] Level 1:colcon.colcon_core.environment:checking '/home/ambushee/FRA333_Kinematic_Project/install/controller' for CMake config files
[0.820s] Level 1:colcon.colcon_core.shell:create_environment_hook('controller', 'cmake_prefix_path')
[0.820s] INFO:colcon.colcon_core.shell:Creating environment hook '/home/ambushee/FRA333_Kinematic_Project/install/controller/share/controller/hook/cmake_prefix_path.ps1'
[0.820s] INFO:colcon.colcon_core.shell:Creating environment descriptor '/home/ambushee/FRA333_Kinematic_Project/install/controller/share/controller/hook/cmake_prefix_path.dsv'
[0.821s] INFO:colcon.colcon_core.shell:Creating environment hook '/home/ambushee/FRA333_Kinematic_Project/install/controller/share/controller/hook/cmake_prefix_path.sh'
[0.822s] Level 1:colcon.colcon_core.environment:checking '/home/ambushee/FRA333_Kinematic_Project/install/controller/lib'
[0.822s] Level 1:colcon.colcon_core.environment:checking '/home/ambushee/FRA333_Kinematic_Project/install/controller/bin'
[0.822s] Level 1:colcon.colcon_core.environment:checking '/home/ambushee/FRA333_Kinematic_Project/install/controller/lib/pkgconfig/controller.pc'
[0.822s] Level 1:colcon.colcon_core.environment:checking '/home/ambushee/FRA333_Kinematic_Project/install/controller/lib/python3.10/site-packages'
[0.822s] Level 1:colcon.colcon_core.environment:checking '/home/ambushee/FRA333_Kinematic_Project/install/controller/bin'
[0.822s] INFO:colcon.colcon_core.shell:Creating package script '/home/ambushee/FRA333_Kinematic_Project/install/controller/share/controller/package.ps1'
[0.823s] INFO:colcon.colcon_core.shell:Creating package descriptor '/home/ambushee/FRA333_Kinematic_Project/install/controller/share/controller/package.dsv'
[0.824s] INFO:colcon.colcon_core.shell:Creating package script '/home/ambushee/FRA333_Kinematic_Project/install/controller/share/controller/package.sh'
[0.824s] INFO:colcon.colcon_core.shell:Creating package script '/home/ambushee/FRA333_Kinematic_Project/install/controller/share/controller/package.bash'
[0.825s] INFO:colcon.colcon_core.shell:Creating package script '/home/ambushee/FRA333_Kinematic_Project/install/controller/share/controller/package.zsh'
[0.826s] Level 1:colcon.colcon_core.environment:create_file_with_runtime_dependencies(/home/ambushee/FRA333_Kinematic_Project/install/controller/share/colcon-core/packages/controller)
[0.826s] Level 1:colcon.colcon_core.environment:create_environment_scripts_only(controller)
[0.826s] Level 1:colcon.colcon_core.environment:checking '/home/ambushee/FRA333_Kinematic_Project/install/controller' for CMake module files
[0.827s] Level 1:colcon.colcon_core.environment:checking '/home/ambushee/FRA333_Kinematic_Project/install/controller' for CMake config files
[0.829s] Level 1:colcon.colcon_core.shell:create_environment_hook('controller', 'cmake_prefix_path')
[0.829s] INFO:colcon.colcon_core.shell:Creating environment hook '/home/ambushee/FRA333_Kinematic_Project/install/controller/share/controller/hook/cmake_prefix_path.ps1'
[0.830s] INFO:colcon.colcon_core.shell:Creating environment descriptor '/home/ambushee/FRA333_Kinematic_Project/install/controller/share/controller/hook/cmake_prefix_path.dsv'
[0.830s] INFO:colcon.colcon_core.shell:Creating environment hook '/home/ambushee/FRA333_Kinematic_Project/install/controller/share/controller/hook/cmake_prefix_path.sh'
[0.831s] Level 1:colcon.colcon_core.environment:checking '/home/ambushee/FRA333_Kinematic_Project/install/controller/lib'
[0.831s] Level 1:colcon.colcon_core.environment:checking '/home/ambushee/FRA333_Kinematic_Project/install/controller/bin'
[0.831s] Level 1:colcon.colcon_core.environment:checking '/home/ambushee/FRA333_Kinematic_Project/install/controller/lib/pkgconfig/controller.pc'
[0.831s] Level 1:colcon.colcon_core.environment:checking '/home/ambushee/FRA333_Kinematic_Project/install/controller/lib/python3.10/site-packages'
[0.831s] Level 1:colcon.colcon_core.environment:checking '/home/ambushee/FRA333_Kinematic_Project/install/controller/bin'
[0.832s] INFO:colcon.colcon_core.shell:Creating package script '/home/ambushee/FRA333_Kinematic_Project/install/controller/share/controller/package.ps1'
[0.832s] INFO:colcon.colcon_core.shell:Creating package descriptor '/home/ambushee/FRA333_Kinematic_Project/install/controller/share/controller/package.dsv'
[0.833s] INFO:colcon.colcon_core.shell:Creating package script '/home/ambushee/FRA333_Kinematic_Project/install/controller/share/controller/package.sh'
[0.833s] INFO:colcon.colcon_core.shell:Creating package script '/home/ambushee/FRA333_Kinematic_Project/install/controller/share/controller/package.bash'
[0.833s] INFO:colcon.colcon_core.shell:Creating package script '/home/ambushee/FRA333_Kinematic_Project/install/controller/share/controller/package.zsh'
[0.834s] Level 1:colcon.colcon_core.environment:create_file_with_runtime_dependencies(/home/ambushee/FRA333_Kinematic_Project/install/controller/share/colcon-core/packages/controller)
[0.834s] Level 1:colcon.colcon_core.environment:create_environment_scripts_only(hexapod)
[0.834s] Level 1:colcon.colcon_core.environment:checking '/home/ambushee/FRA333_Kinematic_Project/install/hexapod' for CMake module files
[0.835s] Level 1:colcon.colcon_core.environment:checking '/home/ambushee/FRA333_Kinematic_Project/install/hexapod' for CMake config files
[0.835s] DEBUG:colcon.colcon_core.event_handler.log_command:Invoked command in '/home/ambushee/FRA333_Kinematic_Project/build/hexapod' returned '0': CMAKE_PREFIX_PATH=${CMAKE_PREFIX_PATH}:/opt/ros/humble /usr/bin/cmake --install /home/ambushee/FRA333_Kinematic_Project/build/hexapod
[0.835s] Level 1:colcon.colcon_core.shell:create_environment_hook('hexapod', 'cmake_prefix_path')
[0.836s] INFO:colcon.colcon_core.shell:Creating environment hook '/home/ambushee/FRA333_Kinematic_Project/install/hexapod/share/hexapod/hook/cmake_prefix_path.ps1'
[0.837s] INFO:colcon.colcon_core.shell:Creating environment descriptor '/home/ambushee/FRA333_Kinematic_Project/install/hexapod/share/hexapod/hook/cmake_prefix_path.dsv'
[0.838s] INFO:colcon.colcon_core.shell:Creating environment hook '/home/ambushee/FRA333_Kinematic_Project/install/hexapod/share/hexapod/hook/cmake_prefix_path.sh'
[0.838s] Level 1:colcon.colcon_core.environment:checking '/home/ambushee/FRA333_Kinematic_Project/install/hexapod/lib'
[0.838s] Level 1:colcon.colcon_core.environment:checking '/home/ambushee/FRA333_Kinematic_Project/install/hexapod/bin'
[0.838s] Level 1:colcon.colcon_core.environment:checking '/home/ambushee/FRA333_Kinematic_Project/install/hexapod/lib/pkgconfig/hexapod.pc'
[0.839s] Level 1:colcon.colcon_core.environment:checking '/home/ambushee/FRA333_Kinematic_Project/install/hexapod/lib/python3.10/site-packages'
[0.839s] Level 1:colcon.colcon_core.environment:checking '/home/ambushee/FRA333_Kinematic_Project/install/hexapod/bin'
[0.839s] INFO:colcon.colcon_core.shell:Creating package script '/home/ambushee/FRA333_Kinematic_Project/install/hexapod/share/hexapod/package.ps1'
[0.839s] INFO:colcon.colcon_core.shell:Creating package descriptor '/home/ambushee/FRA333_Kinematic_Project/install/hexapod/share/hexapod/package.dsv'
[0.840s] INFO:colcon.colcon_core.shell:Creating package script '/home/ambushee/FRA333_Kinematic_Project/install/hexapod/share/hexapod/package.sh'
[0.840s] INFO:colcon.colcon_core.shell:Creating package script '/home/ambushee/FRA333_Kinematic_Project/install/hexapod/share/hexapod/package.bash'
[0.840s] INFO:colcon.colcon_core.shell:Creating package script '/home/ambushee/FRA333_Kinematic_Project/install/hexapod/share/hexapod/package.zsh'
[0.841s] Level 1:colcon.colcon_core.environment:create_file_with_runtime_dependencies(/home/ambushee/FRA333_Kinematic_Project/install/hexapod/share/colcon-core/packages/hexapod)
[0.841s] Level 1:colcon.colcon_core.environment:create_environment_scripts_only(hexapod)
[0.841s] Level 1:colcon.colcon_core.environment:checking '/home/ambushee/FRA333_Kinematic_Project/install/hexapod' for CMake module files
[0.842s] Level 1:colcon.colcon_core.environment:checking '/home/ambushee/FRA333_Kinematic_Project/install/hexapod' for CMake config files
[0.842s] Level 1:colcon.colcon_core.shell:create_environment_hook('hexapod', 'cmake_prefix_path')
[0.842s] INFO:colcon.colcon_core.shell:Creating environment hook '/home/ambushee/FRA333_Kinematic_Project/install/hexapod/share/hexapod/hook/cmake_prefix_path.ps1'
[0.843s] INFO:colcon.colcon_core.shell:Creating environment descriptor '/home/ambushee/FRA333_Kinematic_Project/install/hexapod/share/hexapod/hook/cmake_prefix_path.dsv'
[0.843s] INFO:colcon.colcon_core.shell:Creating environment hook '/home/ambushee/FRA333_Kinematic_Project/install/hexapod/share/hexapod/hook/cmake_prefix_path.sh'
[0.843s] Level 1:colcon.colcon_core.environment:checking '/home/ambushee/FRA333_Kinematic_Project/install/hexapod/lib'
[0.843s] Level 1:colcon.colcon_core.environment:checking '/home/ambushee/FRA333_Kinematic_Project/install/hexapod/bin'
[0.843s] Level 1:colcon.colcon_core.environment:checking '/home/ambushee/FRA333_Kinematic_Project/install/hexapod/lib/pkgconfig/hexapod.pc'
[0.844s] Level 1:colcon.colcon_core.environment:checking '/home/ambushee/FRA333_Kinematic_Project/install/hexapod/lib/python3.10/site-packages'
[0.844s] Level 1:colcon.colcon_core.environment:checking '/home/ambushee/FRA333_Kinematic_Project/install/hexapod/bin'
[0.844s] INFO:colcon.colcon_core.shell:Creating package script '/home/ambushee/FRA333_Kinematic_Project/install/hexapod/share/hexapod/package.ps1'
[0.844s] INFO:colcon.colcon_core.shell:Creating package descriptor '/home/ambushee/FRA333_Kinematic_Project/install/hexapod/share/hexapod/package.dsv'
[0.845s] INFO:colcon.colcon_core.shell:Creating package script '/home/ambushee/FRA333_Kinematic_Project/install/hexapod/share/hexapod/package.sh'
[0.845s] INFO:colcon.colcon_core.shell:Creating package script '/home/ambushee/FRA333_Kinematic_Project/install/hexapod/share/hexapod/package.bash'
[0.846s] INFO:colcon.colcon_core.shell:Creating package script '/home/ambushee/FRA333_Kinematic_Project/install/hexapod/share/hexapod/package.zsh'
[0.846s] Level 1:colcon.colcon_core.environment:create_file_with_runtime_dependencies(/home/ambushee/FRA333_Kinematic_Project/install/hexapod/share/colcon-core/packages/hexapod)
[0.847s] Level 1:colcon.colcon_core.environment:create_environment_scripts_only(hexapod_description)
[0.847s] Level 1:colcon.colcon_core.environment:checking '/home/ambushee/FRA333_Kinematic_Project/install/hexapod_description' for CMake module files
[0.848s] DEBUG:colcon.colcon_core.event_handler.log_command:Invoked command in '/home/ambushee/FRA333_Kinematic_Project/build/hexapod_description' returned '0': CMAKE_PREFIX_PATH=${CMAKE_PREFIX_PATH}:/opt/ros/humble /usr/bin/cmake --install /home/ambushee/FRA333_Kinematic_Project/build/hexapod_description
[0.849s] Level 1:colcon.colcon_core.environment:checking '/home/ambushee/FRA333_Kinematic_Project/install/hexapod_description' for CMake config files
[0.849s] Level 1:colcon.colcon_core.shell:create_environment_hook('hexapod_description', 'cmake_prefix_path')
[0.849s] INFO:colcon.colcon_core.shell:Creating environment hook '/home/ambushee/FRA333_Kinematic_Project/install/hexapod_description/share/hexapod_description/hook/cmake_prefix_path.ps1'
[0.850s] INFO:colcon.colcon_core.shell:Creating environment descriptor '/home/ambushee/FRA333_Kinematic_Project/install/hexapod_description/share/hexapod_description/hook/cmake_prefix_path.dsv'
[0.851s] INFO:colcon.colcon_core.shell:Creating environment hook '/home/ambushee/FRA333_Kinematic_Project/install/hexapod_description/share/hexapod_description/hook/cmake_prefix_path.sh'
[0.851s] Level 1:colcon.colcon_core.environment:checking '/home/ambushee/FRA333_Kinematic_Project/install/hexapod_description/lib'
[0.852s] Level 1:colcon.colcon_core.environment:checking '/home/ambushee/FRA333_Kinematic_Project/install/hexapod_description/bin'
[0.852s] Level 1:colcon.colcon_core.environment:checking '/home/ambushee/FRA333_Kinematic_Project/install/hexapod_description/lib/pkgconfig/hexapod_description.pc'
[0.852s] Level 1:colcon.colcon_core.environment:checking '/home/ambushee/FRA333_Kinematic_Project/install/hexapod_description/lib/python3.10/site-packages'
[0.852s] Level 1:colcon.colcon_core.environment:checking '/home/ambushee/FRA333_Kinematic_Project/install/hexapod_description/bin'
[0.853s] INFO:colcon.colcon_core.shell:Creating package script '/home/ambushee/FRA333_Kinematic_Project/install/hexapod_description/share/hexapod_description/package.ps1'
[0.853s] INFO:colcon.colcon_core.shell:Creating package descriptor '/home/ambushee/FRA333_Kinematic_Project/install/hexapod_description/share/hexapod_description/package.dsv'
[0.853s] INFO:colcon.colcon_core.shell:Creating package script '/home/ambushee/FRA333_Kinematic_Project/install/hexapod_description/share/hexapod_description/package.sh'
[0.854s] INFO:colcon.colcon_core.shell:Creating package script '/home/ambushee/FRA333_Kinematic_Project/install/hexapod_description/share/hexapod_description/package.bash'
[0.854s] INFO:colcon.colcon_core.shell:Creating package script '/home/ambushee/FRA333_Kinematic_Project/install/hexapod_description/share/hexapod_description/package.zsh'
[0.854s] Level 1:colcon.colcon_core.environment:create_file_with_runtime_dependencies(/home/ambushee/FRA333_Kinematic_Project/install/hexapod_description/share/colcon-core/packages/hexapod_description)
[0.855s] Level 1:colcon.colcon_core.environment:create_environment_scripts_only(hexapod_description)
[0.855s] Level 1:colcon.colcon_core.environment:checking '/home/ambushee/FRA333_Kinematic_Project/install/hexapod_description' for CMake module files
[0.855s] Level 1:colcon.colcon_core.environment:checking '/home/ambushee/FRA333_Kinematic_Project/install/hexapod_description' for CMake config files
[0.856s] Level 1:colcon.colcon_core.shell:create_environment_hook('hexapod_description', 'cmake_prefix_path')
[0.856s] INFO:colcon.colcon_core.shell:Creating environment hook '/home/ambushee/FRA333_Kinematic_Project/install/hexapod_description/share/hexapod_description/hook/cmake_prefix_path.ps1'
[0.856s] INFO:colcon.colcon_core.shell:Creating environment descriptor '/home/ambushee/FRA333_Kinematic_Project/install/hexapod_description/share/hexapod_description/hook/cmake_prefix_path.dsv'
[0.856s] INFO:colcon.colcon_core.shell:Creating environment hook '/home/ambushee/FRA333_Kinematic_Project/install/hexapod_description/share/hexapod_description/hook/cmake_prefix_path.sh'
[0.857s] Level 1:colcon.colcon_core.environment:checking '/home/ambushee/FRA333_Kinematic_Project/install/hexapod_description/lib'
[0.857s] Level 1:colcon.colcon_core.environment:checking '/home/ambushee/FRA333_Kinematic_Project/install/hexapod_description/bin'
[0.857s] Level 1:colcon.colcon_core.environment:checking '/home/ambushee/FRA333_Kinematic_Project/install/hexapod_description/lib/pkgconfig/hexapod_description.pc'
[0.857s] Level 1:colcon.colcon_core.environment:checking '/home/ambushee/FRA333_Kinematic_Project/install/hexapod_description/lib/python3.10/site-packages'
[0.857s] Level 1:colcon.colcon_core.environment:checking '/home/ambushee/FRA333_Kinematic_Project/install/hexapod_description/bin'
[0.858s] INFO:colcon.colcon_core.shell:Creating package script '/home/ambushee/FRA333_Kinematic_Project/install/hexapod_description/share/hexapod_description/package.ps1'
[0.858s] INFO:colcon.colcon_core.shell:Creating package descriptor '/home/ambushee/FRA333_Kinematic_Project/install/hexapod_description/share/hexapod_description/package.dsv'
[0.858s] INFO:colcon.colcon_core.shell:Creating package script '/home/ambushee/FRA333_Kinematic_Project/install/hexapod_description/share/hexapod_description/package.sh'
[0.859s] INFO:colcon.colcon_core.shell:Creating package script '/home/ambushee/FRA333_Kinematic_Project/install/hexapod_description/share/hexapod_description/package.bash'
[0.859s] INFO:colcon.colcon_core.shell:Creating package script '/home/ambushee/FRA333_Kinematic_Project/install/hexapod_description/share/hexapod_description/package.zsh'
[0.859s] Level 1:colcon.colcon_core.environment:create_file_with_runtime_dependencies(/home/ambushee/FRA333_Kinematic_Project/install/hexapod_description/share/colcon-core/packages/hexapod_description)
[0.860s] Level 1:colcon.colcon_core.environment:create_environment_scripts_only(hexapod_simulation)
[0.860s] Level 1:colcon.colcon_core.environment:checking '/home/ambushee/FRA333_Kinematic_Project/install/hexapod_simulation' for CMake module files
[0.861s] DEBUG:colcon.colcon_core.event_handler.log_command:Invoked command in '/home/ambushee/FRA333_Kinematic_Project/build/hexapod_simulation' returned '0': CMAKE_PREFIX_PATH=${CMAKE_PREFIX_PATH}:/opt/ros/humble /usr/bin/cmake --install /home/ambushee/FRA333_Kinematic_Project/build/hexapod_simulation
[0.861s] Level 1:colcon.colcon_core.environment:checking '/home/ambushee/FRA333_Kinematic_Project/install/hexapod_simulation' for CMake config files
[0.862s] Level 1:colcon.colcon_core.shell:create_environment_hook('hexapod_simulation', 'cmake_prefix_path')
[0.862s] INFO:colcon.colcon_core.shell:Creating environment hook '/home/ambushee/FRA333_Kinematic_Project/install/hexapod_simulation/share/hexapod_simulation/hook/cmake_prefix_path.ps1'
[0.862s] INFO:colcon.colcon_core.shell:Creating environment descriptor '/home/ambushee/FRA333_Kinematic_Project/install/hexapod_simulation/share/hexapod_simulation/hook/cmake_prefix_path.dsv'
[0.862s] INFO:colcon.colcon_core.shell:Creating environment hook '/home/ambushee/FRA333_Kinematic_Project/install/hexapod_simulation/share/hexapod_simulation/hook/cmake_prefix_path.sh'
[0.863s] Level 1:colcon.colcon_core.environment:checking '/home/ambushee/FRA333_Kinematic_Project/install/hexapod_simulation/lib'
[0.863s] Level 1:colcon.colcon_core.environment:checking '/home/ambushee/FRA333_Kinematic_Project/install/hexapod_simulation/bin'
[0.863s] Level 1:colcon.colcon_core.environment:checking '/home/ambushee/FRA333_Kinematic_Project/install/hexapod_simulation/lib/pkgconfig/hexapod_simulation.pc'
[0.863s] Level 1:colcon.colcon_core.environment:checking '/home/ambushee/FRA333_Kinematic_Project/install/hexapod_simulation/lib/python3.10/site-packages'
[0.863s] Level 1:colcon.colcon_core.environment:checking '/home/ambushee/FRA333_Kinematic_Project/install/hexapod_simulation/bin'
[0.864s] INFO:colcon.colcon_core.shell:Creating package script '/home/ambushee/FRA333_Kinematic_Project/install/hexapod_simulation/share/hexapod_simulation/package.ps1'
[0.864s] INFO:colcon.colcon_core.shell:Creating package descriptor '/home/ambushee/FRA333_Kinematic_Project/install/hexapod_simulation/share/hexapod_simulation/package.dsv'
[0.864s] INFO:colcon.colcon_core.shell:Creating package script '/home/ambushee/FRA333_Kinematic_Project/install/hexapod_simulation/share/hexapod_simulation/package.sh'
[0.865s] INFO:colcon.colcon_core.shell:Creating package script '/home/ambushee/FRA333_Kinematic_Project/install/hexapod_simulation/share/hexapod_simulation/package.bash'
[0.865s] INFO:colcon.colcon_core.shell:Creating package script '/home/ambushee/FRA333_Kinematic_Project/install/hexapod_simulation/share/hexapod_simulation/package.zsh'
[0.865s] Level 1:colcon.colcon_core.environment:create_file_with_runtime_dependencies(/home/ambushee/FRA333_Kinematic_Project/install/hexapod_simulation/share/colcon-core/packages/hexapod_simulation)
[0.866s] Level 1:colcon.colcon_core.environment:create_environment_scripts_only(hexapod_simulation)
[0.866s] Level 1:colcon.colcon_core.environment:checking '/home/ambushee/FRA333_Kinematic_Project/install/hexapod_simulation' for CMake module files
[0.866s] Level 1:colcon.colcon_core.environment:checking '/home/ambushee/FRA333_Kinematic_Project/install/hexapod_simulation' for CMake config files
[0.866s] Level 1:colcon.colcon_core.shell:create_environment_hook('hexapod_simulation', 'cmake_prefix_path')
[0.867s] INFO:colcon.colcon_core.shell:Creating environment hook '/home/ambushee/FRA333_Kinematic_Project/install/hexapod_simulation/share/hexapod_simulation/hook/cmake_prefix_path.ps1'
[0.867s] INFO:colcon.colcon_core.shell:Creating environment descriptor '/home/ambushee/FRA333_Kinematic_Project/install/hexapod_simulation/share/hexapod_simulation/hook/cmake_prefix_path.dsv'
[0.867s] INFO:colcon.colcon_core.shell:Creating environment hook '/home/ambushee/FRA333_Kinematic_Project/install/hexapod_simulation/share/hexapod_simulation/hook/cmake_prefix_path.sh'
[0.868s] Level 1:colcon.colcon_core.environment:checking '/home/ambushee/FRA333_Kinematic_Project/install/hexapod_simulation/lib'
[0.868s] Level 1:colcon.colcon_core.environment:checking '/home/ambushee/FRA333_Kinematic_Project/install/hexapod_simulation/bin'
[0.868s] Level 1:colcon.colcon_core.environment:checking '/home/ambushee/FRA333_Kinematic_Project/install/hexapod_simulation/lib/pkgconfig/hexapod_simulation.pc'
[0.868s] Level 1:colcon.colcon_core.environment:checking '/home/ambushee/FRA333_Kinematic_Project/install/hexapod_simulation/lib/python3.10/site-packages'
[0.868s] Level 1:colcon.colcon_core.environment:checking '/home/ambushee/FRA333_Kinematic_Project/install/hexapod_simulation/bin'
[0.868s] INFO:colcon.colcon_core.shell:Creating package script '/home/ambushee/FRA333_Kinematic_Project/install/hexapod_simulation/share/hexapod_simulation/package.ps1'
[0.869s] INFO:colcon.colcon_core.shell:Creating package descriptor '/home/ambushee/FRA333_Kinematic_Project/install/hexapod_simulation/share/hexapod_simulation/package.dsv'
[0.869s] INFO:colcon.colcon_core.shell:Creating package script '/home/ambushee/FRA333_Kinematic_Project/install/hexapod_simulation/share/hexapod_simulation/package.sh'
[0.869s] INFO:colcon.colcon_core.shell:Creating package script '/home/ambushee/FRA333_Kinematic_Project/install/hexapod_simulation/share/hexapod_simulation/package.bash'
[0.870s] INFO:colcon.colcon_core.shell:Creating package script '/home/ambushee/FRA333_Kinematic_Project/install/hexapod_simulation/share/hexapod_simulation/package.zsh'
[0.870s] Level 1:colcon.colcon_core.environment:create_file_with_runtime_dependencies(/home/ambushee/FRA333_Kinematic_Project/install/hexapod_simulation/share/colcon-core/packages/hexapod_simulation)
[0.870s] DEBUG:colcon.colcon_parallel_executor.executor.parallel:closing loop
[0.871s] DEBUG:colcon.colcon_parallel_executor.executor.parallel:loop closed
[0.871s] DEBUG:colcon.colcon_parallel_executor.executor.parallel:run_until_complete finished with '0'
[0.871s] DEBUG:colcon.colcon_core.event_reactor:joining thread
[0.878s] INFO:colcon.colcon_core.plugin_system:Skipping extension 'colcon_notification.desktop_notification.terminal_notifier': Not used on non-Darwin systems
[0.878s] INFO:colcon.colcon_core.plugin_system:Skipping extension 'colcon_notification.desktop_notification.win32': Not used on non-Windows systems
[0.878s] INFO:colcon.colcon_notification.desktop_notification:Sending desktop notification using 'notify2'
[0.894s] DEBUG:colcon.colcon_core.event_reactor:joined thread
[0.894s] INFO:colcon.colcon_core.shell:Creating prefix script '/home/ambushee/FRA333_Kinematic_Project/install/local_setup.ps1'
[0.895s] INFO:colcon.colcon_core.shell:Creating prefix util module '/home/ambushee/FRA333_Kinematic_Project/install/_local_setup_util_ps1.py'
[0.896s] INFO:colcon.colcon_core.shell:Creating prefix chain script '/home/ambushee/FRA333_Kinematic_Project/install/setup.ps1'
[0.897s] INFO:colcon.colcon_core.shell:Creating prefix script '/home/ambushee/FRA333_Kinematic_Project/install/local_setup.sh'
[0.897s] INFO:colcon.colcon_core.shell:Creating prefix util module '/home/ambushee/FRA333_Kinematic_Project/install/_local_setup_util_sh.py'
[0.898s] INFO:colcon.colcon_core.shell:Creating prefix chain script '/home/ambushee/FRA333_Kinematic_Project/install/setup.sh'
[0.899s] INFO:colcon.colcon_core.shell:Creating prefix script '/home/ambushee/FRA333_Kinematic_Project/install/local_setup.bash'
[0.899s] INFO:colcon.colcon_core.shell:Creating prefix chain script '/home/ambushee/FRA333_Kinematic_Project/install/setup.bash'
[0.899s] INFO:colcon.colcon_core.shell:Creating prefix script '/home/ambushee/FRA333_Kinematic_Project/install/local_setup.zsh'
[0.900s] INFO:colcon.colcon_core.shell:Creating prefix chain script '/home/ambushee/FRA333_Kinematic_Project/install/setup.zsh'
