[0.017s] Invoking command in '/home/ambushee/FRA333_Kinematic_Project/build/controller': CMAKE_PREFIX_PATH=${CMAKE_PREFIX_PATH}:/opt/ros/humble /usr/bin/cmake /home/ambushee/FRA333_Kinematic_Project/src/controller -DCMAKE_INSTALL_PREFIX=/home/ambushee/FRA333_Kinematic_Project/install/controller
[0.057s] -- The C compiler identification is GNU 11.4.0
[0.098s] -- The CXX compiler identification is GNU 11.4.0
[0.104s] -- Detecting C compiler ABI info
[0.167s] -- Detecting C compiler ABI info - done
[0.173s] -- Check for working C compiler: /usr/bin/cc - skipped
[0.174s] -- Detecting C compile features
[0.174s] -- Detecting C compile features - done
[0.177s] -- Detecting CXX compiler ABI info
[0.247s] -- Detecting CXX compiler ABI info - done
[0.254s] -- Check for working CXX compiler: /usr/bin/c++ - skipped
[0.254s] -- Detecting CXX compile features
[0.254s] -- Detecting CXX compile features - done
[0.256s] -- Found ament_cmake: 1.3.11 (/opt/ros/humble/share/ament_cmake/cmake)
[0.396s] -- Found Python3: /usr/bin/python3 (found version "3.10.12") found components: Interpreter 
[0.506s] -- Found rclcpp: 16.0.11 (/opt/ros/humble/share/rclcpp/cmake)
[0.554s] -- Found rosidl_generator_c: 3.1.6 (/opt/ros/humble/share/rosidl_generator_c/cmake)
[0.558s] -- Found rosidl_adapter: 3.1.6 (/opt/ros/humble/share/rosidl_adapter/cmake)
[0.566s] -- Found rosidl_generator_cpp: 3.1.6 (/opt/ros/humble/share/rosidl_generator_cpp/cmake)
[0.579s] -- Using all available rosidl_typesupport_c: rosidl_typesupport_fastrtps_c;rosidl_typesupport_introspection_c
[0.598s] -- Using all available rosidl_typesupport_cpp: rosidl_typesupport_fastrtps_cpp;rosidl_typesupport_introspection_cpp
[0.648s] -- Found rmw_implementation_cmake: 6.1.2 (/opt/ros/humble/share/rmw_implementation_cmake/cmake)
[0.651s] -- Found rmw_fastrtps_cpp: 6.2.7 (/opt/ros/humble/share/rmw_fastrtps_cpp/cmake)
[0.739s] -- Found OpenSSL: /usr/lib/x86_64-linux-gnu/libcrypto.so (found version "3.0.2")  
[0.776s] -- Found FastRTPS: /opt/ros/humble/include  
[0.819s] -- Using RMW implementation 'rmw_fastrtps_cpp' as default
[0.827s] -- Looking for pthread.h
[0.889s] -- Looking for pthread.h - found
[0.889s] -- Performing Test CMAKE_HAVE_LIBC_PTHREAD
[0.959s] -- Performing Test CMAKE_HAVE_LIBC_PTHREAD - Success
[0.961s] -- Found Threads: TRUE  
[1.019s] -- Found rclpy: 3.3.15 (/opt/ros/humble/share/rclpy/cmake)
[1.238s] -- Configuring done
[1.252s] -- Generating done
[1.256s] -- Build files have been written to: /home/ambushee/FRA333_Kinematic_Project/build/controller
[1.268s] Invoked command in '/home/ambushee/FRA333_Kinematic_Project/build/controller' returned '0': CMAKE_PREFIX_PATH=${CMAKE_PREFIX_PATH}:/opt/ros/humble /usr/bin/cmake /home/ambushee/FRA333_Kinematic_Project/src/controller -DCMAKE_INSTALL_PREFIX=/home/ambushee/FRA333_Kinematic_Project/install/controller
[1.269s] Invoking command in '/home/ambushee/FRA333_Kinematic_Project/build/controller': CMAKE_PREFIX_PATH=${CMAKE_PREFIX_PATH}:/opt/ros/humble /usr/bin/cmake --build /home/ambushee/FRA333_Kinematic_Project/build/controller -- -j16 -l16
[1.310s] [ 50%] [32mBuilding CXX object CMakeFiles/cpp_node_test.dir/src/cpp_node.cpp.o[0m
[1.317s] [ 50%] Built target ament_cmake_python_copy_controller
[1.660s] [100%] [32m[1mLinking CXX executable cpp_node_test[0m
[1.693s] running egg_info
[1.693s] creating controller.egg-info
[1.694s] writing controller.egg-info/PKG-INFO
[1.694s] writing dependency_links to controller.egg-info/dependency_links.txt
[1.694s] writing top-level names to controller.egg-info/top_level.txt
[1.694s] writing manifest file 'controller.egg-info/SOURCES.txt'
[1.697s] reading manifest file 'controller.egg-info/SOURCES.txt'
[1.698s] writing manifest file 'controller.egg-info/SOURCES.txt'
[1.735s] [100%] Built target ament_cmake_python_build_controller_egg
[1.784s] [100%] Built target cpp_node_test
[1.800s] Invoked command in '/home/ambushee/FRA333_Kinematic_Project/build/controller' returned '0': CMAKE_PREFIX_PATH=${CMAKE_PREFIX_PATH}:/opt/ros/humble /usr/bin/cmake --build /home/ambushee/FRA333_Kinematic_Project/build/controller -- -j16 -l16
[1.801s] Invoking command in '/home/ambushee/FRA333_Kinematic_Project/build/controller': CMAKE_PREFIX_PATH=${CMAKE_PREFIX_PATH}:/opt/ros/humble /usr/bin/cmake --install /home/ambushee/FRA333_Kinematic_Project/build/controller
[1.809s] -- Install configuration: ""
[1.809s] -- Installing: /home/ambushee/FRA333_Kinematic_Project/install/controller/share/controller/environment/pythonpath.sh
[1.809s] -- Installing: /home/ambushee/FRA333_Kinematic_Project/install/controller/share/controller/environment/pythonpath.dsv
[1.809s] -- Installing: /home/ambushee/FRA333_Kinematic_Project/install/controller/local/lib/python3.10/dist-packages/controller-0.0.0-py3.10.egg-info
[1.809s] -- Installing: /home/ambushee/FRA333_Kinematic_Project/install/controller/local/lib/python3.10/dist-packages/controller-0.0.0-py3.10.egg-info/dependency_links.txt
[1.809s] -- Installing: /home/ambushee/FRA333_Kinematic_Project/install/controller/local/lib/python3.10/dist-packages/controller-0.0.0-py3.10.egg-info/SOURCES.txt
[1.809s] -- Installing: /home/ambushee/FRA333_Kinematic_Project/install/controller/local/lib/python3.10/dist-packages/controller-0.0.0-py3.10.egg-info/top_level.txt
[1.810s] -- Installing: /home/ambushee/FRA333_Kinematic_Project/install/controller/local/lib/python3.10/dist-packages/controller-0.0.0-py3.10.egg-info/PKG-INFO
[1.810s] -- Installing: /home/ambushee/FRA333_Kinematic_Project/install/controller/local/lib/python3.10/dist-packages/controller
[1.810s] -- Installing: /home/ambushee/FRA333_Kinematic_Project/install/controller/local/lib/python3.10/dist-packages/controller/__init__.py
[1.810s] -- Installing: /home/ambushee/FRA333_Kinematic_Project/install/controller/local/lib/python3.10/dist-packages/controller/dummy_module.py
[1.846s] Listing '/home/ambushee/FRA333_Kinematic_Project/install/controller/local/lib/python3.10/dist-packages/controller'...
[1.846s] Compiling '/home/ambushee/FRA333_Kinematic_Project/install/controller/local/lib/python3.10/dist-packages/controller/__init__.py'...
[1.846s] Compiling '/home/ambushee/FRA333_Kinematic_Project/install/controller/local/lib/python3.10/dist-packages/controller/dummy_module.py'...
[1.853s] -- Installing: /home/ambushee/FRA333_Kinematic_Project/install/controller/lib/controller/mit_controller.py
[1.853s] -- Installing: /home/ambushee/FRA333_Kinematic_Project/install/controller/lib/controller/pid_controller.py
[1.853s] -- Installing: /home/ambushee/FRA333_Kinematic_Project/install/controller/lib/controller/cpp_node_test
[1.853s] -- Set runtime path of "/home/ambushee/FRA333_Kinematic_Project/install/controller/lib/controller/cpp_node_test" to ""
[1.854s] -- Up-to-date: /home/ambushee/FRA333_Kinematic_Project/install/controller/share/controller
[1.854s] -- Installing: /home/ambushee/FRA333_Kinematic_Project/install/controller/share/ament_index/resource_index/package_run_dependencies/controller
[1.854s] -- Installing: /home/ambushee/FRA333_Kinematic_Project/install/controller/share/ament_index/resource_index/parent_prefix_path/controller
[1.854s] -- Installing: /home/ambushee/FRA333_Kinematic_Project/install/controller/share/controller/environment/ament_prefix_path.sh
[1.854s] -- Installing: /home/ambushee/FRA333_Kinematic_Project/install/controller/share/controller/environment/ament_prefix_path.dsv
[1.854s] -- Installing: /home/ambushee/FRA333_Kinematic_Project/install/controller/share/controller/environment/path.sh
[1.855s] -- Installing: /home/ambushee/FRA333_Kinematic_Project/install/controller/share/controller/environment/path.dsv
[1.855s] -- Installing: /home/ambushee/FRA333_Kinematic_Project/install/controller/share/controller/local_setup.bash
[1.855s] -- Installing: /home/ambushee/FRA333_Kinematic_Project/install/controller/share/controller/local_setup.sh
[1.855s] -- Installing: /home/ambushee/FRA333_Kinematic_Project/install/controller/share/controller/local_setup.zsh
[1.855s] -- Installing: /home/ambushee/FRA333_Kinematic_Project/install/controller/share/controller/local_setup.dsv
[1.856s] -- Installing: /home/ambushee/FRA333_Kinematic_Project/install/controller/share/controller/package.dsv
[1.856s] -- Installing: /home/ambushee/FRA333_Kinematic_Project/install/controller/share/ament_index/resource_index/packages/controller
[1.856s] -- Installing: /home/ambushee/FRA333_Kinematic_Project/install/controller/share/controller/cmake/controllerConfig.cmake
[1.856s] -- Installing: /home/ambushee/FRA333_Kinematic_Project/install/controller/share/controller/cmake/controllerConfig-version.cmake
[1.856s] -- Installing: /home/ambushee/FRA333_Kinematic_Project/install/controller/share/controller/package.xml
[1.874s] Invoked command in '/home/ambushee/FRA333_Kinematic_Project/build/controller' returned '0': CMAKE_PREFIX_PATH=${CMAKE_PREFIX_PATH}:/opt/ros/humble /usr/bin/cmake --install /home/ambushee/FRA333_Kinematic_Project/build/controller
