[0.015s] Invoking command in '/home/ambushee/FRA333_Kinematic_Project/build/hexapod': CMAKE_PREFIX_PATH=${CMAKE_PREFIX_PATH}:/opt/ros/humble /usr/bin/cmake /home/ambushee/FRA333_Kinematic_Project/src/hexapod -DCMAKE_INSTALL_PREFIX=/home/ambushee/FRA333_Kinematic_Project/install/hexapod
[0.052s] -- The C compiler identification is GNU 11.4.0
[0.094s] -- The CXX compiler identification is GNU 11.4.0
[0.100s] -- Detecting C compiler ABI info
[0.162s] -- Detecting C compiler ABI info - done
[0.169s] -- Check for working C compiler: /usr/bin/cc - skipped
[0.169s] -- Detecting C compile features
[0.169s] -- Detecting C compile features - done
[0.172s] -- Detecting CXX compiler ABI info
[0.243s] -- Detecting CXX compiler ABI info - done
[0.250s] -- Check for working CXX compiler: /usr/bin/c++ - skipped
[0.250s] -- Detecting CXX compile features
[0.250s] -- Detecting CXX compile features - done
[0.252s] -- Found ament_cmake: 1.3.11 (/opt/ros/humble/share/ament_cmake/cmake)
[0.388s] -- Found Python3: /usr/bin/python3 (found version "3.10.12") found components: Interpreter 
[0.495s] -- Found rclcpp: 16.0.11 (/opt/ros/humble/share/rclcpp/cmake)
[0.540s] -- Found rosidl_generator_c: 3.1.6 (/opt/ros/humble/share/rosidl_generator_c/cmake)
[0.544s] -- Found rosidl_adapter: 3.1.6 (/opt/ros/humble/share/rosidl_adapter/cmake)
[0.550s] -- Found rosidl_generator_cpp: 3.1.6 (/opt/ros/humble/share/rosidl_generator_cpp/cmake)
[0.561s] -- Using all available rosidl_typesupport_c: rosidl_typesupport_fastrtps_c;rosidl_typesupport_introspection_c
[0.578s] -- Using all available rosidl_typesupport_cpp: rosidl_typesupport_fastrtps_cpp;rosidl_typesupport_introspection_cpp
[0.628s] -- Found rmw_implementation_cmake: 6.1.2 (/opt/ros/humble/share/rmw_implementation_cmake/cmake)
[0.631s] -- Found rmw_fastrtps_cpp: 6.2.7 (/opt/ros/humble/share/rmw_fastrtps_cpp/cmake)
[0.720s] -- Found OpenSSL: /usr/lib/x86_64-linux-gnu/libcrypto.so (found version "3.0.2")  
[0.754s] -- Found FastRTPS: /opt/ros/humble/include  
[0.802s] -- Using RMW implementation 'rmw_fastrtps_cpp' as default
[0.810s] -- Looking for pthread.h
[0.869s] -- Looking for pthread.h - found
[0.869s] -- Performing Test CMAKE_HAVE_LIBC_PTHREAD
[0.944s] -- Performing Test CMAKE_HAVE_LIBC_PTHREAD - Success
[0.946s] -- Found Threads: TRUE  
[1.007s] -- Found rclpy: 3.3.15 (/opt/ros/humble/share/rclpy/cmake)
[1.221s] -- Configuring done
[1.232s] -- Generating done
[1.238s] -- Build files have been written to: /home/ambushee/FRA333_Kinematic_Project/build/hexapod
[1.248s] Invoked command in '/home/ambushee/FRA333_Kinematic_Project/build/hexapod' returned '0': CMAKE_PREFIX_PATH=${CMAKE_PREFIX_PATH}:/opt/ros/humble /usr/bin/cmake /home/ambushee/FRA333_Kinematic_Project/src/hexapod -DCMAKE_INSTALL_PREFIX=/home/ambushee/FRA333_Kinematic_Project/install/hexapod
[1.249s] Invoking command in '/home/ambushee/FRA333_Kinematic_Project/build/hexapod': CMAKE_PREFIX_PATH=${CMAKE_PREFIX_PATH}:/opt/ros/humble /usr/bin/cmake --build /home/ambushee/FRA333_Kinematic_Project/build/hexapod -- -j16 -l16
[1.292s] [ 50%] [32mBuilding CXX object CMakeFiles/cpp_node_test.dir/src/cpp_node.cpp.o[0m
[1.299s] [ 50%] Built target ament_cmake_python_copy_hexapod
[1.642s] [100%] [32m[1mLinking CXX executable cpp_node_test[0m
[1.674s] running egg_info
[1.674s] creating hexapod.egg-info
[1.674s] writing hexapod.egg-info/PKG-INFO
[1.674s] writing dependency_links to hexapod.egg-info/dependency_links.txt
[1.675s] writing top-level names to hexapod.egg-info/top_level.txt
[1.675s] writing manifest file 'hexapod.egg-info/SOURCES.txt'
[1.678s] reading manifest file 'hexapod.egg-info/SOURCES.txt'
[1.678s] writing manifest file 'hexapod.egg-info/SOURCES.txt'
[1.713s] [100%] Built target ament_cmake_python_build_hexapod_egg
[1.766s] [100%] Built target cpp_node_test
[1.780s] Invoked command in '/home/ambushee/FRA333_Kinematic_Project/build/hexapod' returned '0': CMAKE_PREFIX_PATH=${CMAKE_PREFIX_PATH}:/opt/ros/humble /usr/bin/cmake --build /home/ambushee/FRA333_Kinematic_Project/build/hexapod -- -j16 -l16
[1.791s] Invoking command in '/home/ambushee/FRA333_Kinematic_Project/build/hexapod': CMAKE_PREFIX_PATH=${CMAKE_PREFIX_PATH}:/opt/ros/humble /usr/bin/cmake --install /home/ambushee/FRA333_Kinematic_Project/build/hexapod
[1.798s] -- Install configuration: ""
[1.799s] -- Installing: /home/ambushee/FRA333_Kinematic_Project/install/hexapod/share/hexapod/environment/pythonpath.sh
[1.799s] -- Installing: /home/ambushee/FRA333_Kinematic_Project/install/hexapod/share/hexapod/environment/pythonpath.dsv
[1.799s] -- Installing: /home/ambushee/FRA333_Kinematic_Project/install/hexapod/local/lib/python3.10/dist-packages/hexapod-0.0.0-py3.10.egg-info
[1.799s] -- Installing: /home/ambushee/FRA333_Kinematic_Project/install/hexapod/local/lib/python3.10/dist-packages/hexapod-0.0.0-py3.10.egg-info/dependency_links.txt
[1.799s] -- Installing: /home/ambushee/FRA333_Kinematic_Project/install/hexapod/local/lib/python3.10/dist-packages/hexapod-0.0.0-py3.10.egg-info/SOURCES.txt
[1.799s] -- Installing: /home/ambushee/FRA333_Kinematic_Project/install/hexapod/local/lib/python3.10/dist-packages/hexapod-0.0.0-py3.10.egg-info/top_level.txt
[1.799s] -- Installing: /home/ambushee/FRA333_Kinematic_Project/install/hexapod/local/lib/python3.10/dist-packages/hexapod-0.0.0-py3.10.egg-info/PKG-INFO
[1.799s] -- Installing: /home/ambushee/FRA333_Kinematic_Project/install/hexapod/local/lib/python3.10/dist-packages/hexapod
[1.799s] -- Installing: /home/ambushee/FRA333_Kinematic_Project/install/hexapod/local/lib/python3.10/dist-packages/hexapod/__init__.py
[1.800s] -- Installing: /home/ambushee/FRA333_Kinematic_Project/install/hexapod/local/lib/python3.10/dist-packages/hexapod/dummy_module.py
[1.837s] Listing '/home/ambushee/FRA333_Kinematic_Project/install/hexapod/local/lib/python3.10/dist-packages/hexapod'...
[1.838s] Compiling '/home/ambushee/FRA333_Kinematic_Project/install/hexapod/local/lib/python3.10/dist-packages/hexapod/__init__.py'...
[1.838s] Compiling '/home/ambushee/FRA333_Kinematic_Project/install/hexapod/local/lib/python3.10/dist-packages/hexapod/dummy_module.py'...
[1.842s] -- Installing: /home/ambushee/FRA333_Kinematic_Project/install/hexapod/lib/hexapod/forward_position_kinematic.py
[1.842s] -- Installing: /home/ambushee/FRA333_Kinematic_Project/install/hexapod/lib/hexapod/gait_planning.py
[1.843s] -- Installing: /home/ambushee/FRA333_Kinematic_Project/install/hexapod/lib/hexapod/inverse_position_kinematic.py
[1.843s] -- Installing: /home/ambushee/FRA333_Kinematic_Project/install/hexapod/lib/hexapod/inverse_velocity_kinematic.py
[1.843s] -- Installing: /home/ambushee/FRA333_Kinematic_Project/install/hexapod/lib/hexapod/joint_state_splitter.py
[1.843s] -- Installing: /home/ambushee/FRA333_Kinematic_Project/install/hexapod/lib/hexapod/pid_position_controller.py
[1.843s] -- Installing: /home/ambushee/FRA333_Kinematic_Project/install/hexapod/lib/hexapod/pid_velocity_controller.py
[1.843s] -- Installing: /home/ambushee/FRA333_Kinematic_Project/install/hexapod/lib/hexapod/set_point.py
[1.843s] -- Installing: /home/ambushee/FRA333_Kinematic_Project/install/hexapod/lib/hexapod/state_controller.py
[1.843s] -- Installing: /home/ambushee/FRA333_Kinematic_Project/install/hexapod/lib/hexapod/trajectory_planning.py
[1.844s] -- Installing: /home/ambushee/FRA333_Kinematic_Project/install/hexapod/lib/hexapod/cpp_node_test
[1.844s] -- Set runtime path of "/home/ambushee/FRA333_Kinematic_Project/install/hexapod/lib/hexapod/cpp_node_test" to ""
[1.844s] -- Installing: /home/ambushee/FRA333_Kinematic_Project/install/hexapod/share/hexapod/launch
[1.844s] -- Installing: /home/ambushee/FRA333_Kinematic_Project/install/hexapod/share/hexapod/launch/simple.launch.py
[1.845s] -- Installing: /home/ambushee/FRA333_Kinematic_Project/install/hexapod/share/hexapod/config
[1.845s] -- Installing: /home/ambushee/FRA333_Kinematic_Project/install/hexapod/share/hexapod/config/hexapod_simplified_params.yaml
[1.845s] -- Installing: /home/ambushee/FRA333_Kinematic_Project/install/hexapod/share/ament_index/resource_index/package_run_dependencies/hexapod
[1.845s] -- Installing: /home/ambushee/FRA333_Kinematic_Project/install/hexapod/share/ament_index/resource_index/parent_prefix_path/hexapod
[1.845s] -- Installing: /home/ambushee/FRA333_Kinematic_Project/install/hexapod/share/hexapod/environment/ament_prefix_path.sh
[1.845s] -- Installing: /home/ambushee/FRA333_Kinematic_Project/install/hexapod/share/hexapod/environment/ament_prefix_path.dsv
[1.846s] -- Installing: /home/ambushee/FRA333_Kinematic_Project/install/hexapod/share/hexapod/environment/path.sh
[1.846s] -- Installing: /home/ambushee/FRA333_Kinematic_Project/install/hexapod/share/hexapod/environment/path.dsv
[1.847s] -- Installing: /home/ambushee/FRA333_Kinematic_Project/install/hexapod/share/hexapod/local_setup.bash
[1.847s] -- Installing: /home/ambushee/FRA333_Kinematic_Project/install/hexapod/share/hexapod/local_setup.sh
[1.847s] -- Installing: /home/ambushee/FRA333_Kinematic_Project/install/hexapod/share/hexapod/local_setup.zsh
[1.847s] -- Installing: /home/ambushee/FRA333_Kinematic_Project/install/hexapod/share/hexapod/local_setup.dsv
[1.847s] -- Installing: /home/ambushee/FRA333_Kinematic_Project/install/hexapod/share/hexapod/package.dsv
[1.847s] -- Installing: /home/ambushee/FRA333_Kinematic_Project/install/hexapod/share/ament_index/resource_index/packages/hexapod
[1.847s] -- Installing: /home/ambushee/FRA333_Kinematic_Project/install/hexapod/share/hexapod/cmake/hexapodConfig.cmake
[1.847s] -- Installing: /home/ambushee/FRA333_Kinematic_Project/install/hexapod/share/hexapod/cmake/hexapodConfig-version.cmake
[1.847s] -- Installing: /home/ambushee/FRA333_Kinematic_Project/install/hexapod/share/hexapod/package.xml
[1.852s] Invoked command in '/home/ambushee/FRA333_Kinematic_Project/build/hexapod' returned '0': CMAKE_PREFIX_PATH=${CMAKE_PREFIX_PATH}:/opt/ros/humble /usr/bin/cmake --install /home/ambushee/FRA333_Kinematic_Project/build/hexapod
