[0.080s] DEBUG:colcon:Command line arguments: ['/usr/bin/colcon', 'build']
[0.080s] DEBUG:colcon:Parsed command line arguments: Namespace(log_base=None, log_level=None, verb_name='build', build_base='build', install_base='install', merge_install=False, symlink_install=False, test_result_base=None, continue_on_error=False, executor='parallel', parallel_workers=16, event_handlers=None, ignore_user_meta=False, metas=['./colcon.meta'], base_paths=['.'], packages_ignore=None, packages_ignore_regex=None, paths=None, packages_up_to=None, packages_up_to_regex=None, packages_above=None, packages_above_and_dependencies=None, packages_above_depth=None, packages_select_by_dep=None, packages_skip_by_dep=None, packages_skip_up_to=None, packages_select_build_failed=False, packages_skip_build_finished=False, packages_select_test_failures=False, packages_skip_test_passed=False, packages_select=None, packages_skip=None, packages_select_regex=None, packages_skip_regex=None, packages_start=None, packages_end=None, allow_overriding=[], cmake_args=None, cmake_target=None, cmake_target_skip_unavailable=False, cmake_clean_cache=False, cmake_clean_first=False, cmake_force_configure=False, ament_cmake_args=None, catkin_cmake_args=None, catkin_skip_building_tests=False, verb_parser=<colcon_defaults.argument_parser.defaults.DefaultArgumentsDecorator object at 0x7f269e919ae0>, verb_extension=<colcon_core.verb.build.BuildVerb object at 0x7f269ead33a0>, main=<bound method BuildVerb.main of <colcon_core.verb.build.BuildVerb object at 0x7f269ead33a0>>)
[0.245s] Level 1:colcon.colcon_core.package_discovery:discover_packages(colcon_meta) check parameters
[0.245s] Level 1:colcon.colcon_core.package_discovery:discover_packages(recursive) check parameters
[0.245s] Level 1:colcon.colcon_core.package_discovery:discover_packages(ignore) check parameters
[0.245s] Level 1:colcon.colcon_core.package_discovery:discover_packages(path) check parameters
[0.245s] Level 1:colcon.colcon_core.package_discovery:discover_packages(colcon_meta) discover
[0.245s] Level 1:colcon.colcon_core.package_discovery:discover_packages(recursive) discover
[0.245s] INFO:colcon.colcon_core.package_discovery:Crawling recursively for packages in '/home/ambushee/FRA333_Kinematic_Project'
[0.245s] Level 1:colcon.colcon_core.package_identification:_identify(.) by extensions ['ignore', 'ignore_ament_install']
[0.245s] Level 1:colcon.colcon_core.package_identification:_identify(.) by extension 'ignore'
[0.245s] Level 1:colcon.colcon_core.package_identification:_identify(.) by extension 'ignore_ament_install'
[0.246s] Level 1:colcon.colcon_core.package_identification:_identify(.) by extensions ['colcon_pkg']
[0.246s] Level 1:colcon.colcon_core.package_identification:_identify(.) by extension 'colcon_pkg'
[0.246s] Level 1:colcon.colcon_core.package_identification:_identify(.) by extensions ['colcon_meta']
[0.246s] Level 1:colcon.colcon_core.package_identification:_identify(.) by extension 'colcon_meta'
[0.246s] Level 1:colcon.colcon_core.package_identification:_identify(.) by extensions ['ros']
[0.246s] Level 1:colcon.colcon_core.package_identification:_identify(.) by extension 'ros'
[0.272s] Level 1:colcon.colcon_core.package_identification:_identify(.) by extensions ['cmake', 'python']
[0.272s] Level 1:colcon.colcon_core.package_identification:_identify(.) by extension 'cmake'
[0.272s] Level 1:colcon.colcon_core.package_identification:_identify(.) by extension 'python'
[0.272s] Level 1:colcon.colcon_core.package_identification:_identify(.) by extensions ['python_setup_py']
[0.272s] Level 1:colcon.colcon_core.package_identification:_identify(.) by extension 'python_setup_py'
[0.272s] Level 1:colcon.colcon_core.package_identification:_identify(build) by extensions ['ignore', 'ignore_ament_install']
[0.272s] Level 1:colcon.colcon_core.package_identification:_identify(build) by extension 'ignore'
[0.272s] Level 1:colcon.colcon_core.package_identification:_identify(build) ignored
[0.272s] Level 1:colcon.colcon_core.package_identification:_identify(install) by extensions ['ignore', 'ignore_ament_install']
[0.272s] Level 1:colcon.colcon_core.package_identification:_identify(install) by extension 'ignore'
[0.272s] Level 1:colcon.colcon_core.package_identification:_identify(install) ignored
[0.272s] Level 1:colcon.colcon_core.package_identification:_identify(log) by extensions ['ignore', 'ignore_ament_install']
[0.273s] Level 1:colcon.colcon_core.package_identification:_identify(log) by extension 'ignore'
[0.273s] Level 1:colcon.colcon_core.package_identification:_identify(log) ignored
[0.273s] Level 1:colcon.colcon_core.package_identification:_identify(src) by extensions ['ignore', 'ignore_ament_install']
[0.273s] Level 1:colcon.colcon_core.package_identification:_identify(src) by extension 'ignore'
[0.273s] Level 1:colcon.colcon_core.package_identification:_identify(src) by extension 'ignore_ament_install'
[0.273s] Level 1:colcon.colcon_core.package_identification:_identify(src) by extensions ['colcon_pkg']
[0.273s] Level 1:colcon.colcon_core.package_identification:_identify(src) by extension 'colcon_pkg'
[0.273s] Level 1:colcon.colcon_core.package_identification:_identify(src) by extensions ['colcon_meta']
[0.273s] Level 1:colcon.colcon_core.package_identification:_identify(src) by extension 'colcon_meta'
[0.273s] Level 1:colcon.colcon_core.package_identification:_identify(src) by extensions ['ros']
[0.273s] Level 1:colcon.colcon_core.package_identification:_identify(src) by extension 'ros'
[0.273s] Level 1:colcon.colcon_core.package_identification:_identify(src) by extensions ['cmake', 'python']
[0.273s] Level 1:colcon.colcon_core.package_identification:_identify(src) by extension 'cmake'
[0.273s] Level 1:colcon.colcon_core.package_identification:_identify(src) by extension 'python'
[0.273s] Level 1:colcon.colcon_core.package_identification:_identify(src) by extensions ['python_setup_py']
[0.273s] Level 1:colcon.colcon_core.package_identification:_identify(src) by extension 'python_setup_py'
[0.273s] Level 1:colcon.colcon_core.package_identification:_identify(src/controller) by extensions ['ignore', 'ignore_ament_install']
[0.273s] Level 1:colcon.colcon_core.package_identification:_identify(src/controller) by extension 'ignore'
[0.273s] Level 1:colcon.colcon_core.package_identification:_identify(src/controller) by extension 'ignore_ament_install'
[0.273s] Level 1:colcon.colcon_core.package_identification:_identify(src/controller) by extensions ['colcon_pkg']
[0.273s] Level 1:colcon.colcon_core.package_identification:_identify(src/controller) by extension 'colcon_pkg'
[0.273s] Level 1:colcon.colcon_core.package_identification:_identify(src/controller) by extensions ['colcon_meta']
[0.273s] Level 1:colcon.colcon_core.package_identification:_identify(src/controller) by extension 'colcon_meta'
[0.273s] Level 1:colcon.colcon_core.package_identification:_identify(src/controller) by extensions ['ros']
[0.273s] Level 1:colcon.colcon_core.package_identification:_identify(src/controller) by extension 'ros'
[0.275s] DEBUG:colcon.colcon_core.package_identification:Package 'src/controller' with type 'ros.ament_cmake' and name 'controller'
[0.275s] Level 1:colcon.colcon_core.package_identification:_identify(src/hexapod) by extensions ['ignore', 'ignore_ament_install']
[0.276s] Level 1:colcon.colcon_core.package_identification:_identify(src/hexapod) by extension 'ignore'
[0.276s] Level 1:colcon.colcon_core.package_identification:_identify(src/hexapod) by extension 'ignore_ament_install'
[0.276s] Level 1:colcon.colcon_core.package_identification:_identify(src/hexapod) by extensions ['colcon_pkg']
[0.276s] Level 1:colcon.colcon_core.package_identification:_identify(src/hexapod) by extension 'colcon_pkg'
[0.276s] Level 1:colcon.colcon_core.package_identification:_identify(src/hexapod) by extensions ['colcon_meta']
[0.276s] Level 1:colcon.colcon_core.package_identification:_identify(src/hexapod) by extension 'colcon_meta'
[0.276s] Level 1:colcon.colcon_core.package_identification:_identify(src/hexapod) by extensions ['ros']
[0.276s] Level 1:colcon.colcon_core.package_identification:_identify(src/hexapod) by extension 'ros'
[0.276s] DEBUG:colcon.colcon_core.package_identification:Package 'src/hexapod' with type 'ros.ament_cmake' and name 'hexapod'
[0.276s] Level 1:colcon.colcon_core.package_identification:_identify(src/hexapod_description) by extensions ['ignore', 'ignore_ament_install']
[0.277s] Level 1:colcon.colcon_core.package_identification:_identify(src/hexapod_description) by extension 'ignore'
[0.277s] Level 1:colcon.colcon_core.package_identification:_identify(src/hexapod_description) by extension 'ignore_ament_install'
[0.277s] Level 1:colcon.colcon_core.package_identification:_identify(src/hexapod_description) by extensions ['colcon_pkg']
[0.277s] Level 1:colcon.colcon_core.package_identification:_identify(src/hexapod_description) by extension 'colcon_pkg'
[0.277s] Level 1:colcon.colcon_core.package_identification:_identify(src/hexapod_description) by extensions ['colcon_meta']
[0.277s] Level 1:colcon.colcon_core.package_identification:_identify(src/hexapod_description) by extension 'colcon_meta'
[0.277s] Level 1:colcon.colcon_core.package_identification:_identify(src/hexapod_description) by extensions ['ros']
[0.277s] Level 1:colcon.colcon_core.package_identification:_identify(src/hexapod_description) by extension 'ros'
[0.277s] DEBUG:colcon.colcon_core.package_identification:Package 'src/hexapod_description' with type 'ros.ament_cmake' and name 'hexapod_description'
[0.277s] Level 1:colcon.colcon_core.package_identification:_identify(src/hexapod_simulation) by extensions ['ignore', 'ignore_ament_install']
[0.278s] Level 1:colcon.colcon_core.package_identification:_identify(src/hexapod_simulation) by extension 'ignore'
[0.278s] Level 1:colcon.colcon_core.package_identification:_identify(src/hexapod_simulation) by extension 'ignore_ament_install'
[0.278s] Level 1:colcon.colcon_core.package_identification:_identify(src/hexapod_simulation) by extensions ['colcon_pkg']
[0.278s] Level 1:colcon.colcon_core.package_identification:_identify(src/hexapod_simulation) by extension 'colcon_pkg'
[0.278s] Level 1:colcon.colcon_core.package_identification:_identify(src/hexapod_simulation) by extensions ['colcon_meta']
[0.278s] Level 1:colcon.colcon_core.package_identification:_identify(src/hexapod_simulation) by extension 'colcon_meta'
[0.278s] Level 1:colcon.colcon_core.package_identification:_identify(src/hexapod_simulation) by extensions ['ros']
[0.278s] Level 1:colcon.colcon_core.package_identification:_identify(src/hexapod_simulation) by extension 'ros'
[0.278s] DEBUG:colcon.colcon_core.package_identification:Package 'src/hexapod_simulation' with type 'ros.ament_cmake' and name 'hexapod_simulation'
[0.278s] Level 1:colcon.colcon_core.package_discovery:discover_packages(recursive) using defaults
[0.278s] Level 1:colcon.colcon_core.package_discovery:discover_packages(ignore) discover
[0.278s] Level 1:colcon.colcon_core.package_discovery:discover_packages(ignore) using defaults
[0.278s] Level 1:colcon.colcon_core.package_discovery:discover_packages(path) discover
[0.278s] Level 1:colcon.colcon_core.package_discovery:discover_packages(path) using defaults
[0.295s] Level 1:colcon.colcon_core.package_discovery:discover_packages(prefix_path) check parameters
[0.295s] Level 1:colcon.colcon_core.package_discovery:discover_packages(prefix_path) discover
[0.296s] WARNING:colcon.colcon_ros.prefix_path.ament:The path '/home/ambushee/FRA333_Kinematic_Project/install/hexapod_simulation' in the environment variable AMENT_PREFIX_PATH doesn't exist
[0.296s] WARNING:colcon.colcon_ros.prefix_path.ament:The path '/home/ambushee/FRA333_Kinematic_Project/install/hexapod_description' in the environment variable AMENT_PREFIX_PATH doesn't exist
[0.296s] WARNING:colcon.colcon_ros.prefix_path.ament:The path '/home/ambushee/FRA333_Kinematic_Project/install/hexapod' in the environment variable AMENT_PREFIX_PATH doesn't exist
[0.296s] WARNING:colcon.colcon_ros.prefix_path.ament:The path '/home/ambushee/FRA333_Kinematic_Project/install/controller' in the environment variable AMENT_PREFIX_PATH doesn't exist
[0.296s] WARNING:colcon.colcon_ros.prefix_path.catkin:The path '/home/ambushee/FRA333_Kinematic_Project/install/hexapod_simulation' in the environment variable CMAKE_PREFIX_PATH doesn't exist
[0.296s] WARNING:colcon.colcon_ros.prefix_path.catkin:The path '/home/ambushee/FRA333_Kinematic_Project/install/hexapod_description' in the environment variable CMAKE_PREFIX_PATH doesn't exist
[0.296s] WARNING:colcon.colcon_ros.prefix_path.catkin:The path '/home/ambushee/FRA333_Kinematic_Project/install/hexapod' in the environment variable CMAKE_PREFIX_PATH doesn't exist
[0.296s] WARNING:colcon.colcon_ros.prefix_path.catkin:The path '/home/ambushee/FRA333_Kinematic_Project/install/controller' in the environment variable CMAKE_PREFIX_PATH doesn't exist
[0.297s] DEBUG:colcon.colcon_installed_package_information.package_discovery:Found 0 installed packages in /home/ambushee/FRA333_Kinematic_Project/install
[0.297s] DEBUG:colcon.colcon_installed_package_information.package_discovery:Found 2 installed packages in /home/ambushee/ros2_ws/install
[0.298s] DEBUG:colcon.colcon_installed_package_information.package_discovery:Found 353 installed packages in /opt/ros/humble
[0.299s] Level 1:colcon.colcon_core.package_discovery:discover_packages(prefix_path) using defaults
[0.336s] Level 5:colcon.colcon_core.verb:set package 'controller' build argument 'cmake_args' from command line to 'None'
[0.336s] Level 5:colcon.colcon_core.verb:set package 'controller' build argument 'cmake_target' from command line to 'None'
[0.336s] Level 5:colcon.colcon_core.verb:set package 'controller' build argument 'cmake_target_skip_unavailable' from command line to 'False'
[0.336s] Level 5:colcon.colcon_core.verb:set package 'controller' build argument 'cmake_clean_cache' from command line to 'False'
[0.336s] Level 5:colcon.colcon_core.verb:set package 'controller' build argument 'cmake_clean_first' from command line to 'False'
[0.336s] Level 5:colcon.colcon_core.verb:set package 'controller' build argument 'cmake_force_configure' from command line to 'False'
[0.336s] Level 5:colcon.colcon_core.verb:set package 'controller' build argument 'ament_cmake_args' from command line to 'None'
[0.336s] Level 5:colcon.colcon_core.verb:set package 'controller' build argument 'catkin_cmake_args' from command line to 'None'
[0.336s] Level 5:colcon.colcon_core.verb:set package 'controller' build argument 'catkin_skip_building_tests' from command line to 'False'
[0.336s] DEBUG:colcon.colcon_core.verb:Building package 'controller' with the following arguments: {'ament_cmake_args': None, 'build_base': '/home/ambushee/FRA333_Kinematic_Project/build/controller', 'catkin_cmake_args': None, 'catkin_skip_building_tests': False, 'cmake_args': None, 'cmake_clean_cache': False, 'cmake_clean_first': False, 'cmake_force_configure': False, 'cmake_target': None, 'cmake_target_skip_unavailable': False, 'install_base': '/home/ambushee/FRA333_Kinematic_Project/install/controller', 'merge_install': False, 'path': '/home/ambushee/FRA333_Kinematic_Project/src/controller', 'symlink_install': False, 'test_result_base': None}
[0.337s] Level 5:colcon.colcon_core.verb:set package 'hexapod' build argument 'cmake_args' from command line to 'None'
[0.337s] Level 5:colcon.colcon_core.verb:set package 'hexapod' build argument 'cmake_target' from command line to 'None'
[0.337s] Level 5:colcon.colcon_core.verb:set package 'hexapod' build argument 'cmake_target_skip_unavailable' from command line to 'False'
[0.337s] Level 5:colcon.colcon_core.verb:set package 'hexapod' build argument 'cmake_clean_cache' from command line to 'False'
[0.337s] Level 5:colcon.colcon_core.verb:set package 'hexapod' build argument 'cmake_clean_first' from command line to 'False'
[0.337s] Level 5:colcon.colcon_core.verb:set package 'hexapod' build argument 'cmake_force_configure' from command line to 'False'
[0.337s] Level 5:colcon.colcon_core.verb:set package 'hexapod' build argument 'ament_cmake_args' from command line to 'None'
[0.337s] Level 5:colcon.colcon_core.verb:set package 'hexapod' build argument 'catkin_cmake_args' from command line to 'None'
[0.337s] Level 5:colcon.colcon_core.verb:set package 'hexapod' build argument 'catkin_skip_building_tests' from command line to 'False'
[0.337s] DEBUG:colcon.colcon_core.verb:Building package 'hexapod' with the following arguments: {'ament_cmake_args': None, 'build_base': '/home/ambushee/FRA333_Kinematic_Project/build/hexapod', 'catkin_cmake_args': None, 'catkin_skip_building_tests': False, 'cmake_args': None, 'cmake_clean_cache': False, 'cmake_clean_first': False, 'cmake_force_configure': False, 'cmake_target': None, 'cmake_target_skip_unavailable': False, 'install_base': '/home/ambushee/FRA333_Kinematic_Project/install/hexapod', 'merge_install': False, 'path': '/home/ambushee/FRA333_Kinematic_Project/src/hexapod', 'symlink_install': False, 'test_result_base': None}
[0.337s] Level 5:colcon.colcon_core.verb:set package 'hexapod_description' build argument 'cmake_args' from command line to 'None'
[0.337s] Level 5:colcon.colcon_core.verb:set package 'hexapod_description' build argument 'cmake_target' from command line to 'None'
[0.337s] Level 5:colcon.colcon_core.verb:set package 'hexapod_description' build argument 'cmake_target_skip_unavailable' from command line to 'False'
[0.337s] Level 5:colcon.colcon_core.verb:set package 'hexapod_description' build argument 'cmake_clean_cache' from command line to 'False'
[0.337s] Level 5:colcon.colcon_core.verb:set package 'hexapod_description' build argument 'cmake_clean_first' from command line to 'False'
[0.337s] Level 5:colcon.colcon_core.verb:set package 'hexapod_description' build argument 'cmake_force_configure' from command line to 'False'
[0.337s] Level 5:colcon.colcon_core.verb:set package 'hexapod_description' build argument 'ament_cmake_args' from command line to 'None'
[0.337s] Level 5:colcon.colcon_core.verb:set package 'hexapod_description' build argument 'catkin_cmake_args' from command line to 'None'
[0.337s] Level 5:colcon.colcon_core.verb:set package 'hexapod_description' build argument 'catkin_skip_building_tests' from command line to 'False'
[0.337s] DEBUG:colcon.colcon_core.verb:Building package 'hexapod_description' with the following arguments: {'ament_cmake_args': None, 'build_base': '/home/ambushee/FRA333_Kinematic_Project/build/hexapod_description', 'catkin_cmake_args': None, 'catkin_skip_building_tests': False, 'cmake_args': None, 'cmake_clean_cache': False, 'cmake_clean_first': False, 'cmake_force_configure': False, 'cmake_target': None, 'cmake_target_skip_unavailable': False, 'install_base': '/home/ambushee/FRA333_Kinematic_Project/install/hexapod_description', 'merge_install': False, 'path': '/home/ambushee/FRA333_Kinematic_Project/src/hexapod_description', 'symlink_install': False, 'test_result_base': None}
[0.337s] Level 5:colcon.colcon_core.verb:set package 'hexapod_simulation' build argument 'cmake_args' from command line to 'None'
[0.338s] Level 5:colcon.colcon_core.verb:set package 'hexapod_simulation' build argument 'cmake_target' from command line to 'None'
[0.338s] Level 5:colcon.colcon_core.verb:set package 'hexapod_simulation' build argument 'cmake_target_skip_unavailable' from command line to 'False'
[0.338s] Level 5:colcon.colcon_core.verb:set package 'hexapod_simulation' build argument 'cmake_clean_cache' from command line to 'False'
[0.338s] Level 5:colcon.colcon_core.verb:set package 'hexapod_simulation' build argument 'cmake_clean_first' from command line to 'False'
[0.338s] Level 5:colcon.colcon_core.verb:set package 'hexapod_simulation' build argument 'cmake_force_configure' from command line to 'False'
[0.338s] Level 5:colcon.colcon_core.verb:set package 'hexapod_simulation' build argument 'ament_cmake_args' from command line to 'None'
[0.338s] Level 5:colcon.colcon_core.verb:set package 'hexapod_simulation' build argument 'catkin_cmake_args' from command line to 'None'
[0.338s] Level 5:colcon.colcon_core.verb:set package 'hexapod_simulation' build argument 'catkin_skip_building_tests' from command line to 'False'
[0.338s] DEBUG:colcon.colcon_core.verb:Building package 'hexapod_simulation' with the following arguments: {'ament_cmake_args': None, 'build_base': '/home/ambushee/FRA333_Kinematic_Project/build/hexapod_simulation', 'catkin_cmake_args': None, 'catkin_skip_building_tests': False, 'cmake_args': None, 'cmake_clean_cache': False, 'cmake_clean_first': False, 'cmake_force_configure': False, 'cmake_target': None, 'cmake_target_skip_unavailable': False, 'install_base': '/home/ambushee/FRA333_Kinematic_Project/install/hexapod_simulation', 'merge_install': False, 'path': '/home/ambushee/FRA333_Kinematic_Project/src/hexapod_simulation', 'symlink_install': False, 'test_result_base': None}
[0.338s] INFO:colcon.colcon_core.executor:Executing jobs using 'parallel' executor
[0.339s] DEBUG:colcon.colcon_parallel_executor.executor.parallel:run_until_complete
[0.339s] INFO:colcon.colcon_ros.task.ament_cmake.build:Building ROS package in '/home/ambushee/FRA333_Kinematic_Project/src/controller' with build type 'ament_cmake'
[0.339s] INFO:colcon.colcon_cmake.task.cmake.build:Building CMake package in '/home/ambushee/FRA333_Kinematic_Project/src/controller'
[0.341s] INFO:colcon.colcon_core.plugin_system:Skipping extension 'colcon_core.shell.bat': Not used on non-Windows systems
[0.341s] INFO:colcon.colcon_core.shell:Skip shell extension 'powershell' for command environment: Not usable outside of PowerShell
[0.341s] DEBUG:colcon.colcon_core.shell:Skip shell extension 'dsv' for command environment
[0.344s] INFO:colcon.colcon_ros.task.ament_cmake.build:Building ROS package in '/home/ambushee/FRA333_Kinematic_Project/src/hexapod' with build type 'ament_cmake'
[0.344s] INFO:colcon.colcon_cmake.task.cmake.build:Building CMake package in '/home/ambushee/FRA333_Kinematic_Project/src/hexapod'
[0.345s] INFO:colcon.colcon_core.shell:Skip shell extension 'powershell' for command environment: Not usable outside of PowerShell
[0.345s] DEBUG:colcon.colcon_core.shell:Skip shell extension 'dsv' for command environment
[0.347s] INFO:colcon.colcon_ros.task.ament_cmake.build:Building ROS package in '/home/ambushee/FRA333_Kinematic_Project/src/hexapod_description' with build type 'ament_cmake'
[0.347s] INFO:colcon.colcon_cmake.task.cmake.build:Building CMake package in '/home/ambushee/FRA333_Kinematic_Project/src/hexapod_description'
[0.348s] INFO:colcon.colcon_core.shell:Skip shell extension 'powershell' for command environment: Not usable outside of PowerShell
[0.348s] DEBUG:colcon.colcon_core.shell:Skip shell extension 'dsv' for command environment
[0.350s] INFO:colcon.colcon_ros.task.ament_cmake.build:Building ROS package in '/home/ambushee/FRA333_Kinematic_Project/src/hexapod_simulation' with build type 'ament_cmake'
[0.350s] INFO:colcon.colcon_cmake.task.cmake.build:Building CMake package in '/home/ambushee/FRA333_Kinematic_Project/src/hexapod_simulation'
[0.351s] INFO:colcon.colcon_core.shell:Skip shell extension 'powershell' for command environment: Not usable outside of PowerShell
[0.351s] DEBUG:colcon.colcon_core.shell:Skip shell extension 'dsv' for command environment
[0.357s] DEBUG:colcon.colcon_core.event_handler.log_command:Invoking command in '/home/ambushee/FRA333_Kinematic_Project/build/controller': CMAKE_PREFIX_PATH=${CMAKE_PREFIX_PATH}:/opt/ros/humble /usr/bin/cmake /home/ambushee/FRA333_Kinematic_Project/src/controller -DCMAKE_INSTALL_PREFIX=/home/ambushee/FRA333_Kinematic_Project/install/controller
[0.359s] DEBUG:colcon.colcon_core.event_handler.log_command:Invoking command in '/home/ambushee/FRA333_Kinematic_Project/build/hexapod': CMAKE_PREFIX_PATH=${CMAKE_PREFIX_PATH}:/opt/ros/humble /usr/bin/cmake /home/ambushee/FRA333_Kinematic_Project/src/hexapod -DCMAKE_INSTALL_PREFIX=/home/ambushee/FRA333_Kinematic_Project/install/hexapod
[0.361s] DEBUG:colcon.colcon_core.event_handler.log_command:Invoking command in '/home/ambushee/FRA333_Kinematic_Project/build/hexapod_description': CMAKE_PREFIX_PATH=${CMAKE_PREFIX_PATH}:/opt/ros/humble /usr/bin/cmake /home/ambushee/FRA333_Kinematic_Project/src/hexapod_description -DCMAKE_INSTALL_PREFIX=/home/ambushee/FRA333_Kinematic_Project/install/hexapod_description
[0.364s] DEBUG:colcon.colcon_core.event_handler.log_command:Invoking command in '/home/ambushee/FRA333_Kinematic_Project/build/hexapod_simulation': CMAKE_PREFIX_PATH=${CMAKE_PREFIX_PATH}:/opt/ros/humble /usr/bin/cmake /home/ambushee/FRA333_Kinematic_Project/src/hexapod_simulation -DCMAKE_INSTALL_PREFIX=/home/ambushee/FRA333_Kinematic_Project/install/hexapod_simulation
[1.583s] DEBUG:colcon.colcon_core.event_handler.log_command:Invoked command in '/home/ambushee/FRA333_Kinematic_Project/build/hexapod_simulation' returned '0': CMAKE_PREFIX_PATH=${CMAKE_PREFIX_PATH}:/opt/ros/humble /usr/bin/cmake /home/ambushee/FRA333_Kinematic_Project/src/hexapod_simulation -DCMAKE_INSTALL_PREFIX=/home/ambushee/FRA333_Kinematic_Project/install/hexapod_simulation
[1.586s] DEBUG:colcon.colcon_core.event_handler.log_command:Invoking command in '/home/ambushee/FRA333_Kinematic_Project/build/hexapod_simulation': CMAKE_PREFIX_PATH=${CMAKE_PREFIX_PATH}:/opt/ros/humble /usr/bin/cmake --build /home/ambushee/FRA333_Kinematic_Project/build/hexapod_simulation -- -j16 -l16
[1.592s] DEBUG:colcon.colcon_core.event_handler.log_command:Invoked command in '/home/ambushee/FRA333_Kinematic_Project/build/hexapod' returned '0': CMAKE_PREFIX_PATH=${CMAKE_PREFIX_PATH}:/opt/ros/humble /usr/bin/cmake /home/ambushee/FRA333_Kinematic_Project/src/hexapod -DCMAKE_INSTALL_PREFIX=/home/ambushee/FRA333_Kinematic_Project/install/hexapod
[1.594s] DEBUG:colcon.colcon_core.event_handler.log_command:Invoking command in '/home/ambushee/FRA333_Kinematic_Project/build/hexapod': CMAKE_PREFIX_PATH=${CMAKE_PREFIX_PATH}:/opt/ros/humble /usr/bin/cmake --build /home/ambushee/FRA333_Kinematic_Project/build/hexapod -- -j16 -l16
[1.607s] DEBUG:colcon.colcon_core.event_handler.log_command:Invoked command in '/home/ambushee/FRA333_Kinematic_Project/build/controller' returned '0': CMAKE_PREFIX_PATH=${CMAKE_PREFIX_PATH}:/opt/ros/humble /usr/bin/cmake /home/ambushee/FRA333_Kinematic_Project/src/controller -DCMAKE_INSTALL_PREFIX=/home/ambushee/FRA333_Kinematic_Project/install/controller
[1.609s] DEBUG:colcon.colcon_core.event_handler.log_command:Invoking command in '/home/ambushee/FRA333_Kinematic_Project/build/controller': CMAKE_PREFIX_PATH=${CMAKE_PREFIX_PATH}:/opt/ros/humble /usr/bin/cmake --build /home/ambushee/FRA333_Kinematic_Project/build/controller -- -j16 -l16
[1.629s] DEBUG:colcon.colcon_core.event_handler.log_command:Invoked command in '/home/ambushee/FRA333_Kinematic_Project/build/hexapod_description' returned '0': CMAKE_PREFIX_PATH=${CMAKE_PREFIX_PATH}:/opt/ros/humble /usr/bin/cmake /home/ambushee/FRA333_Kinematic_Project/src/hexapod_description -DCMAKE_INSTALL_PREFIX=/home/ambushee/FRA333_Kinematic_Project/install/hexapod_description
[1.631s] DEBUG:colcon.colcon_core.event_handler.log_command:Invoking command in '/home/ambushee/FRA333_Kinematic_Project/build/hexapod_description': CMAKE_PREFIX_PATH=${CMAKE_PREFIX_PATH}:/opt/ros/humble /usr/bin/cmake --build /home/ambushee/FRA333_Kinematic_Project/build/hexapod_description -- -j16 -l16
[2.124s] DEBUG:colcon.colcon_core.event_handler.log_command:Invoked command in '/home/ambushee/FRA333_Kinematic_Project/build/hexapod' returned '0': CMAKE_PREFIX_PATH=${CMAKE_PREFIX_PATH}:/opt/ros/humble /usr/bin/cmake --build /home/ambushee/FRA333_Kinematic_Project/build/hexapod -- -j16 -l16
[2.136s] DEBUG:colcon.colcon_core.event_handler.log_command:Invoking command in '/home/ambushee/FRA333_Kinematic_Project/build/hexapod': CMAKE_PREFIX_PATH=${CMAKE_PREFIX_PATH}:/opt/ros/humble /usr/bin/cmake --install /home/ambushee/FRA333_Kinematic_Project/build/hexapod
[2.137s] DEBUG:colcon.colcon_core.event_handler.log_command:Invoked command in '/home/ambushee/FRA333_Kinematic_Project/build/hexapod_simulation' returned '0': CMAKE_PREFIX_PATH=${CMAKE_PREFIX_PATH}:/opt/ros/humble /usr/bin/cmake --build /home/ambushee/FRA333_Kinematic_Project/build/hexapod_simulation -- -j16 -l16
[2.139s] DEBUG:colcon.colcon_core.event_handler.log_command:Invoking command in '/home/ambushee/FRA333_Kinematic_Project/build/hexapod_simulation': CMAKE_PREFIX_PATH=${CMAKE_PREFIX_PATH}:/opt/ros/humble /usr/bin/cmake --install /home/ambushee/FRA333_Kinematic_Project/build/hexapod_simulation
[2.140s] DEBUG:colcon.colcon_core.event_handler.log_command:Invoked command in '/home/ambushee/FRA333_Kinematic_Project/build/controller' returned '0': CMAKE_PREFIX_PATH=${CMAKE_PREFIX_PATH}:/opt/ros/humble /usr/bin/cmake --build /home/ambushee/FRA333_Kinematic_Project/build/controller -- -j16 -l16
[2.141s] DEBUG:colcon.colcon_core.event_handler.log_command:Invoking command in '/home/ambushee/FRA333_Kinematic_Project/build/controller': CMAKE_PREFIX_PATH=${CMAKE_PREFIX_PATH}:/opt/ros/humble /usr/bin/cmake --install /home/ambushee/FRA333_Kinematic_Project/build/controller
[2.166s] DEBUG:colcon.colcon_core.event_handler.log_command:Invoked command in '/home/ambushee/FRA333_Kinematic_Project/build/hexapod_description' returned '0': CMAKE_PREFIX_PATH=${CMAKE_PREFIX_PATH}:/opt/ros/humble /usr/bin/cmake --build /home/ambushee/FRA333_Kinematic_Project/build/hexapod_description -- -j16 -l16
[2.168s] DEBUG:colcon.colcon_core.event_handler.log_command:Invoking command in '/home/ambushee/FRA333_Kinematic_Project/build/hexapod_description': CMAKE_PREFIX_PATH=${CMAKE_PREFIX_PATH}:/opt/ros/humble /usr/bin/cmake --install /home/ambushee/FRA333_Kinematic_Project/build/hexapod_description
[2.195s] Level 1:colcon.colcon_core.environment:create_environment_scripts_only(hexapod)
[2.196s] DEBUG:colcon.colcon_core.event_handler.log_command:Invoked command in '/home/ambushee/FRA333_Kinematic_Project/build/hexapod' returned '0': CMAKE_PREFIX_PATH=${CMAKE_PREFIX_PATH}:/opt/ros/humble /usr/bin/cmake --install /home/ambushee/FRA333_Kinematic_Project/build/hexapod
[2.198s] Level 1:colcon.colcon_core.environment:checking '/home/ambushee/FRA333_Kinematic_Project/install/hexapod' for CMake module files
[2.199s] Level 1:colcon.colcon_core.environment:checking '/home/ambushee/FRA333_Kinematic_Project/install/hexapod' for CMake config files
[2.199s] Level 1:colcon.colcon_core.shell:create_environment_hook('hexapod', 'cmake_prefix_path')
[2.199s] INFO:colcon.colcon_core.shell:Creating environment hook '/home/ambushee/FRA333_Kinematic_Project/install/hexapod/share/hexapod/hook/cmake_prefix_path.ps1'
[2.200s] INFO:colcon.colcon_core.shell:Creating environment descriptor '/home/ambushee/FRA333_Kinematic_Project/install/hexapod/share/hexapod/hook/cmake_prefix_path.dsv'
[2.200s] INFO:colcon.colcon_core.shell:Creating environment hook '/home/ambushee/FRA333_Kinematic_Project/install/hexapod/share/hexapod/hook/cmake_prefix_path.sh'
[2.201s] Level 1:colcon.colcon_core.environment:checking '/home/ambushee/FRA333_Kinematic_Project/install/hexapod/lib'
[2.201s] Level 1:colcon.colcon_core.environment:checking '/home/ambushee/FRA333_Kinematic_Project/install/hexapod/bin'
[2.201s] Level 1:colcon.colcon_core.environment:checking '/home/ambushee/FRA333_Kinematic_Project/install/hexapod/lib/pkgconfig/hexapod.pc'
[2.201s] Level 1:colcon.colcon_core.environment:checking '/home/ambushee/FRA333_Kinematic_Project/install/hexapod/lib/python3.10/site-packages'
[2.201s] Level 1:colcon.colcon_core.environment:checking '/home/ambushee/FRA333_Kinematic_Project/install/hexapod/bin'
[2.202s] INFO:colcon.colcon_core.shell:Creating package script '/home/ambushee/FRA333_Kinematic_Project/install/hexapod/share/hexapod/package.ps1'
[2.202s] INFO:colcon.colcon_core.shell:Creating package descriptor '/home/ambushee/FRA333_Kinematic_Project/install/hexapod/share/hexapod/package.dsv'
[2.203s] INFO:colcon.colcon_core.shell:Creating package script '/home/ambushee/FRA333_Kinematic_Project/install/hexapod/share/hexapod/package.sh'
[2.204s] INFO:colcon.colcon_core.shell:Creating package script '/home/ambushee/FRA333_Kinematic_Project/install/hexapod/share/hexapod/package.bash'
[2.205s] INFO:colcon.colcon_core.shell:Creating package script '/home/ambushee/FRA333_Kinematic_Project/install/hexapod/share/hexapod/package.zsh'
[2.206s] Level 1:colcon.colcon_core.environment:create_file_with_runtime_dependencies(/home/ambushee/FRA333_Kinematic_Project/install/hexapod/share/colcon-core/packages/hexapod)
[2.206s] Level 1:colcon.colcon_core.environment:create_environment_scripts_only(hexapod)
[2.206s] Level 1:colcon.colcon_core.environment:checking '/home/ambushee/FRA333_Kinematic_Project/install/hexapod' for CMake module files
[2.207s] Level 1:colcon.colcon_core.environment:checking '/home/ambushee/FRA333_Kinematic_Project/install/hexapod' for CMake config files
[2.207s] Level 1:colcon.colcon_core.shell:create_environment_hook('hexapod', 'cmake_prefix_path')
[2.207s] INFO:colcon.colcon_core.shell:Creating environment hook '/home/ambushee/FRA333_Kinematic_Project/install/hexapod/share/hexapod/hook/cmake_prefix_path.ps1'
[2.208s] INFO:colcon.colcon_core.shell:Creating environment descriptor '/home/ambushee/FRA333_Kinematic_Project/install/hexapod/share/hexapod/hook/cmake_prefix_path.dsv'
[2.208s] INFO:colcon.colcon_core.shell:Creating environment hook '/home/ambushee/FRA333_Kinematic_Project/install/hexapod/share/hexapod/hook/cmake_prefix_path.sh'
[2.208s] Level 1:colcon.colcon_core.environment:checking '/home/ambushee/FRA333_Kinematic_Project/install/hexapod/lib'
[2.208s] Level 1:colcon.colcon_core.environment:checking '/home/ambushee/FRA333_Kinematic_Project/install/hexapod/bin'
[2.209s] Level 1:colcon.colcon_core.environment:checking '/home/ambushee/FRA333_Kinematic_Project/install/hexapod/lib/pkgconfig/hexapod.pc'
[2.209s] Level 1:colcon.colcon_core.environment:checking '/home/ambushee/FRA333_Kinematic_Project/install/hexapod/lib/python3.10/site-packages'
[2.209s] Level 1:colcon.colcon_core.environment:checking '/home/ambushee/FRA333_Kinematic_Project/install/hexapod/bin'
[2.209s] INFO:colcon.colcon_core.shell:Creating package script '/home/ambushee/FRA333_Kinematic_Project/install/hexapod/share/hexapod/package.ps1'
[2.210s] INFO:colcon.colcon_core.shell:Creating package descriptor '/home/ambushee/FRA333_Kinematic_Project/install/hexapod/share/hexapod/package.dsv'
[2.210s] INFO:colcon.colcon_core.shell:Creating package script '/home/ambushee/FRA333_Kinematic_Project/install/hexapod/share/hexapod/package.sh'
[2.210s] INFO:colcon.colcon_core.shell:Creating package script '/home/ambushee/FRA333_Kinematic_Project/install/hexapod/share/hexapod/package.bash'
[2.211s] INFO:colcon.colcon_core.shell:Creating package script '/home/ambushee/FRA333_Kinematic_Project/install/hexapod/share/hexapod/package.zsh'
[2.211s] Level 1:colcon.colcon_core.environment:create_file_with_runtime_dependencies(/home/ambushee/FRA333_Kinematic_Project/install/hexapod/share/colcon-core/packages/hexapod)
[2.213s] Level 1:colcon.colcon_core.environment:create_environment_scripts_only(controller)
[2.213s] DEBUG:colcon.colcon_core.event_handler.log_command:Invoked command in '/home/ambushee/FRA333_Kinematic_Project/build/controller' returned '0': CMAKE_PREFIX_PATH=${CMAKE_PREFIX_PATH}:/opt/ros/humble /usr/bin/cmake --install /home/ambushee/FRA333_Kinematic_Project/build/controller
[2.214s] Level 1:colcon.colcon_core.environment:checking '/home/ambushee/FRA333_Kinematic_Project/install/controller' for CMake module files
[2.214s] Level 1:colcon.colcon_core.environment:checking '/home/ambushee/FRA333_Kinematic_Project/install/controller' for CMake config files
[2.215s] Level 1:colcon.colcon_core.shell:create_environment_hook('controller', 'cmake_prefix_path')
[2.215s] INFO:colcon.colcon_core.shell:Creating environment hook '/home/ambushee/FRA333_Kinematic_Project/install/controller/share/controller/hook/cmake_prefix_path.ps1'
[2.216s] INFO:colcon.colcon_core.shell:Creating environment descriptor '/home/ambushee/FRA333_Kinematic_Project/install/controller/share/controller/hook/cmake_prefix_path.dsv'
[2.216s] INFO:colcon.colcon_core.shell:Creating environment hook '/home/ambushee/FRA333_Kinematic_Project/install/controller/share/controller/hook/cmake_prefix_path.sh'
[2.217s] Level 1:colcon.colcon_core.environment:checking '/home/ambushee/FRA333_Kinematic_Project/install/controller/lib'
[2.218s] Level 1:colcon.colcon_core.environment:checking '/home/ambushee/FRA333_Kinematic_Project/install/controller/bin'
[2.218s] Level 1:colcon.colcon_core.environment:checking '/home/ambushee/FRA333_Kinematic_Project/install/controller/lib/pkgconfig/controller.pc'
[2.218s] Level 1:colcon.colcon_core.environment:checking '/home/ambushee/FRA333_Kinematic_Project/install/controller/lib/python3.10/site-packages'
[2.219s] Level 1:colcon.colcon_core.environment:checking '/home/ambushee/FRA333_Kinematic_Project/install/controller/bin'
[2.219s] INFO:colcon.colcon_core.shell:Creating package script '/home/ambushee/FRA333_Kinematic_Project/install/controller/share/controller/package.ps1'
[2.220s] INFO:colcon.colcon_core.shell:Creating package descriptor '/home/ambushee/FRA333_Kinematic_Project/install/controller/share/controller/package.dsv'
[2.220s] INFO:colcon.colcon_core.shell:Creating package script '/home/ambushee/FRA333_Kinematic_Project/install/controller/share/controller/package.sh'
[2.221s] INFO:colcon.colcon_core.shell:Creating package script '/home/ambushee/FRA333_Kinematic_Project/install/controller/share/controller/package.bash'
[2.221s] INFO:colcon.colcon_core.shell:Creating package script '/home/ambushee/FRA333_Kinematic_Project/install/controller/share/controller/package.zsh'
[2.222s] Level 1:colcon.colcon_core.environment:create_file_with_runtime_dependencies(/home/ambushee/FRA333_Kinematic_Project/install/controller/share/colcon-core/packages/controller)
[2.223s] Level 1:colcon.colcon_core.environment:create_environment_scripts_only(controller)
[2.223s] Level 1:colcon.colcon_core.environment:checking '/home/ambushee/FRA333_Kinematic_Project/install/controller' for CMake module files
[2.224s] Level 1:colcon.colcon_core.environment:checking '/home/ambushee/FRA333_Kinematic_Project/install/controller' for CMake config files
[2.225s] Level 1:colcon.colcon_core.shell:create_environment_hook('controller', 'cmake_prefix_path')
[2.225s] INFO:colcon.colcon_core.shell:Creating environment hook '/home/ambushee/FRA333_Kinematic_Project/install/controller/share/controller/hook/cmake_prefix_path.ps1'
[2.225s] INFO:colcon.colcon_core.shell:Creating environment descriptor '/home/ambushee/FRA333_Kinematic_Project/install/controller/share/controller/hook/cmake_prefix_path.dsv'
[2.226s] INFO:colcon.colcon_core.shell:Creating environment hook '/home/ambushee/FRA333_Kinematic_Project/install/controller/share/controller/hook/cmake_prefix_path.sh'
[2.227s] Level 1:colcon.colcon_core.environment:checking '/home/ambushee/FRA333_Kinematic_Project/install/controller/lib'
[2.227s] Level 1:colcon.colcon_core.environment:checking '/home/ambushee/FRA333_Kinematic_Project/install/controller/bin'
[2.227s] Level 1:colcon.colcon_core.environment:checking '/home/ambushee/FRA333_Kinematic_Project/install/controller/lib/pkgconfig/controller.pc'
[2.227s] Level 1:colcon.colcon_core.environment:checking '/home/ambushee/FRA333_Kinematic_Project/install/controller/lib/python3.10/site-packages'
[2.227s] Level 1:colcon.colcon_core.environment:checking '/home/ambushee/FRA333_Kinematic_Project/install/controller/bin'
[2.228s] INFO:colcon.colcon_core.shell:Creating package script '/home/ambushee/FRA333_Kinematic_Project/install/controller/share/controller/package.ps1'
[2.229s] INFO:colcon.colcon_core.shell:Creating package descriptor '/home/ambushee/FRA333_Kinematic_Project/install/controller/share/controller/package.dsv'
[2.230s] INFO:colcon.colcon_core.shell:Creating package script '/home/ambushee/FRA333_Kinematic_Project/install/controller/share/controller/package.sh'
[2.230s] INFO:colcon.colcon_core.shell:Creating package script '/home/ambushee/FRA333_Kinematic_Project/install/controller/share/controller/package.bash'
[2.231s] INFO:colcon.colcon_core.shell:Creating package script '/home/ambushee/FRA333_Kinematic_Project/install/controller/share/controller/package.zsh'
[2.231s] Level 1:colcon.colcon_core.environment:create_file_with_runtime_dependencies(/home/ambushee/FRA333_Kinematic_Project/install/controller/share/colcon-core/packages/controller)
[2.232s] Level 1:colcon.colcon_core.environment:create_environment_scripts_only(hexapod_simulation)
[2.232s] Level 1:colcon.colcon_core.environment:checking '/home/ambushee/FRA333_Kinematic_Project/install/hexapod_simulation' for CMake module files
[2.233s] DEBUG:colcon.colcon_core.event_handler.log_command:Invoked command in '/home/ambushee/FRA333_Kinematic_Project/build/hexapod_simulation' returned '0': CMAKE_PREFIX_PATH=${CMAKE_PREFIX_PATH}:/opt/ros/humble /usr/bin/cmake --install /home/ambushee/FRA333_Kinematic_Project/build/hexapod_simulation
[2.236s] Level 1:colcon.colcon_core.environment:checking '/home/ambushee/FRA333_Kinematic_Project/install/hexapod_simulation' for CMake config files
[2.237s] Level 1:colcon.colcon_core.shell:create_environment_hook('hexapod_simulation', 'cmake_prefix_path')
[2.237s] INFO:colcon.colcon_core.shell:Creating environment hook '/home/ambushee/FRA333_Kinematic_Project/install/hexapod_simulation/share/hexapod_simulation/hook/cmake_prefix_path.ps1'
[2.238s] INFO:colcon.colcon_core.shell:Creating environment descriptor '/home/ambushee/FRA333_Kinematic_Project/install/hexapod_simulation/share/hexapod_simulation/hook/cmake_prefix_path.dsv'
[2.238s] INFO:colcon.colcon_core.shell:Creating environment hook '/home/ambushee/FRA333_Kinematic_Project/install/hexapod_simulation/share/hexapod_simulation/hook/cmake_prefix_path.sh'
[2.239s] Level 1:colcon.colcon_core.environment:checking '/home/ambushee/FRA333_Kinematic_Project/install/hexapod_simulation/lib'
[2.240s] Level 1:colcon.colcon_core.environment:checking '/home/ambushee/FRA333_Kinematic_Project/install/hexapod_simulation/bin'
[2.240s] Level 1:colcon.colcon_core.environment:checking '/home/ambushee/FRA333_Kinematic_Project/install/hexapod_simulation/lib/pkgconfig/hexapod_simulation.pc'
[2.240s] Level 1:colcon.colcon_core.environment:checking '/home/ambushee/FRA333_Kinematic_Project/install/hexapod_simulation/lib/python3.10/site-packages'
[2.241s] Level 1:colcon.colcon_core.environment:checking '/home/ambushee/FRA333_Kinematic_Project/install/hexapod_simulation/bin'
[2.241s] INFO:colcon.colcon_core.shell:Creating package script '/home/ambushee/FRA333_Kinematic_Project/install/hexapod_simulation/share/hexapod_simulation/package.ps1'
[2.242s] INFO:colcon.colcon_core.shell:Creating package descriptor '/home/ambushee/FRA333_Kinematic_Project/install/hexapod_simulation/share/hexapod_simulation/package.dsv'
[2.243s] INFO:colcon.colcon_core.shell:Creating package script '/home/ambushee/FRA333_Kinematic_Project/install/hexapod_simulation/share/hexapod_simulation/package.sh'
[2.244s] INFO:colcon.colcon_core.shell:Creating package script '/home/ambushee/FRA333_Kinematic_Project/install/hexapod_simulation/share/hexapod_simulation/package.bash'
[2.245s] INFO:colcon.colcon_core.shell:Creating package script '/home/ambushee/FRA333_Kinematic_Project/install/hexapod_simulation/share/hexapod_simulation/package.zsh'
[2.245s] Level 1:colcon.colcon_core.environment:create_file_with_runtime_dependencies(/home/ambushee/FRA333_Kinematic_Project/install/hexapod_simulation/share/colcon-core/packages/hexapod_simulation)
[2.246s] Level 1:colcon.colcon_core.environment:create_environment_scripts_only(hexapod_simulation)
[2.247s] Level 1:colcon.colcon_core.environment:checking '/home/ambushee/FRA333_Kinematic_Project/install/hexapod_simulation' for CMake module files
[2.248s] Level 1:colcon.colcon_core.environment:checking '/home/ambushee/FRA333_Kinematic_Project/install/hexapod_simulation' for CMake config files
[2.248s] Level 1:colcon.colcon_core.shell:create_environment_hook('hexapod_simulation', 'cmake_prefix_path')
[2.248s] INFO:colcon.colcon_core.shell:Creating environment hook '/home/ambushee/FRA333_Kinematic_Project/install/hexapod_simulation/share/hexapod_simulation/hook/cmake_prefix_path.ps1'
[2.249s] INFO:colcon.colcon_core.shell:Creating environment descriptor '/home/ambushee/FRA333_Kinematic_Project/install/hexapod_simulation/share/hexapod_simulation/hook/cmake_prefix_path.dsv'
[2.249s] INFO:colcon.colcon_core.shell:Creating environment hook '/home/ambushee/FRA333_Kinematic_Project/install/hexapod_simulation/share/hexapod_simulation/hook/cmake_prefix_path.sh'
[2.250s] Level 1:colcon.colcon_core.environment:checking '/home/ambushee/FRA333_Kinematic_Project/install/hexapod_simulation/lib'
[2.250s] Level 1:colcon.colcon_core.environment:checking '/home/ambushee/FRA333_Kinematic_Project/install/hexapod_simulation/bin'
[2.251s] Level 1:colcon.colcon_core.environment:checking '/home/ambushee/FRA333_Kinematic_Project/install/hexapod_simulation/lib/pkgconfig/hexapod_simulation.pc'
[2.251s] Level 1:colcon.colcon_core.environment:checking '/home/ambushee/FRA333_Kinematic_Project/install/hexapod_simulation/lib/python3.10/site-packages'
[2.251s] Level 1:colcon.colcon_core.environment:checking '/home/ambushee/FRA333_Kinematic_Project/install/hexapod_simulation/bin'
[2.251s] INFO:colcon.colcon_core.shell:Creating package script '/home/ambushee/FRA333_Kinematic_Project/install/hexapod_simulation/share/hexapod_simulation/package.ps1'
[2.252s] INFO:colcon.colcon_core.shell:Creating package descriptor '/home/ambushee/FRA333_Kinematic_Project/install/hexapod_simulation/share/hexapod_simulation/package.dsv'
[2.253s] INFO:colcon.colcon_core.shell:Creating package script '/home/ambushee/FRA333_Kinematic_Project/install/hexapod_simulation/share/hexapod_simulation/package.sh'
[2.253s] INFO:colcon.colcon_core.shell:Creating package script '/home/ambushee/FRA333_Kinematic_Project/install/hexapod_simulation/share/hexapod_simulation/package.bash'
[2.254s] INFO:colcon.colcon_core.shell:Creating package script '/home/ambushee/FRA333_Kinematic_Project/install/hexapod_simulation/share/hexapod_simulation/package.zsh'
[2.254s] Level 1:colcon.colcon_core.environment:create_file_with_runtime_dependencies(/home/ambushee/FRA333_Kinematic_Project/install/hexapod_simulation/share/colcon-core/packages/hexapod_simulation)
[2.256s] Level 1:colcon.colcon_core.environment:create_environment_scripts_only(hexapod_description)
[2.256s] Level 1:colcon.colcon_core.environment:checking '/home/ambushee/FRA333_Kinematic_Project/install/hexapod_description' for CMake module files
[2.257s] DEBUG:colcon.colcon_core.event_handler.log_command:Invoked command in '/home/ambushee/FRA333_Kinematic_Project/build/hexapod_description' returned '0': CMAKE_PREFIX_PATH=${CMAKE_PREFIX_PATH}:/opt/ros/humble /usr/bin/cmake --install /home/ambushee/FRA333_Kinematic_Project/build/hexapod_description
[2.257s] Level 1:colcon.colcon_core.environment:checking '/home/ambushee/FRA333_Kinematic_Project/install/hexapod_description' for CMake config files
[2.257s] Level 1:colcon.colcon_core.shell:create_environment_hook('hexapod_description', 'cmake_prefix_path')
[2.258s] INFO:colcon.colcon_core.shell:Creating environment hook '/home/ambushee/FRA333_Kinematic_Project/install/hexapod_description/share/hexapod_description/hook/cmake_prefix_path.ps1'
[2.258s] INFO:colcon.colcon_core.shell:Creating environment descriptor '/home/ambushee/FRA333_Kinematic_Project/install/hexapod_description/share/hexapod_description/hook/cmake_prefix_path.dsv'
[2.259s] INFO:colcon.colcon_core.shell:Creating environment hook '/home/ambushee/FRA333_Kinematic_Project/install/hexapod_description/share/hexapod_description/hook/cmake_prefix_path.sh'
[2.259s] Level 1:colcon.colcon_core.environment:checking '/home/ambushee/FRA333_Kinematic_Project/install/hexapod_description/lib'
[2.259s] Level 1:colcon.colcon_core.environment:checking '/home/ambushee/FRA333_Kinematic_Project/install/hexapod_description/bin'
[2.259s] Level 1:colcon.colcon_core.environment:checking '/home/ambushee/FRA333_Kinematic_Project/install/hexapod_description/lib/pkgconfig/hexapod_description.pc'
[2.260s] Level 1:colcon.colcon_core.environment:checking '/home/ambushee/FRA333_Kinematic_Project/install/hexapod_description/lib/python3.10/site-packages'
[2.260s] Level 1:colcon.colcon_core.environment:checking '/home/ambushee/FRA333_Kinematic_Project/install/hexapod_description/bin'
[2.260s] INFO:colcon.colcon_core.shell:Creating package script '/home/ambushee/FRA333_Kinematic_Project/install/hexapod_description/share/hexapod_description/package.ps1'
[2.261s] INFO:colcon.colcon_core.shell:Creating package descriptor '/home/ambushee/FRA333_Kinematic_Project/install/hexapod_description/share/hexapod_description/package.dsv'
[2.261s] INFO:colcon.colcon_core.shell:Creating package script '/home/ambushee/FRA333_Kinematic_Project/install/hexapod_description/share/hexapod_description/package.sh'
[2.262s] INFO:colcon.colcon_core.shell:Creating package script '/home/ambushee/FRA333_Kinematic_Project/install/hexapod_description/share/hexapod_description/package.bash'
[2.262s] INFO:colcon.colcon_core.shell:Creating package script '/home/ambushee/FRA333_Kinematic_Project/install/hexapod_description/share/hexapod_description/package.zsh'
[2.263s] Level 1:colcon.colcon_core.environment:create_file_with_runtime_dependencies(/home/ambushee/FRA333_Kinematic_Project/install/hexapod_description/share/colcon-core/packages/hexapod_description)
[2.263s] Level 1:colcon.colcon_core.environment:create_environment_scripts_only(hexapod_description)
[2.264s] Level 1:colcon.colcon_core.environment:checking '/home/ambushee/FRA333_Kinematic_Project/install/hexapod_description' for CMake module files
[2.264s] Level 1:colcon.colcon_core.environment:checking '/home/ambushee/FRA333_Kinematic_Project/install/hexapod_description' for CMake config files
[2.264s] Level 1:colcon.colcon_core.shell:create_environment_hook('hexapod_description', 'cmake_prefix_path')
[2.265s] INFO:colcon.colcon_core.shell:Creating environment hook '/home/ambushee/FRA333_Kinematic_Project/install/hexapod_description/share/hexapod_description/hook/cmake_prefix_path.ps1'
[2.265s] INFO:colcon.colcon_core.shell:Creating environment descriptor '/home/ambushee/FRA333_Kinematic_Project/install/hexapod_description/share/hexapod_description/hook/cmake_prefix_path.dsv'
[2.266s] INFO:colcon.colcon_core.shell:Creating environment hook '/home/ambushee/FRA333_Kinematic_Project/install/hexapod_description/share/hexapod_description/hook/cmake_prefix_path.sh'
[2.266s] Level 1:colcon.colcon_core.environment:checking '/home/ambushee/FRA333_Kinematic_Project/install/hexapod_description/lib'
[2.266s] Level 1:colcon.colcon_core.environment:checking '/home/ambushee/FRA333_Kinematic_Project/install/hexapod_description/bin'
[2.266s] Level 1:colcon.colcon_core.environment:checking '/home/ambushee/FRA333_Kinematic_Project/install/hexapod_description/lib/pkgconfig/hexapod_description.pc'
[2.267s] Level 1:colcon.colcon_core.environment:checking '/home/ambushee/FRA333_Kinematic_Project/install/hexapod_description/lib/python3.10/site-packages'
[2.267s] Level 1:colcon.colcon_core.environment:checking '/home/ambushee/FRA333_Kinematic_Project/install/hexapod_description/bin'
[2.267s] INFO:colcon.colcon_core.shell:Creating package script '/home/ambushee/FRA333_Kinematic_Project/install/hexapod_description/share/hexapod_description/package.ps1'
[2.268s] INFO:colcon.colcon_core.shell:Creating package descriptor '/home/ambushee/FRA333_Kinematic_Project/install/hexapod_description/share/hexapod_description/package.dsv'
[2.269s] INFO:colcon.colcon_core.shell:Creating package script '/home/ambushee/FRA333_Kinematic_Project/install/hexapod_description/share/hexapod_description/package.sh'
[2.269s] INFO:colcon.colcon_core.shell:Creating package script '/home/ambushee/FRA333_Kinematic_Project/install/hexapod_description/share/hexapod_description/package.bash'
[2.269s] INFO:colcon.colcon_core.shell:Creating package script '/home/ambushee/FRA333_Kinematic_Project/install/hexapod_description/share/hexapod_description/package.zsh'
[2.270s] Level 1:colcon.colcon_core.environment:create_file_with_runtime_dependencies(/home/ambushee/FRA333_Kinematic_Project/install/hexapod_description/share/colcon-core/packages/hexapod_description)
[2.270s] DEBUG:colcon.colcon_parallel_executor.executor.parallel:closing loop
[2.271s] DEBUG:colcon.colcon_parallel_executor.executor.parallel:loop closed
[2.271s] DEBUG:colcon.colcon_parallel_executor.executor.parallel:run_until_complete finished with '0'
[2.271s] DEBUG:colcon.colcon_core.event_reactor:joining thread
[2.278s] INFO:colcon.colcon_core.plugin_system:Skipping extension 'colcon_notification.desktop_notification.terminal_notifier': Not used on non-Darwin systems
[2.278s] INFO:colcon.colcon_core.plugin_system:Skipping extension 'colcon_notification.desktop_notification.win32': Not used on non-Windows systems
[2.278s] INFO:colcon.colcon_notification.desktop_notification:Sending desktop notification using 'notify2'
[2.295s] DEBUG:colcon.colcon_core.event_reactor:joined thread
[2.295s] INFO:colcon.colcon_core.shell:Creating prefix script '/home/ambushee/FRA333_Kinematic_Project/install/local_setup.ps1'
[2.297s] INFO:colcon.colcon_core.shell:Creating prefix util module '/home/ambushee/FRA333_Kinematic_Project/install/_local_setup_util_ps1.py'
[2.298s] INFO:colcon.colcon_core.shell:Creating prefix chain script '/home/ambushee/FRA333_Kinematic_Project/install/setup.ps1'
[2.300s] INFO:colcon.colcon_core.shell:Creating prefix script '/home/ambushee/FRA333_Kinematic_Project/install/local_setup.sh'
[2.300s] INFO:colcon.colcon_core.shell:Creating prefix util module '/home/ambushee/FRA333_Kinematic_Project/install/_local_setup_util_sh.py'
[2.300s] INFO:colcon.colcon_core.shell:Creating prefix chain script '/home/ambushee/FRA333_Kinematic_Project/install/setup.sh'
[2.301s] INFO:colcon.colcon_core.shell:Creating prefix script '/home/ambushee/FRA333_Kinematic_Project/install/local_setup.bash'
[2.301s] INFO:colcon.colcon_core.shell:Creating prefix chain script '/home/ambushee/FRA333_Kinematic_Project/install/setup.bash'
[2.302s] INFO:colcon.colcon_core.shell:Creating prefix script '/home/ambushee/FRA333_Kinematic_Project/install/local_setup.zsh'
[2.302s] INFO:colcon.colcon_core.shell:Creating prefix chain script '/home/ambushee/FRA333_Kinematic_Project/install/setup.zsh'
