[0.009s] Invoking command in '/home/oat/Desktop/FRA333_Kinematic_Project/build/hexapod': CMAKE_PREFIX_PATH=/opt/ros/humble /usr/bin/cmake /home/oat/Desktop/FRA333_Kinematic_Project/src/hexapod -DAMENT_CMAKE_SYMLINK_INSTALL=1 -DCMAKE_INSTALL_PREFIX=/home/oat/Desktop/FRA333_Kinematic_Project/install/hexapod
[0.076s] -- The C compiler identification is GNU 11.4.0
[0.133s] -- The CXX compiler identification is GNU 11.4.0
[0.140s] -- Detecting C compiler ABI info
[0.200s] -- Detecting C compiler ABI info - done
[0.210s] -- Check for working C compiler: /usr/bin/cc - skipped
[0.210s] -- Detecting C compile features
[0.211s] -- Detecting C compile features - done
[0.215s] -- Detecting CXX compiler ABI info
[0.290s] -- Detecting CXX compiler ABI info - done
[0.297s] -- Check for working CXX compiler: /usr/bin/c++ - skipped
[0.297s] -- Detecting CXX compile features
[0.297s] -- Detecting CXX compile features - done
[0.300s] -- Found ament_cmake: 1.3.12 (/opt/ros/humble/share/ament_cmake/cmake)
[0.489s] -- Found Python3: /usr/bin/python3 (found version "3.10.12") found components: Interpreter 
[0.559s] -- Override CMake install command with custom implementation using symlinks instead of copying resources
[0.581s] -- Found rclcpp: 16.0.15 (/opt/ros/humble/share/rclcpp/cmake)
[0.627s] -- Found rosidl_generator_c: 3.1.7 (/opt/ros/humble/share/rosidl_generator_c/cmake)
[0.630s] -- Found rosidl_adapter: 3.1.7 (/opt/ros/humble/share/rosidl_adapter/cmake)
[0.637s] -- Found rosidl_generator_cpp: 3.1.7 (/opt/ros/humble/share/rosidl_generator_cpp/cmake)
[0.647s] -- Using all available rosidl_typesupport_c: rosidl_typesupport_fastrtps_c;rosidl_typesupport_introspection_c
[0.660s] -- Using all available rosidl_typesupport_cpp: rosidl_typesupport_fastrtps_cpp;rosidl_typesupport_introspection_cpp
[0.696s] -- Found rmw_implementation_cmake: 6.1.2 (/opt/ros/humble/share/rmw_implementation_cmake/cmake)
[0.699s] -- Found rmw_fastrtps_cpp: 6.2.8 (/opt/ros/humble/share/rmw_fastrtps_cpp/cmake)
[0.804s] -- Found OpenSSL: /usr/lib/x86_64-linux-gnu/libcrypto.so (found version "3.0.2")  
[0.838s] -- Found FastRTPS: /opt/ros/humble/include  
[0.891s] -- Using RMW implementation 'rmw_fastrtps_cpp' as default
[0.901s] -- Looking for pthread.h
[0.981s] -- Looking for pthread.h - found
[0.982s] -- Performing Test CMAKE_HAVE_LIBC_PTHREAD
[1.046s] -- Performing Test CMAKE_HAVE_LIBC_PTHREAD - Success
[1.048s] -- Found Threads: TRUE  
[1.115s] -- Found rclpy: 3.3.17 (/opt/ros/humble/share/rclpy/cmake)
[1.315s] -- Configuring done
[1.325s] -- Generating done
[1.329s] -- Build files have been written to: /home/oat/Desktop/FRA333_Kinematic_Project/build/hexapod
[1.338s] Invoked command in '/home/oat/Desktop/FRA333_Kinematic_Project/build/hexapod' returned '0': CMAKE_PREFIX_PATH=/opt/ros/humble /usr/bin/cmake /home/oat/Desktop/FRA333_Kinematic_Project/src/hexapod -DAMENT_CMAKE_SYMLINK_INSTALL=1 -DCMAKE_INSTALL_PREFIX=/home/oat/Desktop/FRA333_Kinematic_Project/install/hexapod
[1.339s] Invoking command in '/home/oat/Desktop/FRA333_Kinematic_Project/build/hexapod': CMAKE_PREFIX_PATH=/opt/ros/humble /usr/bin/cmake --build /home/oat/Desktop/FRA333_Kinematic_Project/build/hexapod -- -j20 -l20
[1.392s] [ 50%] Building CXX object CMakeFiles/cpp_node_test.dir/src/cpp_node.cpp.o
[1.402s] [ 50%] Built target ament_cmake_python_symlink_hexapod
[1.707s] running egg_info
[1.708s] creating hexapod.egg-info
[1.708s] writing hexapod.egg-info/PKG-INFO
[1.708s] writing dependency_links to hexapod.egg-info/dependency_links.txt
[1.709s] writing top-level names to hexapod.egg-info/top_level.txt
[1.709s] writing manifest file 'hexapod.egg-info/SOURCES.txt'
[1.711s] reading manifest file 'hexapod.egg-info/SOURCES.txt'
[1.711s] [100%] Linking CXX executable cpp_node_test
[1.712s] writing manifest file 'hexapod.egg-info/SOURCES.txt'
[1.755s] [100%] Built target ament_cmake_python_build_hexapod_egg
[1.827s] [100%] Built target cpp_node_test
[1.842s] Invoked command in '/home/oat/Desktop/FRA333_Kinematic_Project/build/hexapod' returned '0': CMAKE_PREFIX_PATH=/opt/ros/humble /usr/bin/cmake --build /home/oat/Desktop/FRA333_Kinematic_Project/build/hexapod -- -j20 -l20
[1.843s] Invoking command in '/home/oat/Desktop/FRA333_Kinematic_Project/build/hexapod': CMAKE_PREFIX_PATH=/opt/ros/humble /usr/bin/cmake --install /home/oat/Desktop/FRA333_Kinematic_Project/build/hexapod
[1.852s] -- Install configuration: ""
[1.852s] -- Execute custom install script
[1.853s] -- Symlinking: /home/oat/Desktop/FRA333_Kinematic_Project/install/hexapod/share/hexapod/environment/pythonpath.sh
[1.863s] -- Symlinking: /home/oat/Desktop/FRA333_Kinematic_Project/install/hexapod/share/hexapod/environment/pythonpath.dsv
[1.872s] -- Symlinking: /home/oat/Desktop/FRA333_Kinematic_Project/install/hexapod/local/lib/python3.10/dist-packages/hexapod-0.0.0-py3.10.egg-info/PKG-INFO
[1.882s] -- Symlinking: /home/oat/Desktop/FRA333_Kinematic_Project/install/hexapod/local/lib/python3.10/dist-packages/hexapod-0.0.0-py3.10.egg-info/SOURCES.txt
[1.892s] -- Symlinking: /home/oat/Desktop/FRA333_Kinematic_Project/install/hexapod/local/lib/python3.10/dist-packages/hexapod-0.0.0-py3.10.egg-info/dependency_links.txt
[1.902s] -- Symlinking: /home/oat/Desktop/FRA333_Kinematic_Project/install/hexapod/local/lib/python3.10/dist-packages/hexapod-0.0.0-py3.10.egg-info/top_level.txt
[1.914s] -- Symlinking: /home/oat/Desktop/FRA333_Kinematic_Project/install/hexapod/local/lib/python3.10/dist-packages/hexapod/__init__.py
[1.926s] -- Symlinking: /home/oat/Desktop/FRA333_Kinematic_Project/install/hexapod/local/lib/python3.10/dist-packages/hexapod/dummy_module.py
[1.938s] -- Symlinking: /home/oat/Desktop/FRA333_Kinematic_Project/install/hexapod/lib/hexapod/forward_position_kinematic.py
[1.951s] -- Symlinking: /home/oat/Desktop/FRA333_Kinematic_Project/install/hexapod/lib/hexapod/gait_planning.py
[1.962s] -- Symlinking: /home/oat/Desktop/FRA333_Kinematic_Project/install/hexapod/lib/hexapod/inverse_position_kinematic.py
[1.976s] -- Symlinking: /home/oat/Desktop/FRA333_Kinematic_Project/install/hexapod/lib/hexapod/inverse_velocity_kinematic.py
[1.987s] -- Symlinking: /home/oat/Desktop/FRA333_Kinematic_Project/install/hexapod/lib/hexapod/joint_state_splitter.py
[2.000s] -- Symlinking: /home/oat/Desktop/FRA333_Kinematic_Project/install/hexapod/lib/hexapod/pid_position_controller.py
[2.010s] -- Symlinking: /home/oat/Desktop/FRA333_Kinematic_Project/install/hexapod/lib/hexapod/pid_velocity_controller.py
[2.022s] -- Symlinking: /home/oat/Desktop/FRA333_Kinematic_Project/install/hexapod/lib/hexapod/set_point.py
[2.035s] -- Symlinking: /home/oat/Desktop/FRA333_Kinematic_Project/install/hexapod/lib/hexapod/state_controller.py
[2.046s] -- Symlinking: /home/oat/Desktop/FRA333_Kinematic_Project/install/hexapod/lib/hexapod/trajectory_planning.py
[2.055s] -- Symlinking: /home/oat/Desktop/FRA333_Kinematic_Project/install/hexapod/lib/hexapod/cpp_node_test
[2.065s] -- Symlinking: /home/oat/Desktop/FRA333_Kinematic_Project/install/hexapod/share/hexapod/launch/simple.launch.py
[2.075s] -- Symlinking: /home/oat/Desktop/FRA333_Kinematic_Project/install/hexapod/share/hexapod/config/2025-FRA333-G02-proposal.pdf
[2.085s] -- Symlinking: /home/oat/Desktop/FRA333_Kinematic_Project/install/hexapod/share/hexapod/config/hexapod_simplified_params.yaml
[2.096s] -- Symlinking: /home/oat/Desktop/FRA333_Kinematic_Project/install/hexapod/share/ament_index/resource_index/package_run_dependencies/hexapod
[2.106s] -- Symlinking: /home/oat/Desktop/FRA333_Kinematic_Project/install/hexapod/share/ament_index/resource_index/parent_prefix_path/hexapod
[2.115s] -- Symlinking: /home/oat/Desktop/FRA333_Kinematic_Project/install/hexapod/share/hexapod/environment/ament_prefix_path.sh
[2.141s] -- Symlinking: /home/oat/Desktop/FRA333_Kinematic_Project/install/hexapod/share/hexapod/environment/ament_prefix_path.dsv
[2.142s] -- Symlinking: /home/oat/Desktop/FRA333_Kinematic_Project/install/hexapod/share/hexapod/environment/path.sh
[2.149s] -- Symlinking: /home/oat/Desktop/FRA333_Kinematic_Project/install/hexapod/share/hexapod/environment/path.dsv
[2.163s] -- Symlinking: /home/oat/Desktop/FRA333_Kinematic_Project/install/hexapod/share/hexapod/local_setup.bash
[2.177s] -- Symlinking: /home/oat/Desktop/FRA333_Kinematic_Project/install/hexapod/share/hexapod/local_setup.sh
[2.186s] -- Symlinking: /home/oat/Desktop/FRA333_Kinematic_Project/install/hexapod/share/hexapod/local_setup.zsh
[2.196s] -- Symlinking: /home/oat/Desktop/FRA333_Kinematic_Project/install/hexapod/share/hexapod/local_setup.dsv
[2.241s] -- Symlinking: /home/oat/Desktop/FRA333_Kinematic_Project/install/hexapod/share/hexapod/package.dsv
[2.241s] -- Symlinking: /home/oat/Desktop/FRA333_Kinematic_Project/install/hexapod/share/ament_index/resource_index/packages/hexapod
[2.241s] -- Symlinking: /home/oat/Desktop/FRA333_Kinematic_Project/install/hexapod/share/hexapod/cmake/hexapodConfig.cmake
[2.249s] -- Symlinking: /home/oat/Desktop/FRA333_Kinematic_Project/install/hexapod/share/hexapod/cmake/hexapodConfig-version.cmake
[2.259s] -- Symlinking: /home/oat/Desktop/FRA333_Kinematic_Project/install/hexapod/share/hexapod/package.xml
[2.343s] Listing '/home/oat/Desktop/FRA333_Kinematic_Project/install/hexapod/local/lib/python3.10/dist-packages/hexapod'...
[2.343s] Compiling '/home/oat/Desktop/FRA333_Kinematic_Project/install/hexapod/local/lib/python3.10/dist-packages/hexapod/__init__.py'...
[2.343s] Compiling '/home/oat/Desktop/FRA333_Kinematic_Project/install/hexapod/local/lib/python3.10/dist-packages/hexapod/dummy_module.py'...
[2.358s] Invoked command in '/home/oat/Desktop/FRA333_Kinematic_Project/build/hexapod' returned '0': CMAKE_PREFIX_PATH=/opt/ros/humble /usr/bin/cmake --install /home/oat/Desktop/FRA333_Kinematic_Project/build/hexapod
