-- The C compiler identification is GNU 11.4.0
-- The CXX compiler identification is GNU 11.4.0
-- Detecting C compiler ABI info
-- Detecting C compiler ABI info - done
-- Check for working C compiler: /usr/bin/cc - skipped
-- Detecting C compile features
-- Detecting C compile features - done
-- Detecting CXX compiler ABI info
-- Detecting CXX compiler ABI info - done
-- Check for working CXX compiler: /usr/bin/c++ - skipped
-- Detecting CXX compile features
-- Detecting CXX compile features - done
-- Found ament_cmake: 1.3.11 (/opt/ros/humble/share/ament_cmake/cmake)
-- Found Python3: /usr/bin/python3 (found version "3.10.12") found components: Interpreter 
-- Found rclcpp: 16.0.11 (/opt/ros/humble/share/rclcpp/cmake)
-- Found rosidl_generator_c: 3.1.6 (/opt/ros/humble/share/rosidl_generator_c/cmake)
-- Found rosidl_adapter: 3.1.6 (/opt/ros/humble/share/rosidl_adapter/cmake)
-- Found rosidl_generator_cpp: 3.1.6 (/opt/ros/humble/share/rosidl_generator_cpp/cmake)
-- Using all available rosidl_typesupport_c: rosidl_typesupport_fastrtps_c;rosidl_typesupport_introspection_c
-- Using all available rosidl_typesupport_cpp: rosidl_typesupport_fastrtps_cpp;rosidl_typesupport_introspection_cpp
-- Found rmw_implementation_cmake: 6.1.2 (/opt/ros/humble/share/rmw_implementation_cmake/cmake)
-- Found rmw_fastrtps_cpp: 6.2.7 (/opt/ros/humble/share/rmw_fastrtps_cpp/cmake)
-- Found OpenSSL: /usr/lib/x86_64-linux-gnu/libcrypto.so (found version "3.0.2")  
-- Found FastRTPS: /opt/ros/humble/include  
-- Using RMW implementation 'rmw_fastrtps_cpp' as default
-- Looking for pthread.h
-- Looking for pthread.h - found
-- Performing Test CMAKE_HAVE_LIBC_PTHREAD
-- Performing Test CMAKE_HAVE_LIBC_PTHREAD - Success
-- Found Threads: TRUE  
-- Found rclpy: 3.3.15 (/opt/ros/humble/share/rclpy/cmake)
-- Configuring done
-- Generating done
-- Build files have been written to: /home/ambushee/FRA333_Kinematic_Project/build/hexapod_description
[ 50%] [32mBuilding CXX object CMakeFiles/cpp_node_test.dir/src/cpp_node.cpp.o[0m
[ 50%] Built target ament_cmake_python_copy_hexapod_description
[100%] [32m[1mLinking CXX executable cpp_node_test[0m
running egg_info
creating hexapod_description.egg-info
writing hexapod_description.egg-info/PKG-INFO
writing dependency_links to hexapod_description.egg-info/dependency_links.txt
writing top-level names to hexapod_description.egg-info/top_level.txt
writing manifest file 'hexapod_description.egg-info/SOURCES.txt'
reading manifest file 'hexapod_description.egg-info/SOURCES.txt'
writing manifest file 'hexapod_description.egg-info/SOURCES.txt'
[100%] Built target ament_cmake_python_build_hexapod_description_egg
[100%] Built target cpp_node_test
-- Install configuration: ""
-- Installing: /home/ambushee/FRA333_Kinematic_Project/install/hexapod_description/share/hexapod_description/environment/pythonpath.sh
-- Installing: /home/ambushee/FRA333_Kinematic_Project/install/hexapod_description/share/hexapod_description/environment/pythonpath.dsv
-- Installing: /home/ambushee/FRA333_Kinematic_Project/install/hexapod_description/local/lib/python3.10/dist-packages/hexapod_description-0.0.0-py3.10.egg-info
-- Installing: /home/ambushee/FRA333_Kinematic_Project/install/hexapod_description/local/lib/python3.10/dist-packages/hexapod_description-0.0.0-py3.10.egg-info/dependency_links.txt
-- Installing: /home/ambushee/FRA333_Kinematic_Project/install/hexapod_description/local/lib/python3.10/dist-packages/hexapod_description-0.0.0-py3.10.egg-info/SOURCES.txt
-- Installing: /home/ambushee/FRA333_Kinematic_Project/install/hexapod_description/local/lib/python3.10/dist-packages/hexapod_description-0.0.0-py3.10.egg-info/top_level.txt
-- Installing: /home/ambushee/FRA333_Kinematic_Project/install/hexapod_description/local/lib/python3.10/dist-packages/hexapod_description-0.0.0-py3.10.egg-info/PKG-INFO
-- Installing: /home/ambushee/FRA333_Kinematic_Project/install/hexapod_description/local/lib/python3.10/dist-packages/hexapod_description
-- Installing: /home/ambushee/FRA333_Kinematic_Project/install/hexapod_description/local/lib/python3.10/dist-packages/hexapod_description/__init__.py
-- Installing: /home/ambushee/FRA333_Kinematic_Project/install/hexapod_description/local/lib/python3.10/dist-packages/hexapod_description/dummy_module.py
Listing '/home/ambushee/FRA333_Kinematic_Project/install/hexapod_description/local/lib/python3.10/dist-packages/hexapod_description'...
Compiling '/home/ambushee/FRA333_Kinematic_Project/install/hexapod_description/local/lib/python3.10/dist-packages/hexapod_description/__init__.py'...
Compiling '/home/ambushee/FRA333_Kinematic_Project/install/hexapod_description/local/lib/python3.10/dist-packages/hexapod_description/dummy_module.py'...
-- Installing: /home/ambushee/FRA333_Kinematic_Project/install/hexapod_description/lib/hexapod_description/dummy_script.py
-- Installing: /home/ambushee/FRA333_Kinematic_Project/install/hexapod_description/lib/hexapod_description/cpp_node_test
-- Set runtime path of "/home/ambushee/FRA333_Kinematic_Project/install/hexapod_description/lib/hexapod_description/cpp_node_test" to ""
-- Installing: /home/ambushee/FRA333_Kinematic_Project/install/hexapod_description/share/hexapod_description/launch
-- Installing: /home/ambushee/FRA333_Kinematic_Project/install/hexapod_description/share/hexapod_description/launch/display.launch.py
-- Installing: /home/ambushee/FRA333_Kinematic_Project/install/hexapod_description/share/hexapod_description/meshes
-- Installing: /home/ambushee/FRA333_Kinematic_Project/install/hexapod_description/share/hexapod_description/meshes/foot_pointer_1.STL
-- Installing: /home/ambushee/FRA333_Kinematic_Project/install/hexapod_description/share/hexapod_description/meshes/base_link.STL
-- Installing: /home/ambushee/FRA333_Kinematic_Project/install/hexapod_description/share/hexapod_description/meshes/hip_link_1.STL
-- Installing: /home/ambushee/FRA333_Kinematic_Project/install/hexapod_description/share/hexapod_description/meshes/knee_link_1.STL
-- Installing: /home/ambushee/FRA333_Kinematic_Project/install/hexapod_description/share/hexapod_description/meshes/ankle_link_1.STL
-- Installing: /home/ambushee/FRA333_Kinematic_Project/install/hexapod_description/share/hexapod_description/meshes/end_effector_1.STL
-- Installing: /home/ambushee/FRA333_Kinematic_Project/install/hexapod_description/share/hexapod_description/config
-- Installing: /home/ambushee/FRA333_Kinematic_Project/install/hexapod_description/share/hexapod_description/config/display.rviz
-- Installing: /home/ambushee/FRA333_Kinematic_Project/install/hexapod_description/share/hexapod_description/robot
-- Installing: /home/ambushee/FRA333_Kinematic_Project/install/hexapod_description/share/hexapod_description/robot/visual
-- Installing: /home/ambushee/FRA333_Kinematic_Project/install/hexapod_description/share/hexapod_description/robot/visual/hexapod.xacro
-- Installing: /home/ambushee/FRA333_Kinematic_Project/install/hexapod_description/share/hexapod_description/robot/visual/hexapod_params.xacro
-- Installing: /home/ambushee/FRA333_Kinematic_Project/install/hexapod_description/share/hexapod_description/robot/visual/inertial_macros.xacro
-- Installing: /home/ambushee/FRA333_Kinematic_Project/install/hexapod_description/share/hexapod_description/robot/visual/hexapod.urdf
-- Installing: /home/ambushee/FRA333_Kinematic_Project/install/hexapod_description/share/hexapod_description/robot/visual/gazebo_full.xacro
-- Installing: /home/ambushee/FRA333_Kinematic_Project/install/hexapod_description/share/hexapod_description/robot/visual/robot_material.xacro
-- Installing: /home/ambushee/FRA333_Kinematic_Project/install/hexapod_description/share/ament_index/resource_index/package_run_dependencies/hexapod_description
-- Installing: /home/ambushee/FRA333_Kinematic_Project/install/hexapod_description/share/ament_index/resource_index/parent_prefix_path/hexapod_description
-- Installing: /home/ambushee/FRA333_Kinematic_Project/install/hexapod_description/share/hexapod_description/environment/ament_prefix_path.sh
-- Installing: /home/ambushee/FRA333_Kinematic_Project/install/hexapod_description/share/hexapod_description/environment/ament_prefix_path.dsv
-- Installing: /home/ambushee/FRA333_Kinematic_Project/install/hexapod_description/share/hexapod_description/environment/path.sh
-- Installing: /home/ambushee/FRA333_Kinematic_Project/install/hexapod_description/share/hexapod_description/environment/path.dsv
-- Installing: /home/ambushee/FRA333_Kinematic_Project/install/hexapod_description/share/hexapod_description/local_setup.bash
-- Installing: /home/ambushee/FRA333_Kinematic_Project/install/hexapod_description/share/hexapod_description/local_setup.sh
-- Installing: /home/ambushee/FRA333_Kinematic_Project/install/hexapod_description/share/hexapod_description/local_setup.zsh
-- Installing: /home/ambushee/FRA333_Kinematic_Project/install/hexapod_description/share/hexapod_description/local_setup.dsv
-- Installing: /home/ambushee/FRA333_Kinematic_Project/install/hexapod_description/share/hexapod_description/package.dsv
-- Installing: /home/ambushee/FRA333_Kinematic_Project/install/hexapod_description/share/ament_index/resource_index/packages/hexapod_description
-- Installing: /home/ambushee/FRA333_Kinematic_Project/install/hexapod_description/share/hexapod_description/cmake/hexapod_descriptionConfig.cmake
-- Installing: /home/ambushee/FRA333_Kinematic_Project/install/hexapod_description/share/hexapod_description/cmake/hexapod_descriptionConfig-version.cmake
-- Installing: /home/ambushee/FRA333_Kinematic_Project/install/hexapod_description/share/hexapod_description/package.xml
