[0.014s] Invoking command in '/home/ambushee/FRA333_Kinematic_Project/build/hexapod_description': CMAKE_PREFIX_PATH=${CMAKE_PREFIX_PATH}:/opt/ros/humble /usr/bin/cmake /home/ambushee/FRA333_Kinematic_Project/src/hexapod_description -DCMAKE_INSTALL_PREFIX=/home/ambushee/FRA333_Kinematic_Project/install/hexapod_description
[0.051s] -- The C compiler identification is GNU 11.4.0
[0.091s] -- The CXX compiler identification is GNU 11.4.0
[0.097s] -- Detecting C compiler ABI info
[0.158s] -- Detecting C compiler ABI info - done
[0.165s] -- Check for working C compiler: /usr/bin/cc - skipped
[0.165s] -- Detecting C compile features
[0.166s] -- Detecting C compile features - done
[0.168s] -- Detecting CXX compiler ABI info
[0.238s] -- Detecting CXX compiler ABI info - done
[0.250s] -- Check for working CXX compiler: /usr/bin/c++ - skipped
[0.250s] -- Detecting CXX compile features
[0.251s] -- Detecting CXX compile features - done
[0.254s] -- Found ament_cmake: 1.3.11 (/opt/ros/humble/share/ament_cmake/cmake)
[0.394s] -- Found Python3: /usr/bin/python3 (found version "3.10.12") found components: Interpreter 
[0.508s] -- Found rclcpp: 16.0.11 (/opt/ros/humble/share/rclcpp/cmake)
[0.555s] -- Found rosidl_generator_c: 3.1.6 (/opt/ros/humble/share/rosidl_generator_c/cmake)
[0.559s] -- Found rosidl_adapter: 3.1.6 (/opt/ros/humble/share/rosidl_adapter/cmake)
[0.568s] -- Found rosidl_generator_cpp: 3.1.6 (/opt/ros/humble/share/rosidl_generator_cpp/cmake)
[0.581s] -- Using all available rosidl_typesupport_c: rosidl_typesupport_fastrtps_c;rosidl_typesupport_introspection_c
[0.600s] -- Using all available rosidl_typesupport_cpp: rosidl_typesupport_fastrtps_cpp;rosidl_typesupport_introspection_cpp
[0.656s] -- Found rmw_implementation_cmake: 6.1.2 (/opt/ros/humble/share/rmw_implementation_cmake/cmake)
[0.659s] -- Found rmw_fastrtps_cpp: 6.2.7 (/opt/ros/humble/share/rmw_fastrtps_cpp/cmake)
[0.745s] -- Found OpenSSL: /usr/lib/x86_64-linux-gnu/libcrypto.so (found version "3.0.2")  
[0.781s] -- Found FastRTPS: /opt/ros/humble/include  
[0.821s] -- Using RMW implementation 'rmw_fastrtps_cpp' as default
[0.829s] -- Looking for pthread.h
[0.887s] -- Looking for pthread.h - found
[0.887s] -- Performing Test CMAKE_HAVE_LIBC_PTHREAD
[0.957s] -- Performing Test CMAKE_HAVE_LIBC_PTHREAD - Success
[0.959s] -- Found Threads: TRUE  
[1.020s] -- Found rclpy: 3.3.15 (/opt/ros/humble/share/rclpy/cmake)
[1.238s] -- Configuring done
[1.253s] -- Generating done
[1.263s] -- Build files have been written to: /home/ambushee/FRA333_Kinematic_Project/build/hexapod_description
[1.281s] Invoked command in '/home/ambushee/FRA333_Kinematic_Project/build/hexapod_description' returned '0': CMAKE_PREFIX_PATH=${CMAKE_PREFIX_PATH}:/opt/ros/humble /usr/bin/cmake /home/ambushee/FRA333_Kinematic_Project/src/hexapod_description -DCMAKE_INSTALL_PREFIX=/home/ambushee/FRA333_Kinematic_Project/install/hexapod_description
[1.283s] Invoking command in '/home/ambushee/FRA333_Kinematic_Project/build/hexapod_description': CMAKE_PREFIX_PATH=${CMAKE_PREFIX_PATH}:/opt/ros/humble /usr/bin/cmake --build /home/ambushee/FRA333_Kinematic_Project/build/hexapod_description -- -j16 -l16
[1.330s] [ 50%] [32mBuilding CXX object CMakeFiles/cpp_node_test.dir/src/cpp_node.cpp.o[0m
[1.342s] [ 50%] Built target ament_cmake_python_copy_hexapod_description
[1.688s] [100%] [32m[1mLinking CXX executable cpp_node_test[0m
[1.722s] running egg_info
[1.722s] creating hexapod_description.egg-info
[1.723s] writing hexapod_description.egg-info/PKG-INFO
[1.723s] writing dependency_links to hexapod_description.egg-info/dependency_links.txt
[1.723s] writing top-level names to hexapod_description.egg-info/top_level.txt
[1.723s] writing manifest file 'hexapod_description.egg-info/SOURCES.txt'
[1.726s] reading manifest file 'hexapod_description.egg-info/SOURCES.txt'
[1.727s] writing manifest file 'hexapod_description.egg-info/SOURCES.txt'
[1.763s] [100%] Built target ament_cmake_python_build_hexapod_description_egg
[1.807s] [100%] Built target cpp_node_test
[1.818s] Invoked command in '/home/ambushee/FRA333_Kinematic_Project/build/hexapod_description' returned '0': CMAKE_PREFIX_PATH=${CMAKE_PREFIX_PATH}:/opt/ros/humble /usr/bin/cmake --build /home/ambushee/FRA333_Kinematic_Project/build/hexapod_description -- -j16 -l16
[1.820s] Invoking command in '/home/ambushee/FRA333_Kinematic_Project/build/hexapod_description': CMAKE_PREFIX_PATH=${CMAKE_PREFIX_PATH}:/opt/ros/humble /usr/bin/cmake --install /home/ambushee/FRA333_Kinematic_Project/build/hexapod_description
[1.827s] -- Install configuration: ""
[1.827s] -- Installing: /home/ambushee/FRA333_Kinematic_Project/install/hexapod_description/share/hexapod_description/environment/pythonpath.sh
[1.827s] -- Installing: /home/ambushee/FRA333_Kinematic_Project/install/hexapod_description/share/hexapod_description/environment/pythonpath.dsv
[1.827s] -- Installing: /home/ambushee/FRA333_Kinematic_Project/install/hexapod_description/local/lib/python3.10/dist-packages/hexapod_description-0.0.0-py3.10.egg-info
[1.827s] -- Installing: /home/ambushee/FRA333_Kinematic_Project/install/hexapod_description/local/lib/python3.10/dist-packages/hexapod_description-0.0.0-py3.10.egg-info/dependency_links.txt
[1.827s] -- Installing: /home/ambushee/FRA333_Kinematic_Project/install/hexapod_description/local/lib/python3.10/dist-packages/hexapod_description-0.0.0-py3.10.egg-info/SOURCES.txt
[1.827s] -- Installing: /home/ambushee/FRA333_Kinematic_Project/install/hexapod_description/local/lib/python3.10/dist-packages/hexapod_description-0.0.0-py3.10.egg-info/top_level.txt
[1.828s] -- Installing: /home/ambushee/FRA333_Kinematic_Project/install/hexapod_description/local/lib/python3.10/dist-packages/hexapod_description-0.0.0-py3.10.egg-info/PKG-INFO
[1.828s] -- Installing: /home/ambushee/FRA333_Kinematic_Project/install/hexapod_description/local/lib/python3.10/dist-packages/hexapod_description
[1.828s] -- Installing: /home/ambushee/FRA333_Kinematic_Project/install/hexapod_description/local/lib/python3.10/dist-packages/hexapod_description/__init__.py
[1.828s] -- Installing: /home/ambushee/FRA333_Kinematic_Project/install/hexapod_description/local/lib/python3.10/dist-packages/hexapod_description/dummy_module.py
[1.865s] Listing '/home/ambushee/FRA333_Kinematic_Project/install/hexapod_description/local/lib/python3.10/dist-packages/hexapod_description'...
[1.866s] Compiling '/home/ambushee/FRA333_Kinematic_Project/install/hexapod_description/local/lib/python3.10/dist-packages/hexapod_description/__init__.py'...
[1.866s] Compiling '/home/ambushee/FRA333_Kinematic_Project/install/hexapod_description/local/lib/python3.10/dist-packages/hexapod_description/dummy_module.py'...
[1.869s] -- Installing: /home/ambushee/FRA333_Kinematic_Project/install/hexapod_description/lib/hexapod_description/dummy_script.py
[1.870s] -- Installing: /home/ambushee/FRA333_Kinematic_Project/install/hexapod_description/lib/hexapod_description/cpp_node_test
[1.870s] -- Set runtime path of "/home/ambushee/FRA333_Kinematic_Project/install/hexapod_description/lib/hexapod_description/cpp_node_test" to ""
[1.870s] -- Installing: /home/ambushee/FRA333_Kinematic_Project/install/hexapod_description/share/hexapod_description/launch
[1.870s] -- Installing: /home/ambushee/FRA333_Kinematic_Project/install/hexapod_description/share/hexapod_description/launch/display.launch.py
[1.870s] -- Installing: /home/ambushee/FRA333_Kinematic_Project/install/hexapod_description/share/hexapod_description/meshes
[1.870s] -- Installing: /home/ambushee/FRA333_Kinematic_Project/install/hexapod_description/share/hexapod_description/meshes/foot_pointer_1.STL
[1.870s] -- Installing: /home/ambushee/FRA333_Kinematic_Project/install/hexapod_description/share/hexapod_description/meshes/base_link.STL
[1.873s] -- Installing: /home/ambushee/FRA333_Kinematic_Project/install/hexapod_description/share/hexapod_description/meshes/hip_link_1.STL
[1.877s] -- Installing: /home/ambushee/FRA333_Kinematic_Project/install/hexapod_description/share/hexapod_description/meshes/knee_link_1.STL
[1.881s] -- Installing: /home/ambushee/FRA333_Kinematic_Project/install/hexapod_description/share/hexapod_description/meshes/ankle_link_1.STL
[1.886s] -- Installing: /home/ambushee/FRA333_Kinematic_Project/install/hexapod_description/share/hexapod_description/meshes/end_effector_1.STL
[1.886s] -- Installing: /home/ambushee/FRA333_Kinematic_Project/install/hexapod_description/share/hexapod_description/config
[1.886s] -- Installing: /home/ambushee/FRA333_Kinematic_Project/install/hexapod_description/share/hexapod_description/config/display.rviz
[1.887s] -- Installing: /home/ambushee/FRA333_Kinematic_Project/install/hexapod_description/share/hexapod_description/robot
[1.887s] -- Installing: /home/ambushee/FRA333_Kinematic_Project/install/hexapod_description/share/hexapod_description/robot/visual
[1.887s] -- Installing: /home/ambushee/FRA333_Kinematic_Project/install/hexapod_description/share/hexapod_description/robot/visual/hexapod.xacro
[1.887s] -- Installing: /home/ambushee/FRA333_Kinematic_Project/install/hexapod_description/share/hexapod_description/robot/visual/hexapod_params.xacro
[1.887s] -- Installing: /home/ambushee/FRA333_Kinematic_Project/install/hexapod_description/share/hexapod_description/robot/visual/inertial_macros.xacro
[1.887s] -- Installing: /home/ambushee/FRA333_Kinematic_Project/install/hexapod_description/share/hexapod_description/robot/visual/hexapod.urdf
[1.887s] -- Installing: /home/ambushee/FRA333_Kinematic_Project/install/hexapod_description/share/hexapod_description/robot/visual/gazebo_full.xacro
[1.887s] -- Installing: /home/ambushee/FRA333_Kinematic_Project/install/hexapod_description/share/hexapod_description/robot/visual/robot_material.xacro
[1.887s] -- Installing: /home/ambushee/FRA333_Kinematic_Project/install/hexapod_description/share/ament_index/resource_index/package_run_dependencies/hexapod_description
[1.887s] -- Installing: /home/ambushee/FRA333_Kinematic_Project/install/hexapod_description/share/ament_index/resource_index/parent_prefix_path/hexapod_description
[1.887s] -- Installing: /home/ambushee/FRA333_Kinematic_Project/install/hexapod_description/share/hexapod_description/environment/ament_prefix_path.sh
[1.888s] -- Installing: /home/ambushee/FRA333_Kinematic_Project/install/hexapod_description/share/hexapod_description/environment/ament_prefix_path.dsv
[1.888s] -- Installing: /home/ambushee/FRA333_Kinematic_Project/install/hexapod_description/share/hexapod_description/environment/path.sh
[1.888s] -- Installing: /home/ambushee/FRA333_Kinematic_Project/install/hexapod_description/share/hexapod_description/environment/path.dsv
[1.888s] -- Installing: /home/ambushee/FRA333_Kinematic_Project/install/hexapod_description/share/hexapod_description/local_setup.bash
[1.888s] -- Installing: /home/ambushee/FRA333_Kinematic_Project/install/hexapod_description/share/hexapod_description/local_setup.sh
[1.888s] -- Installing: /home/ambushee/FRA333_Kinematic_Project/install/hexapod_description/share/hexapod_description/local_setup.zsh
[1.889s] -- Installing: /home/ambushee/FRA333_Kinematic_Project/install/hexapod_description/share/hexapod_description/local_setup.dsv
[1.889s] -- Installing: /home/ambushee/FRA333_Kinematic_Project/install/hexapod_description/share/hexapod_description/package.dsv
[1.889s] -- Installing: /home/ambushee/FRA333_Kinematic_Project/install/hexapod_description/share/ament_index/resource_index/packages/hexapod_description
[1.889s] -- Installing: /home/ambushee/FRA333_Kinematic_Project/install/hexapod_description/share/hexapod_description/cmake/hexapod_descriptionConfig.cmake
[1.889s] -- Installing: /home/ambushee/FRA333_Kinematic_Project/install/hexapod_description/share/hexapod_description/cmake/hexapod_descriptionConfig-version.cmake
[1.889s] -- Installing: /home/ambushee/FRA333_Kinematic_Project/install/hexapod_description/share/hexapod_description/package.xml
[1.909s] Invoked command in '/home/ambushee/FRA333_Kinematic_Project/build/hexapod_description' returned '0': CMAKE_PREFIX_PATH=${CMAKE_PREFIX_PATH}:/opt/ros/humble /usr/bin/cmake --install /home/ambushee/FRA333_Kinematic_Project/build/hexapod_description
