[100%] Built target cpp_node_test
[100%] Built target ament_cmake_python_symlink_hexapod_description
running egg_info
writing hexapod_description.egg-info/PKG-INFO
writing dependency_links to hexapod_description.egg-info/dependency_links.txt
writing top-level names to hexapod_description.egg-info/top_level.txt
reading manifest file 'hexapod_description.egg-info/SOURCES.txt'
writing manifest file 'hexapod_description.egg-info/SOURCES.txt'
[100%] Built target ament_cmake_python_build_hexapod_description_egg
-- Install configuration: ""
-- Execute custom install script
-- Up-to-date symlink: /home/oat/Desktop/FRA333_Kinematic_Project/install/hexapod_description/share/hexapod_description/environment/pythonpath.sh
-- Up-to-date symlink: /home/oat/Desktop/FRA333_Kinematic_Project/install/hexapod_description/share/hexapod_description/environment/pythonpath.dsv
-- Up-to-date symlink: /home/oat/Desktop/FRA333_Kinematic_Project/install/hexapod_description/local/lib/python3.10/dist-packages/hexapod_description-0.0.0-py3.10.egg-info/PKG-INFO
-- Up-to-date symlink: /home/oat/Desktop/FRA333_Kinematic_Project/install/hexapod_description/local/lib/python3.10/dist-packages/hexapod_description-0.0.0-py3.10.egg-info/SOURCES.txt
-- Up-to-date symlink: /home/oat/Desktop/FRA333_Kinematic_Project/install/hexapod_description/local/lib/python3.10/dist-packages/hexapod_description-0.0.0-py3.10.egg-info/dependency_links.txt
-- Up-to-date symlink: /home/oat/Desktop/FRA333_Kinematic_Project/install/hexapod_description/local/lib/python3.10/dist-packages/hexapod_description-0.0.0-py3.10.egg-info/top_level.txt
-- Up-to-date symlink: /home/oat/Desktop/FRA333_Kinematic_Project/install/hexapod_description/local/lib/python3.10/dist-packages/hexapod_description/__init__.py
-- Up-to-date symlink: /home/oat/Desktop/FRA333_Kinematic_Project/install/hexapod_description/local/lib/python3.10/dist-packages/hexapod_description/dummy_module.py
-- Up-to-date symlink: /home/oat/Desktop/FRA333_Kinematic_Project/install/hexapod_description/lib/hexapod_description/dummy_script.py
-- Up-to-date symlink: /home/oat/Desktop/FRA333_Kinematic_Project/install/hexapod_description/lib/hexapod_description/cpp_node_test
-- Up-to-date symlink: /home/oat/Desktop/FRA333_Kinematic_Project/install/hexapod_description/share/hexapod_description/launch/display.launch.py
-- Up-to-date symlink: /home/oat/Desktop/FRA333_Kinematic_Project/install/hexapod_description/share/hexapod_description/meshes/ankle_link_1.STL
-- Up-to-date symlink: /home/oat/Desktop/FRA333_Kinematic_Project/install/hexapod_description/share/hexapod_description/meshes/base_link.STL
-- Up-to-date symlink: /home/oat/Desktop/FRA333_Kinematic_Project/install/hexapod_description/share/hexapod_description/meshes/end_effector_1.STL
-- Up-to-date symlink: /home/oat/Desktop/FRA333_Kinematic_Project/install/hexapod_description/share/hexapod_description/meshes/foot_pointer_1.STL
-- Up-to-date symlink: /home/oat/Desktop/FRA333_Kinematic_Project/install/hexapod_description/share/hexapod_description/meshes/hip_link_1.STL
-- Up-to-date symlink: /home/oat/Desktop/FRA333_Kinematic_Project/install/hexapod_description/share/hexapod_description/meshes/knee_link_1.STL
-- Up-to-date symlink: /home/oat/Desktop/FRA333_Kinematic_Project/install/hexapod_description/share/hexapod_description/config/display.rviz
-- Up-to-date symlink: /home/oat/Desktop/FRA333_Kinematic_Project/install/hexapod_description/share/hexapod_description/robot/visual/gazebo_full.xacro
-- Up-to-date symlink: /home/oat/Desktop/FRA333_Kinematic_Project/install/hexapod_description/share/hexapod_description/robot/visual/hexapod.urdf
-- Up-to-date symlink: /home/oat/Desktop/FRA333_Kinematic_Project/install/hexapod_description/share/hexapod_description/robot/visual/hexapod.xacro
-- Up-to-date symlink: /home/oat/Desktop/FRA333_Kinematic_Project/install/hexapod_description/share/hexapod_description/robot/visual/hexapod_params.xacro
-- Up-to-date symlink: /home/oat/Desktop/FRA333_Kinematic_Project/install/hexapod_description/share/hexapod_description/robot/visual/inertial_macros.xacro
-- Up-to-date symlink: /home/oat/Desktop/FRA333_Kinematic_Project/install/hexapod_description/share/hexapod_description/robot/visual/robot_material.xacro
-- Up-to-date symlink: /home/oat/Desktop/FRA333_Kinematic_Project/install/hexapod_description/share/ament_index/resource_index/package_run_dependencies/hexapod_description
-- Up-to-date symlink: /home/oat/Desktop/FRA333_Kinematic_Project/install/hexapod_description/share/ament_index/resource_index/parent_prefix_path/hexapod_description
-- Up-to-date symlink: /home/oat/Desktop/FRA333_Kinematic_Project/install/hexapod_description/share/hexapod_description/environment/ament_prefix_path.sh
-- Up-to-date symlink: /home/oat/Desktop/FRA333_Kinematic_Project/install/hexapod_description/share/hexapod_description/environment/ament_prefix_path.dsv
-- Up-to-date symlink: /home/oat/Desktop/FRA333_Kinematic_Project/install/hexapod_description/share/hexapod_description/environment/path.sh
-- Up-to-date symlink: /home/oat/Desktop/FRA333_Kinematic_Project/install/hexapod_description/share/hexapod_description/environment/path.dsv
-- Up-to-date symlink: /home/oat/Desktop/FRA333_Kinematic_Project/install/hexapod_description/share/hexapod_description/local_setup.bash
-- Up-to-date symlink: /home/oat/Desktop/FRA333_Kinematic_Project/install/hexapod_description/share/hexapod_description/local_setup.sh
-- Up-to-date symlink: /home/oat/Desktop/FRA333_Kinematic_Project/install/hexapod_description/share/hexapod_description/local_setup.zsh
-- Up-to-date symlink: /home/oat/Desktop/FRA333_Kinematic_Project/install/hexapod_description/share/hexapod_description/local_setup.dsv
-- Symlinking: /home/oat/Desktop/FRA333_Kinematic_Project/install/hexapod_description/share/hexapod_description/package.dsv
-- Up-to-date symlink: /home/oat/Desktop/FRA333_Kinematic_Project/install/hexapod_description/share/ament_index/resource_index/packages/hexapod_description
-- Up-to-date symlink: /home/oat/Desktop/FRA333_Kinematic_Project/install/hexapod_description/share/hexapod_description/cmake/hexapod_descriptionConfig.cmake
-- Up-to-date symlink: /home/oat/Desktop/FRA333_Kinematic_Project/install/hexapod_description/share/hexapod_description/cmake/hexapod_descriptionConfig-version.cmake
-- Up-to-date symlink: /home/oat/Desktop/FRA333_Kinematic_Project/install/hexapod_description/share/hexapod_description/package.xml
Listing '/home/oat/Desktop/FRA333_Kinematic_Project/install/hexapod_description/local/lib/python3.10/dist-packages/hexapod_description'...
