[0.021s] Invoking command in '/home/oat/Desktop/FRA333_Kinematic_Project/build/hexapod_description': CMAKE_PREFIX_PATH=${CMAKE_PREFIX_PATH}:/opt/ros/humble /usr/bin/cmake --build /home/oat/Desktop/FRA333_Kinematic_Project/build/hexapod_description -- -j20 -l20
[0.131s] [100%] Built target cpp_node_test
[0.146s] [100%] Built target ament_cmake_python_symlink_hexapod_description
[0.692s] running egg_info
[0.693s] writing hexapod_description.egg-info/PKG-INFO
[0.694s] writing dependency_links to hexapod_description.egg-info/dependency_links.txt
[0.694s] writing top-level names to hexapod_description.egg-info/top_level.txt
[0.699s] reading manifest file 'hexapod_description.egg-info/SOURCES.txt'
[0.700s] writing manifest file 'hexapod_description.egg-info/SOURCES.txt'
[0.759s] [100%] Built target ament_cmake_python_build_hexapod_description_egg
[0.801s] Invoked command in '/home/oat/Desktop/FRA333_Kinematic_Project/build/hexapod_description' returned '0': CMAKE_PREFIX_PATH=${CMAKE_PREFIX_PATH}:/opt/ros/humble /usr/bin/cmake --build /home/oat/Desktop/FRA333_Kinematic_Project/build/hexapod_description -- -j20 -l20
[0.804s] Invoking command in '/home/oat/Desktop/FRA333_Kinematic_Project/build/hexapod_description': CMAKE_PREFIX_PATH=${CMAKE_PREFIX_PATH}:/opt/ros/humble /usr/bin/cmake --install /home/oat/Desktop/FRA333_Kinematic_Project/build/hexapod_description
[0.821s] -- Install configuration: ""
[0.823s] -- Execute custom install script
[0.823s] -- Up-to-date symlink: /home/oat/Desktop/FRA333_Kinematic_Project/install/hexapod_description/share/hexapod_description/environment/pythonpath.sh
[0.824s] -- Up-to-date symlink: /home/oat/Desktop/FRA333_Kinematic_Project/install/hexapod_description/share/hexapod_description/environment/pythonpath.dsv
[0.825s] -- Up-to-date symlink: /home/oat/Desktop/FRA333_Kinematic_Project/install/hexapod_description/local/lib/python3.10/dist-packages/hexapod_description-0.0.0-py3.10.egg-info/PKG-INFO
[0.826s] -- Up-to-date symlink: /home/oat/Desktop/FRA333_Kinematic_Project/install/hexapod_description/local/lib/python3.10/dist-packages/hexapod_description-0.0.0-py3.10.egg-info/SOURCES.txt
[0.826s] -- Up-to-date symlink: /home/oat/Desktop/FRA333_Kinematic_Project/install/hexapod_description/local/lib/python3.10/dist-packages/hexapod_description-0.0.0-py3.10.egg-info/dependency_links.txt
[0.826s] -- Up-to-date symlink: /home/oat/Desktop/FRA333_Kinematic_Project/install/hexapod_description/local/lib/python3.10/dist-packages/hexapod_description-0.0.0-py3.10.egg-info/top_level.txt
[0.828s] -- Up-to-date symlink: /home/oat/Desktop/FRA333_Kinematic_Project/install/hexapod_description/local/lib/python3.10/dist-packages/hexapod_description/__init__.py
[0.828s] -- Up-to-date symlink: /home/oat/Desktop/FRA333_Kinematic_Project/install/hexapod_description/local/lib/python3.10/dist-packages/hexapod_description/dummy_module.py
[0.828s] -- Up-to-date symlink: /home/oat/Desktop/FRA333_Kinematic_Project/install/hexapod_description/lib/hexapod_description/dummy_script.py
[0.828s] -- Up-to-date symlink: /home/oat/Desktop/FRA333_Kinematic_Project/install/hexapod_description/lib/hexapod_description/cpp_node_test
[0.829s] -- Up-to-date symlink: /home/oat/Desktop/FRA333_Kinematic_Project/install/hexapod_description/share/hexapod_description/launch/display.launch.py
[0.829s] -- Up-to-date symlink: /home/oat/Desktop/FRA333_Kinematic_Project/install/hexapod_description/share/hexapod_description/meshes/ankle_link_1.STL
[0.829s] -- Up-to-date symlink: /home/oat/Desktop/FRA333_Kinematic_Project/install/hexapod_description/share/hexapod_description/meshes/base_link.STL
[0.830s] -- Up-to-date symlink: /home/oat/Desktop/FRA333_Kinematic_Project/install/hexapod_description/share/hexapod_description/meshes/end_effector_1.STL
[0.830s] -- Up-to-date symlink: /home/oat/Desktop/FRA333_Kinematic_Project/install/hexapod_description/share/hexapod_description/meshes/foot_pointer_1.STL
[0.830s] -- Up-to-date symlink: /home/oat/Desktop/FRA333_Kinematic_Project/install/hexapod_description/share/hexapod_description/meshes/hip_link_1.STL
[0.830s] -- Up-to-date symlink: /home/oat/Desktop/FRA333_Kinematic_Project/install/hexapod_description/share/hexapod_description/meshes/knee_link_1.STL
[0.831s] -- Up-to-date symlink: /home/oat/Desktop/FRA333_Kinematic_Project/install/hexapod_description/share/hexapod_description/config/display.rviz
[0.832s] -- Up-to-date symlink: /home/oat/Desktop/FRA333_Kinematic_Project/install/hexapod_description/share/hexapod_description/robot/visual/gazebo_full.xacro
[0.833s] -- Up-to-date symlink: /home/oat/Desktop/FRA333_Kinematic_Project/install/hexapod_description/share/hexapod_description/robot/visual/hexapod.urdf
[0.833s] -- Up-to-date symlink: /home/oat/Desktop/FRA333_Kinematic_Project/install/hexapod_description/share/hexapod_description/robot/visual/hexapod.xacro
[0.833s] -- Up-to-date symlink: /home/oat/Desktop/FRA333_Kinematic_Project/install/hexapod_description/share/hexapod_description/robot/visual/hexapod_params.xacro
[0.833s] -- Up-to-date symlink: /home/oat/Desktop/FRA333_Kinematic_Project/install/hexapod_description/share/hexapod_description/robot/visual/inertial_macros.xacro
[0.834s] -- Up-to-date symlink: /home/oat/Desktop/FRA333_Kinematic_Project/install/hexapod_description/share/hexapod_description/robot/visual/robot_material.xacro
[0.834s] -- Up-to-date symlink: /home/oat/Desktop/FRA333_Kinematic_Project/install/hexapod_description/share/ament_index/resource_index/package_run_dependencies/hexapod_description
[0.834s] -- Up-to-date symlink: /home/oat/Desktop/FRA333_Kinematic_Project/install/hexapod_description/share/ament_index/resource_index/parent_prefix_path/hexapod_description
[0.834s] -- Up-to-date symlink: /home/oat/Desktop/FRA333_Kinematic_Project/install/hexapod_description/share/hexapod_description/environment/ament_prefix_path.sh
[0.835s] -- Up-to-date symlink: /home/oat/Desktop/FRA333_Kinematic_Project/install/hexapod_description/share/hexapod_description/environment/ament_prefix_path.dsv
[0.835s] -- Up-to-date symlink: /home/oat/Desktop/FRA333_Kinematic_Project/install/hexapod_description/share/hexapod_description/environment/path.sh
[0.835s] -- Up-to-date symlink: /home/oat/Desktop/FRA333_Kinematic_Project/install/hexapod_description/share/hexapod_description/environment/path.dsv
[0.836s] -- Up-to-date symlink: /home/oat/Desktop/FRA333_Kinematic_Project/install/hexapod_description/share/hexapod_description/local_setup.bash
[0.836s] -- Up-to-date symlink: /home/oat/Desktop/FRA333_Kinematic_Project/install/hexapod_description/share/hexapod_description/local_setup.sh
[0.836s] -- Up-to-date symlink: /home/oat/Desktop/FRA333_Kinematic_Project/install/hexapod_description/share/hexapod_description/local_setup.zsh
[0.837s] -- Up-to-date symlink: /home/oat/Desktop/FRA333_Kinematic_Project/install/hexapod_description/share/hexapod_description/local_setup.dsv
[0.837s] -- Symlinking: /home/oat/Desktop/FRA333_Kinematic_Project/install/hexapod_description/share/hexapod_description/package.dsv
[0.858s] -- Up-to-date symlink: /home/oat/Desktop/FRA333_Kinematic_Project/install/hexapod_description/share/ament_index/resource_index/packages/hexapod_description
[0.858s] -- Up-to-date symlink: /home/oat/Desktop/FRA333_Kinematic_Project/install/hexapod_description/share/hexapod_description/cmake/hexapod_descriptionConfig.cmake
[0.858s] -- Up-to-date symlink: /home/oat/Desktop/FRA333_Kinematic_Project/install/hexapod_description/share/hexapod_description/cmake/hexapod_descriptionConfig-version.cmake
[0.859s] -- Up-to-date symlink: /home/oat/Desktop/FRA333_Kinematic_Project/install/hexapod_description/share/hexapod_description/package.xml
[0.973s] Listing '/home/oat/Desktop/FRA333_Kinematic_Project/install/hexapod_description/local/lib/python3.10/dist-packages/hexapod_description'...
[0.973s] Invoked command in '/home/oat/Desktop/FRA333_Kinematic_Project/build/hexapod_description' returned '0': CMAKE_PREFIX_PATH=${CMAKE_PREFIX_PATH}:/opt/ros/humble /usr/bin/cmake --install /home/oat/Desktop/FRA333_Kinematic_Project/build/hexapod_description
