[0.208s] DEBUG:colcon:Command line arguments: ['/usr/bin/colcon', 'build', '--packages-select', 'hexapod_description', 'hexapod', '--symlink-install']
[0.208s] DEBUG:colcon:Parsed command line arguments: Namespace(log_base=None, log_level=None, verb_name='build', build_base='build', install_base='install', merge_install=False, symlink_install=True, test_result_base=None, continue_on_error=False, executor='parallel', parallel_workers=20, event_handlers=None, ignore_user_meta=False, metas=['./colcon.meta'], base_paths=['.'], packages_ignore=None, packages_ignore_regex=None, paths=None, packages_up_to=None, packages_up_to_regex=None, packages_above=None, packages_above_and_dependencies=None, packages_above_depth=None, packages_select_by_dep=None, packages_skip_by_dep=None, packages_skip_up_to=None, packages_select_build_failed=False, packages_skip_build_finished=False, packages_select_test_failures=False, packages_skip_test_passed=False, packages_select=['hexapod_description', 'hexapod'], packages_skip=None, packages_select_regex=None, packages_skip_regex=None, packages_start=None, packages_end=None, allow_overriding=[], cmake_args=None, cmake_target=None, cmake_target_skip_unavailable=False, cmake_clean_cache=False, cmake_clean_first=False, cmake_force_configure=False, ament_cmake_args=None, catkin_cmake_args=None, catkin_skip_building_tests=False, verb_parser=<colcon_defaults.argument_parser.defaults.DefaultArgumentsDecorator object at 0x780d5e415c00>, verb_extension=<colcon_core.verb.build.BuildVerb object at 0x780d5e415270>, main=<bound method BuildVerb.main of <colcon_core.verb.build.BuildVerb object at 0x780d5e415270>>)
[0.538s] Level 1:colcon.colcon_core.package_discovery:discover_packages(colcon_meta) check parameters
[0.538s] Level 1:colcon.colcon_core.package_discovery:discover_packages(recursive) check parameters
[0.538s] Level 1:colcon.colcon_core.package_discovery:discover_packages(ignore) check parameters
[0.538s] Level 1:colcon.colcon_core.package_discovery:discover_packages(path) check parameters
[0.538s] Level 1:colcon.colcon_core.package_discovery:discover_packages(colcon_meta) discover
[0.538s] Level 1:colcon.colcon_core.package_discovery:discover_packages(recursive) discover
[0.539s] INFO:colcon.colcon_core.package_discovery:Crawling recursively for packages in '/home/oat/Desktop/FRA333_Kinematic_Project'
[0.539s] Level 1:colcon.colcon_core.package_identification:_identify(.) by extensions ['ignore', 'ignore_ament_install']
[0.539s] Level 1:colcon.colcon_core.package_identification:_identify(.) by extension 'ignore'
[0.539s] Level 1:colcon.colcon_core.package_identification:_identify(.) by extension 'ignore_ament_install'
[0.539s] Level 1:colcon.colcon_core.package_identification:_identify(.) by extensions ['colcon_pkg']
[0.539s] Level 1:colcon.colcon_core.package_identification:_identify(.) by extension 'colcon_pkg'
[0.539s] Level 1:colcon.colcon_core.package_identification:_identify(.) by extensions ['colcon_meta']
[0.539s] Level 1:colcon.colcon_core.package_identification:_identify(.) by extension 'colcon_meta'
[0.540s] Level 1:colcon.colcon_core.package_identification:_identify(.) by extensions ['ros']
[0.540s] Level 1:colcon.colcon_core.package_identification:_identify(.) by extension 'ros'
[0.612s] Level 1:colcon.colcon_core.package_identification:_identify(.) by extensions ['cmake', 'python']
[0.612s] Level 1:colcon.colcon_core.package_identification:_identify(.) by extension 'cmake'
[0.612s] Level 1:colcon.colcon_core.package_identification:_identify(.) by extension 'python'
[0.612s] Level 1:colcon.colcon_core.package_identification:_identify(.) by extensions ['python_setup_py']
[0.612s] Level 1:colcon.colcon_core.package_identification:_identify(.) by extension 'python_setup_py'
[0.613s] Level 1:colcon.colcon_core.package_identification:_identify(build) by extensions ['ignore', 'ignore_ament_install']
[0.613s] Level 1:colcon.colcon_core.package_identification:_identify(build) by extension 'ignore'
[0.613s] Level 1:colcon.colcon_core.package_identification:_identify(build) ignored
[0.614s] Level 1:colcon.colcon_core.package_identification:_identify(install) by extensions ['ignore', 'ignore_ament_install']
[0.614s] Level 1:colcon.colcon_core.package_identification:_identify(install) by extension 'ignore'
[0.614s] Level 1:colcon.colcon_core.package_identification:_identify(install) ignored
[0.614s] Level 1:colcon.colcon_core.package_identification:_identify(log) by extensions ['ignore', 'ignore_ament_install']
[0.614s] Level 1:colcon.colcon_core.package_identification:_identify(log) by extension 'ignore'
[0.615s] Level 1:colcon.colcon_core.package_identification:_identify(log) ignored
[0.615s] Level 1:colcon.colcon_core.package_identification:_identify(src) by extensions ['ignore', 'ignore_ament_install']
[0.615s] Level 1:colcon.colcon_core.package_identification:_identify(src) by extension 'ignore'
[0.615s] Level 1:colcon.colcon_core.package_identification:_identify(src) by extension 'ignore_ament_install'
[0.615s] Level 1:colcon.colcon_core.package_identification:_identify(src) by extensions ['colcon_pkg']
[0.615s] Level 1:colcon.colcon_core.package_identification:_identify(src) by extension 'colcon_pkg'
[0.615s] Level 1:colcon.colcon_core.package_identification:_identify(src) by extensions ['colcon_meta']
[0.615s] Level 1:colcon.colcon_core.package_identification:_identify(src) by extension 'colcon_meta'
[0.615s] Level 1:colcon.colcon_core.package_identification:_identify(src) by extensions ['ros']
[0.615s] Level 1:colcon.colcon_core.package_identification:_identify(src) by extension 'ros'
[0.615s] Level 1:colcon.colcon_core.package_identification:_identify(src) by extensions ['cmake', 'python']
[0.616s] Level 1:colcon.colcon_core.package_identification:_identify(src) by extension 'cmake'
[0.616s] Level 1:colcon.colcon_core.package_identification:_identify(src) by extension 'python'
[0.616s] Level 1:colcon.colcon_core.package_identification:_identify(src) by extensions ['python_setup_py']
[0.616s] Level 1:colcon.colcon_core.package_identification:_identify(src) by extension 'python_setup_py'
[0.616s] Level 1:colcon.colcon_core.package_identification:_identify(src/controller) by extensions ['ignore', 'ignore_ament_install']
[0.616s] Level 1:colcon.colcon_core.package_identification:_identify(src/controller) by extension 'ignore'
[0.616s] Level 1:colcon.colcon_core.package_identification:_identify(src/controller) by extension 'ignore_ament_install'
[0.616s] Level 1:colcon.colcon_core.package_identification:_identify(src/controller) by extensions ['colcon_pkg']
[0.616s] Level 1:colcon.colcon_core.package_identification:_identify(src/controller) by extension 'colcon_pkg'
[0.616s] Level 1:colcon.colcon_core.package_identification:_identify(src/controller) by extensions ['colcon_meta']
[0.616s] Level 1:colcon.colcon_core.package_identification:_identify(src/controller) by extension 'colcon_meta'
[0.617s] Level 1:colcon.colcon_core.package_identification:_identify(src/controller) by extensions ['ros']
[0.617s] Level 1:colcon.colcon_core.package_identification:_identify(src/controller) by extension 'ros'
[0.622s] DEBUG:colcon.colcon_core.package_identification:Package 'src/controller' with type 'ros.ament_cmake' and name 'controller'
[0.623s] Level 1:colcon.colcon_core.package_identification:_identify(src/hexapod) by extensions ['ignore', 'ignore_ament_install']
[0.623s] Level 1:colcon.colcon_core.package_identification:_identify(src/hexapod) by extension 'ignore'
[0.623s] Level 1:colcon.colcon_core.package_identification:_identify(src/hexapod) by extension 'ignore_ament_install'
[0.623s] Level 1:colcon.colcon_core.package_identification:_identify(src/hexapod) by extensions ['colcon_pkg']
[0.623s] Level 1:colcon.colcon_core.package_identification:_identify(src/hexapod) by extension 'colcon_pkg'
[0.623s] Level 1:colcon.colcon_core.package_identification:_identify(src/hexapod) by extensions ['colcon_meta']
[0.624s] Level 1:colcon.colcon_core.package_identification:_identify(src/hexapod) by extension 'colcon_meta'
[0.624s] Level 1:colcon.colcon_core.package_identification:_identify(src/hexapod) by extensions ['ros']
[0.624s] Level 1:colcon.colcon_core.package_identification:_identify(src/hexapod) by extension 'ros'
[0.625s] DEBUG:colcon.colcon_core.package_identification:Package 'src/hexapod' with type 'ros.ament_cmake' and name 'hexapod'
[0.626s] Level 1:colcon.colcon_core.package_identification:_identify(src/hexapod_description) by extensions ['ignore', 'ignore_ament_install']
[0.626s] Level 1:colcon.colcon_core.package_identification:_identify(src/hexapod_description) by extension 'ignore'
[0.626s] Level 1:colcon.colcon_core.package_identification:_identify(src/hexapod_description) by extension 'ignore_ament_install'
[0.626s] Level 1:colcon.colcon_core.package_identification:_identify(src/hexapod_description) by extensions ['colcon_pkg']
[0.626s] Level 1:colcon.colcon_core.package_identification:_identify(src/hexapod_description) by extension 'colcon_pkg'
[0.626s] Level 1:colcon.colcon_core.package_identification:_identify(src/hexapod_description) by extensions ['colcon_meta']
[0.626s] Level 1:colcon.colcon_core.package_identification:_identify(src/hexapod_description) by extension 'colcon_meta'
[0.626s] Level 1:colcon.colcon_core.package_identification:_identify(src/hexapod_description) by extensions ['ros']
[0.626s] Level 1:colcon.colcon_core.package_identification:_identify(src/hexapod_description) by extension 'ros'
[0.628s] DEBUG:colcon.colcon_core.package_identification:Package 'src/hexapod_description' with type 'ros.ament_cmake' and name 'hexapod_description'
[0.628s] Level 1:colcon.colcon_core.package_identification:_identify(src/hexapod_simulation) by extensions ['ignore', 'ignore_ament_install']
[0.628s] Level 1:colcon.colcon_core.package_identification:_identify(src/hexapod_simulation) by extension 'ignore'
[0.628s] Level 1:colcon.colcon_core.package_identification:_identify(src/hexapod_simulation) by extension 'ignore_ament_install'
[0.628s] Level 1:colcon.colcon_core.package_identification:_identify(src/hexapod_simulation) by extensions ['colcon_pkg']
[0.628s] Level 1:colcon.colcon_core.package_identification:_identify(src/hexapod_simulation) by extension 'colcon_pkg'
[0.628s] Level 1:colcon.colcon_core.package_identification:_identify(src/hexapod_simulation) by extensions ['colcon_meta']
[0.628s] Level 1:colcon.colcon_core.package_identification:_identify(src/hexapod_simulation) by extension 'colcon_meta'
[0.628s] Level 1:colcon.colcon_core.package_identification:_identify(src/hexapod_simulation) by extensions ['ros']
[0.628s] Level 1:colcon.colcon_core.package_identification:_identify(src/hexapod_simulation) by extension 'ros'
[0.630s] DEBUG:colcon.colcon_core.package_identification:Package 'src/hexapod_simulation' with type 'ros.ament_cmake' and name 'hexapod_simulation'
[0.630s] Level 1:colcon.colcon_core.package_discovery:discover_packages(recursive) using defaults
[0.630s] Level 1:colcon.colcon_core.package_discovery:discover_packages(ignore) discover
[0.630s] Level 1:colcon.colcon_core.package_discovery:discover_packages(ignore) using defaults
[0.630s] Level 1:colcon.colcon_core.package_discovery:discover_packages(path) discover
[0.630s] Level 1:colcon.colcon_core.package_discovery:discover_packages(path) using defaults
[0.673s] INFO:colcon.colcon_core.package_selection:Skipping not selected package 'controller' in 'src/controller'
[0.673s] INFO:colcon.colcon_core.package_selection:Skipping not selected package 'hexapod_simulation' in 'src/hexapod_simulation'
[0.674s] Level 1:colcon.colcon_core.package_discovery:discover_packages(prefix_path) check parameters
[0.674s] Level 1:colcon.colcon_core.package_discovery:discover_packages(prefix_path) discover
[0.677s] DEBUG:colcon.colcon_installed_package_information.package_discovery:Found 4 installed packages in /home/oat/Desktop/FRA333_Kinematic_Project/install
[0.680s] DEBUG:colcon.colcon_installed_package_information.package_discovery:Found 333 installed packages in /opt/ros/humble
[0.685s] Level 1:colcon.colcon_core.package_discovery:discover_packages(prefix_path) using defaults
[0.776s] Level 5:colcon.colcon_core.verb:set package 'hexapod' build argument 'cmake_args' from command line to 'None'
[0.776s] Level 5:colcon.colcon_core.verb:set package 'hexapod' build argument 'cmake_target' from command line to 'None'
[0.776s] Level 5:colcon.colcon_core.verb:set package 'hexapod' build argument 'cmake_target_skip_unavailable' from command line to 'False'
[0.776s] Level 5:colcon.colcon_core.verb:set package 'hexapod' build argument 'cmake_clean_cache' from command line to 'False'
[0.776s] Level 5:colcon.colcon_core.verb:set package 'hexapod' build argument 'cmake_clean_first' from command line to 'False'
[0.776s] Level 5:colcon.colcon_core.verb:set package 'hexapod' build argument 'cmake_force_configure' from command line to 'False'
[0.777s] Level 5:colcon.colcon_core.verb:set package 'hexapod' build argument 'ament_cmake_args' from command line to 'None'
[0.777s] Level 5:colcon.colcon_core.verb:set package 'hexapod' build argument 'catkin_cmake_args' from command line to 'None'
[0.777s] Level 5:colcon.colcon_core.verb:set package 'hexapod' build argument 'catkin_skip_building_tests' from command line to 'False'
[0.777s] DEBUG:colcon.colcon_core.verb:Building package 'hexapod' with the following arguments: {'ament_cmake_args': None, 'build_base': '/home/oat/Desktop/FRA333_Kinematic_Project/build/hexapod', 'catkin_cmake_args': None, 'catkin_skip_building_tests': False, 'cmake_args': None, 'cmake_clean_cache': False, 'cmake_clean_first': False, 'cmake_force_configure': False, 'cmake_target': None, 'cmake_target_skip_unavailable': False, 'install_base': '/home/oat/Desktop/FRA333_Kinematic_Project/install/hexapod', 'merge_install': False, 'path': '/home/oat/Desktop/FRA333_Kinematic_Project/src/hexapod', 'symlink_install': True, 'test_result_base': None}
[0.778s] Level 5:colcon.colcon_core.verb:set package 'hexapod_description' build argument 'cmake_args' from command line to 'None'
[0.778s] Level 5:colcon.colcon_core.verb:set package 'hexapod_description' build argument 'cmake_target' from command line to 'None'
[0.778s] Level 5:colcon.colcon_core.verb:set package 'hexapod_description' build argument 'cmake_target_skip_unavailable' from command line to 'False'
[0.778s] Level 5:colcon.colcon_core.verb:set package 'hexapod_description' build argument 'cmake_clean_cache' from command line to 'False'
[0.778s] Level 5:colcon.colcon_core.verb:set package 'hexapod_description' build argument 'cmake_clean_first' from command line to 'False'
[0.778s] Level 5:colcon.colcon_core.verb:set package 'hexapod_description' build argument 'cmake_force_configure' from command line to 'False'
[0.778s] Level 5:colcon.colcon_core.verb:set package 'hexapod_description' build argument 'ament_cmake_args' from command line to 'None'
[0.778s] Level 5:colcon.colcon_core.verb:set package 'hexapod_description' build argument 'catkin_cmake_args' from command line to 'None'
[0.778s] Level 5:colcon.colcon_core.verb:set package 'hexapod_description' build argument 'catkin_skip_building_tests' from command line to 'False'
[0.778s] DEBUG:colcon.colcon_core.verb:Building package 'hexapod_description' with the following arguments: {'ament_cmake_args': None, 'build_base': '/home/oat/Desktop/FRA333_Kinematic_Project/build/hexapod_description', 'catkin_cmake_args': None, 'catkin_skip_building_tests': False, 'cmake_args': None, 'cmake_clean_cache': False, 'cmake_clean_first': False, 'cmake_force_configure': False, 'cmake_target': None, 'cmake_target_skip_unavailable': False, 'install_base': '/home/oat/Desktop/FRA333_Kinematic_Project/install/hexapod_description', 'merge_install': False, 'path': '/home/oat/Desktop/FRA333_Kinematic_Project/src/hexapod_description', 'symlink_install': True, 'test_result_base': None}
[0.778s] INFO:colcon.colcon_core.executor:Executing jobs using 'parallel' executor
[0.780s] DEBUG:colcon.colcon_parallel_executor.executor.parallel:run_until_complete
[0.780s] INFO:colcon.colcon_ros.task.ament_cmake.build:Building ROS package in '/home/oat/Desktop/FRA333_Kinematic_Project/src/hexapod' with build type 'ament_cmake'
[0.780s] INFO:colcon.colcon_cmake.task.cmake.build:Building CMake package in '/home/oat/Desktop/FRA333_Kinematic_Project/src/hexapod'
[0.786s] INFO:colcon.colcon_core.plugin_system:Skipping extension 'colcon_core.shell.bat': Not used on non-Windows systems
[0.787s] INFO:colcon.colcon_core.shell:Skip shell extension 'powershell' for command environment: Not usable outside of PowerShell
[0.787s] DEBUG:colcon.colcon_core.shell:Skip shell extension 'dsv' for command environment
[0.797s] INFO:colcon.colcon_ros.task.ament_cmake.build:Building ROS package in '/home/oat/Desktop/FRA333_Kinematic_Project/src/hexapod_description' with build type 'ament_cmake'
[0.798s] INFO:colcon.colcon_cmake.task.cmake.build:Building CMake package in '/home/oat/Desktop/FRA333_Kinematic_Project/src/hexapod_description'
[0.799s] INFO:colcon.colcon_core.shell:Skip shell extension 'powershell' for command environment: Not usable outside of PowerShell
[0.799s] DEBUG:colcon.colcon_core.shell:Skip shell extension 'dsv' for command environment
[0.816s] DEBUG:colcon.colcon_core.event_handler.log_command:Invoking command in '/home/oat/Desktop/FRA333_Kinematic_Project/build/hexapod': CMAKE_PREFIX_PATH=${CMAKE_PREFIX_PATH}:/opt/ros/humble /usr/bin/cmake --build /home/oat/Desktop/FRA333_Kinematic_Project/build/hexapod -- -j20 -l20
[0.820s] DEBUG:colcon.colcon_core.event_handler.log_command:Invoking command in '/home/oat/Desktop/FRA333_Kinematic_Project/build/hexapod_description': CMAKE_PREFIX_PATH=${CMAKE_PREFIX_PATH}:/opt/ros/humble /usr/bin/cmake --build /home/oat/Desktop/FRA333_Kinematic_Project/build/hexapod_description -- -j20 -l20
[1.576s] DEBUG:colcon.colcon_core.event_handler.log_command:Invoked command in '/home/oat/Desktop/FRA333_Kinematic_Project/build/hexapod' returned '0': CMAKE_PREFIX_PATH=${CMAKE_PREFIX_PATH}:/opt/ros/humble /usr/bin/cmake --build /home/oat/Desktop/FRA333_Kinematic_Project/build/hexapod -- -j20 -l20
[1.598s] DEBUG:colcon.colcon_core.event_handler.log_command:Invoking command in '/home/oat/Desktop/FRA333_Kinematic_Project/build/hexapod': CMAKE_PREFIX_PATH=${CMAKE_PREFIX_PATH}:/opt/ros/humble /usr/bin/cmake --install /home/oat/Desktop/FRA333_Kinematic_Project/build/hexapod
[1.600s] DEBUG:colcon.colcon_core.event_handler.log_command:Invoked command in '/home/oat/Desktop/FRA333_Kinematic_Project/build/hexapod_description' returned '0': CMAKE_PREFIX_PATH=${CMAKE_PREFIX_PATH}:/opt/ros/humble /usr/bin/cmake --build /home/oat/Desktop/FRA333_Kinematic_Project/build/hexapod_description -- -j20 -l20
[1.604s] DEBUG:colcon.colcon_core.event_handler.log_command:Invoking command in '/home/oat/Desktop/FRA333_Kinematic_Project/build/hexapod_description': CMAKE_PREFIX_PATH=${CMAKE_PREFIX_PATH}:/opt/ros/humble /usr/bin/cmake --install /home/oat/Desktop/FRA333_Kinematic_Project/build/hexapod_description
[1.733s] Level 1:colcon.colcon_core.environment:create_environment_scripts_only(hexapod)
[1.735s] DEBUG:colcon.colcon_core.event_handler.log_command:Invoked command in '/home/oat/Desktop/FRA333_Kinematic_Project/build/hexapod' returned '0': CMAKE_PREFIX_PATH=${CMAKE_PREFIX_PATH}:/opt/ros/humble /usr/bin/cmake --install /home/oat/Desktop/FRA333_Kinematic_Project/build/hexapod
[1.740s] Level 1:colcon.colcon_core.environment:checking '/home/oat/Desktop/FRA333_Kinematic_Project/install/hexapod' for CMake module files
[1.742s] Level 1:colcon.colcon_core.environment:checking '/home/oat/Desktop/FRA333_Kinematic_Project/install/hexapod' for CMake config files
[1.742s] Level 1:colcon.colcon_core.shell:create_environment_hook('hexapod', 'cmake_prefix_path')
[1.743s] INFO:colcon.colcon_core.shell:Creating environment hook '/home/oat/Desktop/FRA333_Kinematic_Project/install/hexapod/share/hexapod/hook/cmake_prefix_path.ps1'
[1.744s] INFO:colcon.colcon_core.shell:Creating environment descriptor '/home/oat/Desktop/FRA333_Kinematic_Project/install/hexapod/share/hexapod/hook/cmake_prefix_path.dsv'
[1.745s] INFO:colcon.colcon_core.shell:Creating environment hook '/home/oat/Desktop/FRA333_Kinematic_Project/install/hexapod/share/hexapod/hook/cmake_prefix_path.sh'
[1.747s] Level 1:colcon.colcon_core.environment:checking '/home/oat/Desktop/FRA333_Kinematic_Project/install/hexapod/lib'
[1.748s] Level 1:colcon.colcon_core.environment:checking '/home/oat/Desktop/FRA333_Kinematic_Project/install/hexapod/bin'
[1.748s] Level 1:colcon.colcon_core.environment:checking '/home/oat/Desktop/FRA333_Kinematic_Project/install/hexapod/lib/pkgconfig/hexapod.pc'
[1.749s] Level 1:colcon.colcon_core.environment:checking '/home/oat/Desktop/FRA333_Kinematic_Project/install/hexapod/lib/python3.10/site-packages'
[1.749s] Level 1:colcon.colcon_core.environment:checking '/home/oat/Desktop/FRA333_Kinematic_Project/install/hexapod/bin'
[1.750s] INFO:colcon.colcon_core.shell:Creating package script '/home/oat/Desktop/FRA333_Kinematic_Project/install/hexapod/share/hexapod/package.ps1'
[1.752s] INFO:colcon.colcon_core.shell:Creating package descriptor '/home/oat/Desktop/FRA333_Kinematic_Project/install/hexapod/share/hexapod/package.dsv'
[1.753s] INFO:colcon.colcon_core.shell:Creating package script '/home/oat/Desktop/FRA333_Kinematic_Project/install/hexapod/share/hexapod/package.sh'
[1.754s] INFO:colcon.colcon_core.shell:Creating package script '/home/oat/Desktop/FRA333_Kinematic_Project/install/hexapod/share/hexapod/package.bash'
[1.755s] INFO:colcon.colcon_core.shell:Creating package script '/home/oat/Desktop/FRA333_Kinematic_Project/install/hexapod/share/hexapod/package.zsh'
[1.756s] Level 1:colcon.colcon_core.environment:create_file_with_runtime_dependencies(/home/oat/Desktop/FRA333_Kinematic_Project/install/hexapod/share/colcon-core/packages/hexapod)
[1.757s] Level 1:colcon.colcon_core.environment:create_environment_scripts_only(hexapod)
[1.758s] Level 1:colcon.colcon_core.environment:checking '/home/oat/Desktop/FRA333_Kinematic_Project/install/hexapod' for CMake module files
[1.759s] Level 1:colcon.colcon_core.environment:checking '/home/oat/Desktop/FRA333_Kinematic_Project/install/hexapod' for CMake config files
[1.759s] Level 1:colcon.colcon_core.shell:create_environment_hook('hexapod', 'cmake_prefix_path')
[1.759s] INFO:colcon.colcon_core.shell:Creating environment hook '/home/oat/Desktop/FRA333_Kinematic_Project/install/hexapod/share/hexapod/hook/cmake_prefix_path.ps1'
[1.760s] INFO:colcon.colcon_core.shell:Creating environment descriptor '/home/oat/Desktop/FRA333_Kinematic_Project/install/hexapod/share/hexapod/hook/cmake_prefix_path.dsv'
[1.761s] INFO:colcon.colcon_core.shell:Creating environment hook '/home/oat/Desktop/FRA333_Kinematic_Project/install/hexapod/share/hexapod/hook/cmake_prefix_path.sh'
[1.762s] Level 1:colcon.colcon_core.environment:checking '/home/oat/Desktop/FRA333_Kinematic_Project/install/hexapod/lib'
[1.762s] Level 1:colcon.colcon_core.environment:checking '/home/oat/Desktop/FRA333_Kinematic_Project/install/hexapod/bin'
[1.762s] Level 1:colcon.colcon_core.environment:checking '/home/oat/Desktop/FRA333_Kinematic_Project/install/hexapod/lib/pkgconfig/hexapod.pc'
[1.763s] Level 1:colcon.colcon_core.environment:checking '/home/oat/Desktop/FRA333_Kinematic_Project/install/hexapod/lib/python3.10/site-packages'
[1.763s] Level 1:colcon.colcon_core.environment:checking '/home/oat/Desktop/FRA333_Kinematic_Project/install/hexapod/bin'
[1.763s] INFO:colcon.colcon_core.shell:Creating package script '/home/oat/Desktop/FRA333_Kinematic_Project/install/hexapod/share/hexapod/package.ps1'
[1.764s] INFO:colcon.colcon_core.shell:Creating package descriptor '/home/oat/Desktop/FRA333_Kinematic_Project/install/hexapod/share/hexapod/package.dsv'
[1.766s] INFO:colcon.colcon_core.shell:Creating package script '/home/oat/Desktop/FRA333_Kinematic_Project/install/hexapod/share/hexapod/package.sh'
[1.767s] INFO:colcon.colcon_core.shell:Creating package script '/home/oat/Desktop/FRA333_Kinematic_Project/install/hexapod/share/hexapod/package.bash'
[1.768s] INFO:colcon.colcon_core.shell:Creating package script '/home/oat/Desktop/FRA333_Kinematic_Project/install/hexapod/share/hexapod/package.zsh'
[1.769s] Level 1:colcon.colcon_core.environment:create_file_with_runtime_dependencies(/home/oat/Desktop/FRA333_Kinematic_Project/install/hexapod/share/colcon-core/packages/hexapod)
[1.772s] Level 1:colcon.colcon_core.environment:create_environment_scripts_only(hexapod_description)
[1.773s] DEBUG:colcon.colcon_core.event_handler.log_command:Invoked command in '/home/oat/Desktop/FRA333_Kinematic_Project/build/hexapod_description' returned '0': CMAKE_PREFIX_PATH=${CMAKE_PREFIX_PATH}:/opt/ros/humble /usr/bin/cmake --install /home/oat/Desktop/FRA333_Kinematic_Project/build/hexapod_description
[1.773s] Level 1:colcon.colcon_core.environment:checking '/home/oat/Desktop/FRA333_Kinematic_Project/install/hexapod_description' for CMake module files
[1.775s] Level 1:colcon.colcon_core.environment:checking '/home/oat/Desktop/FRA333_Kinematic_Project/install/hexapod_description' for CMake config files
[1.775s] Level 1:colcon.colcon_core.shell:create_environment_hook('hexapod_description', 'cmake_prefix_path')
[1.775s] INFO:colcon.colcon_core.shell:Creating environment hook '/home/oat/Desktop/FRA333_Kinematic_Project/install/hexapod_description/share/hexapod_description/hook/cmake_prefix_path.ps1'
[1.776s] INFO:colcon.colcon_core.shell:Creating environment descriptor '/home/oat/Desktop/FRA333_Kinematic_Project/install/hexapod_description/share/hexapod_description/hook/cmake_prefix_path.dsv'
[1.777s] INFO:colcon.colcon_core.shell:Creating environment hook '/home/oat/Desktop/FRA333_Kinematic_Project/install/hexapod_description/share/hexapod_description/hook/cmake_prefix_path.sh'
[1.778s] Level 1:colcon.colcon_core.environment:checking '/home/oat/Desktop/FRA333_Kinematic_Project/install/hexapod_description/lib'
[1.779s] Level 1:colcon.colcon_core.environment:checking '/home/oat/Desktop/FRA333_Kinematic_Project/install/hexapod_description/bin'
[1.779s] Level 1:colcon.colcon_core.environment:checking '/home/oat/Desktop/FRA333_Kinematic_Project/install/hexapod_description/lib/pkgconfig/hexapod_description.pc'
[1.779s] Level 1:colcon.colcon_core.environment:checking '/home/oat/Desktop/FRA333_Kinematic_Project/install/hexapod_description/lib/python3.10/site-packages'
[1.780s] Level 1:colcon.colcon_core.environment:checking '/home/oat/Desktop/FRA333_Kinematic_Project/install/hexapod_description/bin'
[1.780s] INFO:colcon.colcon_core.shell:Creating package script '/home/oat/Desktop/FRA333_Kinematic_Project/install/hexapod_description/share/hexapod_description/package.ps1'
[1.781s] INFO:colcon.colcon_core.shell:Creating package descriptor '/home/oat/Desktop/FRA333_Kinematic_Project/install/hexapod_description/share/hexapod_description/package.dsv'
[1.783s] INFO:colcon.colcon_core.shell:Creating package script '/home/oat/Desktop/FRA333_Kinematic_Project/install/hexapod_description/share/hexapod_description/package.sh'
[1.784s] INFO:colcon.colcon_core.shell:Creating package script '/home/oat/Desktop/FRA333_Kinematic_Project/install/hexapod_description/share/hexapod_description/package.bash'
[1.785s] INFO:colcon.colcon_core.shell:Creating package script '/home/oat/Desktop/FRA333_Kinematic_Project/install/hexapod_description/share/hexapod_description/package.zsh'
[1.786s] Level 1:colcon.colcon_core.environment:create_file_with_runtime_dependencies(/home/oat/Desktop/FRA333_Kinematic_Project/install/hexapod_description/share/colcon-core/packages/hexapod_description)
[1.788s] Level 1:colcon.colcon_core.environment:create_environment_scripts_only(hexapod_description)
[1.788s] Level 1:colcon.colcon_core.environment:checking '/home/oat/Desktop/FRA333_Kinematic_Project/install/hexapod_description' for CMake module files
[1.790s] Level 1:colcon.colcon_core.environment:checking '/home/oat/Desktop/FRA333_Kinematic_Project/install/hexapod_description' for CMake config files
[1.790s] Level 1:colcon.colcon_core.shell:create_environment_hook('hexapod_description', 'cmake_prefix_path')
[1.791s] INFO:colcon.colcon_core.shell:Creating environment hook '/home/oat/Desktop/FRA333_Kinematic_Project/install/hexapod_description/share/hexapod_description/hook/cmake_prefix_path.ps1'
[1.792s] INFO:colcon.colcon_core.shell:Creating environment descriptor '/home/oat/Desktop/FRA333_Kinematic_Project/install/hexapod_description/share/hexapod_description/hook/cmake_prefix_path.dsv'
[1.793s] INFO:colcon.colcon_core.shell:Creating environment hook '/home/oat/Desktop/FRA333_Kinematic_Project/install/hexapod_description/share/hexapod_description/hook/cmake_prefix_path.sh'
[1.794s] Level 1:colcon.colcon_core.environment:checking '/home/oat/Desktop/FRA333_Kinematic_Project/install/hexapod_description/lib'
[1.794s] Level 1:colcon.colcon_core.environment:checking '/home/oat/Desktop/FRA333_Kinematic_Project/install/hexapod_description/bin'
[1.794s] Level 1:colcon.colcon_core.environment:checking '/home/oat/Desktop/FRA333_Kinematic_Project/install/hexapod_description/lib/pkgconfig/hexapod_description.pc'
[1.795s] Level 1:colcon.colcon_core.environment:checking '/home/oat/Desktop/FRA333_Kinematic_Project/install/hexapod_description/lib/python3.10/site-packages'
[1.795s] Level 1:colcon.colcon_core.environment:checking '/home/oat/Desktop/FRA333_Kinematic_Project/install/hexapod_description/bin'
[1.796s] INFO:colcon.colcon_core.shell:Creating package script '/home/oat/Desktop/FRA333_Kinematic_Project/install/hexapod_description/share/hexapod_description/package.ps1'
[1.797s] INFO:colcon.colcon_core.shell:Creating package descriptor '/home/oat/Desktop/FRA333_Kinematic_Project/install/hexapod_description/share/hexapod_description/package.dsv'
[1.799s] INFO:colcon.colcon_core.shell:Creating package script '/home/oat/Desktop/FRA333_Kinematic_Project/install/hexapod_description/share/hexapod_description/package.sh'
[1.800s] INFO:colcon.colcon_core.shell:Creating package script '/home/oat/Desktop/FRA333_Kinematic_Project/install/hexapod_description/share/hexapod_description/package.bash'
[1.802s] INFO:colcon.colcon_core.shell:Creating package script '/home/oat/Desktop/FRA333_Kinematic_Project/install/hexapod_description/share/hexapod_description/package.zsh'
[1.804s] Level 1:colcon.colcon_core.environment:create_file_with_runtime_dependencies(/home/oat/Desktop/FRA333_Kinematic_Project/install/hexapod_description/share/colcon-core/packages/hexapod_description)
[1.804s] DEBUG:colcon.colcon_parallel_executor.executor.parallel:closing loop
[1.805s] DEBUG:colcon.colcon_parallel_executor.executor.parallel:loop closed
[1.805s] DEBUG:colcon.colcon_parallel_executor.executor.parallel:run_until_complete finished with '0'
[1.805s] DEBUG:colcon.colcon_core.event_reactor:joining thread
[1.815s] INFO:colcon.colcon_core.plugin_system:Skipping extension 'colcon_notification.desktop_notification.terminal_notifier': Not used on non-Darwin systems
[1.815s] INFO:colcon.colcon_core.plugin_system:Skipping extension 'colcon_notification.desktop_notification.win32': Not used on non-Windows systems
[1.815s] INFO:colcon.colcon_notification.desktop_notification:Sending desktop notification using 'notify2'
[1.858s] DEBUG:colcon.colcon_core.event_reactor:joined thread
[1.859s] INFO:colcon.colcon_core.shell:Creating prefix script '/home/oat/Desktop/FRA333_Kinematic_Project/install/local_setup.ps1'
[1.862s] INFO:colcon.colcon_core.shell:Creating prefix util module '/home/oat/Desktop/FRA333_Kinematic_Project/install/_local_setup_util_ps1.py'
[1.866s] INFO:colcon.colcon_core.shell:Creating prefix chain script '/home/oat/Desktop/FRA333_Kinematic_Project/install/setup.ps1'
[1.868s] INFO:colcon.colcon_core.shell:Creating prefix script '/home/oat/Desktop/FRA333_Kinematic_Project/install/local_setup.sh'
[1.870s] INFO:colcon.colcon_core.shell:Creating prefix util module '/home/oat/Desktop/FRA333_Kinematic_Project/install/_local_setup_util_sh.py'
[1.871s] INFO:colcon.colcon_core.shell:Creating prefix chain script '/home/oat/Desktop/FRA333_Kinematic_Project/install/setup.sh'
[1.873s] INFO:colcon.colcon_core.shell:Creating prefix script '/home/oat/Desktop/FRA333_Kinematic_Project/install/local_setup.bash'
[1.874s] INFO:colcon.colcon_core.shell:Creating prefix chain script '/home/oat/Desktop/FRA333_Kinematic_Project/install/setup.bash'
[1.876s] INFO:colcon.colcon_core.shell:Creating prefix script '/home/oat/Desktop/FRA333_Kinematic_Project/install/local_setup.zsh'
[1.877s] INFO:colcon.colcon_core.shell:Creating prefix chain script '/home/oat/Desktop/FRA333_Kinematic_Project/install/setup.zsh'
