[0.018s] Invoking command in '/home/ambushee/FRA333_Kinematic_Project/build/controller': CMAKE_PREFIX_PATH=${CMAKE_PREFIX_PATH}:/opt/ros/humble /usr/bin/cmake --build /home/ambushee/FRA333_Kinematic_Project/build/controller -- -j16 -l16
[0.057s] [  0%] Built target ament_cmake_python_copy_controller
[0.063s] [35m[1mConsolidate compiler generated dependencies of target cpp_node_test[0m
[0.071s] [100%] Built target cpp_node_test
[0.404s] running egg_info
[0.405s] writing controller.egg-info/PKG-INFO
[0.405s] writing dependency_links to controller.egg-info/dependency_links.txt
[0.405s] writing top-level names to controller.egg-info/top_level.txt
[0.408s] reading manifest file 'controller.egg-info/SOURCES.txt'
[0.408s] writing manifest file 'controller.egg-info/SOURCES.txt'
[0.440s] [100%] Built target ament_cmake_python_build_controller_egg
[0.450s] Invoked command in '/home/ambushee/FRA333_Kinematic_Project/build/controller' returned '0': CMAKE_PREFIX_PATH=${CMAKE_PREFIX_PATH}:/opt/ros/humble /usr/bin/cmake --build /home/ambushee/FRA333_Kinematic_Project/build/controller -- -j16 -l16
[0.452s] Invoking command in '/home/ambushee/FRA333_Kinematic_Project/build/controller': CMAKE_PREFIX_PATH=${CMAKE_PREFIX_PATH}:/opt/ros/humble /usr/bin/cmake --install /home/ambushee/FRA333_Kinematic_Project/build/controller
[0.458s] -- Install configuration: ""
[0.458s] -- Up-to-date: /home/ambushee/FRA333_Kinematic_Project/install/controller/share/controller/environment/pythonpath.sh
[0.459s] -- Up-to-date: /home/ambushee/FRA333_Kinematic_Project/install/controller/share/controller/environment/pythonpath.dsv
[0.459s] -- Up-to-date: /home/ambushee/FRA333_Kinematic_Project/install/controller/local/lib/python3.10/dist-packages/controller-0.0.0-py3.10.egg-info
[0.459s] -- Installing: /home/ambushee/FRA333_Kinematic_Project/install/controller/local/lib/python3.10/dist-packages/controller-0.0.0-py3.10.egg-info/dependency_links.txt
[0.459s] -- Installing: /home/ambushee/FRA333_Kinematic_Project/install/controller/local/lib/python3.10/dist-packages/controller-0.0.0-py3.10.egg-info/SOURCES.txt
[0.459s] -- Installing: /home/ambushee/FRA333_Kinematic_Project/install/controller/local/lib/python3.10/dist-packages/controller-0.0.0-py3.10.egg-info/top_level.txt
[0.459s] -- Installing: /home/ambushee/FRA333_Kinematic_Project/install/controller/local/lib/python3.10/dist-packages/controller-0.0.0-py3.10.egg-info/PKG-INFO
[0.459s] -- Up-to-date: /home/ambushee/FRA333_Kinematic_Project/install/controller/local/lib/python3.10/dist-packages/controller
[0.459s] -- Up-to-date: /home/ambushee/FRA333_Kinematic_Project/install/controller/local/lib/python3.10/dist-packages/controller/__init__.py
[0.459s] -- Up-to-date: /home/ambushee/FRA333_Kinematic_Project/install/controller/local/lib/python3.10/dist-packages/controller/dummy_module.py
[0.489s] Listing '/home/ambushee/FRA333_Kinematic_Project/install/controller/local/lib/python3.10/dist-packages/controller'...
[0.493s] -- Up-to-date: /home/ambushee/FRA333_Kinematic_Project/install/controller/lib/controller/mit_controller.py
[0.493s] -- Up-to-date: /home/ambushee/FRA333_Kinematic_Project/install/controller/lib/controller/pid_controller.py
[0.494s] -- Up-to-date: /home/ambushee/FRA333_Kinematic_Project/install/controller/lib/controller/cpp_node_test
[0.494s] -- Up-to-date: /home/ambushee/FRA333_Kinematic_Project/install/controller/share/controller
[0.494s] -- Up-to-date: /home/ambushee/FRA333_Kinematic_Project/install/controller/share/ament_index/resource_index/package_run_dependencies/controller
[0.494s] -- Up-to-date: /home/ambushee/FRA333_Kinematic_Project/install/controller/share/ament_index/resource_index/parent_prefix_path/controller
[0.494s] -- Up-to-date: /home/ambushee/FRA333_Kinematic_Project/install/controller/share/controller/environment/ament_prefix_path.sh
[0.495s] -- Up-to-date: /home/ambushee/FRA333_Kinematic_Project/install/controller/share/controller/environment/ament_prefix_path.dsv
[0.495s] -- Up-to-date: /home/ambushee/FRA333_Kinematic_Project/install/controller/share/controller/environment/path.sh
[0.495s] -- Up-to-date: /home/ambushee/FRA333_Kinematic_Project/install/controller/share/controller/environment/path.dsv
[0.495s] -- Up-to-date: /home/ambushee/FRA333_Kinematic_Project/install/controller/share/controller/local_setup.bash
[0.495s] -- Up-to-date: /home/ambushee/FRA333_Kinematic_Project/install/controller/share/controller/local_setup.sh
[0.495s] -- Up-to-date: /home/ambushee/FRA333_Kinematic_Project/install/controller/share/controller/local_setup.zsh
[0.495s] -- Up-to-date: /home/ambushee/FRA333_Kinematic_Project/install/controller/share/controller/local_setup.dsv
[0.495s] -- Up-to-date: /home/ambushee/FRA333_Kinematic_Project/install/controller/share/controller/package.dsv
[0.495s] -- Up-to-date: /home/ambushee/FRA333_Kinematic_Project/install/controller/share/ament_index/resource_index/packages/controller
[0.495s] -- Up-to-date: /home/ambushee/FRA333_Kinematic_Project/install/controller/share/controller/cmake/controllerConfig.cmake
[0.495s] -- Up-to-date: /home/ambushee/FRA333_Kinematic_Project/install/controller/share/controller/cmake/controllerConfig-version.cmake
[0.495s] -- Up-to-date: /home/ambushee/FRA333_Kinematic_Project/install/controller/share/controller/package.xml
[0.497s] Invoked command in '/home/ambushee/FRA333_Kinematic_Project/build/controller' returned '0': CMAKE_PREFIX_PATH=${CMAKE_PREFIX_PATH}:/opt/ros/humble /usr/bin/cmake --install /home/ambushee/FRA333_Kinematic_Project/build/controller
